Loading the initial atomic configuration from "ArHW4.data"
Number of steps: 100000
Boundary: periodic periodic periodic
System dimensions: 28 28 28 A
The total number of atoms: 500
Atomic masses: m[type1] = 39.948 Da
Neigbor List algorithm: O(N^2) complexity, Rskin = 2.000000 A, update every 50 steps
Verlet integration algorithm: time step = 0.000010 ps
Handlers:
Assigning the initial velocity corresponding to T = 91.000000 K
Berendsen barostat: P = 0.000100 GPa; pressure control XYZ together; beta = 0.100000 GPa^-1

Potentials:
type1-type1 : Lennard-Jones potential for Ar-Ar interaction, Rcut = 8.512500 A

Step   Time   Energy   Kinetic   Potential   Temperature   Pressure
0 1e-05 -25.39118104 11.76273052 -37.15391157 182 -244297865.5
1000 0.01001 -25.40987521 11.73661417 -37.14648938 181.5959121 -185581615.7
2000 0.02001 -25.42806793 11.65705063 -37.08511856 180.3648574 -181682759.7
3000 0.03001 -25.44533078 11.5208544 -36.96618518 178.257548 -175290534.6
4000 0.04001 -25.46242773 11.32298362 -36.78541136 175.195973 -166309987.6
5000 0.05001 -25.48133559 11.05694373 -36.53827933 171.0796448 -154641659.7
6000 0.06001 -25.50846513 10.7155873 -36.22405243 165.7979739 -140253531.1
7000 0.07001 -25.53619378 10.29221451 -35.8284083 159.247297 -122950701.9
8000 0.08001 -25.56170747 9.782344781 -35.34405225 151.3582876 -102710822.2
9000 0.09001 -25.58941625 9.187349806 -34.77676606 142.1521696 -79814029.73
10000 0.10001 -25.61249795 8.518444143 -34.13094209 131.8024612 -54682063.65
11000 0.11001 -25.62786008 7.80047246 -33.42833254 120.6935741 -28189613.57
12000 0.12001 -25.63946184 7.07294515 -32.71240699 109.4368365 -1720923.044
13000 0.13001 -25.64880022 6.385424078 -32.0342243 98.79909939 23118123.76
14000 0.14001 -25.65526915 5.787314753 -31.44258391 89.54479429 44796991.15
15000 0.15001 -25.66376867 5.315930997 -30.97969967 82.25126295 62094399.44
16000 0.16001 -25.66936928 4.988488081 -30.65785736 77.18487036 74549152.03
17000 0.17001 -25.6746697 4.801107951 -30.47577765 74.28561296 82233273.28
18000 0.18001 -25.67896114 4.733614241 -30.41257539 73.24130992 85771452.12
19000 0.19001 -25.6825282 4.756713875 -30.43924207 73.59872127 86065987.5
20000 0.20001 -25.68804601 4.838908526 -30.52695454 74.87048606 84070798.86
21000 0.21001 -25.6920425 4.951601843 -30.64364434 76.61414443 80758504.54
22000 0.22001 -25.69346307 5.072116623 -30.76557969 78.47882118 76896731.18
23000 0.23001 -25.69566628 5.185184031 -30.88085031 80.22826772 72971930.08
24000 0.24001 -25.69850704 5.282992566 -30.9814996 81.74161986 69299940.64
25000 0.25001 -25.70201426 5.363808921 -31.06582319 82.99205882 66007563.96
26000 0.26001 -25.70537785 5.429833784 -31.13521163 84.01363497 63109038.37
27000 0.27001 -25.70862246 5.484474235 -31.19309669 84.85906471 60556567.34
28000 0.28001 -25.70773602 5.530281319 -31.23801734 85.5678193 58372729.5
29000 0.29001 -25.71029903 5.567808708 -31.27810774 86.14846551 56455880.86
30000 0.30001 -25.71027646 5.595704339 -31.3059808 86.58008338 54946914.19
31000 0.31001 -25.71222405 5.611498821 -31.32372287 86.82446505 53853917.43
32000 0.32001 -25.71296709 5.612967776 -31.32593486 86.84719361 53283472.65
33000 0.33001 -25.71134838 5.599133507 -31.31048188 86.63314152 53270372.62
34000 0.34001 -25.7114195 5.570852415 -31.28227192 86.19555956 53717115.13
35000 0.35001 -25.71286107 5.530952863 -31.24381393 85.57820983 54528228.68
36000 0.36001 -25.71333039 5.484518 -31.19784838 84.85974186 55572712.95
37000 0.37001 -25.71451482 5.438576629 -31.15309145 84.1489095 56606632.79
38000 0.38001 -25.71523289 5.401021136 -31.11625402 83.56782846 57407114.52
39000 0.39001 -25.71479949 5.378616977 -31.09341646 83.22117792 57779107.64
40000 0.40001 -25.71504427 5.374851108 -31.08989538 83.16291015 57585413.5
41000 0.41001 -25.71476795 5.388774509 -31.10354246 83.37834132 56859275.51
42000 0.42001 -25.71378295 5.415768957 -31.1295519 83.79601556 55724794.61
43000 0.43001 -25.71308565 5.449852044 -31.16293769 84.32336947 54330712.58
44000 0.44001 -25.71250358 5.485933672 -31.19843725 84.88164599 52820133.19
45000 0.45001 -25.71287627 5.521276634 -31.2341529 85.42849343 51259525.71
46000 0.46001 -25.71168498 5.55567489 -31.26735987 85.96072382 49693947.71
47000 0.47001 -25.71346695 5.591153483 -31.30462044 86.50966981 48005651.4
48000 0.48001 -25.71385159 5.631007814 -31.34485941 87.12631987 46171760.72
49000 0.49001 -25.71485213 5.678539583 -31.39339172 87.86175981 44079082.99
50000 0.50001 -25.71310418 5.735521234 -31.44862541 88.74341399 41735028.43
51000 0.51001 -25.71280729 5.801459738 -31.51426703 89.76365394 39102305.27
52000 0.52001 -25.71194418 5.873705783 -31.58564996 90.88148795 36296409.01
53000 0.53001 -25.70951254 5.948293078 -31.65780562 92.03554717 33457639.68
54000 0.54001 -25.71140047 6.020904159 -31.73230463 93.15902924 30637786.8
55000 0.55001 -25.71072813 6.087656609 -31.79838473 94.19186306 28062435.7
56000 0.56001 -25.71187378 6.145506358 -31.85738013 95.08694897 25770145.94
57000 0.57001 -25.71501472 6.192314352 -31.90732907 95.81119025 23833117.09
58000 0.58001 -25.71427557 6.226752405 -31.94102798 96.34403639 22385234.59
59000 0.59001 -25.7142002 6.248077817 -31.96227802 96.67399592 21387094.52
60000 0.60001 -25.71479287 6.256091315 -31.97088418 96.79798555 20847086.82
61000 0.61001 -25.71420682 6.250893183 -31.96510001 96.71755693 20786830.08
62000 0.62001 -25.7131184 6.232774125 -31.94589253 96.43720804 21179576.4
63000 0.63001 -25.71472287 6.202416638 -31.91713951 95.96749884 21947662.83
64000 0.64001 -25.71566161 6.16116229 -31.8768239 95.32918691 23086960.07
65000 0.65001 -25.7172843 6.111269139 -31.82855344 94.55721025 24497583.93
66000 0.66001 -25.71774454 6.055979442 -31.77372399 93.701735 26098615.53
67000 0.67001 -25.7170472 5.999151347 -31.71619855 92.82245672 27765105.52
68000 0.68001 -25.71922738 5.944669073 -31.66389645 91.97947441 29315874.92
69000 0.69001 -25.71705942 5.895703373 -31.61276279 91.22184782 30754950.21
70000 0.70001 -25.71659244 5.854291636 -31.57088408 90.58110066 31928419.22
71000 0.71001 -25.71597492 5.821316376 -31.5372913 90.07088772 32832409.35
72000 0.72001 -25.71688342 5.796640128 -31.51352355 89.68908205 33441581.84
73000 0.73001 -25.71729723 5.779690418 -31.49698765 89.42682601 33800670.45
74000 0.74001 -25.71620307 5.769689471 -31.48589254 89.27208538 33947100.47
75000 0.75001 -25.71628659 5.765890522 -31.48217711 89.21330577 33864239.74
76000 0.76001 -25.71619912 5.767795332 -31.48399445 89.24277812 33589110.65
77000 0.77001 -25.7172818 5.775007731 -31.49228953 89.35437268 33116420.91
78000 0.78001 -25.71751457 5.787146335 -31.5046609 89.54218842 32489000.88
79000 0.79001 -25.71958522 5.80371385 -31.52329907 89.79853091 31683325.94
80000 0.80001 -25.71844875 5.824236588 -31.54268534 90.11607099 30788316.58
81000 0.81001 -25.71780169 5.84820707 -31.56600876 90.48695662 29767022.66
82000 0.82001 -25.71797956 5.87495974 -31.5929393 90.90088993 28634775.82
83000 0.83001 -25.71847786 5.903673908 -31.62215177 91.3451727 27425403.98
84000 0.84001 -25.71862602 5.933217097 -31.65184311 91.80228258 26184424.95
85000 0.85001 -25.71674373 5.962161619 -31.67890534 92.25012954 24979368.03
86000 0.86001 -25.71568978 5.98919378 -31.70488356 92.6683873 23808542.44
87000 0.87001 -25.71563443 6.013686507 -31.72932093 93.04735341 22690349.42
88000 0.88001 -25.71691497 6.036329867 -31.75324484 93.39770503 21606693.36
89000 0.89001 -25.71415523 6.05899068 -31.77314591 93.74832667 20589491.35
90000 0.90001 -25.71407809 6.084010162 -31.79808825 94.13544305 19483676.58
91000 0.91001 -25.71315552 6.112908849 -31.82606437 94.58258082 18305115.78
92000 0.92001 -25.71390921 6.145486378 -31.85939559 95.08663983 17028953.3
93000 0.93001 -25.71331443 6.179756096 -31.89307052 95.6168814 15758510.15
94000 0.94001 -25.71204559 6.212756095 -31.92480168 96.12747711 14570291.15
95000 0.95001 -25.71044061 6.241431493 -31.9518721 96.57116001 13547514.54
96000 0.96001 -25.70816311 6.263339082 -31.97150219 96.91012733 12764822.36
97000 0.97001 -25.70874412 6.276956766 -31.98570089 97.12082828 12212324.95
98000 0.98001 -25.7094942 6.281961996 -31.99145619 97.19827219 11935032.27
99000 0.99001 -25.71041242 6.279157474 -31.9895699 97.15487896 11904786.84
100000 1.00001 -25.71015387 6.270420137 -31.98057401 97.01968965 12081986.76
