Loading the initial atomic configuration from "equilT100.data"
Number of steps: 100000
Boundary: periodic periodic periodic
System dimensions: 28.1114 28.1114 28.1114 A
The total number of atoms: 500
Atomic masses: m[type1] = 39.948 Da
Neigbor List algorithm: O(N^2) complexity, Rskin = 2.000000 A, update every 50 steps
Verlet integration algorithm: time step = 0.001000 ps
Handlers:
Berendsen thermostat: T = 100.000000 K, tau = 2.000000 ps
Berendsen barostat: P = 0.000100 GPa; pressure control XYZ together; beta = 0.100000 GPa^-1

Potentials:
type1-type1 : Lennard-Jones potential for Ar-Ar interaction, Rcut = 8.512500 A

Step   Time   Energy   Kinetic   Potential   Temperature   Pressure
0 1.002 -24.5814565 6.807298713 -31.38875522 105.326596 28576905.44
1000 2.002 -24.59356637 6.399512872 -30.99307925 99.01708964 26366962.43
2000 3.002 -24.54387611 6.53589239 -31.0797685 101.1272351 11606647.12
3000 4.002 -24.49625737 6.23065131 -30.72690868 96.40436257 16377636.78
4000 5.002 -24.40112094 6.318679561 -30.7198005 97.76638832 12061378.56
5000 6.002 -24.29257671 6.361842519 -30.65441923 98.43423141 7998514.549
6000 7.002 -24.172533 6.199553998 -30.372087 95.92320638 12171479.53
7000 8.002 -24.03509193 6.266820541 -30.30191247 96.96399454 8785157.62
8000 9.002 -23.91348407 6.428083857 -30.34156793 99.45915699 4557075.821
9000 10.002 -23.77873808 5.962286308 -29.74102439 92.25205881 21140386.46
10000 11.002 -23.63781348 6.039326311 -29.67713979 93.4440678 16909236.33
11000 12.002 -23.46500075 6.352775565 -29.81777631 98.29394207 6689625.042
12000 13.002 -23.26927379 6.297207291 -29.56648108 97.43415652 12682210.22
13000 14.002 -22.9770529 5.722659558 -28.69971245 88.54441044 34908840.92
14000 15.002 -22.71441127 5.918602795 -28.63301406 91.57616137 24193411.61
15000 16.002 -22.39652009 5.65667389 -28.05319398 87.52344074 36212707.93
16000 17.002 -22.06776943 5.969491151 -28.03726058 92.36353645 26995988.08
17000 18.002 -21.76253064 5.823962306 -27.58649295 90.11182714 27257106.78
18000 19.002 -21.48244476 5.934678519 -27.41712328 91.82489459 21568234.63
19000 20.002 -21.21198998 5.87875767 -27.09074765 90.95965376 29352621.46
20000 21.002 -21.02065873 5.916883944 -26.93754267 91.54956628 25794198.56
21000 22.002 -20.80162917 6.008528912 -26.81015808 92.96755203 22404576.61
22000 23.002 -20.61795146 5.871619545 -26.48957101 90.84920844 23679946.21
23000 24.002 -20.45229084 6.300506439 -26.75279728 97.4852029 15521592.27
24000 25.002 -20.27961792 6.123525186 -26.40314311 94.74684314 14795521.68
25000 26.002 -20.10535709 6.258549289 -26.36390638 96.83601679 10388148.18
26000 27.002 -19.9777501 6.171647742 -26.14939785 95.49142409 17940742.24
27000 28.002 -19.86712993 6.224986939 -26.09211687 96.31672004 17675716.6
28000 29.002 -19.74195054 6.251389907 -25.99334045 96.72524255 15481627.9
29000 30.002 -19.61594554 6.058921816 -25.67486735 93.74726116 18063776.03
30000 31.002 -19.56642743 6.443173377 -26.0096008 99.69263107 7093183.181
31000 32.002 -19.45476651 6.270681394 -25.7254479 97.02373197 11706918.05
32000 33.002 -19.36135838 6.130226272 -25.49158465 94.85052635 12546594.89
33000 34.002 -19.23081891 6.250645201 -25.48146411 96.71372001 10129488.04
34000 35.002 -19.13749349 6.55527575 -25.69276924 101.427146 2372992.521
35000 36.002 -19.04727554 6.32873433 -25.37600987 97.92196172 6209700.573
36000 37.002 -18.97493173 5.980858185 -24.95578991 92.53941398 17337910.08
37000 38.002 -18.91427703 6.621276281 -25.53555331 102.4483457 1591465.818
38000 39.002 -18.87789244 6.433089168 -25.3109816 99.53660216 5931105.252
39000 40.002 -18.82462681 6.469329119 -25.29395593 100.0973283 -150160.4476
40000 41.002 -18.7466988 6.365595871 -25.11229467 98.49230551 2237308.881
41000 42.002 -18.7166768 6.270304735 -24.98698153 97.01790408 11060426.32
42000 43.002 -18.68662983 6.511222948 -25.19785278 100.7455347 4772505.926
43000 44.002 -18.65746598 6.471098006 -25.12856399 100.1246976 3205820.77
44000 45.002 -18.60832924 6.415928017 -25.02425726 99.27107458 891454.4167
45000 46.002 -18.47688723 6.318948325 -24.79583556 97.77054679 12309469
46000 47.002 -18.42104431 6.38445555 -24.80549986 98.78411374 6072760.434
47000 48.002 -18.37957834 6.477351013 -24.85692935 100.2214479 2991971.584
48000 49.002 -18.32334978 6.437983776 -24.76133355 99.61233446 3477550.325
49000 50.002 -18.35716781 6.510425008 -24.86759282 100.7331885 -972781.6125
50000 51.002 -18.31995397 6.614813775 -24.93476775 102.3483539 -4026009.009
51000 52.002 -18.28417412 6.266293275 -24.55046739 96.95583637 5287544.294
52000 53.002 -18.26070645 6.214344814 -24.47505127 96.15205872 9686248.285
53000 54.002 -18.2092153 6.318050387 -24.52726569 97.75665335 9765527.527
54000 55.002 -18.18432227 6.351014674 -24.53533695 98.26669651 7973256.004
55000 56.002 -18.14515086 6.384726842 -24.5298777 98.78831133 7294683.422
56000 57.002 -18.13989347 6.512656461 -24.65254993 100.7677149 7986717.83
57000 58.002 -18.09028445 6.730002101 -24.82028655 104.1306166 -5661395.129
58000 59.002 -18.06859192 6.163810588 -24.23240251 95.37016297 7785655.937
59000 60.002 -18.04296511 6.42957179 -24.4725369 99.48217918 4041518.719
60000 61.002 -18.02968505 6.397896004 -24.42758106 98.99207248 -236128.3925
61000 62.002 -18.02117184 6.163557619 -24.18472946 95.36624886 11077419.6
62000 63.002 -17.97426388 6.386841901 -24.36110578 98.82103678 6403235.634
63000 64.002 -17.96530978 6.456482911 -24.42179269 99.89856414 -508573.6976
64000 65.002 -17.96408628 6.555126965 -24.51921324 101.4248439 -3451549.606
65000 66.002 -17.93997476 6.518798322 -24.45877308 100.8627454 938068.9327
66000 67.002 -17.93326842 6.2858278 -24.21909623 97.25808623 8472311.37
67000 68.002 -17.92090119 6.340507699 -24.26140889 98.10412632 7138114.929
68000 69.002 -17.92485524 6.454392682 -24.37924792 99.86622286 239373.2885
69000 70.002 -17.92699991 6.419104579 -24.34610449 99.32022424 -3527601.117
70000 71.002 -17.92496032 6.585292949 -24.51025326 101.8915901 -318773.7497
71000 72.002 -17.90492489 6.366637896 -24.27156279 98.50842835 5955618.439
72000 73.002 -17.86899904 6.45700745 -24.3260065 99.90668012 2372748.034
73000 74.002 -17.79926137 6.613954682 -24.41321605 102.3350615 -7309318.194
74000 75.002 -17.81202247 6.502231091 -24.31425356 100.6064073 4092467.88
75000 76.002 -17.7567891 6.275271029 -24.03206013 97.09474556 5702794.184
76000 77.002 -17.75629449 6.640871463 -24.39716596 102.7515341 -8682496.24
77000 78.002 -17.75420836 6.282385045 -24.0365934 97.20481785 3394177.849
78000 79.002 -17.75981233 6.539413027 -24.29922536 101.1817085 1461452.023
79000 80.002 -17.74251944 6.247578447 -23.99009789 96.66626935 6823233.956
80000 81.002 -17.71826455 6.543737277 -24.26200183 101.2486159 -4090482.741
81000 82.002 -17.69238877 6.285635051 -23.97802383 97.25510389 5655977.987
82000 83.002 -17.67998402 6.602522645 -24.28250667 102.1581782 -5171564.616
83000 84.002 -17.62288352 6.272445947 -23.89532947 97.05103419 9520260.503
84000 85.002 -17.64661463 6.448438846 -24.09505347 99.77410156 -934818.0176
85000 86.002 -17.6859421 6.561104135 -24.24704623 101.5173263 -2821127.745
86000 87.002 -17.65432914 6.488720033 -24.14304917 100.3973562 -2340487.388
87000 88.002 -17.6689358 6.353498458 -24.02243426 98.30512711 5020160.319
88000 89.002 -17.7163951 6.439869267 -24.15626437 99.64150791 4991322.029
89000 90.002 -17.67873111 6.716486485 -24.3952176 103.9214949 1640861.063
90000 91.002 -17.68879298 6.383863101 -24.07265608 98.77494702 931080.3236
91000 92.002 -17.69553688 6.639436973 -24.33497385 102.7293388 -4573123.209
92000 93.002 -17.66890136 6.617250697 -24.28615206 102.3860595 -9753058.315
93000 94.002 -17.64542338 6.44810463 -24.09352801 99.76893037 3049739.678
94000 95.002 -17.68221596 6.352810924 -24.03502688 98.29448917 6123575.222
95000 96.002 -17.66145284 6.422713592 -24.08416643 99.37606504 -1841329.276
96000 97.002 -17.66108648 6.427381834 -24.08846831 99.44829488 3310941.833
97000 98.002 -17.62448285 6.573102687 -24.19758554 101.702975 -1604398.502
98000 99.002 -17.59195409 6.330608913 -23.922563 97.95096637 328609.9201
99000 100.002 -17.55238358 6.323064357 -23.87544794 97.8342325 -1757602.685
100000 101.002 -17.50026339 6.366414964 -23.86667836 98.50497901 2382091.371
