Loading the initial atomic configuration from "equilT85.data"
Number of steps: 100000
Boundary: periodic periodic periodic
System dimensions: 28.0181 28.0181 28.0181 A
The total number of atoms: 500
Atomic masses: m[type1] = 39.948 Da
Neigbor List algorithm: O(N^2) complexity, Rskin = 2.000000 A, update every 50 steps
Verlet integration algorithm: time step = 0.001000 ps
Handlers:
Berendsen thermostat: T = 85.000000 K, tau = 2.000000 ps
Berendsen barostat: P = 0.000100 GPa; pressure control XYZ together; beta = 0.100000 GPa^-1

Potentials:
type1-type1 : Lennard-Jones potential for Ar-Ar interaction, Rcut = 8.512500 A

Step   Time   Energy   Kinetic   Potential   Temperature   Pressure
0 1.00101 -26.48281073 5.924388045 -32.40719877 91.66567421 186364.6824
1000 2.00101 -26.62656871 5.702502012 -32.32907072 88.23252085 1662256.037
2000 3.00101 -26.72337187 5.540237631 -32.26360951 85.72186931 3329880.331
3000 4.00101 -26.79707181 5.797565983 -32.59463779 89.70340744 -8553008.137
4000 5.00101 -26.85440747 5.52226492 -32.37667239 85.44378478 -715888.7199
5000 6.00101 -26.92238301 5.705509866 -32.62789287 88.27906016 -7177907.277
6000 7.00101 -26.97367631 5.440472657 -32.41414896 84.17824598 2798428.605
7000 8.00101 -27.03961519 5.621012844 -32.66062803 86.9716717 -4022638.706
8000 9.00101 -27.06446066 5.571404875 -32.63586554 86.20410755 -5427962.25
9000 10.00101 -27.1529226 5.741614562 -32.89453716 88.8376936 -9083763.386
10000 11.00101 -27.2140895 5.736795741 -32.95088524 88.76313392 -9484373.42
11000 12.00101 -27.20952724 5.66753786 -32.8770651 87.69153457 -7417461.785
12000 13.00101 -27.2551931 5.388056387 -32.64324948 83.36723012 4076123.712
13000 14.00101 -27.29889419 5.485469436 -32.78436363 84.87446306 -21435.96071
14000 15.00101 -27.30817685 5.273184927 -32.58136178 81.5898702 9425727.11
15000 16.00101 -27.34556509 5.424281918 -32.76984701 83.92773319 2515766.431
16000 17.00101 -27.35743762 5.307467699 -32.66490532 82.12031375 6092139.683
17000 18.00101 -27.32628842 5.422252404 -32.74854082 83.89633134 3823312.685
18000 19.00101 -27.34775121 5.402293256 -32.75004447 83.58751146 3589515.384
19000 20.00101 -27.37069427 5.516437373 -32.88713165 85.35361749 -225976.3802
20000 21.00101 -27.36423162 5.499852336 -32.86408396 85.09700388 1899645.272
21000 22.00101 -27.3350094 5.708188067 -33.04319746 88.32049888 -8121702.195
22000 23.00101 -27.37827308 5.56671526 -32.94498834 86.13154702 -727878.1454
23000 24.00101 -27.42014789 5.596867281 -33.01701517 86.59807712 -5726687.576
24000 25.00101 -27.43836544 5.59967795 -33.03804339 86.64156547 -4332981.017
25000 26.00101 -27.43293955 5.376528555 -32.8094681 83.18886461 3369684.465
26000 27.00101 -27.46987913 5.593371939 -33.06325107 86.5439951 -4929261.306
27000 28.00101 -27.4592162 5.704565901 -33.1637821 88.26445456 -7740552.032
28000 29.00101 -27.47142483 5.736797382 -33.20822221 88.76315931 -8992156.091
29000 30.00101 -27.50595521 5.524503501 -33.03045871 85.47842145 -3073917.207
30000 31.00101 -27.52947557 5.564895601 -33.09437117 86.10339218 -1336507.596
31000 32.00101 -27.53697715 5.478263361 -33.01524051 84.76296635 1102794.719
32000 33.00101 -27.50546772 5.582067849 -33.08753557 86.36909146 -3919416.126
33000 34.00101 -27.4835902 5.570026685 -33.05361688 86.18278338 -1962791.74
34000 35.00101 -27.53386796 5.504356227 -33.03822418 85.16669078 2112254.04
35000 36.00101 -27.50689619 5.458989964 -32.96588615 84.46475683 1881750.95
36000 37.00101 -27.50148002 5.500754315 -33.00223434 85.11095985 -178981.986
37000 38.00101 -27.51131115 5.462195888 -32.97350704 84.5143608 1535865.626
38000 39.00101 -27.49423334 5.407024366 -32.9012577 83.66071402 1237010.111
39000 40.00101 -27.50582121 5.469268901 -32.97509011 84.62379869 1046489.591
40000 41.00101 -27.4887802 5.605040212 -33.09382041 86.72453359 -4515309.33
41000 42.00101 -27.49164159 5.34513389 -32.83677548 82.70310758 5185749.606
42000 43.00101 -27.4907288 5.296221478 -32.78695028 81.9463055 7814641.181
43000 44.00101 -27.4775122 5.371460563 -32.84897276 83.11044961 4001315.742
44000 45.00101 -27.4873471 5.323801744 -32.81114884 82.37304386 6814721.855
45000 46.00101 -27.4930401 5.61485786 -33.10789796 86.87643812 -5168262.619
46000 47.00101 -27.48081326 5.50178742 -32.98260068 85.12694466 -1069324.58
47000 48.00101 -27.47653685 5.424278472 -32.90081532 83.92767987 2158172.856
48000 49.00101 -27.47102916 5.719142645 -33.19017181 88.48999466 -8249678.388
49000 50.00101 -27.46649183 5.71671657 -33.1832084 88.45245698 -6678573.676
50000 51.00101 -27.50825999 5.427209083 -32.93546907 83.97302404 3016547.399
51000 52.00101 -27.5057083 5.518514294 -33.02422259 85.38575286 -765906.3802
52000 53.00101 -27.46008896 5.501667863 -32.96175683 85.12509481 -2144995.149
53000 54.00101 -27.47377524 5.374424977 -32.84820021 83.15631678 2349539.356
54000 55.00101 -27.47816719 5.573845485 -33.05201268 86.24187012 -1763787.274
55000 56.00101 -27.50241562 5.439662434 -32.94207806 84.16570973 2777455.651
56000 57.00101 -27.47861493 5.543530739 -33.02214567 85.77282226 -597601.6271
57000 58.00101 -27.51986992 5.458494008 -32.97836393 84.4570831 2114020.352
58000 59.00101 -27.52688182 5.347088254 -32.87397007 82.73334666 4744205.106
59000 60.00101 -27.48815425 5.5747954 -33.06294965 86.25656778 -1967732.139
60000 61.00101 -27.50306494 5.458878014 -32.96194295 84.46302468 1463958.147
61000 62.00101 -27.50975368 5.291572849 -32.80132653 81.87437913 7306874.434
62000 63.00101 -27.51783019 5.462885729 -32.98071591 84.52503443 -680337.7926
63000 64.00101 -27.52296785 5.585119704 -33.10808755 86.41631159 -2963024.674
64000 65.00101 -27.54040394 5.633519452 -33.17392339 87.16518142 -5700586.603
65000 66.00101 -27.53103795 5.523032376 -33.05407032 85.45565932 -1704418.506
66000 67.00101 -27.51382789 5.261505017 -32.7753329 81.40915164 9685772.478
67000 68.00101 -27.53279109 5.486429247 -33.01922034 84.88931383 840559.9817
68000 69.00101 -27.54560295 5.392913701 -32.93851665 83.44238538 5776751.587
69000 70.00101 -27.56276926 5.267192842 -32.8299621 81.49715708 6570291.953
70000 71.00101 -27.52990199 5.415250231 -32.94515222 83.78798952 2966742.319
71000 72.00101 -27.50704192 5.629418762 -33.13646068 87.1017331 -3506850.795
72000 73.00101 -27.53062311 5.706586068 -33.23720918 88.2957118 -7876346.57
73000 74.00101 -27.53367718 5.291193639 -32.82487081 81.86851175 6476196.917
74000 75.00101 -27.54235344 5.432989519 -32.97534296 84.0624624 1770664.392
75000 76.00101 -27.53152761 5.387530177 -32.91905779 83.35908827 3405445.9
76000 77.00101 -27.54327513 5.490489727 -33.03376486 84.95214 1029188.436
77000 78.00101 -27.52481264 5.615555139 -33.14036778 86.88722683 -5678153.811
78000 79.00101 -27.51891516 5.344277594 -32.86319275 82.68985845 5344154.025
79000 80.00101 -27.52743489 5.307677311 -32.8351122 82.12355699 6801598.806
80000 81.00101 -27.51848457 5.646077919 -33.16456249 87.35949353 -5900706.603
81000 82.00101 -27.5069768 5.508292092 -33.01526889 85.22758883 -1601786.699
82000 83.00101 -27.54236531 5.684149915 -33.22651522 87.94856622 -8055737.284
83000 84.00101 -27.54613277 5.433231471 -32.97936424 84.06620602 2865036.763
84000 85.00101 -27.58181284 5.776256443 -33.35806929 89.3736935 -11299037.41
85000 86.00101 -27.55742315 5.563313978 -33.12073712 86.07892036 -855152.7784
86000 87.00101 -27.59869169 5.702108836 -33.30080053 88.22643739 -8461442.42
87000 88.00101 -27.58286552 5.369317876 -32.9521834 83.07729667 3826326.3
88000 89.00101 -27.59784162 5.344970378 -32.942812 82.70057761 7250118.333
89000 90.00101 -27.6026763 5.499292779 -33.10196908 85.08834607 -156783.7589
90000 91.00101 -27.60468995 5.374329147 -32.9790191 83.15483404 4745949.62
91000 92.00101 -27.54123242 5.294034751 -32.83526717 81.91247113 5607057.297
92000 93.00101 -27.55632408 5.456785075 -33.01310915 84.43064147 1292952.315
93000 94.00101 -27.53313244 5.553589202 -33.08672164 85.9284528 -2481185.054
94000 95.00101 -27.5582452 5.660757213 -33.21900241 87.58662035 -6595742.456
95000 96.00101 -27.57337509 5.48783736 -33.06121245 84.91110099 -126877.4213
96000 97.00101 -27.57077841 5.598311665 -33.16909008 86.62042549 -5451027.065
97000 98.00101 -27.59051467 5.602911969 -33.19342664 86.69160414 -5286287.617
98000 99.00101 -27.58440673 5.624772853 -33.20917958 87.02984882 -4024541.774
99000 100.00101 -27.60225412 5.819876988 -33.42213111 90.04861666 -11605571.72
100000 101.00101 -27.58099608 5.66999171 -33.25098779 87.72950201 -5260569.315
