Loading the initial atomic configuration from "ArHW4.data"
Number of steps: 100000
Boundary: periodic periodic periodic
System dimensions: 28 28 28 A
The total number of atoms: 500
Atomic masses: m[type1] = 39.948 Da
Neigbor List algorithm: O(N^2) complexity, Rskin = 2.000000 A, update every 50 steps
Verlet integration algorithm: time step = 0.000010 ps
Handlers:
Assigning the initial velocity corresponding to T = 80.000000 K
Berendsen barostat: P = 0.000100 GPa; pressure control XYZ together; beta = 0.100000 GPa^-1

Potentials:
type1-type1 : Lennard-Jones potential for Ar-Ar interaction, Rcut = 8.512500 A

Step   Time   Energy   Kinetic   Potential   Temperature   Pressure
0 1e-05 -26.81304957 10.340862 -37.15391157 160 -244297865.5
1000 0.01001 -26.83244404 10.31790898 -37.15035302 159.6448572 -192637297.8
2000 0.02001 -26.851381 10.24810281 -37.09948381 158.5647744 -189170533.6
3000 0.03001 -26.86947607 10.12903885 -36.99851493 156.7225456 -183524556.6
4000 0.04001 -26.88686174 9.956956525 -36.84381827 154.0599849 -175625500.7
5000 0.05001 -26.90487501 9.727069836 -36.63194484 150.5030406 -165403659
6000 0.06001 -26.92876685 9.434159562 -36.36292642 145.9709577 -152851876.1
7000 0.07001 -26.95780977 9.073522056 -36.03133182 140.3909586 -137910864.4
8000 0.08001 -26.98428901 8.641992276 -35.62628128 133.7140718 -120494929.7
9000 0.09001 -27.00901198 8.140424209 -35.14943619 125.9535108 -100782845.2
10000 0.10001 -27.03243091 7.576436342 -34.60886725 117.2271533 -79162428.29
11000 0.11001 -27.0538103 6.967078364 -34.02088866 107.7988023 -56285910.8
12000 0.12001 -27.06583193 6.340159538 -33.40599146 98.09873935 -33014207.79
13000 0.13001 -27.07874512 5.732358606 -32.81110373 88.69447992 -10700219.76
14000 0.14001 -27.08784209 5.183253139 -32.27109523 80.1983918 9467342.947
15000 0.15001 -27.09268288 4.726963264 -31.81964615 73.13840202 26427501.58
16000 0.16001 -27.10040175 4.384885606 -31.48528736 67.84557196 39409401.84
17000 0.17001 -27.10553197 4.162395896 -31.26792786 64.40307813 48320300.57
18000 0.18001 -27.10870406 4.050228071 -31.15893213 62.66755048 53430575.35
19000 0.19001 -27.11149952 4.028934528 -31.14043405 62.33808405 55318887.43
20000 0.20001 -27.11347541 4.074135968 -31.18761138 63.03746776 54758547.75
21000 0.21001 -27.11757556 4.161198815 -31.27877438 64.38455618 52497146.06
22000 0.22001 -27.12106562 4.268458262 -31.38952388 66.04413848 49286937.03
23000 0.23001 -27.12141025 4.379086303 -31.50049656 67.75584167 45736567.94
24000 0.24001 -27.12231516 4.481877539 -31.6041927 69.34628915 42196311.65
25000 0.25001 -27.12346112 4.571095577 -31.69455669 70.72672397 38910348.5
26000 0.26001 -27.12671438 4.645434137 -31.77214851 71.87693462 35953442.95
27000 0.27001 -27.12973831 4.706423879 -31.83616218 72.82060437 33368668.67
28000 0.28001 -27.13355531 4.75662715 -31.89018246 73.59737941 31107886.1
29000 0.29001 -27.13296691 4.798228037 -31.93119494 74.24105321 29213982.47
30000 0.30001 -27.13335987 4.832161833 -31.9655217 74.76609718 27601624.38
31000 0.31001 -27.13373215 4.857981345 -31.9917135 75.16559212 26310081.93
32000 0.32001 -27.13375427 4.874259678 -32.00801395 75.41746021 25387676.55
33000 0.33001 -27.13410387 4.879558744 -32.01366261 75.49945053 24863469.43
34000 0.34001 -27.1334411 4.873071907 -32.00651301 75.39908231 24771292.23
35000 0.35001 -27.1322763 4.855273741 -31.98755004 75.12369844 25078265.19
36000 0.36001 -27.1336386 4.828052872 -31.96169147 74.70252088 25670602.72
37000 0.37001 -27.13568292 4.794842486 -31.9305254 74.18866994 26459390.22
38000 0.38001 -27.13505015 4.760478362 -31.89552851 73.65696767 27337540.62
39000 0.39001 -27.13476616 4.730575413 -31.86534157 73.19429135 28084336.66
40000 0.40001 -27.13550041 4.710397902 -31.84589831 72.88209284 28525535.93
41000 0.41001 -27.13506147 4.703608108 -31.83866957 72.77703709 28577069.88
42000 0.42001 -27.13428469 4.711217419 -31.84550211 72.8947729 28187056.09
43000 0.43001 -27.12996964 4.731538129 -31.86150776 73.20918707 27441179.74
44000 0.44001 -27.13034757 4.761162025 -31.89150959 73.6675457 26310248.83
45000 0.45001 -27.13003588 4.796370302 -31.92640618 74.21230922 24975594.02
46000 0.46001 -27.13054806 4.834309509 -31.96485757 74.79932732 23496354.97
47000 0.47001 -27.12953082 4.873515254 -32.00304608 75.40594204 21950796.24
48000 0.48001 -27.13085242 4.913966228 -32.04481864 76.0318237 20287417.19
49000 0.49001 -27.12997507 4.956794436 -32.08676951 76.69448734 18546286.15
50000 0.50001 -27.12925541 5.003700423 -32.13295583 77.42024481 16652454.28
51000 0.51001 -27.13054307 5.056122168 -32.18666524 78.23134541 14546521.69
52000 0.52001 -27.12896863 5.114595387 -32.24356402 79.13607802 12294442.73
53000 0.53001 -27.12823364 5.178275992 -32.30650963 80.12138241 9877169.344
54000 0.54001 -27.12783921 5.245013752 -32.37285296 81.15398893 7374455.236
55000 0.55001 -27.12947183 5.311895853 -32.44136768 82.1888288 4858662.22
56000 0.56001 -27.12691805 5.375644318 -32.50256237 83.17518316 2526958.605
57000 0.57001 -27.12959399 5.433171583 -32.56276558 84.06527941 344756.742
58000 0.58001 -27.13145058 5.481821253 -32.61327183 84.81801618 -1511629.021
59000 0.59001 -27.13198319 5.519559636 -32.65154283 85.40192701 -2967468.602
60000 0.60001 -27.13085168 5.545079601 -32.67593128 85.79678717 -3974832.695
61000 0.61001 -27.13258936 5.557864294 -32.69045366 85.99459959 -4581344.52
62000 0.62001 -27.13265214 5.558014655 -32.6906668 85.99692607 -4724559.013
63000 0.63001 -27.13220908 5.546148731 -32.67835781 85.81332938 -4444605.308
64000 0.64001 -27.13428041 5.523417972 -32.65769838 85.4616255 -3827258.522
65000 0.65001 -27.13180218 5.491473255 -32.62327543 84.96735774 -2829580.928
66000 0.66001 -27.13552775 5.452571565 -32.58809932 84.36544752 -1685111.853
67000 0.67001 -27.13503628 5.409361656 -32.54439793 83.69687798 -332128.0517
68000 0.68001 -27.1363782 5.364752778 -32.50113098 83.00666274 1045375.362
69000 0.69001 -27.13568938 5.321530097 -32.45721948 82.33789558 2412218.461
70000 0.70001 -27.13818312 5.281979539 -32.42016266 81.72594569 3616523.848
71000 0.71001 -27.13680263 5.247729651 -32.38453228 81.19601095 4706674.233
72000 0.72001 -27.13692803 5.219643129 -32.35657116 80.76143949 5573475.019
73000 0.73001 -27.13385671 5.197938262 -32.33179497 80.42560881 6274880.479
74000 0.74001 -27.13363897 5.182435631 -32.3160746 80.18574283 6726271.458
75000 0.75001 -27.13308405 5.172792349 -32.3058764 80.0365362 6984757.59
76000 0.76001 -27.1338725 5.168595945 -32.30246844 79.97160693 7038572.367
77000 0.77001 -27.13432508 5.169620281 -32.30394537 79.98745608 6922155.751
78000 0.78001 -27.13427479 5.175623166 -32.30989796 80.08033629 6647492.965
79000 0.79001 -27.13607438 5.186258715 -32.32233309 80.24489588 6193182.284
80000 0.80001 -27.13804521 5.200930703 -32.33897592 80.47190965 5603641.92
81000 0.81001 -27.13901084 5.218682007 -32.35769284 80.74656843 4923994.665
82000 0.82001 -27.13830026 5.238486023 -32.37678628 81.05298801 4193702.128
83000 0.83001 -27.13709111 5.259445416 -32.39653652 81.37728427 3422037.535
84000 0.84001 -27.13538274 5.280876708 -32.41625945 81.70888204 2628982.246
85000 0.85001 -27.13519435 5.302320034 -32.43751439 82.04066599 1799489.032
86000 0.86001 -27.13417291 5.323480482 -32.45765339 82.36807309 976976.5865
87000 0.87001 -27.13332795 5.344406054 -32.477734 82.69184606 147339.721
88000 0.88001 -27.13501269 5.365654857 -32.50066755 83.02062024 -737254.6853
89000 0.89001 -27.13670785 5.388478351 -32.52518621 83.37375899 -1671373.128
90000 0.90001 -27.13337283 5.414580859 -32.54795368 83.7776326 -2623489.365
91000 0.91001 -27.13290852 5.445322143 -32.57823067 84.25328013 -3739718.318
92000 0.92001 -27.13279716 5.480846803 -32.61364396 84.80293891 -4979543.043
93000 0.93001 -27.13589906 5.519624236 -32.6555233 85.40292654 -6333131.973
94000 0.94001 -27.13650244 5.558636828 -32.69513926 86.00655269 -7625992.765
95000 0.95001 -27.13494219 5.59426286 -32.72920505 86.55777995 -8755971.985
96000 0.96001 -27.13373813 5.623211489 -32.75694962 87.00569046 -9662104.49
97000 0.97001 -27.13238031 5.643044351 -32.77542466 87.31255636 -10264867.45
98000 0.98001 -27.13338545 5.65233444 -32.78571989 87.45629817 -10560469.53
99000 0.99001 -27.13287971 5.650759053 -32.78363877 87.43192284 -10485952.56
100000 1.00001 -27.13455424 5.639029881 -32.77358412 87.25044208 -10120563.9
