Loading the initial atomic configuration from "equilT75.data"
Number of steps: 100000
Boundary: periodic periodic periodic
System dimensions: 27.9531 27.9531 27.9531 A
The total number of atoms: 500
Atomic masses: m[type1] = 39.948 Da
Neigbor List algorithm: O(N^2) complexity, Rskin = 2.000000 A, update every 50 steps
Verlet integration algorithm: time step = 0.001000 ps
Handlers:
Berendsen thermostat: T = 75.000000 K, tau = 2.000000 ps
Berendsen barostat: P = 0.000100 GPa; pressure control XYZ together; beta = 0.100000 GPa^-1

Potentials:
type1-type1 : Lennard-Jones potential for Ar-Ar interaction, Rcut = 8.512500 A

Step   Time   Energy   Kinetic   Potential   Temperature   Pressure
0 1.00101 -27.79950197 5.347450058 -33.14695203 82.73894471 -20659151.05
1000 2.00101 -28.01104298 5.147936982 -33.15897996 79.6519591 -13346097.63
2000 3.00101 -28.20626867 5.050441673 -33.25671034 78.14345339 -8187195.338
3000 4.00101 -28.36087854 5.121392621 -33.48227116 79.24124888 -12070439.88
4000 5.00101 -28.51414313 4.996950238 -33.51109337 77.31580192 -7227478.584
5000 6.00101 -28.63829237 5.072660017 -33.71095239 78.48722888 -10052541
6000 7.00101 -28.74337322 5.123528481 -33.8669017 79.27429618 -10707972.17
7000 8.00101 -28.89908649 4.878757818 -33.77784431 75.48705813 -1778452.37
8000 9.00101 -28.98194725 4.898710603 -33.88065785 75.79577954 -2276893.534
9000 10.00101 -29.0850333 4.895476252 -33.98050955 75.74573574 -3029025.072
10000 11.00101 -29.12306263 5.033645777 -34.15670841 77.88357725 -7981560.587
11000 12.00101 -29.20963236 5.037689307 -34.24732167 77.94614116 -6726632.856
12000 13.00101 -29.26505101 5.11033298 -34.37538399 79.0701275 -9939467.8
13000 14.00101 -29.35001986 4.794784868 -34.14480472 74.18777843 3201017.791
14000 15.00101 -29.37614353 5.047876793 -34.42402032 78.10376804 -7631074.275
15000 16.00101 -29.41613136 5.063555585 -34.47968695 78.34635967 -8676683.848
16000 17.00101 -29.44518655 4.863974111 -34.30916066 75.25831577 -2135059.94
17000 18.00101 -29.48907817 4.979631953 -34.46871012 77.04784306 -5022873.944
18000 19.00101 -29.49686784 4.786238448 -34.28310629 74.05554311 3071918.646
19000 20.00101 -29.52152941 4.878299035 -34.39982845 75.47995956 -786375.1542
20000 21.00101 -29.56363285 5.076389035 -34.64002188 78.54492648 -9151971.234
21000 22.00101 -29.56685977 4.980343818 -34.54720359 77.05885746 -5894600.933
22000 23.00101 -29.60226324 4.741547522 -34.34381077 73.36405839 4992884.04
23000 24.00101 -29.63649134 4.74575967 -34.38225101 73.42923125 4031315.893
24000 25.00101 -29.64633323 5.017648756 -34.66398199 77.63606177 -6967007.09
25000 26.00101 -29.64708675 4.853402335 -34.50048909 75.09474293 -465166.1034
26000 27.00101 -29.66326218 4.975278536 -34.63854072 76.98048439 -3595498.792
27000 28.00101 -29.67238201 5.090627543 -34.76300955 78.7652332 -10749163.35
28000 29.00101 -29.66312139 4.937026271 -34.60014766 76.38862248 -3206760.555
29000 30.00101 -29.69936955 4.885234099 -34.58460365 75.58726303 -1689737.999
30000 31.00101 -29.71828379 4.933773759 -34.65205755 76.33829766 -2475399.396
31000 32.00101 -29.7240386 4.881077236 -34.60511584 75.52294554 -2203635.846
32000 33.00101 -29.7201006 4.820159523 -34.54026013 74.58039028 1675192.966
33000 34.00101 -29.71280225 4.921792816 -34.63459506 76.15292134 -1785297.512
34000 35.00101 -29.7365973 4.819867334 -34.55646464 74.57586935 944705.8942
35000 36.00101 -29.73582528 4.782108886 -34.51793416 73.99164806 1882480.844
36000 37.00101 -29.72653103 5.058890927 -34.78542196 78.27418529 -7661733.887
37000 38.00101 -29.72752912 5.101240738 -34.82876986 78.9294469 -9165400.423
38000 39.00101 -29.72968036 4.901449871 -34.63113023 75.83816314 -2393736.544
39000 40.00101 -29.74391302 4.899803852 -34.64371687 75.81269495 -1806912.09
40000 41.00101 -29.74560524 4.918919974 -34.66452521 76.10847101 -3975072.83
41000 42.00101 -29.76567776 4.778839008 -34.54451677 73.94105455 1517628.767
42000 43.00101 -29.74259967 4.899325858 -34.64192553 75.80529914 -1099832.7
43000 44.00101 -29.7475802 4.806462567 -34.55404276 74.36846278 1694453.912
44000 45.00101 -29.76136921 4.920730334 -34.68209954 76.13648198 -2888461.665
45000 46.00101 -29.73490907 4.951497569 -34.68640664 76.61253104 -3995682.224
46000 47.00101 -29.74767888 4.886123394 -34.63380227 75.60102272 -1452971.219
47000 48.00101 -29.76065377 5.190111542 -34.95076531 80.30450911 -13710139.6
48000 49.00101 -29.73214404 4.737497542 -34.46964159 73.30139467 2547640.097
49000 50.00101 -29.74768017 4.706063685 -34.45374386 72.81503124 4393004.66
50000 51.00101 -29.74594376 4.81618567 -34.56212943 74.51890444 1290908.337
51000 52.00101 -29.75551943 4.908856934 -34.66437637 75.95276964 -2267993.644
52000 53.00101 -29.75646525 4.731411082 -34.48787633 73.20722133 4933341.697
53000 54.00101 -29.74786294 4.907228314 -34.65509125 75.92757066 -2067555.841
54000 55.00101 -29.75201628 4.986009095 -34.73802537 77.14651402 -6615499.642
55000 56.00101 -29.73255121 5.016120838 -34.74867204 77.6124209 -5756081.907
56000 57.00101 -29.75960795 4.703552154 -34.4631601 72.77617133 5151774.786
57000 58.00101 -29.74902565 4.825754047 -34.5747797 74.66695209 1267072.836
58000 59.00101 -29.75164095 4.844463097 -34.59610405 74.9564297 750084.9373
59000 60.00101 -29.76353477 4.8944291 -34.65796387 75.72953358 -2365773.474
60000 61.00101 -29.78650537 5.005134536 -34.79163991 77.44243427 -6746858.167
61000 62.00101 -29.76812658 4.864405923 -34.6325325 75.26499703 -68148.29448
62000 63.00101 -29.76321268 4.970306579 -34.73351926 76.9035553 -4230745.395
63000 64.00101 -29.76984938 4.8081904 -34.57803978 74.39519685 955043.5109
64000 65.00101 -29.77686815 4.994492406 -34.77136056 77.27777287 -5445865.935
65000 66.00101 -29.77645583 5.130967617 -34.90742345 79.38939894 -11610856.91
66000 67.00101 -29.78389838 4.72475919 -34.50865757 73.10429927 5116765.829
67000 68.00101 -29.75769169 4.854414024 -34.61210571 75.11039639 -230526.3484
68000 69.00101 -29.75220863 4.83850865 -34.59071728 74.86429893 1294291.879
69000 70.00101 -29.78453507 4.766108558 -34.55064363 73.74408142 3823638.214
70000 71.00101 -29.7921271 4.717536666 -34.50966377 72.99254806 6077172.921
71000 72.00101 -29.77029193 4.642088485 -34.41238041 71.82516869 8393482.292
72000 73.00101 -29.75330248 4.910291277 -34.66359375 75.97496266 -2544829.391
73000 74.00101 -29.71449373 4.833040128 -34.54753386 74.7796867 719952.1771
74000 75.00101 -29.72991845 4.824811758 -34.55473021 74.65237242 53225.85657
75000 76.00101 -29.72251322 4.89226691 -34.61478013 75.69607887 -2077483.885
76000 77.00101 -29.71260679 4.888867821 -34.60147461 75.64348614 -1948215.001
77000 78.00101 -29.73728233 4.865435788 -34.60271812 75.28093171 67859.23933
78000 79.00101 -29.73932148 4.902820807 -34.64214229 75.85937508 -3359154.221
79000 80.00101 -29.73031157 4.979660327 -34.7099719 77.04828207 -5596798.312
80000 81.00101 -29.73284386 4.864262022 -34.59710588 75.26277051 168270.0864
81000 82.00101 -29.72336008 4.729532113 -34.45289219 73.1781488 3468118.97
82000 83.00101 -29.7192267 4.980586247 -34.69981294 77.06260846 -5565111.599
83000 84.00101 -29.72869671 5.281665674 -35.01036238 81.72108938 -15498914.78
84000 85.00101 -29.72578926 4.78975173 -34.51554099 74.10990272 755776.2776
85000 86.00101 -29.74729027 4.887962436 -34.63525271 75.62947748 -948012.422
86000 87.00101 -29.74671955 4.810948243 -34.5576678 74.43786783 431801.2794
87000 88.00101 -29.74778346 4.776803102 -34.52458656 73.9095538 2986850.787
88000 89.00101 -29.75124529 4.966359277 -34.71760456 76.84248027 -3321495.483
89000 90.00101 -29.74001993 4.937397191 -34.67741712 76.39436158 -5180268.401
90000 91.00101 -29.75621786 4.86517677 -34.62139463 75.27692403 -966579.0518
91000 92.00101 -29.77679339 4.790599306 -34.5673927 74.12301691 2493135.563
92000 93.00101 -29.76435788 4.789544562 -34.55390244 74.10669729 3147743.134
93000 94.00101 -29.77243266 4.990054538 -34.7624872 77.20910753 -5022640.724
94000 95.00101 -29.76676714 5.093548223 -34.86031537 78.81042371 -9395207.002
95000 96.00101 -29.74299308 4.88793983 -34.63093291 75.62912771 -1245175.689
96000 97.00101 -29.73794709 4.861586085 -34.59953318 75.22136681 -40666.64804
97000 98.00101 -29.75777454 4.892521295 -34.65029583 75.70001487 -2200106.709
98000 99.00101 -29.77367691 4.709183055 -34.48285997 72.863296 5815905.161
99000 100.00101 -29.78282824 4.998601947 -34.78143018 77.34135815 -5099785.327
100000 101.00101 -29.77198868 4.882784605 -34.65477328 75.54936298 -793514.2952
