Loading the initial atomic configuration from "equilT79.data"
Number of steps: 100000
Boundary: periodic periodic periodic
System dimensions: 27.9793 27.9793 27.9793 A
The total number of atoms: 500
Atomic masses: m[type1] = 39.948 Da
Neigbor List algorithm: O(N^2) complexity, Rskin = 2.000000 A, update every 50 steps
Verlet integration algorithm: time step = 0.001000 ps
Handlers:
Berendsen thermostat: T = 79.000000 K, tau = 2.000000 ps
Berendsen barostat: P = 0.000100 GPa; pressure control XYZ together; beta = 0.100000 GPa^-1

Potentials:
type1-type1 : Lennard-Jones potential for Ar-Ar interaction, Rcut = 8.512500 A

Step   Time   Energy   Kinetic   Potential   Temperature   Pressure
0 1.00101 -27.26743245 5.58070047 -32.84813292 86.34793455 -12216590.34
1000 2.00101 -27.44564065 5.356274324 -32.80191497 82.87547903 -7202347.539
2000 3.00101 -27.6127712 5.174331949 -32.78710315 80.06035782 -985940.4917
3000 4.00101 -27.76283281 5.350133619 -33.11296643 82.78046637 -9349306.956
4000 5.00101 -27.87793766 5.076138353 -32.95407602 78.54104779 909399.2695
5000 6.00101 -27.98718356 5.32838804 -33.3155716 82.44400577 -8788573.505
6000 7.00101 -28.07580751 5.440154757 -33.51596227 84.17332724 -12948179.66
7000 8.00101 -28.13752562 5.271355999 -33.40888162 81.56157193 -7858605.67
8000 9.00101 -28.23626537 5.316182748 -33.55244812 82.25515819 -8608097.609
9000 10.00101 -28.28624785 5.170605921 -33.45685377 80.00270648 -2680257.452
10000 11.00101 -28.39145359 5.31258051 -33.7040341 82.19942222 -7933449.792
11000 12.00101 -28.44034589 5.202232316 -33.64257821 80.49204898 -6360483.21
12000 13.00101 -28.54483641 5.045689371 -33.59052578 78.06992294 3636452.505
13000 14.00101 -28.55016809 5.15440057 -33.70456866 79.75196761 -1605330.011
14000 15.00101 -28.59415542 5.067024271 -33.66117969 78.40002926 946144.8172
15000 16.00101 -28.62109933 5.007823869 -33.6289232 77.48404524 3533813.169
16000 17.00101 -28.63812456 5.367236227 -34.00536079 83.04508814 -10022021.45
17000 18.00101 -28.67414477 5.134947806 -33.80909258 79.4509828 -1873923.098
18000 19.00101 -28.71484885 5.30261261 -34.01746146 82.04519291 -9075595.729
19000 20.00101 -28.7462702 5.291127071 -34.03739727 81.86748177 -6972572.448
20000 21.00101 -28.77903086 5.250056582 -34.02908744 81.23201461 -6262383.55
21000 22.00101 -28.83119721 5.124357646 -33.95555486 79.28712551 -272265.806
22000 23.00101 -28.83193445 5.188881601 -34.02081605 80.28547872 -3187226.279
23000 24.00101 -28.85205925 5.173617189 -34.02567644 80.04929863 -4259424.992
24000 25.00101 -28.84914343 5.262370933 -34.11151437 81.42254962 -5417440.498
25000 26.00101 -28.8979076 5.021510677 -33.91941827 77.69581572 3422612.42
26000 27.00101 -28.91564846 5.047488634 -33.96313709 78.0977622 2100229.051
27000 28.00101 -28.90548047 5.102285288 -34.00776575 78.9456088 219832.3993
28000 29.00101 -28.91536065 5.019342933 -33.93470358 77.66227509 2387839.703
29000 30.00101 -28.92480938 5.038116992 -33.96292637 77.95275855 4064164.429
30000 31.00101 -28.91896892 5.152001537 -34.07097045 79.71484833 -1949556.096
31000 32.00101 -28.92668403 5.159933672 -34.0866177 79.83757906 -1620525.459
32000 33.00101 -28.92673297 5.046879387 -33.97361235 78.08833557 2014101.498
33000 34.00101 -28.94241881 5.27049644 -34.21291525 81.54827232 -4266456.053
34000 35.00101 -28.93269199 5.106214488 -34.03890648 79.00640372 561130.2655
35000 36.00101 -28.94269256 5.303574416 -34.24626698 82.06007455 -8327489.072
36000 37.00101 -28.96077978 4.971043688 -33.93182347 76.91496028 5040013.223
37000 38.00101 -28.96734516 4.761671061 -33.72901622 73.67542182 11380492.66
38000 39.00101 -28.92939252 5.15078789 -34.08018041 79.69607006 -2016867.67
39000 40.00101 -28.95524796 5.023085829 -33.97833379 77.72018741 2162098.889
40000 41.00101 -28.96132385 5.300787578 -34.26211143 82.01695492 -8186015.975
41000 42.00101 -28.97749401 5.190607025 -34.16810103 80.31217552 -2641265.002
42000 43.00101 -28.96588404 5.174091214 -34.13997525 80.05663301 -2096609.361
43000 44.00101 -28.95369449 5.246714954 -34.20040945 81.18031095 -5063052.763
44000 45.00101 -28.98088563 5.312979886 -34.29386552 82.20560161 -8363904.257
45000 46.00101 -28.99245869 5.237838089 -34.23029678 81.04296279 -4994359.269
46000 47.00101 -28.97595479 5.094068622 -34.07002342 78.81847563 770135.4437
47000 48.00101 -28.95868808 5.055621667 -34.01430975 78.22360135 533156.5157
48000 49.00101 -28.98837267 5.147773339 -34.13614601 79.64942712 -191185.8748
49000 50.00101 -28.9200033 4.933488388 -33.85349169 76.33388223 6540235.629
50000 51.00101 -28.93911604 5.0238614 -33.96297744 77.73218752 3067891.759
51000 52.00101 -28.93029241 4.973782386 -33.9040748 76.95733507 5501629.595
52000 53.00101 -28.94721476 5.03592124 -33.983136 77.91878456 3667543.761
53000 54.00101 -28.94122037 5.133732065 -34.07495244 79.43217213 -2229855.333
54000 55.00101 -28.92934932 4.956402423 -33.88575175 76.68842189 4543410.447
55000 56.00101 -28.9348357 5.108974498 -34.0438102 79.04910825 848387.6658
56000 57.00101 -28.9097852 5.123748702 -34.0335339 79.27770357 -2620793.119
57000 58.00101 -28.91014344 4.94296 -33.85310344 76.48043267 5347270.362
58000 59.00101 -28.92293604 5.162430738 -34.08536678 79.87621516 -2342801.878
59000 60.00101 -28.92847735 5.288887955 -34.21736531 81.83283684 -6885868.988
60000 61.00101 -28.95007633 5.090809782 -34.04088611 78.76805291 1391930.609
61000 62.00101 -28.92211603 5.247239324 -34.16935535 81.18842432 -4658868.748
62000 63.00101 -28.93959854 5.075736955 -34.01533549 78.53483712 519398.7532
63000 64.00101 -28.93027008 5.218777606 -34.14904769 80.7480476 -5383343.442
64000 65.00101 -28.91346916 4.845908603 -33.75937776 74.97879543 9589496.118
65000 66.00101 -28.93235265 5.11666089 -34.04901354 79.16803671 900070.1861
66000 67.00101 -28.88469805 5.373431325 -34.25812938 83.14094241 -10615167.4
67000 68.00101 -28.91807574 5.105303377 -34.02337911 78.99230648 -765654.0833
68000 69.00101 -28.93065435 5.207812849 -34.1384672 80.57839432 -4887704.607
69000 70.00101 -28.92529423 4.845756839 -33.77105107 74.97644725 9278475.702
70000 71.00101 -28.95250273 5.15008787 -34.1025906 79.68523892 -1775300.8
71000 72.00101 -28.9394147 5.067646539 -34.00706123 78.40965735 2491697.208
72000 73.00101 -28.94789404 5.06614777 -34.01404181 78.38646751 2361679.737
73000 74.00101 -28.93671861 4.990606849 -33.92732546 77.21765321 4998731.962
74000 75.00101 -28.9465582 4.980919302 -33.9274775 77.06776169 4854817.316
75000 76.00101 -28.93169341 5.200514966 -34.13220838 80.46547711 -3377152.286
76000 77.00101 -28.95339916 5.054410032 -34.0078092 78.20485421 2317972.066
77000 78.00101 -28.93904011 5.033252347 -33.97229246 77.87748985 3133694.822
78000 79.00101 -28.93858762 5.123420271 -34.06200789 79.27262189 -813769.0429
79000 80.00101 -28.94251999 5.200662133 -34.14318213 80.46775417 -3530515.429
80000 81.00101 -28.95934431 5.097266988 -34.0566113 78.86796265 101572.3463
81000 82.00101 -28.96886606 5.231911764 -34.20077783 80.95126714 -4001962.408
82000 83.00101 -28.95300451 5.303187742 -34.25619225 82.05409169 -8460219.944
83000 84.00101 -28.93663899 5.123599447 -34.06023844 79.2753942 -3196759.831
84000 85.00101 -28.94793933 5.148385947 -34.09632527 79.65890576 -1660892.248
85000 86.00101 -28.94839675 5.062931941 -34.0113287 78.33671028 1252856.226
86000 87.00101 -28.96659942 5.101556631 -34.06815605 78.93433458 781175.1537
87000 88.00101 -28.94742892 5.092596235 -34.04002515 78.79569398 1327968.21
88000 89.00101 -28.93618953 5.159976293 -34.09616582 79.83823853 -615179.7327
89000 90.00101 -28.92897156 5.055667982 -33.98463955 78.22431796 -114933.3646
90000 91.00101 -28.92168839 5.232691705 -34.1543801 80.96333485 -4662895.198
91000 92.00101 -28.90088363 5.055818449 -33.95670207 78.22664608 3340623.104
92000 93.00101 -28.93469503 5.171679815 -34.10637484 80.01932241 -3418159.853
93000 94.00101 -28.92276821 5.047076778 -33.96984499 78.09138972 3740556.8
94000 95.00101 -28.94476542 4.981324093 -33.92608951 77.07402487 5008483.398
95000 96.00101 -28.91652814 5.097566902 -34.01409504 78.87260311 6490.460446
96000 97.00101 -28.93318407 5.205603092 -34.13878716 80.54420364 -4964428.638
97000 98.00101 -28.93922353 5.115376736 -34.05460027 79.1481675 -608636.3631
98000 99.00101 -28.93776085 4.988472319 -33.92623316 77.18462649 4623330.884
99000 100.00101 -28.94245178 5.1902101 -34.13266188 80.30603407 -3723154.704
100000 101.00101 -28.91753939 5.035034713 -33.95257411 77.9050677 1526437.519
