Loading the initial atomic configuration from "ArHW4.data"
Number of steps: 100000
Boundary: periodic periodic periodic
System dimensions: 38.269 38.269 38.269 A
The total number of atoms: 1372
Atomic masses: m[type1] = 39.948 Da
Neigbor List algorithm: O(N^2) complexity, Rskin = 2.000000 A, update every 50 steps
Verlet integration algorithm: time step = 0.000010 ps
Handlers:
Assigning the initial velocity corresponding to T = 80.000000 K
Berendsen barostat: P = 0.000100 GPa; pressure control XYZ together; beta = 0.100000 GPa^-1

Potentials:
type1-type1 : Lennard-Jones potential for Ar-Ar interaction, Rcut = 8.512500 A

Step   Time   Energy   Kinetic   Potential   Temperature   Pressure
0 1e-05 -79.35101181 28.37532533 -107.7263371 160 -188488281.1
1000 0.01001 -79.37733698 28.26912943 -107.6464664 159.401193 -132277699
2000 0.02001 -79.416463 27.94680052 -107.3632635 157.5836763 -126896984.1
3000 0.03001 -79.55312168 27.40228725 -106.9554089 154.5133284 -118709690.6
4000 0.04001 -79.73173066 26.62642045 -106.3581511 150.1384468 -107353291.3
5000 0.05001 -79.89122255 25.60652173 -105.4977443 144.387542 -92452542.37
6000 0.06001 -80.01686707 24.33389014 -104.3507572 137.2115519 -73977597.1
7000 0.07001 -80.11352569 22.81096714 -102.9244928 128.6242431 -52169439.14
8000 0.08001 -80.1887982 21.06086654 -101.2496647 118.7559476 -27542497.43
9000 0.09001 -80.24580189 19.13712438 -99.38292627 107.908539 -940919.2996
10000 0.10001 -80.28978743 17.12942963 -97.41921706 96.58774689 26378455.84
11000 0.11001 -80.32014371 15.15869126 -95.47883496 85.47534075 52868322.11
12000 0.12001 -80.34933714 13.3583179 -93.70765504 75.32357213 76808413.68
13000 0.13001 -80.37244784 11.84749858 -92.21994642 66.80451241 96786699.3
14000 0.14001 -80.3957149 10.70747476 -91.10318965 60.37625793 111803533.1
15000 0.15001 -80.41825966 9.969427647 -90.38768731 56.21463032 121510345.1
16000 0.16001 -80.43956941 9.615717789 -90.0552872 54.22016588 126147068.9
17000 0.17001 -80.46083136 9.591382223 -90.05221358 54.08294488 126398104.6
18000 0.18001 -80.47749768 9.820256118 -90.2977538 55.37349654 123244399.6
19000 0.19001 -80.49488581 10.22048942 -90.71537523 57.6302928 117692041.2
20000 0.20001 -80.51107915 10.71582409 -91.22690324 60.42333734 110731585.5
21000 0.21001 -80.52394329 11.24238751 -91.7663308 63.39247149 103213068.9
22000 0.22001 -80.53322553 11.75128659 -92.28451211 66.26200165 95797021.25
23000 0.23001 -80.53794887 12.20860066 -92.74654953 68.84065935 88965065.22
24000 0.24001 -80.54441136 12.5934825 -93.13789387 71.01089333 82992300.88
25000 0.25001 -80.54714462 12.89549263 -93.44263725 72.71383841 78084243.16
26000 0.26001 -80.55158418 13.11190766 -93.66349184 73.93413827 74277779.39
27000 0.27001 -80.55524034 13.24575202 -93.80099236 74.68884672 71572792.53
28000 0.28001 -80.55709851 13.3042075 -93.86130601 75.0184597 69897763.03
29000 0.29001 -80.56065701 13.29794449 -93.8586015 74.98314446 69104054.36
30000 0.30001 -80.5601375 13.24049839 -93.8006359 74.65922306 69054666.07
31000 0.31001 -80.56167426 13.1474683 -93.70914256 74.1346541 69515589.97
32000 0.32001 -80.56498237 13.03543093 -93.6004133 73.50290874 70275666.34
33000 0.33001 -80.56723184 12.92032329 -93.48755513 72.85385112 71143748.13
34000 0.34001 -80.57161885 12.8160607 -93.38767955 72.26594542 71918608.77
35000 0.35001 -80.57610474 12.73327019 -93.30937493 71.79911444 72467270.6
36000 0.36001 -80.57863633 12.67908096 -93.25771729 71.49355754 72699945.38
37000 0.37001 -80.58134739 12.65711899 -93.23846638 71.36972052 72546528.8
38000 0.38001 -80.58233694 12.66783951 -93.25017645 71.43017033 72000130.28
39000 0.39001 -80.5818839 12.70894829 -93.29083219 71.66197049 71077301.56
40000 0.40001 -80.58414499 12.776007 -93.36015199 72.04009456 69800345.63
41000 0.41001 -80.58639212 12.86362419 -93.45001631 72.53414177 68246128.23
42000 0.42001 -80.59145554 12.96639658 -93.55785211 73.11364462 66463325.19
43000 0.43001 -80.59141975 13.07957665 -93.6709964 73.75183332 64556823.99
44000 0.44001 -80.59384236 13.19915623 -93.79299859 74.42610694 62537907.81
45000 0.45001 -80.59116169 13.32137727 -93.91253895 75.11527491 60501207.84
46000 0.46001 -80.58792553 13.44240177 -94.03032731 75.79769602 58473422.97
47000 0.47001 -80.58616254 13.55826268 -94.14442522 76.45100113 56495634.66
48000 0.48001 -80.58420945 13.66540313 -94.24961258 77.05513419 54624619.91
49000 0.49001 -80.58141618 13.76120207 -94.34261825 77.59531585 52899966.82
50000 0.50001 -80.58099595 13.84424726 -94.42524322 78.06358294 51324208.56
51000 0.51001 -80.582295 13.91463285 -94.49692785 78.4604663 49904324.99
52000 0.52001 -80.58129886 13.97382525 -94.55512411 78.79423457 48650187.16
53000 0.53001 -80.5813862 14.02420094 -94.60558714 79.07828808 47518985.35
54000 0.54001 -80.58071837 14.06827525 -94.64899362 79.32680996 46493990.56
55000 0.55001 -80.57981066 14.10847067 -94.68828134 79.55345998 45545813.5
56000 0.56001 -80.58270245 14.14698341 -94.72968585 79.77062179 44627152.34
57000 0.57001 -80.57796889 14.18611654 -94.76408543 79.99128189 43776946.7
58000 0.58001 -80.57905911 14.22840124 -94.80746035 80.22971269 42893202.29
59000 0.59001 -80.57756929 14.27510947 -94.85267876 80.49308647 42011377
60000 0.60001 -80.58140026 14.32431692 -94.90571718 80.77055262 41108595.82
61000 0.61001 -80.58232102 14.37061892 -94.95293994 81.03163578 40289917.37
62000 0.62001 -80.58470643 14.40717293 -94.99187936 81.23775296 39603388.52
63000 0.63001 -80.58504078 14.42861211 -95.01365289 81.35864207 39124321.45
64000 0.64001 -80.587708 14.43263837 -95.02034637 81.38134497 38849995.07
65000 0.65001 -80.58750901 14.41980619 -95.0073152 81.30898813 38799427.07
66000 0.66001 -80.58966692 14.39272685 -94.98239377 81.15629579 38908575.19
67000 0.67001 -80.5913336 14.35528047 -94.94661407 80.94514682 39143960.49
68000 0.68001 -80.58713626 14.31212322 -94.89925948 80.70179596 39477951.1
69000 0.69001 -80.58212204 14.2679659 -94.85008795 80.45280603 39823272.84
70000 0.70001 -80.58418526 14.22693138 -94.81111665 80.2214246 40083339.55
71000 0.71001 -80.58861819 14.19193355 -94.78055174 80.02408224 40246490.55
72000 0.72001 -80.58600178 14.16443089 -94.75043267 79.86900294 40345116.76
73000 0.73001 -80.58792807 14.14436982 -94.73229789 79.75588455 40310944.44
74000 0.74001 -80.58749822 14.1307084 -94.71820662 79.67885186 40191960.9
75000 0.75001 -80.58672419 14.12218843 -94.70891261 79.6308103 39990085.24
76000 0.76001 -80.58694581 14.11781298 -94.70475879 79.60613846 39709425.72
77000 0.77001 -80.58479713 14.11710619 -94.70190332 79.60215309 39375986.31
78000 0.78001 -80.58128439 14.12025489 -94.70153927 79.61990764 38984042.2
79000 0.79001 -80.57673973 14.12831902 -94.70505875 79.66537888 38523300.09
80000 0.80001 -80.58006528 14.14301776 -94.72308304 79.7482607 37929064.63
81000 0.81001 -80.58184389 14.16598811 -94.747832 79.87778363 37241431.7
82000 0.82001 -80.57988737 14.19770175 -94.77758912 80.05660741 36472152.85
83000 0.83001 -80.57519878 14.23699235 -94.81219114 80.2781554 35633172.73
84000 0.84001 -80.57702058 14.28136389 -94.85838447 80.5283533 34703609.94
85000 0.85001 -80.57997269 14.32813117 -94.90810386 80.79206004 33748556.73
86000 0.86001 -80.57851216 14.37471154 -94.9532237 81.05471282 32832090.1
87000 0.87001 -80.58003667 14.4187805 -94.99881717 81.30320457 31941363.18
88000 0.88001 -80.58034907 14.4583865 -95.03873557 81.52653101 31123923.91
89000 0.89001 -80.57659805 14.49211338 -95.06871143 81.71670681 30413161.91
90000 0.90001 -80.57349271 14.5190785 -95.09257121 81.86875509 29792727.39
91000 0.91001 -80.57440127 14.53907311 -95.11347438 81.98149875 29245831.1
92000 0.92001 -80.57276974 14.55245964 -95.12522938 82.05698137 28804796.27
93000 0.93001 -80.56994981 14.55969191 -95.12964172 82.09776199 28454773.96
94000 0.94001 -80.56896866 14.56121184 -95.1301805 82.10633241 28171553.5
95000 0.95001 -80.56596218 14.55738724 -95.12334942 82.08476666 27970207.6
96000 0.96001 -80.56597731 14.54858654 -95.11456385 82.03514214 27814708.78
97000 0.97001 -80.56682838 14.53558234 -95.10241072 81.96181535 27705469.29
98000 0.98001 -80.56448524 14.51979457 -95.08427981 81.87279281 27645663.98
99000 0.99001 -80.56483013 14.50370024 -95.06853037 81.78204168 27572677.42
100000 1.00001 -80.56466924 14.4904656 -95.05513484 81.70741548 27467394.32
