Loading the initial atomic configuration from "equilT77.data"
Number of steps: 100000
Boundary: periodic periodic periodic
System dimensions: 27.9662 27.9662 27.9662 A
The total number of atoms: 500
Atomic masses: m[type1] = 39.948 Da
Neigbor List algorithm: O(N^2) complexity, Rskin = 2.000000 A, update every 50 steps
Verlet integration algorithm: time step = 0.001000 ps
Handlers:
Berendsen thermostat: T = 77.000000 K, tau = 2.000000 ps
Berendsen barostat: P = 0.000100 GPa; pressure control XYZ together; beta = 0.100000 GPa^-1

Potentials:
type1-type1 : Lennard-Jones potential for Ar-Ar interaction, Rcut = 8.512500 A

Step   Time   Energy   Kinetic   Potential   Temperature   Pressure
0 1.00101 -27.53303911 5.464729447 -32.99776856 84.55356155 -16428047.97
1000 2.00101 -27.7243556 5.252820454 -32.97717606 81.27477889 -10292852.39
2000 3.00101 -27.90765121 5.11586685 -33.02351806 79.15575084 -4202022.047
3000 4.00101 -28.05039073 5.146532331 -33.19692306 79.63022551 -8815634.814
4000 5.00101 -28.18396544 5.112760452 -33.29672589 79.1076868 -5587296.665
5000 6.00101 -28.32607334 5.231530002 -33.55760334 80.94536029 -12169123.73
6000 7.00101 -28.43807632 4.969772652 -33.40784897 76.89529406 -324185.6121
7000 8.00101 -28.52490603 5.08209846 -33.60700449 78.63326612 -3633871.826
8000 9.00101 -28.62658125 5.070528955 -33.6971102 78.45425583 -4474875.885
9000 10.00101 -28.69269766 5.080297972 -33.77299563 78.6054079 -6260587.567
10000 11.00101 -28.78676758 5.208957629 -33.99572521 80.59610705 -10805480.64
11000 12.00101 -28.85094394 5.178454363 -34.02939831 80.12414227 -9155279.643
12000 13.00101 -28.89474223 5.236309092 -34.13105132 81.01930523 -9921976.753
13000 14.00101 -28.94344501 4.943841811 -33.88728682 76.49407658 702858.8623
14000 15.00101 -28.9546978 4.959738401 -33.9144362 76.74003813 790533.3588
15000 16.00101 -29.04004579 4.91070882 -33.95075461 75.98142313 3008728.436
16000 17.00101 -29.06088891 5.249668764 -34.31055767 81.22601406 -10121855.05
17000 18.00101 -29.09936664 4.994685756 -34.09405239 77.28076451 -1107443.768
18000 19.00101 -29.12451053 5.240189834 -34.36470037 81.07935038 -10371373.08
19000 20.00101 -29.14033358 4.991478698 -34.13181228 77.23114299 -158343.7982
20000 21.00101 -29.16907489 5.246645194 -34.41572008 81.17923158 -9933065.996
21000 22.00101 -29.19012352 4.864159033 -34.05428255 75.261177 4706226.342
22000 23.00101 -29.21435468 5.040453323 -34.254808 77.98890766 -2664467.376
23000 24.00101 -29.21490439 5.054399607 -34.269304 78.20469291 -3919529.942
24000 25.00101 -29.23440826 4.932380978 -34.16678924 76.31674772 1607086.676
25000 26.00101 -29.24320425 5.082073102 -34.32527736 78.63287377 -4649600.396
26000 27.00101 -29.25303366 5.140497033 -34.3935307 79.53684376 -6385767.837
27000 28.00101 -29.25666171 5.164050162 -34.42071187 79.90127185 -6599197.381
28000 29.00101 -29.2974116 5.093106467 -34.39051806 78.80358859 -5241198.912
29000 30.00101 -29.30646282 4.783627558 -34.09009038 74.01514587 7940778.863
30000 31.00101 -29.28423557 4.938860575 -34.22309615 76.41700391 2461441.272
31000 32.00101 -29.26717316 5.101645791 -34.36881895 78.93571412 -6431162.601
32000 33.00101 -29.30133447 4.848852554 -34.15018702 75.02434601 5445656.055
33000 34.00101 -29.30924932 5.007379688 -34.31662901 77.47717261 -996015.915
34000 35.00101 -29.30436743 4.949301038 -34.25366847 76.57854501 1135010.745
35000 36.00101 -29.30376508 4.961400255 -34.26516534 76.76575133 816921.8694
36000 37.00101 -29.32714198 4.901814866 -34.22895685 75.84381057 2142554.078
37000 38.00101 -29.33105102 5.200655362 -34.53170638 80.4676494 -8586013.953
38000 39.00101 -29.31717893 4.972597028 -34.28977596 76.9389945 1529092.004
39000 40.00101 -29.32883761 5.124729092 -34.4535667 79.29287275 -5415712.29
40000 41.00101 -29.34391754 5.022255233 -34.36617278 77.70733593 -922131.183
41000 42.00101 -29.35414291 4.992221312 -34.34636422 77.24263315 -2127922.549
42000 43.00101 -29.37138041 4.871087204 -34.24246762 75.3683738 4249537.832
43000 44.00101 -29.38248219 4.998449307 -34.38093149 77.33899641 -1124670.725
44000 45.00101 -29.38097566 5.003290159 -34.38426582 77.41389696 -2264065.987
45000 46.00101 -29.38812319 5.026475107 -34.4145983 77.77262836 -1418545.632
46000 47.00101 -29.37978077 5.010434797 -34.39021557 77.52444307 -2242239.972
47000 48.00101 -29.36571167 4.886110854 -34.25182252 75.6008287 2578057.265
48000 49.00101 -29.36811639 5.22369932 -34.59181571 80.8241993 -10364796.96
49000 50.00101 -29.35954845 4.694101874 -34.05365032 72.62995096 11629558.19
50000 51.00101 -29.36988483 4.686621433 -34.05650626 72.5142091 10738879.65
51000 52.00101 -29.38706732 4.915476872 -34.3025442 76.05519729 580789.5577
52000 53.00101 -29.37057657 4.975345861 -34.34592243 76.98152607 49399.23647
53000 54.00101 -29.36497791 5.049682984 -34.41466089 78.1317145 -2125495.97
54000 55.00101 -29.36842662 4.998168956 -34.36659558 77.33465865 -1007778.858
55000 56.00101 -29.37047041 5.062102464 -34.43257288 78.32387612 -3214703.069
56000 57.00101 -29.38456987 5.016898886 -34.40146875 77.62445932 -1133226.788
57000 58.00101 -29.36075459 4.994478875 -34.35523347 77.27756351 -484917.3666
58000 59.00101 -29.35072639 4.831229977 -34.18195637 74.75167895 6182390.335
59000 60.00101 -29.35062102 5.175730291 -34.52635131 80.0819938 -9174030.294
60000 61.00101 -29.35249915 4.826490649 -34.1789898 74.67834924 6192673.727
61000 62.00101 -29.34438259 4.978824394 -34.32320698 77.03534803 -64784.73295
62000 63.00101 -29.36075046 4.884040427 -34.24479089 75.56879382 3728442.303
63000 64.00101 -29.36075961 5.108194759 -34.46895436 79.03704367 -5350084.45
64000 65.00101 -29.35689081 5.023523117 -34.38041392 77.72695339 -1800325.86
65000 66.00101 -29.36183654 4.992092197 -34.35392874 77.24063541 -293220.7833
66000 67.00101 -29.33766954 5.179671399 -34.51734094 80.14297298 -7140146.315
67000 68.00101 -29.34953334 4.860061779 -34.20959512 75.19778184 6630203.118
68000 69.00101 -29.33783564 5.180614693 -34.51845034 80.15756819 -7247219.571
69000 70.00101 -29.34676244 4.840519056 -34.18728149 74.89540513 5987192.424
70000 71.00101 -29.34688309 5.027800103 -34.3746832 77.79312948 -2394152.555
71000 72.00101 -29.34361608 5.006549301 -34.35016538 77.46432437 -1014595.575
72000 73.00101 -29.34447026 5.044440004 -34.38891026 78.05059197 -2257687.733
73000 74.00101 -29.34648736 4.881660596 -34.22814795 75.53197165 3589026.112
74000 75.00101 -29.33056111 5.056665302 -34.38722641 78.2397491 -3317259.203
75000 76.00101 -29.32303448 4.937293276 -34.26032775 76.39275373 1421488.344
76000 77.00101 -29.31274646 4.893470062 -34.20621653 75.71469476 1999927.002
77000 78.00101 -29.33249521 5.066106694 -34.39860191 78.38583196 -4735300.297
78000 79.00101 -29.33127603 4.945054422 -34.27633045 76.51283882 1672390.381
79000 80.00101 -29.30852962 4.864407746 -34.17293737 75.26502523 6552800.043
80000 81.00101 -29.36227177 4.887616242 -34.24988801 75.62412096 3782132.109
81000 82.00101 -29.30815821 4.778640954 -34.08679917 73.93799015 7763268.568
82000 83.00101 -29.32270933 4.78534718 -34.10805651 74.04175288 7751008.486
83000 84.00101 -29.31478298 5.068933202 -34.38371618 78.42956537 -3715174.656
84000 85.00101 -29.33598841 4.830413823 -34.16640223 74.73905093 4553880.502
85000 86.00101 -29.30092623 4.954359012 -34.25528525 76.656805 1357026.161
86000 87.00101 -29.29336991 5.023689264 -34.31705917 77.72952411 -1476876.753
87000 88.00101 -29.32459673 4.825059345 -34.14965608 74.65620324 5399728.399
88000 89.00101 -29.32046134 4.959672492 -34.28013383 76.73901834 9191.004528
89000 90.00101 -29.33982478 4.966950035 -34.30677481 76.85162084 54482.32767
90000 91.00101 -29.35509258 5.253232954 -34.60832554 81.28116135 -9445121.388
91000 92.00101 -29.37149356 5.189122838 -34.5606164 80.2892113 -5800673.479
92000 93.00101 -29.35898065 5.103571703 -34.46255235 78.96551298 -5919234.342
93000 94.00101 -29.35594414 4.940834521 -34.29677866 76.44754599 2152912.787
94000 95.00101 -29.36404541 4.838379009 -34.20242442 74.86229306 5748583.827
95000 96.00101 -29.36138812 4.991646804 -34.35303493 77.23374402 -890381.6135
96000 97.00101 -29.33943369 5.024827394 -34.36426108 77.74713394 -2362815.54
97000 98.00101 -29.36100423 4.860031656 -34.22103589 75.19731574 5214059.344
98000 99.00101 -29.3507118 5.076458589 -34.42717039 78.54600267 -5104301.202
99000 100.00101 -29.37533411 4.932919167 -34.30825327 76.32507491 3169210.103
100000 101.00101 -29.34962855 5.108152315 -34.45778086 79.03638694 -5102560.938
