Loading the initial atomic configuration from "ArHW5.data"
Number of steps: 100000
Boundary: periodic periodic periodic
System dimensions: 40.46 40.46 40.46 A
The total number of atoms: 1372
Atomic masses: m[type1] = 39.948 Da
Neigbor List algorithm: O(N^2) complexity, Rskin = 2.000000 A, update every 50 steps
Verlet integration algorithm: time step = 0.000010 ps
Handlers:
Assigning the initial velocity corresponding to T = 138.000000 K
Berendsen barostat: P = 0.000100 GPa; pressure control XYZ together; beta = 0.100000 GPa^-1

Potentials:
type1-type1 : Lennard-Jones potential for Ar-Ar interaction, Rcut = 8.512500 A

Step   Time   Energy   Kinetic   Potential   Temperature   Pressure
0 1e-05 -43.38823694 48.94743619 -92.33567313 276 -261288066.6
1000 0.01001 -43.4471796 48.89807186 -92.34525145 275.7216492 -181335627.2
2000 0.02001 -43.50492799 48.74398119 -92.24890918 274.8527779 -178262699.1
3000 0.03001 -43.56000503 48.46887035 -92.02887537 273.3015099 -172975851.8
4000 0.04001 -43.60262659 48.04584951 -91.6484761 270.9162215 -165187755.9
5000 0.05001 -43.63002308 47.43639919 -91.06642227 267.4797128 -154551735.3
6000 0.06001 -43.6459957 46.58950174 -90.23549743 262.7043106 -140663852
7000 0.07001 -43.64638062 45.44421746 -89.09059808 256.246394 -123026275.5
8000 0.08001 -43.64611606 43.93806475 -87.58418081 247.7536479 -101269948.1
9000 0.09001 -43.65042679 42.02747601 -85.6779028 236.9804076 -75213018.37
10000 0.10001 -43.65665561 39.72172993 -83.37838555 223.9789929 -45174903.83
11000 0.11001 -43.66240045 37.11210864 -80.77450909 209.2641164 -12269348.98
12000 0.12001 -43.66626679 34.36941673 -78.03568352 193.7988944 21638653.94
13000 0.13001 -43.67390725 31.70638205 -75.3802893 178.7828358 54274093.9
14000 0.14001 -43.6790664 29.33094216 -73.01000856 165.3884384 83501421.37
15000 0.15001 -43.69364811 27.40474101 -71.09838912 154.5271644 107587654.9
16000 0.16001 -43.70825528 26.01326208 -69.72151736 146.6810295 125679954.9
17000 0.17001 -43.72663532 25.15890757 -68.8855429 141.8635792 137704535.8
18000 0.18001 -43.74582244 24.77741614 -68.52323858 139.7124627 144303808.1
19000 0.19001 -43.76520765 24.76631214 -68.53151979 139.6498506 146516712.1
20000 0.20001 -43.79044018 25.01167551 -68.80211569 141.0333815 145496050.4
21000 0.21001 -43.81190346 25.40614716 -69.21805063 143.2576895 142425625.4
22000 0.22001 -43.83567283 25.86038689 -69.69605972 145.8190119 138249511.3
23000 0.23001 -43.84964904 26.30959429 -70.15924333 148.3519585 133763436.3
24000 0.24001 -43.86496399 26.71502792 -70.5799919 150.6380779 129395210.4
25000 0.25001 -43.87705238 27.05919501 -70.93624739 152.5787335 125432839.9
26000 0.26001 -43.88861956 27.33730687 -71.22592643 154.1469234 121990184.4
27000 0.27001 -43.89783749 27.55010038 -71.44793787 155.3468026 119130320.8
28000 0.28001 -43.90757804 27.70121711 -71.60879514 156.1989047 116849528
29000 0.29001 -43.91716121 27.7966553 -71.71381652 156.7370522 115124899.9
30000 0.30001 -43.92555487 27.84351432 -71.76906919 157.0012763 113915172.9
31000 0.31001 -43.93591055 27.84711031 -71.78302086 157.021553 113166618.7
32000 0.32001 -43.94834367 27.81033264 -71.75867631 156.8141747 112854041.7
33000 0.33001 -43.95337855 27.73672205 -71.69010059 156.3991065 112987788.1
34000 0.34001 -43.96119436 27.6326771 -71.59387146 155.812428 113454886.7
35000 0.35001 -43.96985372 27.505654 -71.47550772 155.0961826 114185947.2
36000 0.36001 -43.97958125 27.36178758 -71.34136882 154.2849628 115109216.1
37000 0.37001 -43.9850451 27.2064714 -71.19151649 153.4091812 116182271.5
38000 0.38001 -43.99433507 27.04867225 -71.04300732 152.5193988 117263807.5
39000 0.39001 -44.00340794 26.90429224 -70.90770019 151.705283 118210006.8
40000 0.40001 -44.0120382 26.79359913 -70.80563733 151.0811175 118823714.7
41000 0.41001 -44.02800662 26.73395247 -70.76195909 150.7447878 118901574.5
42000 0.42001 -44.03302243 26.73235494 -70.76537737 150.7357798 118464781
43000 0.43001 -44.04257213 26.78174057 -70.82431269 151.0142506 117504825
44000 0.44001 -44.0523438 26.8635072 -70.915851 151.4753083 116216063.9
45000 0.45001 -44.06127448 26.95543004 -71.01670452 151.9936338 114814364
46000 0.46001 -44.06583633 27.0396377 -71.10547404 152.4684557 113489920.5
47000 0.47001 -44.06808233 27.10662396 -71.17470629 152.8461712 112331712.8
48000 0.48001 -44.07444547 27.15425452 -71.2287 153.1147458 111341443.7
49000 0.49001 -44.07791753 27.18420372 -71.26212125 153.2836204 110547007.6
50000 0.50001 -44.08677659 27.19907747 -71.28585407 153.367489 109892442.2
51000 0.51001 -44.09954279 27.2001681 -71.29971089 153.3736387 109376619
52000 0.52001 -44.10785356 27.18815988 -71.29601344 153.3059279 109033511.3
53000 0.53001 -44.10956026 27.1649418 -71.27450207 153.1750082 108855278
54000 0.54001 -44.11914664 27.13323772 -71.25238436 152.9962383 108746367.6
55000 0.55001 -44.12722059 27.09604306 -71.22326365 152.7865087 108721902.4
56000 0.56001 -44.13194481 27.05830876 -71.19025357 152.5737362 108744565.2
57000 0.57001 -44.13886916 27.02651692 -71.16538608 152.3944715 108729749.3
58000 0.58001 -44.14394514 27.00412982 -71.14807496 152.2682373 108666972.4
59000 0.59001 -44.15253978 26.98707534 -71.13961512 152.1720722 108567509.9
60000 0.60001 -44.16012328 26.96422929 -71.12435257 152.0432501 108551406.2
61000 0.61001 -44.16269139 26.92249468 -71.08518607 151.8079211 108752295.7
62000 0.62001 -44.1682058 26.85331929 -71.02152509 151.4178617 109204465.9
63000 0.63001 -44.17303484 26.75730252 -70.93033736 150.8764518 109915871.5
64000 0.64001 -44.18176493 26.6432336 -70.82499853 150.2332511 110781547.2
65000 0.65001 -44.18904952 26.52265747 -70.71170699 149.5533583 111719809.6
66000 0.66001 -44.19490126 26.40322276 -70.59812401 148.8799015 112657697
67000 0.67001 -44.2033498 26.2856356 -70.4889854 148.2168626 113563319.6
68000 0.68001 -44.20767468 26.16588601 -70.37356069 147.5416304 114496397.2
69000 0.69001 -44.21662247 26.0408924 -70.25751487 146.8368287 115434191.9
70000 0.70001 -44.2244866 25.91416642 -70.13865302 146.1222586 116364310.9
71000 0.71001 -44.23226158 25.79633014 -70.02859172 145.457815 117179927.5
72000 0.72001 -44.24192114 25.69890521 -69.94082635 144.9084649 117762108
73000 0.73001 -44.25137955 25.62719128 -69.87857083 144.5040914 118065211.8
74000 0.74001 -44.26257744 25.58060394 -69.84318139 144.2413993 118076398.6
75000 0.75001 -44.27476344 25.55908892 -69.83385236 144.1200825 117795263.5
76000 0.76001 -44.28164488 25.56573571 -69.84738059 144.1575618 117224901.8
77000 0.77001 -44.29120413 25.60210099 -69.89330512 144.3626147 116319602
78000 0.78001 -44.29932904 25.66271057 -69.9620396 144.7043741 115155623.5
79000 0.79001 -44.3130211 25.7368158 -70.0498369 145.1222314 113804331.1
80000 0.80001 -44.32234403 25.81462919 -70.13697322 145.5609979 112411138.8
81000 0.81001 -44.33048936 25.88960849 -70.22009785 145.9837838 111030878.4
82000 0.82001 -44.33378047 25.95693468 -70.29071515 146.3634161 109733983.5
83000 0.83001 -44.34451016 26.01197492 -70.35648507 146.6737716 108511485.6
84000 0.84001 -44.34960309 26.05076237 -70.40036546 146.8924825 107464659.6
85000 0.85001 -44.35733752 26.07203504 -70.42937256 147.0124327 106568721
86000 0.86001 -44.36338279 26.07785948 -70.44124227 147.045275 105827072.2
87000 0.87001 -44.36743721 26.07339092 -70.44082813 147.0200782 105197759.4
88000 0.88001 -44.36851284 26.06498395 -70.43349679 146.9726738 104631677.6
89000 0.89001 -44.37199531 26.05863667 -70.43063198 146.9368833 104053368.8
90000 0.90001 -44.38089952 26.0586264 -70.43952591 146.9368254 103415733.2
91000 0.91001 -44.39067773 26.06490801 -70.45558574 146.9722455 102746453.6
92000 0.92001 -44.39931299 26.07084857 -70.47016156 147.0057426 102118494.8
93000 0.93001 -44.40061323 26.06489 -70.46550323 146.972144 101665527.7
94000 0.94001 -44.40873562 26.03591882 -70.44465444 146.8087841 101418805.6
95000 0.95001 -44.41449705 25.978367 -70.39286405 146.4842666 101467274
96000 0.96001 -44.41796348 25.89454608 -70.31250956 146.0116254 101782522.1
97000 0.97001 -44.42271163 25.79465488 -70.21736652 145.4483687 102248431.2
98000 0.98001 -44.43329868 25.69354875 -70.12684743 144.8782614 102702216.8
99000 0.99001 -44.43844958 25.60545502 -70.0439046 144.3815271 103061240.8
100000 1.00001 -44.44502057 25.53883273 -69.9838533 144.0058639 103210247.8
