Loading the initial atomic configuration from "ArHW4.data"
Number of steps: 100000
Boundary: periodic periodic periodic
System dimensions: 28 28 28 A
The total number of atoms: 500
Atomic masses: m[type1] = 39.948 Da
Neigbor List algorithm: O(N^2) complexity, Rskin = 2.000000 A, update every 50 steps
Verlet integration algorithm: time step = 0.000010 ps
Handlers:
Assigning the initial velocity corresponding to T = 76.000000 K
Berendsen barostat: P = 0.000100 GPa; pressure control XYZ together; beta = 0.100000 GPa^-1

Potentials:
type1-type1 : Lennard-Jones potential for Ar-Ar interaction, Rcut = 8.512500 A

Step   Time   Energy   Kinetic   Potential   Temperature   Pressure
0 1e-05 -27.33009267 9.8238189 -37.15391157 152 -244297865.5
1000 0.01001 -27.34974186 9.802015703 -37.15175757 151.6626479 -195203064.3
2000 0.02001 -27.36894999 9.735747737 -37.10469773 150.6373103 -191893266.3
3000 0.03001 -27.38734912 9.622866494 -37.01021562 148.8907442 -186517558.9
4000 0.04001 -27.40508729 9.460029844 -36.86511714 146.3712382 -179012073.9
5000 0.05001 -27.42284224 9.243006414 -36.66584865 143.0133219 -169309998.8
6000 0.06001 -27.44486446 8.967200449 -36.41206491 138.7458871 -157402822.1
7000 0.07001 -27.47479777 8.62851736 -36.10331513 133.5055799 -143305739.2
8000 0.08001 -27.50021852 8.224273391 -35.72449191 127.2508755 -126867498.6
9000 0.09001 -27.52561116 7.755199832 -35.28081099 119.9930889 -108305877.4
10000 0.10001 -27.55055171 7.227897731 -34.77844944 111.8343555 -87954009.67
11000 0.11001 -27.57190106 6.657116726 -34.22901778 103.0028905 -66350905.77
12000 0.12001 -27.58715607 6.067060806 -33.65421688 93.87319248 -44315014.63
13000 0.13001 -27.59793875 5.490161837 -33.08810059 84.94706669 -22945562.93
14000 0.14001 -27.60757169 4.962299885 -32.56987157 76.77967094 -3440933.597
15000 0.15001 -27.61409957 4.515722329 -32.1298219 69.86995598 13212086.29
16000 0.16001 -27.62014709 4.172339625 -31.79248671 64.55693345 26289487.93
17000 0.17001 -27.62718609 3.940042234 -31.56722833 60.96268933 35519238.62
18000 0.18001 -27.63102743 3.813095912 -31.44412334 58.99849993 41133825.95
19000 0.19001 -27.63144634 3.775570836 -31.40701717 58.41788951 43628951.84
20000 0.20001 -27.63425058 3.805977047 -31.44022763 58.88835259 43595941.03
21000 0.21001 -27.63668789 3.881529626 -31.51821752 60.05734726 41804766.4
22000 0.22001 -27.64090373 3.981459278 -31.622363 61.60351859 38905714.08
23000 0.23001 -27.64184249 4.088895392 -31.73073788 63.26583439 35541952.64
24000 0.24001 -27.64337462 4.191867809 -31.83524243 64.85908519 32080860.28
25000 0.25001 -27.64416738 4.283413409 -31.92758079 66.27553346 28814994.01
26000 0.26001 -27.6455818 4.360935194 -32.006517 67.47499687 25863040.86
27000 0.27001 -27.6504862 4.424912711 -32.07539891 68.46489526 23222306.83
28000 0.28001 -27.65149785 4.477446974 -32.12894482 69.2777368 20982286.15
29000 0.29001 -27.65400314 4.52078156 -32.1747847 69.94823542 19030511.06
30000 0.30001 -27.65330119 4.55640894 -32.20971013 70.49948354 17414720.23
31000 0.31001 -27.65326288 4.584622175 -32.23788506 70.93601559 16083886.36
32000 0.32001 -27.65389177 4.604609055 -32.25850082 71.24526455 15066632.24
33000 0.33001 -27.65317289 4.615139695 -32.26831259 71.4082009 14427109.68
34000 0.34001 -27.65446936 4.615265161 -32.26973452 71.41014218 14137758.26
35000 0.35001 -27.65442106 4.604884474 -32.25930554 71.249526 14240261.57
36000 0.36001 -27.65588641 4.585095785 -32.2409822 70.94334356 14648048.76
37000 0.37001 -27.65634591 4.558333719 -32.21467963 70.52926488 15312618.69
38000 0.38001 -27.65613632 4.528306167 -32.18444249 70.06466064 16105594.31
39000 0.39001 -27.65475504 4.499701176 -32.15445622 69.62206711 16883860.73
40000 0.40001 -27.65505809 4.477386701 -32.13244479 69.27680421 17451148.9
41000 0.41001 -27.65620395 4.465460361 -32.12166431 69.09227275 17689987.25
42000 0.42001 -27.6551658 4.466252164 -32.12141796 69.104524 17567184.45
43000 0.43001 -27.65294925 4.479731727 -32.13268097 69.31308786 17058994.38
44000 0.44001 -27.65039285 4.503908305 -32.15430116 69.68716233 16202956.21
45000 0.45001 -27.6518646 4.535739446 -32.18760405 70.17967277 15017597.71
46000 0.46001 -27.65282665 4.572269824 -32.22509647 70.74489263 13651790.03
47000 0.47001 -27.6527772 4.611393354 -32.26417055 71.35023528 12174080.53
48000 0.48001 -27.65154873 4.652115335 -32.30366406 71.98031012 10618011.25
49000 0.49001 -27.6499851 4.694614253 -32.34459936 72.63787879 8971853.913
50000 0.50001 -27.65060806 4.739827467 -32.39043552 73.33744466 7178705.694
51000 0.51001 -27.65123755 4.788989234 -32.44022678 74.09810493 5242937.232
52000 0.52001 -27.65187796 4.843004134 -32.49488209 74.93385575 3147718.806
53000 0.53001 -27.65068379 4.901918469 -32.55260226 75.84541357 929073.1398
54000 0.54001 -27.64934286 4.964616321 -32.61395918 76.81551223 -1395007.123
55000 0.55001 -27.65122193 5.029004947 -32.68022687 77.81177155 -3801339.753
56000 0.56001 -27.64993895 5.092329924 -32.74226888 78.79157346 -6104831.427
57000 0.57001 -27.65087597 5.151553741 -32.80242971 79.70791976 -8284680.327
58000 0.58001 -27.65100862 5.203864649 -32.85487327 80.51730542 -10203068.76
59000 0.59001 -27.65235205 5.246840545 -32.89919259 81.18225416 -11810062.49
60000 0.60001 -27.65355666 5.278708291 -32.93226495 81.67533098 -13027803.84
61000 0.61001 -27.65394314 5.298459182 -32.95240233 81.98092858 -13812967.97
62000 0.62001 -27.65451018 5.305856711 -32.96036689 82.09538758 -14171572.08
63000 0.63001 -27.65575286 5.301230048 -32.95698291 82.02380108 -14123498.56
64000 0.64001 -27.65631798 5.285521806 -32.94183979 81.78075377 -13682563.68
65000 0.65001 -27.65586004 5.2602064 -32.91606644 81.38905866 -12895866.29
66000 0.66001 -27.65605441 5.227262148 -32.88331656 80.87932551 -11856662.21
67000 0.67001 -27.65672988 5.189125485 -32.84585537 80.28925225 -10644680.21
68000 0.68001 -27.65906085 5.148449765 -32.80751061 79.65989319 -9365837.11
69000 0.69001 -27.65851016 5.107880077 -32.76639024 79.03217472 -8041524.381
70000 0.70001 -27.65894555 5.069686415 -32.72863197 78.44121954 -6804794.232
71000 0.71001 -27.66053883 5.035708484 -32.69624731 77.91549267 -5718343.465
72000 0.72001 -27.65909139 5.007008078 -32.66609947 77.47142283 -4759598.129
73000 0.73001 -27.65729473 4.984102426 -32.64139715 77.11701289 -3987674.207
74000 0.74001 -27.65851521 4.967080871 -32.62559608 76.85364521 -3456284.358
75000 0.75001 -27.65838459 4.955717082 -32.61410168 76.67781788 -3095809.233
76000 0.76001 -27.65774702 4.949659532 -32.60740656 76.58409185 -2908023.172
77000 0.77001 -27.65979708 4.948634245 -32.60843132 76.56822798 -2928836.211
78000 0.78001 -27.65999957 4.952401565 -32.61240113 76.62651821 -3082120.065
79000 0.79001 -27.66054088 4.960628111 -32.62116899 76.75380425 -3388065.205
80000 0.80001 -27.66175991 4.972862279 -32.63462219 76.94309861 -3835146.393
81000 0.81001 -27.66298504 4.988266408 -32.65125144 77.18144051 -4388645.281
82000 0.82001 -27.66337852 5.005838815 -32.66921733 77.45333129 -5006554.595
83000 0.83001 -27.66260467 5.024613145 -32.68721782 77.74381896 -5655488.104
84000 0.84001 -27.66217685 5.04376529 -32.70594214 78.0401524 -6334557.266
85000 0.85001 -27.66226358 5.062842778 -32.72510636 78.3353307 -7032722.994
86000 0.86001 -27.66152211 5.081705533 -32.74322765 78.62718652 -7725809.439
87000 0.87001 -27.66213676 5.100558435 -32.76269519 78.91888989 -8450842.58
88000 0.88001 -27.66125141 5.120083184 -32.78133459 79.22098849 -9183864.135
89000 0.89001 -27.66172523 5.141454158 -32.80317939 79.55165298 -9997271.823
90000 0.90001 -27.66103831 5.166209654 -32.82724796 79.93468481 -10892696.33
91000 0.91001 -27.65868972 5.195608177 -32.85429789 80.38955634 -11892072.24
92000 0.92001 -27.65838066 5.22993197 -32.88831263 80.92063459 -13049641.58
93000 0.93001 -27.6607875 5.267978055 -32.92876555 81.50930635 -14333238.83
94000 0.94001 -27.66154411 5.307153317 -32.96869742 82.11544944 -15599010.62
95000 0.95001 -27.66165734 5.344138587 -33.00579593 82.68770765 -16761889.69
96000 0.96001 -27.66213447 5.375710058 -33.03784453 83.17620034 -17738966.13
97000 0.97001 -27.66313806 5.399193113 -33.06233117 83.5395442 -18452403.94
98000 0.98001 -27.66432506 5.412697641 -33.0770227 83.74849433 -18841786.51
99000 0.99001 -27.66450929 5.415275341 -33.07978463 83.78837804 -18863250.98
100000 1.00001 -27.66452111 5.406895296 -33.07141641 83.65871698 -18532397.75
