Loading the initial atomic configuration from "ArHW4.data"
Number of steps: 100000
Boundary: periodic periodic periodic
System dimensions: 38.269 38.269 38.269 A
The total number of atoms: 1372
Atomic masses: m[type1] = 39.948 Da
Neigbor List algorithm: O(N^2) complexity, Rskin = 2.000000 A, update every 50 steps
Verlet integration algorithm: time step = 0.000010 ps
Handlers:
Assigning the initial velocity corresponding to T = 60.000000 K
Berendsen barostat: P = 0.000100 GPa; pressure control XYZ together; beta = 0.100000 GPa^-1

Potentials:
type1-type1 : Lennard-Jones potential for Ar-Ar interaction, Rcut = 8.512500 A

Step   Time   Energy   Kinetic   Potential   Temperature   Pressure
0 1e-05 -86.44484314 21.281494 -107.7263371 120 -188488281.1
1000 0.01001 -86.47386954 21.20191158 -107.6757811 119.5512585 -146167160.5
2000 0.02001 -86.50583376 20.96107502 -107.4669088 118.1932529 -141939398.8
3000 0.03001 -86.60194074 20.55623737 -107.1581781 115.9104941 -135586474.6
4000 0.04001 -86.76038732 19.98486499 -106.7452523 112.6886956 -127103280.6
5000 0.05001 -86.91317847 19.24283694 -106.1560154 108.5046206 -116128345
6000 0.06001 -87.04839928 18.32823209 -105.3766314 103.3474366 -102673188
7000 0.07001 -87.15554207 17.24544661 -104.4009887 97.24193205 -86849744.46
8000 0.08001 -87.24271423 16.00937362 -103.2520878 90.27208496 -69012745.97
9000 0.09001 -87.30878208 14.64995583 -101.9587379 82.60673334 -49644567.71
10000 0.10001 -87.36350738 13.21524832 -100.5787557 74.5168454 -29496353.15
11000 0.11001 -87.40745626 11.77099697 -99.17845324 66.37314265 -9457802.012
12000 0.12001 -87.43757496 10.39486209 -97.83243704 58.61352831 9487632.81
13000 0.13001 -87.46179411 9.165273943 -96.62706805 51.68024733 26312313.92
14000 0.14001 -87.48257521 8.148346093 -95.6309213 45.94609435 40190583.68
15000 0.15001 -87.49868225 7.387284506 -94.88596675 41.65469496 50609380.09
16000 0.16001 -87.51393534 6.897201403 -94.41113674 38.89126245 57375199.51
17000 0.17001 -87.5263883 6.666262599 -94.1926509 37.58906738 60660355.41
18000 0.18001 -87.53904776 6.661440557 -94.20048832 37.56187733 60872310.02
19000 0.19001 -87.5478777 6.836622816 -94.38450051 38.54967786 58625171.01
20000 0.20001 -87.55834977 7.140715766 -94.69906554 40.26436734 54547650.99
21000 0.21001 -87.56714181 7.524139778 -95.09128159 42.42638104 49307427.47
22000 0.22001 -87.57137252 7.943188176 -95.5145607 44.78927003 43503538.28
23000 0.23001 -87.57461852 8.362240495 -95.93685901 47.15218112 37601462.03
24000 0.24001 -87.57445058 8.754430601 -96.32888118 49.3636242 31992922.49
25000 0.25001 -87.57584087 9.101127731 -96.6769686 51.31854596 26922379.86
26000 0.26001 -87.58140143 9.390931591 -96.97233302 52.95266353 22553026.64
27000 0.27001 -87.5859955 9.618350232 -97.20434574 54.23500945 19011681.57
28000 0.28001 -87.58295501 9.782610439 -97.36556545 55.16122378 16367390.79
29000 0.29001 -87.5834049 9.88645566 -97.46986056 55.74677602 14535148.43
30000 0.30001 -87.58165202 9.935551725 -97.51720375 56.0236141 13482436.57
31000 0.31001 -87.57989241 9.937961899 -97.51785431 56.03720435 13096337.47
32000 0.32001 -87.57813343 9.903496485 -97.48162992 55.84286415 13249721.81
33000 0.33001 -87.57688141 9.843188512 -97.42006992 55.50280547 13794027.37
34000 0.34001 -87.57799086 9.768619031 -97.34660989 55.0823304 14564666.82
35000 0.35001 -87.5811283 9.690961346 -97.27208965 54.64444187 15413138.09
36000 0.36001 -87.58175801 9.620187173 -97.20194518 54.24536741 16229279.95
37000 0.37001 -87.58088799 9.564325399 -97.14521339 53.93037952 16894827.29
38000 0.38001 -87.58086899 9.529104763 -97.10997375 53.73178085 17312638.28
39000 0.39001 -87.58488896 9.517883312 -97.10277227 53.66850643 17411059.18
40000 0.40001 -87.58436946 9.531820399 -97.11618986 53.74709351 17214426.95
41000 0.41001 -87.58115501 9.570027101 -97.15118211 53.96252972 16713946.43
42000 0.42001 -87.58212908 9.630057354 -97.21218643 54.30102242 15893732.18
43000 0.43001 -87.58325723 9.708473354 -97.29173058 54.74318686 14814608.7
44000 0.44001 -87.58117532 9.80145569 -97.38263101 55.26748653 13540967.87
45000 0.45001 -87.57991953 9.905340381 -97.48525991 55.85326134 12095554.04
46000 0.46001 -87.57495534 10.01691237 -97.59186771 56.4823825 10547309.3
47000 0.47001 -87.5755332 10.13336917 -97.70890237 57.1390477 8884021.537
48000 0.48001 -87.57274878 10.25190516 -97.82465394 57.8074368 7196533.062
49000 0.49001 -87.57047663 10.36982427 -97.9403009 58.47234751 5502664.306
50000 0.50001 -87.56536236 10.48432221 -98.04968458 59.11796727 3861365.492
51000 0.51001 -87.56312481 10.59288568 -98.15601048 59.73012427 2276594.499
52000 0.52001 -87.56158455 10.69340397 -98.25498853 60.29691698 791837.6703
53000 0.53001 -87.560912 10.78448479 -98.34539678 60.81049454 -571727.6144
54000 0.54001 -87.56531165 10.86558338 -98.43089503 61.26778533 -1826301.49
55000 0.55001 -87.56738891 10.93688827 -98.50427718 61.66985235 -2927119.053
56000 0.56001 -87.56428533 10.99913177 -98.5634171 62.02082491 -3862845.507
57000 0.57001 -87.56641892 11.05333705 -98.61975596 62.32647227 -4701966.743
58000 0.58001 -87.55983749 11.10071701 -98.6605545 62.59363375 -5376805.943
59000 0.59001 -87.56033693 11.14257388 -98.70291081 62.82965219 -5990633.211
60000 0.60001 -87.56388174 11.18027057 -98.74415231 63.04221259 -6534622.683
61000 0.61001 -87.56307646 11.21486146 -98.77793791 63.23726027 -6978340.684
62000 0.62001 -87.56480744 11.24655496 -98.8113624 63.41597051 -7363322.958
63000 0.63001 -87.56907257 11.27404913 -98.8431217 63.5710019 -7675914.314
64000 0.64001 -87.57368443 11.29461192 -98.86829636 63.68694938 -7875547.375
65000 0.65001 -87.57443627 11.30515257 -98.87958884 63.74638494 -7907377.531
66000 0.66001 -87.57451404 11.3033503 -98.87786434 63.73622249 -7768062.829
67000 0.67001 -87.57878469 11.28826667 -98.86705136 63.6511704 -7480505.966
68000 0.68001 -87.58169563 11.26064531 -98.84234093 63.49542176 -7026520.741
69000 0.69001 -87.58055245 11.22234013 -98.80289258 63.27943028 -6418173.639
70000 0.70001 -87.58140264 11.17598283 -98.75738547 63.01803528 -5726646.575
71000 0.71001 -87.58071424 11.12465949 -98.70537373 62.72863826 -4973611.487
72000 0.72001 -87.58033679 11.0714733 -98.65181009 62.42873722 -4212424.764
73000 0.73001 -87.5790955 11.01949435 -98.59858985 62.13564339 -3477968.632
74000 0.74001 -87.57867303 10.97148922 -98.55016225 61.86495679 -2817481.424
75000 0.75001 -87.57756075 10.92980149 -98.50736224 61.62989211 -2254648.335
76000 0.76001 -87.57778014 10.89636274 -98.47414289 61.44134098 -1826935.612
77000 0.77001 -87.57731781 10.87263686 -98.44995467 61.30755782 -1541742.511
78000 0.78001 -87.57785862 10.85959535 -98.43745397 61.23402062 -1419776.547
79000 0.79001 -87.57268347 10.85762432 -98.43030779 61.22290656 -1426019.541
80000 0.80001 -87.57372935 10.8665222 -98.44025155 61.27307905 -1623797.417
81000 0.81001 -87.57125247 10.88580918 -98.45706164 61.38183257 -1948075.704
82000 0.82001 -87.57517338 10.91481652 -98.4899899 61.54539631 -2442368.151
83000 0.83001 -87.57860479 10.95267854 -98.53128333 61.75888899 -3051297.326
84000 0.84001 -87.58037449 10.99810584 -98.57848033 62.01503995 -3746921.039
85000 0.85001 -87.57561194 11.04927313 -98.62488507 62.30355708 -4472932.608
86000 0.86001 -87.57591471 11.10346666 -98.67938137 62.60913823 -5257299.097
87000 0.87001 -87.5767488 11.15727574 -98.73402454 62.91255159 -6029495.736
88000 0.88001 -87.57760969 11.20718952 -98.78479921 63.1940005 -6742069.871
89000 0.89001 -87.57698322 11.25040075 -98.82738397 63.43765576 -7349635.726
90000 0.90001 -87.57335209 11.28494945 -98.85830154 63.63246557 -7817597.187
91000 0.91001 -87.57192195 11.30981135 -98.8817333 63.77265444 -8160888.946
92000 0.92001 -87.56747885 11.32444256 -98.89192142 63.85515546 -8342911.336
93000 0.93001 -87.56438403 11.32866672 -98.89305075 63.8789742 -8387789.573
94000 0.94001 -87.56902019 11.32274744 -98.89176763 63.84559715 -8337046.753
95000 0.95001 -87.57062596 11.30759414 -98.8782201 63.76015223 -8142655.121
96000 0.96001 -87.57238942 11.28483192 -98.85722134 63.63180287 -7845976.058
97000 0.97001 -87.57313153 11.25692066 -98.83005218 63.47441956 -7473819.478
98000 0.98001 -87.57217628 11.22707523 -98.79925151 63.30613012 -7064054.826
99000 0.99001 -87.57557633 11.19865613 -98.77423245 63.14588324 -6694444.745
100000 1.00001 -87.57307964 11.17478835 -98.74786799 63.01129996 -6346765.589
