Loading the initial atomic configuration from "equilT91.data"
Number of steps: 100000
Boundary: periodic periodic periodic
System dimensions: 28.0562 28.0562 28.0562 A
The total number of atoms: 500
Atomic masses: m[type1] = 39.948 Da
Neigbor List algorithm: O(N^2) complexity, Rskin = 2.000000 A, update every 50 steps
Verlet integration algorithm: time step = 0.001000 ps
Handlers:
Berendsen thermostat: T = 91.000000 K, tau = 2.000000 ps
Berendsen barostat: P = 0.000100 GPa; pressure control XYZ together; beta = 0.100000 GPa^-1

Potentials:
type1-type1 : Lennard-Jones potential for Ar-Ar interaction, Rcut = 8.512500 A

Step   Time   Energy   Kinetic   Potential   Temperature   Pressure
0 1.00101 -25.71064946 6.269955141 -31.9806046 97.01249495 12089936.45
1000 2.00101 -25.81183762 5.957769199 -31.76960682 92.1821674 12576798.9
2000 3.00101 -25.83278343 5.89618249 -31.72896592 91.22926101 10621740.67
3000 4.00101 -25.81961075 5.863696299 -31.68330705 90.72661523 7039412.666
4000 5.00101 -25.80376877 5.907645089 -31.71141385 91.40661719 2470241.57
5000 6.00101 -25.81227624 5.968593169 -31.78086941 92.34964233 -712947.1701
6000 7.00101 -25.82609039 5.802989725 -31.62908011 89.78732682 3753590.179
7000 8.00101 -25.8716069 5.904720897 -31.7763278 91.36137235 -18258.57079
8000 9.00101 -25.84608635 5.83573243 -31.68181879 90.29394154 2948913.959
9000 10.00101 -25.80388131 5.957763921 -31.76164523 92.18208573 -1996867.606
10000 11.00101 -25.83743008 5.870227552 -31.70765763 90.82767068 1225937.526
11000 12.00101 -25.78986838 5.825818775 -31.61568715 90.14055153 4263633.772
12000 13.00101 -25.73430923 5.849759393 -31.58406862 90.51097509 1824456.347
13000 14.00101 -25.70823615 5.668823389 -31.37705954 87.71142505 8416594.695
14000 15.00101 -25.6667259 5.99301056 -31.65973646 92.7274428 -2948750.556
15000 16.00101 -25.64801044 6.082464655 -31.73047509 94.11153004 -6770627.254
16000 17.00101 -25.62041602 5.952176349 -31.57259237 92.09563147 -1516865.628
17000 18.00101 -25.58037055 6.067709278 -31.64807982 93.88322603 -6386778.357
18000 19.00101 -25.52576815 5.938912904 -31.46468105 91.89041152 -2363019.831
19000 20.00101 -25.50469878 5.868168208 -31.37286699 90.79580728 -465637.6091
20000 21.00101 -25.45925435 5.677249118 -31.13650347 87.84179296 9210470.328
21000 22.00101 -25.46243807 5.894227643 -31.35666571 91.19901444 118732.2278
22000 23.00101 -25.43205002 5.880184371 -31.31223439 90.98172854 -721942.2878
23000 24.00101 -25.46286931 5.920447667 -31.38331698 91.60470633 -2459980.395
24000 25.00101 -25.48105384 5.916798985 -31.39785282 91.54825175 -1964640.672
25000 26.00101 -25.49450186 5.866965457 -31.36146731 90.7771976 245146.1411
26000 27.00101 -25.51677085 6.242965557 -31.75973641 96.59489597 -12799526.84
27000 28.00101 -25.55972678 5.959427949 -31.51915473 92.20783256 -2800004.254
28000 29.00101 -25.5710767 5.922019844 -31.49309654 91.62903199 -2112312.086
29000 30.00101 -25.54785486 5.993465689 -31.54132055 92.73448483 -5323551.159
30000 31.00101 -25.50929695 5.856261592 -31.36555854 90.611581 976404.7515
31000 32.00101 -25.50796053 5.969170924 -31.47713145 92.3585817 -4598612.716
32000 33.00101 -25.48357426 6.238469212 -31.72204347 96.52532583 -14059403.95
33000 34.00101 -25.48458927 6.056805398 -31.54139467 93.71451468 -4915919.092
34000 35.00101 -25.42722643 6.152060553 -31.57928698 95.18835939 -11715079.07
35000 36.00101 -25.4180585 5.767864967 -31.18592347 89.24385557 4201644.074
36000 37.00101 -25.47147462 5.838310679 -31.3097853 90.33383373 -401882.2622
37000 38.00101 -25.43151897 5.600714135 -31.0322331 86.65759794 11037618.84
38000 39.00101 -25.3633203 5.774798569 -31.13811887 89.3511364 7155803.407
39000 40.00101 -25.37930893 5.821602131 -31.20091106 90.07530909 2088923.683
40000 41.00101 -25.45704724 5.940599871 -31.39764712 91.91651329 -5057880.378
41000 42.00101 -25.42159484 5.750426372 -31.17202121 88.97403519 5855427.943
42000 43.00101 -25.45164783 5.609355801 -31.06100363 86.79130697 10595176.11
43000 44.00101 -25.43551471 6.055750618 -31.49126533 93.69819449 -7246373.833
44000 45.00101 -25.4762504 5.756920055 -31.23317045 89.07450935 6078953.204
45000 46.00101 -25.48223626 5.853497337 -31.33573359 90.56881079 1366067.395
46000 47.00101 -25.50878125 5.958284827 -31.46706607 92.1901455 -3983189.979
47000 48.00101 -25.50941904 5.968785899 -31.47820494 92.35262435 -1908653.153
48000 49.00101 -25.54932025 5.690054106 -31.23937436 88.0399194 3984894.788
49000 50.00101 -25.5651015 5.780354694 -31.34545619 89.43710408 3353221.076
50000 51.00101 -25.58689204 5.829571426 -31.41646346 90.19861479 1982834.422
51000 52.00101 -25.59873763 6.105756687 -31.70449432 94.47191829 -8981806.049
52000 53.00101 -25.6464626 5.91379316 -31.56025576 91.50174381 -1615637.905
53000 54.00101 -25.67388158 5.836776845 -31.51065843 90.31010135 1237598.968
54000 55.00101 -25.70136074 5.982311275 -31.68367202 92.56189706 -4392114.825
55000 56.00101 -25.69498056 5.648373305 -31.34335386 87.39500912 5984213.35
56000 57.00101 -25.68522813 6.051550064 -31.73677819 93.633201 -4202442.139
57000 58.00101 -25.70499753 5.81551414 -31.52051167 89.98111206 1824233.833
58000 59.00101 -25.65603987 5.916444857 -31.57248473 91.54277246 -595346.0132
59000 60.00101 -25.71022158 6.014655541 -31.72487712 93.06234688 -5535828.557
60000 61.00101 -25.67875322 5.850685414 -31.52943863 90.52530305 -569116.6194
61000 62.00101 -25.68614669 5.703267637 -31.38941433 88.24436704 6914813.686
62000 63.00101 -25.65140185 6.019995192 -31.67139704 93.14496516 -6160536.215
63000 64.00101 -25.7013288 5.816451992 -31.51778079 89.99562307 730066.5575
64000 65.00101 -25.67027338 5.728470771 -31.39874415 88.634325 6740083.562
65000 66.00101 -25.71788489 5.9950316 -31.71291649 92.75871354 -3653157.522
66000 67.00101 -25.70210357 5.966914485 -31.66901806 92.32366872 -4174245.516
67000 68.00101 -25.71396818 5.821420372 -31.53538855 90.07249681 5684367.563
68000 69.00101 -25.73774909 5.953194858 -31.69094395 92.11139045 -4306871.404
69000 70.00101 -25.70678201 5.999219312 -31.70600132 92.82350832 -3689625.082
70000 71.00101 -25.71056616 5.976018265 -31.68658442 92.46452785 -2365157.05
71000 72.00101 -25.75072659 5.89982711 -31.6505537 91.28565274 -2208617.752
72000 73.00101 -25.77489943 5.763447241 -31.53834667 89.17550186 3973792.795
73000 74.00101 -25.75545012 5.833152319 -31.58860244 90.25402051 1018285.727
74000 75.00101 -25.75735882 5.967641608 -31.72500043 92.33491921 -1931620.651
75000 76.00101 -25.7855215 5.925664693 -31.71118619 91.68542728 -1446673.781
76000 77.00101 -25.743288 5.885003758 -31.62829176 91.05629698 -400944.169
77000 78.00101 -25.74248971 5.873795224 -31.61628493 90.88287183 1008956.555
78000 79.00101 -25.76089126 5.941643318 -31.70253458 91.93265812 -984715.603
79000 80.00101 -25.74473651 6.002906057 -31.74764257 92.88055185 -4626162.264
80000 81.00101 -25.75926252 5.951822497 -31.71108502 92.09015646 -2920890.333
81000 82.00101 -25.73079429 5.790209486 -31.52100378 89.58958332 5425962.409
82000 83.00101 -25.74862302 5.722084723 -31.47070774 88.53551625 5853833.659
83000 84.00101 -25.77138851 5.719872913 -31.49126142 88.5012938 8762530.222
84000 85.00101 -25.75298683 5.546775335 -31.29976216 85.82302458 13476686.71
85000 86.00101 -25.74715458 5.724050208 -31.47120479 88.56592742 3797329.256
86000 87.00101 -25.72376335 5.643757766 -31.36752112 87.32359474 10039089.45
87000 88.00101 -25.74404943 5.802880979 -31.54693041 89.78564423 3440291.861
88000 89.00101 -25.70857826 6.166175776 -31.87475403 95.40675856 -12272275.98
89000 90.00101 -25.70290042 5.692665974 -31.39556639 88.08033178 7083938.249
90000 91.00101 -25.69687229 5.929621119 -31.62649341 91.74664347 -1093731.083
91000 92.00101 -25.66045486 5.987343309 -31.64779817 92.63975571 -1688034.84
92000 93.00101 -25.68325216 6.027710552 -31.71096271 93.26434182 -5055238.984
93000 94.00101 -25.68989015 5.825101842 -31.51499199 90.12945872 -173251.7853
94000 95.00101 -25.6619108 5.911825362 -31.57373616 91.47129687 -918680.3565
95000 96.00101 -25.72226028 5.807464436 -31.52972472 89.85656223 4695687.93
96000 97.00101 -25.70669242 5.841878832 -31.54857125 90.38904234 1517208.355
97000 98.00101 -25.68249004 5.891122199 -31.57361223 91.15096516 -2088239.232
98000 99.00101 -25.65830873 5.873937148 -31.53224588 90.88506778 3669388.959
99000 100.00101 -25.64874427 5.831834296 -31.48057857 90.23362727 -1026230.343
100000 101.00101 -25.66620095 5.960147004 -31.62634795 92.2189582 -586909.3399
