Loading the initial atomic configuration from "equilT76.data"
Number of steps: 100000
Boundary: periodic periodic periodic
System dimensions: 27.9597 27.9597 27.9597 A
The total number of atoms: 500
Atomic masses: m[type1] = 39.948 Da
Neigbor List algorithm: O(N^2) complexity, Rskin = 2.000000 A, update every 50 steps
Verlet integration algorithm: time step = 0.001000 ps
Handlers:
Berendsen thermostat: T = 76.000000 K, tau = 2.000000 ps
Berendsen barostat: P = 0.000100 GPa; pressure control XYZ together; beta = 0.100000 GPa^-1

Potentials:
type1-type1 : Lennard-Jones potential for Ar-Ar interaction, Rcut = 8.512500 A

Step   Time   Energy   Kinetic   Potential   Temperature   Pressure
0 1.00101 -27.66503668 5.406270236 -33.07130692 83.64904568 -18532070.15
1000 2.00101 -27.86905929 5.200587448 -33.06964674 80.46659859 -11857613
2000 3.00101 -28.05656537 5.07687884 -33.13344421 78.55250505 -5822184.323
3000 4.00101 -28.20041751 5.156476607 -33.35689412 79.78408929 -10513884.69
4000 5.00101 -28.33782844 5.009161711 -33.34699015 77.50474514 -6738201.353
5000 6.00101 -28.47550403 5.035886335 -33.51139036 77.91824449 -7001686.506
6000 7.00101 -28.58368346 5.003936834 -33.5876203 77.42390271 -2275613.267
7000 8.00101 -28.66290418 4.970212033 -33.63311621 76.90209243 -2901423.494
8000 9.00101 -28.76021243 5.108411969 -33.8686244 79.04040447 -8866534.802
9000 10.00101 -28.88631214 5.18800324 -34.07431538 80.27188821 -12036469.41
10000 11.00101 -28.93542602 5.252004062 -34.18743009 81.26214719 -11836505.54
11000 12.00101 -29.01019571 5.190177092 -34.2003728 80.30552334 -11624722.4
12000 13.00101 -29.11337742 4.836170879 -33.9495483 74.82812754 3648943.318
13000 14.00101 -29.12859774 5.204400262 -34.33299801 80.52559274 -10631138.86
14000 15.00101 -29.18993274 4.960802888 -34.15073563 76.7565085 -1233155.472
15000 16.00101 -29.23506127 5.252278854 -34.48734012 81.26639893 -13276134.25
16000 17.00101 -29.27111969 4.885016652 -34.15613634 75.58389855 2574352.166
17000 18.00101 -29.31108398 4.995828758 -34.30691274 77.29844972 -4419540.992
18000 19.00101 -29.36206396 4.950621786 -34.31268575 76.59898042 -1465007.007
19000 20.00101 -29.37907495 5.045324476 -34.42439942 78.06427706 -4162397.853
20000 21.00101 -29.41612185 5.105940261 -34.52206211 79.00216072 -7013450.331
21000 22.00101 -29.43101582 4.925752363 -34.35676818 76.21418583 -1027102.15
22000 23.00101 -29.46152399 5.172538567 -34.63406256 80.03260953 -8798082.838
23000 24.00101 -29.45747941 4.952263034 -34.40974244 76.62437477 -2010045.564
24000 25.00101 -29.48022201 4.790747022 -34.27096903 74.12530247 5342897.832
25000 26.00101 -29.48728588 4.90474988 -34.39203576 75.88922285 942832.4049
26000 27.00101 -29.4967552 4.892960741 -34.38971594 75.70681425 1980383.983
27000 28.00101 -29.50489925 4.907958474 -34.41285773 75.93886813 273048.124
28000 29.00101 -29.52267189 4.809995183 -34.33266708 74.42312153 5686212.635
29000 30.00101 -29.51021942 4.791640243 -34.30185967 74.13912292 4217925.235
30000 31.00101 -29.47069109 5.033703821 -34.50439491 77.88447533 -3117178.055
31000 32.00101 -29.47525219 5.027988079 -34.50324027 77.79603795 -4434846.783
32000 33.00101 -29.48454199 4.919322763 -34.40386476 76.11470321 -394588.8921
33000 34.00101 -29.49777516 5.033341943 -34.5311171 77.87887614 -4003211.181
34000 35.00101 -29.52188728 5.129776057 -34.65166334 79.37096241 -8448369.833
35000 36.00101 -29.49596205 5.179739121 -34.67570117 80.14402081 -10081076.25
36000 37.00101 -29.52396681 4.816272889 -34.3402397 74.52025395 2395044.7
37000 38.00101 -29.51148837 4.76907056 -34.28055893 73.78991128 7130181.457
38000 39.00101 -29.50631614 4.880842578 -34.38715872 75.51931477 1262064.893
39000 40.00101 -29.53165489 4.664213678 -34.19586857 72.16750291 9703429.08
40000 41.00101 -29.52387616 5.032229316 -34.55610547 77.8616609 -4431666.791
41000 42.00101 -29.5467736 4.783292848 -34.33006645 74.00996702 5357296.166
42000 43.00101 -29.51715757 5.031144668 -34.54830224 77.84487859 -4864499.062
43000 44.00101 -29.54484909 4.901504367 -34.44635345 75.83900633 705909.7177
44000 45.00101 -29.53444143 4.981865537 -34.51630697 77.08240241 -1633313.124
45000 46.00101 -29.56037635 4.855876891 -34.41625325 75.13303075 1241379.342
46000 47.00101 -29.55280363 4.933383611 -34.48618724 76.33226106 -1725604.795
47000 48.00101 -29.53559238 4.995037463 -34.53062984 77.28620632 -1955104.207
48000 49.00101 -29.53516982 4.834729391 -34.36989921 74.80582397 2911470.778
49000 50.00101 -29.54252974 4.81090823 -34.35343797 74.43724874 3880338.176
50000 51.00101 -29.54204392 4.798326999 -34.34037092 74.2425844 4792006.657
51000 52.00101 -29.54868346 4.754051108 -34.30273457 73.55752135 5180289.669
52000 53.00101 -29.5225578 4.931602348 -34.45416015 76.30470029 -1998115.357
53000 54.00101 -29.53917668 4.884207556 -34.42338424 75.57137973 1228498.421
54000 55.00101 -29.53400384 4.785312097 -34.31931594 74.04121006 4363094.129
55000 56.00101 -29.53706396 5.177968657 -34.71503261 80.11662713 -12956240.38
56000 57.00101 -29.5416553 4.833612228 -34.37526752 74.78853856 3885553.7
57000 58.00101 -29.56126326 4.785697052 -34.34696032 74.04716632 4976056.267
58000 59.00101 -29.5537394 4.586327026 -34.14006642 70.96239406 12184165.43
59000 60.00101 -29.56981993 4.858020369 -34.4278403 75.16619592 858508.4698
60000 61.00101 -29.5493832 4.927239331 -34.47662253 76.23719308 166346.517
61000 62.00101 -29.58619439 4.823487902 -34.40968229 74.63188894 2671101.853
62000 63.00101 -29.5885741 4.971047908 -34.55962201 76.91502558 63365.09672
63000 64.00101 -29.57927837 4.80830859 -34.38758696 74.39702555 3551199.583
64000 65.00101 -29.55425053 4.844523087 -34.39877362 74.9573579 2528957.955
65000 66.00101 -29.54984955 5.009306045 -34.5591556 77.50697835 -4133237.584
66000 67.00101 -29.56488491 4.757554341 -34.32243925 73.61172545 6932058.699
67000 68.00101 -29.58288107 4.769873568 -34.35275464 73.80233591 5337504.877
68000 69.00101 -29.57570935 4.728294162 -34.30400351 73.15899448 7156015.175
69000 70.00101 -29.55737951 4.949849938 -34.50722945 76.58703791 -1795833.29
70000 71.00101 -29.54936423 4.915424216 -34.46478845 76.05438257 -1501104.416
71000 72.00101 -29.58079853 4.760624119 -34.34142265 73.6592229 5794326.328
72000 73.00101 -29.55348325 4.829325622 -34.38280887 74.72221364 3303771.837
73000 74.00101 -29.54261226 4.906949662 -34.44956192 75.92325919 -5373.006943
74000 75.00101 -29.55774514 5.051493917 -34.60923906 78.15973434 -4647690.67
75000 76.00101 -29.5577356 4.816690459 -34.37442605 74.52671484 5084609.989
76000 77.00101 -29.56550086 4.775863097 -34.34136396 73.89500947 6820274.902
77000 78.00101 -29.54978416 4.845511269 -34.39529543 74.97264764 3128283.669
78000 79.00101 -29.5599971 5.070050917 -34.63004802 78.44685933 -5783948.981
79000 80.00101 -29.54730834 4.961141909 -34.50845025 76.76175405 -1223463.81
80000 81.00101 -29.57158294 4.76071914 -34.33230208 73.66069313 4734691.314
81000 82.00101 -29.57530435 4.982809387 -34.55811373 77.09700623 -2240094.186
82000 83.00101 -29.56797995 4.990337329 -34.55831728 77.21348304 -1152996.227
83000 84.00101 -29.57756232 4.834534944 -34.41209726 74.80281539 2603805.814
84000 85.00101 -29.56625571 5.088650656 -34.65490636 78.73464562 -7725254.663
85000 86.00101 -29.54839614 4.767686975 -34.31608312 73.76850363 5280624.551
86000 87.00101 -29.54742371 4.94619522 -34.49361893 76.53048993 -1838563.766
87000 88.00101 -29.55462449 4.970485554 -34.52511005 76.9063245 -1636606.417
88000 89.00101 -29.55558278 4.995458595 -34.55104137 77.29272232 -3638000.669
89000 90.00101 -29.56512257 4.830707961 -34.39583053 74.743602 3901305.381
90000 91.00101 -29.54953489 4.915014362 -34.46454925 76.04804106 1067871.154
91000 92.00101 -29.59436934 5.002277996 -34.59664734 77.39823617 -3716645.284
92000 93.00101 -29.55986869 4.923863114 -34.48373181 76.18495424 -465324.2781
93000 94.00101 -29.57695568 4.959770875 -34.53672656 76.74054059 -1236094.461
94000 95.00101 -29.57442273 4.892331813 -34.46675454 75.69708309 1410007.922
95000 96.00101 -29.57461607 4.900611973 -34.47522804 75.82519868 42452.99027
96000 97.00101 -29.55856988 4.980857493 -34.53942737 77.06680535 -2983992.036
97000 98.00101 -29.54773119 5.00640371 -34.5541349 77.4620717 -4299903.833
98000 99.00101 -29.55966873 4.737684386 -34.29735311 73.30428563 5480757.065
99000 100.00101 -29.55811089 5.027501438 -34.58561233 77.78850836 -4582843.91
100000 101.00101 -29.57267109 5.072909205 -34.6455803 78.49108447 -5073846.385
