Loading the initial atomic configuration from "ArHW4.data"
Number of steps: 100000
Boundary: periodic periodic periodic
System dimensions: 28 28 28 A
The total number of atoms: 500
Atomic masses: m[type1] = 39.948 Da
Neigbor List algorithm: O(N^2) complexity, Rskin = 2.000000 A, update every 50 steps
Verlet integration algorithm: time step = 0.000010 ps
Handlers:
Assigning the initial velocity corresponding to T = 70.000000 K
Berendsen barostat: P = 0.000100 GPa; pressure control XYZ together; beta = 0.100000 GPa^-1

Potentials:
type1-type1 : Lennard-Jones potential for Ar-Ar interaction, Rcut = 8.512500 A

Step   Time   Energy   Kinetic   Potential   Temperature   Pressure
0 1e-05 -28.10565732 9.04825425 -37.15391157 140 -244297865.5
1000 0.01001 -28.12568869 9.028175301 -37.15386399 139.6893265 -199051777.6
2000 0.02001 -28.14530403 8.967204779 -37.11250881 138.7459541 -195977269.7
3000 0.03001 -28.16416078 8.863550736 -37.02771151 137.1421568 -191005888.7
4000 0.04001 -28.18226281 8.714451485 -36.8967143 134.835204 -184085086.4
5000 0.05001 -28.20030821 8.516441608 -36.71674981 131.7714768 -175165407.5
6000 0.06001 -28.22172053 8.265783642 -36.48750417 127.8931469 -164244217.6
7000 0.07001 -28.24930749 7.959201233 -36.20850872 123.1495205 -151338812.9
8000 0.08001 -28.2760237 7.594699382 -35.87072308 117.50973 -136380741.8
9000 0.09001 -28.29977334 7.172875692 -35.47264903 110.9830216 -119472376
10000 0.10001 -28.32479118 6.699037289 -35.02382847 103.6515105 -100959602.3
11000 0.11001 -28.34821114 6.184987938 -34.53319908 95.69783158 -81282348.68
12000 0.12001 -28.36610294 5.650164018 -34.01626695 87.42271611 -61086445.13
13000 0.13001 -28.37614176 5.121080421 -33.49722218 79.23641834 -41234601.27
14000 0.14001 -28.38932051 4.628172971 -33.01749348 71.60985954 -22876624
15000 0.15001 -28.39727878 4.200380115 -32.59765889 64.99079268 -6811258.397
16000 0.16001 -28.40300047 3.859437778 -32.26243824 59.71552899 6231916.852
17000 0.17001 -28.40851845 3.616072732 -32.02459118 55.95003948 15883089.03
18000 0.18001 -28.41525809 3.469215727 -31.88447381 53.67778009 22149121.79
19000 0.19001 -28.41499372 3.408035831 -31.82302955 52.73116815 25484657.12
20000 0.20001 -28.41811831 3.415446412 -31.83356472 52.8458291 26274769.52
21000 0.21001 -28.42006216 3.471871108 -31.89193327 53.71886573 25213022.07
22000 0.22001 -28.42282024 3.558281642 -31.98110188 55.05586118 22891937.32
23000 0.23001 -28.42621419 3.658311198 -32.08452538 56.60357827 19863605.13
24000 0.24001 -28.42655164 3.759330634 -32.18588227 58.16661139 16620546.46
25000 0.25001 -28.42669783 3.852939555 -32.27963738 59.6149846 13432442.71
26000 0.26001 -28.42817645 3.934708414 -32.36288487 60.88016128 10466605.68
27000 0.27001 -28.43049156 4.003485591 -32.43397715 61.94432288 7816925.169
28000 0.28001 -28.43499447 4.060229623 -32.4952241 62.82230048 5479194.566
29000 0.29001 -28.43580724 4.106849935 -32.54265718 63.54363782 3517234.788
30000 0.30001 -28.43528519 4.145189784 -32.58047497 64.13685488 1867453.309
31000 0.31001 -28.43594894 4.176388766 -32.6123377 64.61958419 476739.3927
32000 0.32001 -28.43779967 4.200639099 -32.63843877 64.99479984 -650864.5681
33000 0.33001 -28.43848237 4.217340281 -32.65582265 65.25321051 -1461308.291
34000 0.34001 -28.43833108 4.225667957 -32.66399903 65.38206129 -1938154.59
35000 0.35001 -28.43885504 4.225103079 -32.66395811 65.37332116 -2095612.748
36000 0.36001 -28.43803445 4.215882206 -32.65391666 65.23065031 -1921201.764
37000 0.37001 -28.44023619 4.199211249 -32.63944744 64.97270728 -1526591.238
38000 0.38001 -28.44075231 4.177407463 -32.61815977 64.63534608 -923617.2114
39000 0.39001 -28.44075809 4.153725041 -32.59448313 64.26891748 -238530.767
40000 0.40001 -28.44042218 4.132035375 -32.57245756 63.933322 399960.0089
41000 0.41001 -28.44159432 4.116179089 -32.55777341 63.68798406 840092.0325
42000 0.42001 -28.44276425 4.109346007 -32.55211026 63.58225853 1000977.365
43000 0.43001 -28.4429254 4.113297987 -32.55622338 63.64340593 836407.6157
44000 0.44001 -28.44090427 4.128093819 -32.56899809 63.87233589 353347.8135
45000 0.45001 -28.43804841 4.152339406 -32.59038781 64.2474781 -434116.0253
46000 0.46001 -28.4370491 4.183779524 -32.62082863 64.73393842 -1504936.197
47000 0.47001 -28.43959135 4.220167692 -32.65975904 65.2969579 -2820080.505
48000 0.48001 -28.4411399 4.259698062 -32.70083797 65.90859543 -4260761.186
49000 0.49001 -28.4396812 4.30134954 -32.74103074 66.55305199 -5765007.606
50000 0.50001 -28.43925303 4.344913052 -32.78416608 67.22709271 -7380495.402
51000 0.51001 -28.43918577 4.390771565 -32.82995734 67.93664304 -9102247.393
52000 0.52001 -28.43898048 4.439609793 -32.87859027 68.6922973 -10935538.5
53000 0.53001 -28.43965061 4.492037652 -32.93168826 69.50349249 -12903268.26
54000 0.54001 -28.44036169 4.548110683 -32.98847237 70.37108794 -14984397.08
55000 0.55001 -28.44044764 4.607011618 -33.04745926 71.28243844 -17135078.46
56000 0.56001 -28.43957718 4.667101997 -33.10667917 72.21219271 -19291535.36
57000 0.57001 -28.43960379 4.726054539 -33.16565833 73.12434169 -21402178.89
58000 0.58001 -28.44086437 4.781207503 -33.22207187 73.97770132 -23383680.18
59000 0.59001 -28.44218098 4.829922293 -33.27210327 74.73144569 -25132088.21
60000 0.60001 -28.44287595 4.869916361 -33.31279231 75.35025781 -26562780.68
61000 0.61001 -28.44277149 4.899536533 -33.34230803 75.80855883 -27618613.84
62000 0.62001 -28.44404075 4.917797997 -33.36183874 76.09111111 -28299593.06
63000 0.63001 -28.44364557 4.924500111 -33.36814568 76.19481024 -28554429.47
64000 0.64001 -28.44678297 4.920040644 -33.36682361 76.1258107 -28474000.18
65000 0.65001 -28.44991104 4.905477156 -33.35538819 75.9004757 -28042491.38
66000 0.66001 -28.44932022 4.882348204 -33.33166842 75.54261073 -27259307.98
67000 0.67001 -28.45105252 4.852631634 -33.30368415 75.08281818 -26280826.33
68000 0.68001 -28.45106946 4.818651153 -33.26972061 74.55705187 -25125990.99
69000 0.69001 -28.45508216 4.782861012 -33.23794318 74.0032854 -23959646.68
70000 0.70001 -28.4546888 4.747483487 -33.20217229 73.45590319 -22735114.51
71000 0.71001 -28.45510119 4.714508277 -33.16960947 72.94569102 -21594746.04
72000 0.72001 -28.45363308 4.685354647 -33.13898773 72.49460863 -20549162.48
73000 0.73001 -28.4544919 4.66097078 -33.11546268 72.11732685 -19693291.15
74000 0.74001 -28.45516257 4.641833465 -33.09699603 71.82122287 -19007789.13
75000 0.75001 -28.45279188 4.627996314 -33.08078819 71.60712621 -18454972.34
76000 0.76001 -28.45645995 4.619265513 -33.07572547 71.47203802 -18162596.46
77000 0.77001 -28.457098 4.615339104 -33.07243711 71.41128627 -17987664.7
78000 0.78001 -28.45722874 4.615878188 -33.07310693 71.41962731 -17955226.09
79000 0.79001 -28.45551203 4.620527476 -33.07603951 71.49156387 -18033205.75
80000 0.80001 -28.45833712 4.62887482 -33.08721194 71.62071896 -18300605.86
81000 0.81001 -28.46285083 4.640348955 -33.10319979 71.79825365 -18696686.1
82000 0.82001 -28.46199771 4.654185306 -33.11618302 72.01233794 -19094436.53
83000 0.83001 -28.46165973 4.669461027 -33.13112075 72.24869303 -19553265.43
84000 0.84001 -28.46167023 4.685364363 -33.14703459 72.49475896 -20046688.25
85000 0.85001 -28.46219877 4.701279506 -33.16347827 72.74100756 -20560441.09
86000 0.86001 -28.46274117 4.716997304 -33.17973847 72.98420274 -21081799
87000 0.87001 -28.46161809 4.732775971 -33.19439406 73.22833971 -21593442.23
88000 0.88001 -28.46269483 4.749267144 -33.21196197 73.48350099 -22171125.79
89000 0.89001 -28.46462913 4.767608396 -33.23223752 73.76728781 -22825515.17
90000 0.90001 -28.46574484 4.789199264 -33.25494411 74.10135463 -23568099.97
91000 0.91001 -28.46604315 4.815219242 -33.28126239 74.50395128 -24428065.86
92000 0.92001 -28.46418545 4.846149934 -33.31033538 74.98252944 -25393355.95
93000 0.93001 -28.46370574 4.881289619 -33.34499536 75.52623167 -26489374.2
94000 0.94001 -28.46259079 4.918789972 -33.38138076 76.10645955 -27626381.32
95000 0.95001 -28.46101007 4.955940664 -33.41695074 76.68127727 -28722958.9
96000 0.96001 -28.4655181 4.989808279 -33.45532638 77.20529726 -29784715.14
97000 0.97001 -28.46669886 5.017703563 -33.48440242 77.63690977 -30590786.02
98000 0.98001 -28.46756822 5.037445084 -33.50501331 77.94236239 -31119086.02
99000 0.99001 -28.46862045 5.047465767 -33.51608622 78.09740839 -31330200.31
100000 1.00001 -28.47488532 5.046937102 -33.52182243 78.08922856 -31274773.29
