Loading the initial atomic configuration from "ArHW4.data"
Number of steps: 100000
Boundary: periodic periodic periodic
System dimensions: 28 28 28 A
The total number of atoms: 500
Atomic masses: m[type1] = 39.948 Da
Neigbor List algorithm: O(N^2) complexity, Rskin = 2.000000 A, update every 50 steps
Verlet integration algorithm: time step = 0.000010 ps
Handlers:
Assigning the initial velocity corresponding to T = 82.000000 K
Berendsen barostat: P = 0.000100 GPa; pressure control XYZ together; beta = 0.100000 GPa^-1

Potentials:
type1-type1 : Lennard-Jones potential for Ar-Ar interaction, Rcut = 8.512500 A

Step   Time   Energy   Kinetic   Potential   Temperature   Pressure
0 1e-05 -26.55452802 10.59938355 -37.15391157 164 -244297865.5
1000 0.01001 -26.57379519 10.57585553 -37.14965072 163.6359604 -191354431.1
2000 0.02001 -26.59259661 10.50427827 -37.09687489 162.5284743 -187809148
3000 0.03001 -26.61053988 10.38211354 -36.99265343 160.6382685 -182027815.3
4000 0.04001 -26.62774978 10.20538181 -36.83313159 157.9037695 -173931316
5000 0.05001 -26.64622949 9.96900723 -36.61523672 154.2464407 -163453074.5
6000 0.06001 -26.67038616 9.667443218 -36.33782937 149.580462 -150566631.2
7000 0.07001 -26.69865052 9.295658014 -35.99430854 143.827979 -135194619.8
8000 0.08001 -26.72583259 8.850247315 -35.57607991 136.9363183 -117286675.2
9000 0.09001 -26.75022927 8.332133771 -35.08236304 128.9197558 -96992771.65
10000 0.10001 -26.77567435 7.749502598 -34.52517695 119.9049379 -74772795.79
11000 0.11001 -26.79524025 7.120654037 -33.91589429 110.1750169 -51230516.42
12000 0.12001 -26.80584113 6.475328218 -33.28116935 100.19015 -27348589.97
13000 0.13001 -26.81826106 5.852422962 -32.67068402 90.55218743 -4553919.384
14000 0.14001 -26.8266302 5.293356046 -32.11998625 81.90196981 15928430.57
15000 0.15001 -26.83218814 4.833056535 -31.66524468 74.77994055 32990942.72
16000 0.16001 -26.84104268 4.492473347 -31.33351603 69.51023382 45893078.02
17000 0.17001 -26.8455152 4.275536401 -31.1210516 66.15365568 54618622.47
18000 0.18001 -26.84755305 4.171116084 -31.01866913 64.5380021 59475947.71
19000 0.19001 -26.85089961 4.157979695 -31.0088793 64.33474803 61067633.45
20000 0.20001 -26.85257662 4.210354564 -31.06293118 65.14512332 60247879.55
21000 0.21001 -26.8573681 4.302747654 -31.16011575 66.57468446 57765596.16
22000 0.22001 -26.86186503 4.413167561 -31.2750326 68.28316729 54394841.33
23000 0.23001 -26.86269492 4.524895091 -31.38759001 70.01188242 50754477.34
24000 0.24001 -26.86339599 4.627215667 -31.49061166 71.59504757 47184741.37
25000 0.25001 -26.86465964 4.715071199 -31.57973084 72.95440089 43896303.49
26000 0.26001 -26.86835302 4.787799912 -31.65615293 74.07970302 40945420.68
27000 0.27001 -26.87096763 4.847405794 -31.71837342 75.00196087 38378408.99
28000 0.28001 -26.87369326 4.896606885 -31.77030015 75.76322956 36139795.23
29000 0.29001 -26.8726774 4.937438528 -31.81011593 76.39500117 34256344.55
30000 0.30001 -26.8731404 4.970489325 -31.84362973 76.90638285 32654248.9
31000 0.31001 -26.87391264 4.994906296 -31.86881894 77.28417683 31385345.8
32000 0.32001 -26.87433132 5.009019069 -31.88335039 77.50253809 30508850.99
33000 0.33001 -26.87557914 5.011332238 -31.88691138 77.53832882 30046637.36
34000 0.34001 -26.87413542 5.001238974 -31.8753744 77.38215981 30057700.58
35000 0.35001 -26.87319941 4.979540051 -31.85273946 77.0464211 30459420.09
36000 0.36001 -26.87445856 4.948582639 -31.8230412 76.5674295 31143183.79
37000 0.37001 -26.87590027 4.912390237 -31.78829051 76.00743902 32005281.27
38000 0.38001 -26.87584668 4.876382422 -31.7522291 75.45030458 32897335.97
39000 0.39001 -26.87580887 4.846581504 -31.72239038 74.98920695 33609621.55
40000 0.40001 -26.8761188 4.828299926 -31.70441873 74.70634345 33972333.13
41000 0.41001 -26.87660053 4.824733074 -31.7013336 74.65115498 33885579.39
42000 0.42001 -26.87405123 4.836030072 -31.7100813 74.82594889 33381109.32
43000 0.43001 -26.87081573 4.859610144 -31.73042588 75.19079387 32489684.35
44000 0.44001 -26.87024976 4.89145589 -31.76170565 75.6835303 31270946.96
45000 0.45001 -26.87201371 4.927694052 -31.79970776 76.24422881 29837557.38
46000 0.46001 -26.8697208 4.965707345 -31.83542815 76.8323932 28357536.02
47000 0.47001 -26.86975745 5.004528123 -31.87428558 77.43305149 26768717.86
48000 0.48001 -26.87128565 5.044677386 -31.91596303 78.0542649 25072778.07
49000 0.49001 -26.8709447 5.087817728 -31.95876243 78.72175805 23278498.67
50000 0.50001 -26.87125761 5.135911303 -32.00716891 79.46589061 21301266.6
51000 0.51001 -26.87054503 5.190352358 -32.06089739 80.30823517 19134954.44
52000 0.52001 -26.86796931 5.251280936 -32.11925025 81.25095855 16798033.85
53000 0.53001 -26.86891358 5.317301407 -32.18621499 82.27246675 14263027.75
54000 0.54001 -26.86884445 5.385774431 -32.25461888 83.33192233 11683124.26
55000 0.55001 -26.86978589 5.453415749 -32.32320164 84.37850924 9136211.843
56000 0.56001 -26.86754056 5.516826438 -32.384367 85.35963733 6794152.23
57000 0.57001 -26.87152534 5.572966087 -32.44449143 86.22826356 4621052.841
58000 0.58001 -26.87266692 5.619369932 -32.49203685 86.9462516 2831824.809
59000 0.59001 -26.87231053 5.65422266 -32.52653319 87.48551384 1466869.881
60000 0.60001 -26.8721327 5.676478074 -32.54861078 87.82986291 537073.1904
61000 0.61001 -26.87196278 5.685814277 -32.55777705 87.97431822 56739.24282
62000 0.62001 -26.87129154 5.682443441 -32.55373498 87.92216263 24755.16112
63000 0.63001 -26.87229895 5.667103439 -32.53940239 87.68481295 382324.9909
64000 0.64001 -26.87447747 5.640999015 -32.51547649 87.2809097 1092178.094
65000 0.65001 -26.87378902 5.605852803 -32.47964182 86.7371065 2150084.899
66000 0.66001 -26.87426655 5.564041981 -32.43830853 86.09018445 3416412.416
67000 0.67001 -26.87557359 5.518360384 -32.39393398 85.38337146 4801692.098
68000 0.68001 -26.87636734 5.471873342 -32.34824068 84.66409616 6225305.916
69000 0.69001 -26.87580744 5.427435675 -32.30324312 83.97653 7606178.441
70000 0.70001 -26.87793236 5.387319786 -32.26525215 83.35583299 8810197.749
71000 0.71001 -26.87585187 5.353054773 -32.22890665 82.82566422 9886402.9
72000 0.72001 -26.87612187 5.325385766 -32.20150763 82.39755279 10712990.53
73000 0.73001 -26.87454281 5.304362814 -32.17890563 82.07227311 11345436.14
74000 0.74001 -26.87329909 5.289690384 -32.16298947 81.84525249 11759259.58
75000 0.75001 -26.87407271 5.280965243 -32.15503796 81.7102519 11942665.15
76000 0.76001 -26.87434223 5.277766382 -32.15210861 81.66075721 11945620.42
77000 0.77001 -26.87461134 5.279865651 -32.15447699 81.69323836 11770925.03
78000 0.78001 -26.87353601 5.287013972 -32.16054999 81.80384146 11448041.84
79000 0.79001 -26.87296576 5.298821718 -32.17178748 81.98653796 10963935.82
80000 0.80001 -26.87626065 5.314614149 -32.19087479 82.23088789 10291361.76
81000 0.81001 -26.87754074 5.333438604 -32.21097935 82.52215112 9543897.47
82000 0.82001 -26.87680587 5.354327403 -32.23113328 82.84535511 8749764.256
83000 0.83001 -26.87523331 5.376438225 -32.25167153 83.18746697 7916400.59
84000 0.84001 -26.87618486 5.399132362 -32.27531722 83.53860422 7014289.617
85000 0.85001 -26.87445179 5.421875148 -32.29632693 83.89049421 6135772.659
86000 0.86001 -26.87373207 5.44426196 -32.31799403 84.23687634 5240264.904
87000 0.87001 -26.8733539 5.466184477 -32.33953837 84.57607463 4342419.328
88000 0.88001 -26.87298245 5.488148907 -32.36113136 84.91592143 3435514.356
89000 0.89001 -26.87396314 5.511462969 -32.38542611 85.27665054 2467821.988
90000 0.90001 -26.8727673 5.537920063 -32.41068737 85.68601051 1446787.901
91000 0.91001 -26.87242259 5.568960233 -32.44138282 86.16628258 295942.4187
92000 0.92001 -26.87225924 5.604673902 -32.47693314 86.71886583 -969572.6985
93000 0.93001 -26.87480122 5.643337546 -32.51813877 87.31709285 -2330603.284
94000 0.94001 -26.87534459 5.681794054 -32.55713865 87.91211493 -3623516.408
95000 0.95001 -26.87254367 5.716335945 -32.58887961 88.44656772 -4720273.552
96000 0.96001 -26.87194358 5.743753748 -32.61569733 88.87079236 -5606573.191
97000 0.97001 -26.87085091 5.761784092 -32.632635 89.14976863 -6177268.597
98000 0.98001 -26.87127768 5.7692811 -32.64055878 89.26576682 -6429977.815
99000 0.99001 -26.87120199 5.76624293 -32.63744492 89.21875844 -6338918.385
100000 1.00001 -26.8719624 5.753730778 -32.62569317 89.02516293 -5958941.416
