Loading the initial atomic configuration from "ArHW4.data"
Number of steps: 100000
Boundary: periodic periodic periodic
System dimensions: 38.269 38.269 38.269 A
The total number of atoms: 1372
Atomic masses: m[type1] = 39.948 Da
Neigbor List algorithm: O(N^2) complexity, Rskin = 2.000000 A, update every 50 steps
Verlet integration algorithm: time step = 0.000010 ps
Handlers:
Assigning the initial velocity corresponding to T = 85.000000 K
Berendsen barostat: P = 0.000100 GPa; pressure control XYZ together; beta = 0.100000 GPa^-1

Potentials:
type1-type1 : Lennard-Jones potential for Ar-Ar interaction, Rcut = 8.512500 A

Step   Time   Energy   Kinetic   Potential   Temperature   Pressure
0 1e-05 -77.57755398 30.14878316 -107.7263371 170 -188488281.1
1000 0.01001 -77.60320434 30.03592746 -107.6391318 169.3636404 -128805447.4
2000 0.02001 -77.64412598 29.69313926 -107.3372652 167.4307599 -123135751.1
3000 0.03001 -77.79291196 29.11330567 -106.9062176 164.1612511 -114497053.8
4000 0.04001 -77.97209153 28.28507686 -106.2571684 159.4911158 -102384930.9
5000 0.05001 -78.13301827 27.19315003 -105.3261683 153.3340659 -86476836.22
6000 0.06001 -78.25561566 25.82662111 -104.0822368 145.6286168 -66702010.73
7000 0.07001 -78.34988692 24.1873149 -102.5372018 136.3850577 -43341297.51
8000 0.08001 -78.42259325 22.30105601 -100.7236493 125.7490062 -16954308.52
9000 0.09001 -78.47843793 20.22921625 -98.70765418 114.0665195 11498482.99
10000 0.10001 -78.51706006 18.07501383 -96.59207389 101.9196143 40625398
11000 0.11001 -78.54917026 15.97611584 -94.5252861 90.08455427 68617384.73
12000 0.12001 -78.57978009 14.08115581 -92.66093589 79.39943958 93624131.79
13000 0.13001 -78.6025643 12.5180797 -91.120644 70.58571942 114146143.6
14000 0.14001 -78.62924918 11.36848221 -89.99773139 64.10348193 129156428.5
15000 0.15001 -78.65309931 10.65630705 -89.30940636 60.08773849 138431206.9
16000 0.16001 -78.6789998 10.35206176 -89.03106156 58.37219002 142324054.4
17000 0.17001 -78.70335541 10.38791824 -89.09127365 58.574374 141703120.7
18000 0.18001 -78.72297613 10.67657505 -89.39955118 60.2020237 137677980.7
19000 0.19001 -78.74261086 11.12820423 -89.87081509 62.74862602 131357397.7
20000 0.20001 -78.76135198 11.66197396 -90.42332594 65.75839439 123785140.8
21000 0.21001 -78.77425028 12.21236868 -90.98661897 68.86190612 115850849.8
22000 0.22001 -78.78581121 12.73099274 -91.51680395 71.78627256 108185031.6
23000 0.23001 -78.79175625 13.18576985 -91.97752611 74.35062514 101267538.9
24000 0.24001 -78.80028021 13.55831049 -92.35859069 76.45127071 95333709.27
25000 0.25001 -78.80529065 13.84066905 -92.6459597 78.04340646 90561121.34
26000 0.26001 -78.81176048 14.03243496 -92.84419544 79.12471727 86959123.35
27000 0.27001 -78.81487998 14.13873937 -92.95361935 79.72413613 84512422.3
28000 0.28001 -78.81820493 14.16870756 -92.98691249 79.89311781 83096425.27
29000 0.29001 -78.82340664 14.1351775 -92.95858413 79.70405178 82545523.08
30000 0.30001 -78.82271207 14.05358454 -92.87629661 79.24397342 82708713.98
31000 0.31001 -78.82696785 13.94136258 -92.76833043 78.61118727 83303165.7
32000 0.32001 -78.83185742 13.81628037 -92.64813779 77.90588597 84125636.53
33000 0.33001 -78.83286332 13.69475278 -92.5276161 77.22062811 84988931.44
34000 0.34001 -78.84106797 13.59028341 -92.43135139 76.63155649 85651840.28
35000 0.35001 -78.84567487 13.51256975 -92.35824461 76.1933523 86042515.8
36000 0.36001 -78.84982311 13.46743726 -92.31726037 75.93886365 86057488.07
37000 0.37001 -78.85360994 13.45709412 -92.31070406 75.88054177 85656077.94
38000 0.38001 -78.85680316 13.48048644 -92.3372896 76.0124441 84840938.32
39000 0.39001 -78.85714832 13.53378819 -92.39093651 76.31299679 83661912.62
40000 0.40001 -78.86215594 13.61142105 -92.47357699 76.75074536 82137238.62
41000 0.41001 -78.8657345 13.70744292 -92.57317742 77.29218405 80370799.67
42000 0.42001 -78.8734004 13.81644221 -92.68984261 77.90679853 78398132.68
43000 0.43001 -78.87371211 13.9338439 -92.80755601 78.56879168 76343444.68
44000 0.44001 -78.8750716 14.05564086 -92.93071246 79.2555684 74214287.49
45000 0.45001 -78.8766433 14.17767514 -93.05431845 79.94368335 72071495.97
46000 0.46001 -78.87339868 14.2956849 -93.16908359 80.60910521 70000262.5
47000 0.47001 -78.87594675 14.40552162 -93.28146837 81.22844172 67994632.25
48000 0.48001 -78.87388955 14.50380353 -93.37769308 81.78262408 66157536.52
49000 0.49001 -78.87095515 14.58848363 -93.45943878 82.26010995 64495694.08
50000 0.50001 -78.87271553 14.65924699 -93.53196252 82.65912342 62985674.01
51000 0.51001 -78.87196851 14.71741848 -93.58938699 82.98713509 61657056.38
52000 0.52001 -78.87192834 14.76551171 -93.63744005 83.2583185 60466346.59
53000 0.53001 -78.87328349 14.80652319 -93.67980669 83.48957002 59377923.54
54000 0.54001 -78.86949334 14.84323975 -93.71273309 83.69660374 58397716.59
55000 0.55001 -78.86880419 14.87807303 -93.74687722 83.89301822 57451946.66
56000 0.56001 -78.87373733 14.91334832 -93.78708566 84.09192508 56500407.71
57000 0.57001 -78.87438144 14.95181512 -93.82619656 84.30882787 55569385.91
58000 0.58001 -78.87309012 14.99590716 -93.86899728 84.55744972 54621096.66
59000 0.59001 -78.87423215 15.04538138 -93.91961353 84.83642012 53635260.88
60000 0.60001 -78.87612684 15.09577322 -93.97190006 85.1205647 52670300.68
61000 0.61001 -78.8786151 15.13968366 -94.01829876 85.36816257 51805947.88
62000 0.62001 -78.88322162 15.17017131 -94.05339293 85.54007336 51106527.87
63000 0.63001 -78.8824035 15.18334955 -94.06575306 85.61438153 50654435.53
64000 0.64001 -78.88407971 15.17856561 -94.06264532 85.58740632 50408384.63
65000 0.65001 -78.88709053 15.15766599 -94.04475652 85.46955955 50349293.74
66000 0.66001 -78.88607319 15.12434295 -94.01041615 85.2816609 50460714.3
67000 0.67001 -78.88456827 15.08338777 -93.96795604 85.05072681 50663048.16
68000 0.68001 -78.88207666 15.04024474 -93.9223214 84.80745612 50892866.77
69000 0.69001 -78.88313568 15.0000587 -93.88319438 84.58085904 51061854.82
70000 0.70001 -78.88336944 14.96682736 -93.8501968 84.39347742 51145515.64
71000 0.71001 -78.88259857 14.94246759 -93.82506617 84.25611998 51119291.73
72000 0.72001 -78.88535333 14.92669729 -93.81205062 84.16719593 50957797.15
73000 0.73001 -78.88792345 14.91750218 -93.80542563 84.11534743 50701762.18
74000 0.74001 -78.88509702 14.91228663 -93.79738365 84.08593851 50407711.04
75000 0.75001 -78.8809022 14.90890899 -93.78981119 84.06689301 50076553.22
76000 0.76001 -78.88373852 14.90631105 -93.79004957 84.05224401 49674652.72
77000 0.77001 -78.88251019 14.90459112 -93.78710131 84.04254583 49265772.71
78000 0.78001 -78.884276 14.905028 -93.789304 84.04500928 48798661.45
79000 0.79001 -78.88197336 14.91000051 -93.79197387 84.07304776 48290091.77
80000 0.80001 -78.88399667 14.92223369 -93.80623037 84.14202704 47666883.39
81000 0.81001 -78.88580317 14.9435237 -93.82932688 84.26207506 46938868.92
82000 0.82001 -78.88604229 14.97366998 -93.85971227 84.43206094 46119627.89
83000 0.83001 -78.88420265 15.01061034 -93.89481299 84.64035658 45237840.74
84000 0.84001 -78.88330924 15.05166471 -93.93497395 84.87184993 44309121.15
85000 0.85001 -78.88537502 15.09445688 -93.97983189 85.11314221 43351940.23
86000 0.86001 -78.88401891 15.13704237 -94.02106128 85.3532691 42426920.69
87000 0.87001 -78.88058796 15.17753376 -94.05812171 85.58158798 41549783.91
88000 0.88001 -78.87928969 15.21410831 -94.09339799 85.78782097 40718441.78
89000 0.89001 -78.88365671 15.24521314 -94.12886985 85.96321185 39930648.69
90000 0.90001 -78.88226827 15.27009714 -94.15236541 86.1035253 39258792.27
91000 0.91001 -78.88218944 15.28883721 -94.17102665 86.20919498 38661582.7
92000 0.92001 -78.88140807 15.30221514 -94.18362321 86.28462914 38141050.25
93000 0.93001 -78.87976115 15.31107784 -94.19083899 86.33460325 37687332.17
94000 0.94001 -78.87960518 15.31601468 -94.19561986 86.36244061 37279111.84
95000 0.95001 -78.87489369 15.31740797 -94.19230167 86.370297 36945179.01
96000 0.96001 -78.87470421 15.31523914 -94.18994335 86.35806758 36631729.04
97000 0.97001 -78.8750052 15.30974647 -94.18475167 86.32709606 36355764.35
98000 0.98001 -78.87428621 15.30179709 -94.17608331 86.28227188 36114350.71
99000 0.99001 -78.87322158 15.2930115 -94.16623308 86.23273256 35883866.72
100000 1.00001 -78.87029858 15.28580495 -94.15610353 86.19209697 35644485.73
