Loading the initial atomic configuration from "ArHW4.data"
Number of steps: 100000
Boundary: periodic periodic periodic
System dimensions: 28 28 28 A
The total number of atoms: 500
Atomic masses: m[type1] = 39.948 Da
Neigbor List algorithm: O(N^2) complexity, Rskin = 2.000000 A, update every 50 steps
Verlet integration algorithm: time step = 0.000010 ps
Handlers:
Assigning the initial velocity corresponding to T = 81.000000 K
Berendsen barostat: P = 0.000100 GPa; pressure control XYZ together; beta = 0.100000 GPa^-1

Potentials:
type1-type1 : Lennard-Jones potential for Ar-Ar interaction, Rcut = 8.512500 A

Step   Time   Energy   Kinetic   Potential   Temperature   Pressure
0 1e-05 -26.68378879 10.47012277 -37.15391157 162 -244297865.5
1000 0.01001 -26.70311963 10.44688226 -37.1500019 161.6404089 -191995864.5
2000 0.02001 -26.72198876 10.37619072 -37.09817948 160.546627 -188489840.4
3000 0.03001 -26.74000794 10.25557716 -36.99558509 158.6804219 -182776205.6
4000 0.04001 -26.75730566 10.08117236 -36.83847801 155.9819266 -174778481.3
5000 0.05001 -26.77538394 9.848046416 -36.62343036 152.3748626 -164426106.7
6000 0.06001 -26.79932409 9.550817995 -36.35014208 147.7759668 -151705989.1
7000 0.07001 -26.82806161 9.184620859 -36.01268247 142.1099457 -136551048.4
8000 0.08001 -26.85505969 8.746170337 -35.60123003 135.3259771 -118892020.1
9000 0.09001 -26.87978696 8.236354595 -35.11614155 127.4378031 -98892032.82
10000 0.10001 -26.9038818 7.663069236 -34.56695104 118.5675892 -76967402.07
11000 0.11001 -26.9246047 7.043982417 -33.96858712 108.9887078 -53761831.02
12000 0.12001 -26.93566134 6.407856819 -33.34351816 99.14619216 -30180855.07
13000 0.13001 -26.94899766 5.792472598 -32.74147026 89.62459955 -7635076.098
14000 0.14001 -26.95671804 5.238330489 -32.19504852 81.05058149 12706661.23
15000 0.15001 -26.96308958 4.779964705 -31.74305429 73.95847201 29703240
16000 0.16001 -26.97103688 4.438565907 -31.40960278 68.67614567 42652450
17000 0.17001 -26.97524602 4.218801301 -31.19404732 65.27581629 51481041.87
18000 0.18001 -26.97818465 4.110480256 -31.08866491 63.59980831 56460886.93
19000 0.19001 -26.98125194 4.093264359 -31.0745163 63.33343365 58201090.39
20000 0.20001 -26.98265574 4.142073712 -31.12472945 64.08864116 57516648.49
21000 0.21001 -26.98718353 4.231838238 -31.21902177 65.47753156 55142563.26
22000 0.22001 -26.99176313 4.340719878 -31.33248301 67.16221341 51842292.25
23000 0.23001 -26.99167595 4.451936536 -31.44361248 68.88302404 48255585.04
24000 0.24001 -26.99264478 4.554522531 -31.54716731 70.47029589 44697262.3
25000 0.25001 -26.99384735 4.643072879 -31.63692023 71.84039982 41409626.66
26000 0.26001 -26.99765507 4.716605963 -31.71426103 72.97814767 38450792.53
27000 0.27001 -27.0002199 4.77689233 -31.77711223 73.91093439 35878860.41
28000 0.28001 -27.00290114 4.826581856 -31.82948299 74.67976045 33638063.85
29000 0.29001 -27.00285281 4.867791152 -31.87064396 75.31737531 31738532.46
30000 0.30001 -27.0032785 4.901290917 -31.90456941 75.83570371 30131113.07
31000 0.31001 -27.00435312 4.926429769 -31.93078289 76.22466706 28842973.78
32000 0.32001 -27.00356232 4.941653177 -31.9452155 76.46021273 27957506.14
33000 0.33001 -27.00477914 4.945489623 -31.95026876 76.51957251 27457399.27
34000 0.34001 -27.0036393 4.93722216 -31.94086146 76.39165338 27417536.28
35000 0.35001 -27.00233432 4.917486425 -31.91982075 76.08629029 27775344.6
36000 0.36001 -27.00389498 4.88839421 -31.89228919 75.63615815 28410000.34
37000 0.37001 -27.00597056 4.853666707 -31.85963727 75.09883346 29231550.81
38000 0.38001 -27.00520443 4.818432063 -31.82363649 74.55366198 30124369.3
39000 0.39001 -27.00579734 4.788513857 -31.7943112 74.09074961 30844938.51
40000 0.40001 -27.00572879 4.769214998 -31.77494379 73.79214611 31257549.98
41000 0.41001 -27.00633589 4.763988046 -31.77032393 73.71127159 31232846.84
42000 0.42001 -27.00441784 4.773426849 -31.77784469 73.85731439 30789805.26
43000 0.43001 -27.00013696 4.795402012 -31.79553898 74.19732726 29977808.62
44000 0.44001 -27.00020859 4.826183143 -31.82639174 74.67359132 28799193.28
45000 0.45001 -27.00143718 4.861964589 -31.86340177 75.22722325 27406199.38
46000 0.46001 -26.99978821 4.899989249 -31.89977746 75.81556353 25936218.04
47000 0.47001 -26.99996842 4.939031321 -31.93899974 76.4196458 24358363.55
48000 0.48001 -27.00181102 4.979336361 -31.98114738 77.04326948 22672457.95
49000 0.49001 -27.00061209 5.022300331 -32.02291242 77.70803371 20913838.87
50000 0.50001 -27.0002383 5.069767102 -32.07000541 78.44246798 18981647.3
51000 0.51001 -27.00035584 5.123165599 -32.12352144 79.26868146 16848796.27
52000 0.52001 -26.99844725 5.182854258 -32.18130151 80.19222008 14552109.53
53000 0.53001 -26.99854983 5.247717968 -32.2462678 81.19583019 12075555.33
54000 0.54001 -26.99814864 5.315354036 -32.31350268 82.24233586 9535659.33
55000 0.55001 -26.99909733 5.382663169 -32.3817605 83.28378302 7007803.049
56000 0.56001 -26.9972006 5.446288137 -32.44348874 84.26822657 4662126.689
57000 0.57001 -27.00103376 5.503165381 -32.50419914 85.14826529 2475820.93
58000 0.58001 -27.00236327 5.550722903 -32.55308618 85.88410371 654513.798
59000 0.59001 -27.00186111 5.587035091 -32.5888962 86.4459476 -747823.1617
60000 0.60001 -27.00187722 5.610924896 -32.61280212 86.81558495 -1726273.542
61000 0.61001 -27.00207125 5.621977129 -32.62404838 86.98659171 -2260904.544
62000 0.62001 -27.00193283 5.620354036 -32.62228687 86.96147823 -2350536.914
63000 0.63001 -27.00296908 5.606738323 -32.60970741 86.75080779 -2042260.769
64000 0.64001 -27.00349573 5.582311112 -32.58580684 86.37285537 -1354999.895
65000 0.65001 -27.00199416 5.548758675 -32.55075284 85.853712 -328120.5366
66000 0.66001 -27.00484955 5.508402453 -32.51325201 85.2292964 866477.9185
67000 0.67001 -27.00416241 5.463952769 -32.46811518 84.54154431 2251738.269
68000 0.68001 -27.00581562 5.418400721 -32.42421634 83.8367358 3644030.921
69000 0.69001 -27.00594543 5.374561557 -32.38050699 83.15843004 5007225.33
70000 0.70001 -27.00791599 5.334723053 -32.34263904 82.54202488 6216602.001
71000 0.71001 -27.00635088 5.300456219 -32.3068071 82.01182793 7297663.82
72000 0.72001 -27.00612647 5.27257145 -32.27869792 81.58037812 8150688.22
73000 0.73001 -27.00421885 5.251202161 -32.25542101 81.2497397 8811680.274
74000 0.74001 -27.0044945 5.236106689 -32.24060119 81.01617353 9229805.297
75000 0.75001 -27.003929 5.226917219 -32.23084622 80.87398856 9460707.137
76000 0.76001 -27.00369944 5.223214838 -32.22691428 80.8167031 9500286.993
77000 0.77001 -27.00397387 5.224774803 -32.22874868 80.84083982 9356047.041
78000 0.78001 -27.00408109 5.231351215 -32.23543231 80.94259399 9047519.636
79000 0.79001 -27.00435742 5.242577002 -32.24693442 81.11628608 8583107.511
80000 0.80001 -27.00698848 5.25781675 -32.26480523 81.35208457 7951877.321
81000 0.81001 -27.00861391 5.276111642 -32.28472555 81.63515409 7230895.549
82000 0.82001 -27.0072169 5.296457977 -32.30367488 81.94996474 6478609.273
83000 0.83001 -27.00582381 5.317983113 -32.32380692 82.28301452 5676465.183
84000 0.84001 -27.0052758 5.340032648 -32.34530845 82.6241781 4831785.678
85000 0.85001 -27.00506935 5.36211235 -32.3671817 82.96580846 3967183.687
86000 0.86001 -27.00335701 5.383880032 -32.38723705 83.30261105 3120550.344
87000 0.87001 -27.00282746 5.405310826 -32.40813828 83.63420111 2255401.437
88000 0.88001 -27.00432279 5.4269317 -32.43125449 83.9687322 1346994.817
89000 0.89001 -27.00414657 5.450021585 -32.45416816 84.3259927 417413.1905
90000 0.90001 -27.00381257 5.476326411 -32.48013898 84.73299671 -598111.121
91000 0.91001 -27.00214648 5.507251367 -32.50939785 85.21148612 -1714345.235
92000 0.92001 -27.00251187 5.542907832 -32.5454197 85.76318427 -2975494.016
93000 0.93001 -27.00491186 5.581665562 -32.58657742 86.36286704 -4327846.426
94000 0.94001 -27.00750044 5.620441697 -32.62794213 86.96283458 -5651213.264
95000 0.95001 -27.00355424 5.655554863 -32.6591091 87.50612648 -6739641.404
96000 0.96001 -27.00231446 5.683749107 -32.68606357 87.94236469 -7631194.125
97000 0.97001 -27.00075159 5.702667867 -32.70341946 88.23508705 -8212527.467
98000 0.98001 -27.00306282 5.711025828 -32.71408865 88.36440641 -8508668.273
99000 0.99001 -27.00268624 5.708660096 -32.71134634 88.3278024 -8422689.058
100000 1.00001 -27.00331428 5.696456444 -32.69977072 88.1389802 -8038949.918
