Loading the initial atomic configuration from "equilT100.data"
Number of steps: 100000
Boundary: periodic periodic periodic
System dimensions: 28.1122 28.1122 28.1122 A
The total number of atoms: 500
Atomic masses: m[type1] = 39.948 Da
Neigbor List algorithm: O(N^2) complexity, Rskin = 2.000000 A, update every 50 steps
Verlet integration algorithm: time step = 0.001000 ps
Handlers:
Berendsen thermostat: T = 100.000000 K, tau = 2.000000 ps
Berendsen barostat: P = 0.000100 GPa; pressure control XYZ together; beta = 0.100000 GPa^-1

Potentials:
type1-type1 : Lennard-Jones potential for Ar-Ar interaction, Rcut = 8.512500 A

Step   Time   Energy   Kinetic   Potential   Temperature   Pressure
0 1.00101 -24.57817353 6.807809315 -31.38598285 105.3344963 28540901.69
1000 2.00101 -24.5903462 6.399279302 -30.9896255 99.0134757 26396601.97
2000 3.00101 -24.53978456 6.532391264 -31.07217582 101.0730636 11629087.5
3000 4.00101 -24.49744627 6.24298594 -30.74043221 96.59521134 15925048.46
4000 5.00101 -24.40466903 6.409114019 -30.81378304 99.16564431 7778959.034
5000 6.00101 -24.30998267 6.211554482 -30.52153715 96.10888503 9259185.734
6000 7.00101 -24.20399956 6.146663832 -30.35066339 95.1048581 13682992.4
7000 8.00101 -24.041879 6.233715036 -30.27559404 96.45176637 10818140.1
8000 9.00101 -23.96120629 6.345813956 -30.30702025 98.1862279 9248514.037
9000 10.00101 -23.82417264 6.2864246 -30.11059724 97.26732027 7553030.708
10000 11.00101 -23.7369382 6.099500797 -29.836439 94.37512342 17610277.19
11000 12.00101 -23.512736 6.210936252 -29.72367225 96.09931941 12977739.78
12000 13.00101 -23.35245755 6.234927899 -29.58738545 96.47053252 13633693.47
13000 14.00101 -23.11324938 6.156646538 -29.26989592 95.2593165 16517599.53
14000 15.00101 -22.86789455 5.861655096 -28.72954965 90.69503252 30340049.17
15000 16.00101 -22.60249432 6.081938124 -28.68443244 94.10338324 20457741.99
16000 17.00101 -22.30271039 6.186181906 -28.48889229 95.71630536 15444562.02
17000 18.00101 -22.04522075 6.032041605 -28.07726235 93.33135447 20301546.12
18000 19.00101 -21.74739778 5.743983448 -27.49138123 88.87434643 32018998.14
19000 20.00101 -21.47597011 5.818890005 -27.29486012 90.03334547 29901064.71
20000 21.00101 -21.23834228 6.084129982 -27.32247226 94.13729698 19229232.48
21000 22.00101 -20.99155702 6.150993098 -27.14255012 95.17184309 17670818
22000 23.00101 -20.80752613 6.183170958 -26.99069709 95.66971818 16726649.34
23000 24.00101 -20.64655878 6.197695604 -26.84425438 95.89445219 16158950.85
24000 25.00101 -20.46335735 6.208825403 -26.67218275 96.0666591 17720164.58
25000 26.00101 -20.33129078 6.095842536 -26.42713331 94.31852061 15312434.37
26000 27.00101 -20.14593586 6.211521838 -26.3574577 96.10837995 13478325.47
27000 28.00101 -19.97852411 6.482929521 -26.46145363 100.3077619 6639550.698
28000 29.00101 -19.86929403 5.885461381 -25.75475541 91.0633776 30790354.01
29000 30.00101 -19.78053896 6.412206931 -26.1927459 99.2134997 5027282.271
30000 31.00101 -19.66758171 6.437203524 -26.10478523 99.60026193 6358042.446
31000 32.00101 -19.54446517 6.263559102 -25.80802427 96.91353161 10855313.36
32000 33.00101 -19.43330511 6.37669999 -25.8100051 98.66411508 13122538.29
33000 34.00101 -19.35653412 6.551357923 -25.90789204 101.3665271 5484181.838
34000 35.00101 -19.31424166 6.372207262 -25.68644892 98.59460091 8555130.106
35000 36.00101 -19.19440265 6.424630532 -25.61903319 99.40572508 5994973.948
36000 37.00101 -19.06888776 6.159765996 -25.22865375 95.30758262 10759484.77
37000 38.00101 -18.96583169 6.313270766 -25.27910246 97.6827002 7263519.724
38000 39.00101 -18.87062587 6.213627853 -25.08425372 96.14096547 11070665.11
39000 40.00101 -18.84745428 6.361332167 -25.20878645 98.42633494 12093264.1
40000 41.00101 -18.83865975 6.306945988 -25.14560573 97.58483946 11952343.36
41000 42.00101 -18.76535232 6.159639318 -24.92499164 95.30562258 10669027.89
42000 43.00101 -18.77248623 6.542940142 -25.31542637 101.2362821 -2598497.562
43000 44.00101 -18.72711988 6.773397787 -25.50051766 104.8020606 -9097211.907
44000 45.00101 -18.70649377 6.579969736 -25.2864635 101.8092261 -5292219.989
45000 46.00101 -18.69529404 6.463319637 -25.15861367 100.004346 -846655.6583
46000 47.00101 -18.68563061 6.417770016 -25.10340063 99.29957508 6249277.133
47000 48.00101 -18.63446353 6.332798504 -24.96726203 97.98484504 11819835.13
48000 49.00101 -18.59519336 6.357547079 -24.95274044 98.3677698 8070064.634
49000 50.00101 -18.55390991 6.194037811 -24.74794772 95.83785663 21545507.35
50000 51.00101 -18.51361626 6.395123751 -24.90874001 98.94917852 489928.2183
51000 52.00101 -18.44289089 6.573356317 -25.01624721 101.7068994 -7732762.484
52000 53.00101 -18.43104874 6.623831008 -25.05487975 102.487874 -7121189.715
53000 54.00101 -18.39697739 6.258503601 -24.65548099 96.83530987 7648822.608
54000 55.00101 -18.33743538 6.451891131 -24.78932651 99.82751738 3957389.042
55000 56.00101 -18.32253186 6.382820614 -24.70535247 98.75881703 6306680.027
56000 57.00101 -18.33306084 6.448286079 -24.78134692 99.77173786 2833778.351
57000 58.00101 -18.33387661 6.466386386 -24.800263 100.0517966 1546769.223
58000 59.00101 -18.29798184 6.440006172 -24.73798801 99.64362618 2258112.087
59000 60.00101 -18.23838068 6.371362497 -24.60974318 98.5815302 3002073.883
60000 61.00101 -18.18436584 6.552435709 -24.73680155 101.3832032 -3782505.908
61000 62.00101 -18.17159938 6.358080814 -24.52968019 98.37602805 3254251.349
62000 63.00101 -18.12290621 6.499878028 -24.62278424 100.5699993 -2998502.864
63000 64.00101 -18.1666198 6.379652007 -24.5462718 98.70979046 6665606.26
64000 65.00101 -18.12895876 6.2813487 -24.41030746 97.18878291 8480164.349
65000 66.00101 -18.15889437 6.27576055 -24.43465492 97.10231971 7990431.176
66000 67.00101 -18.13514384 6.575241548 -24.71038539 101.7360688 -1650419.99
67000 68.00101 -18.13899092 6.674273441 -24.81326436 103.2683494 -8481027.283
68000 69.00101 -18.10921671 6.35457364 -24.46379035 98.32176297 2330587.212
69000 70.00101 -18.07089881 6.297590117 -24.36848893 97.44007983 4687778.155
70000 71.00101 -18.07931378 6.467226406 -24.54654018 100.0647939 -165761.1644
71000 72.00101 -18.05538043 6.327125401 -24.38250583 97.89706739 8087410.8
72000 73.00101 -18.06972429 6.480304127 -24.55002842 100.2671402 4366569.953
73000 74.00101 -18.07774737 6.508328366 -24.58607574 100.700748 3285778.787
74000 75.00101 -18.04178614 6.415840466 -24.4576266 99.26971993 -2243101.129
75000 76.00101 -17.99367594 6.441376107 -24.43505205 99.66482264 -796039.9069
76000 77.00101 -17.9934455 6.434310058 -24.42775555 99.5554925 1833704.295
77000 78.00101 -17.99461339 6.555896692 -24.55051008 101.4367536 -2426912.41
78000 79.00101 -18.01681055 6.485455774 -24.50226633 100.3468496 -5384028.671
79000 80.00101 -18.03396354 6.457985858 -24.4919494 99.92181864 -1988126.396
80000 81.00101 -17.98041005 6.695621409 -24.67603146 103.598658 -2307745.836
81000 82.00101 -17.96685685 6.33501669 -24.30187354 98.01916614 4652169.096
82000 83.00101 -17.94752865 6.371238976 -24.31876763 98.57961901 4588553.63
83000 84.00101 -17.93081327 6.357109245 -24.28792251 98.36099536 384344.9409
84000 85.00101 -17.94129634 6.623165149 -24.56446149 102.4775714 -3591580.784
85000 86.00101 -17.97586521 6.660193245 -24.63605846 103.0504922 -4118002.289
86000 87.00101 -17.9643548 6.447064167 -24.41141896 99.75283171 846212.9201
87000 88.00101 -17.94177769 6.5678151 -24.50959279 101.6211623 1869371.999
88000 89.00101 -17.92805085 6.412517353 -24.3405682 99.21830273 4735515.152
89000 90.00101 -17.87758319 6.470225919 -24.34780911 100.1112042 2331125.046
90000 91.00101 -17.8812066 6.588924648 -24.47013124 101.9477819 -3807124.553
91000 92.00101 -17.88562942 6.475456885 -24.3610863 100.1921408 1807547.596
92000 93.00101 -17.86966865 6.570944862 -24.44061351 101.6695879 4635101.141
93000 94.00101 -17.85779989 6.329464098 -24.18726399 97.93325311 6694070.414
94000 95.00101 -17.80712331 6.160113846 -23.96723716 95.31296476 10479257.15
95000 96.00101 -17.78124165 6.361630342 -24.14287199 98.43094848 4014309.961
96000 97.00101 -17.74326035 6.63145186 -24.37471221 102.6057883 -8203321.884
97000 98.00101 -17.71427149 6.35835047 -24.07262196 98.38020034 7573656.713
98000 99.00101 -17.66112063 6.241357691 -23.90247833 96.57001811 7406829.363
99000 100.00101 -17.67192106 6.413575083 -24.08549614 99.23466857 1408558.755
100000 101.00101 -17.7086802 6.558413345 -24.26709355 101.4756928 -5655898.142
