Loading the initial atomic configuration from "ArHW4.data"
Number of steps: 100000
Boundary: periodic periodic periodic
System dimensions: 38.269 38.269 38.269 A
The total number of atoms: 1372
Atomic masses: m[type1] = 39.948 Da
Neigbor List algorithm: O(N^2) complexity, Rskin = 2.000000 A, update every 50 steps
Verlet integration algorithm: time step = 0.000010 ps
Handlers:
Assigning the initial velocity corresponding to T = 94.000000 K
Berendsen barostat: P = 0.000100 GPa; pressure control XYZ together; beta = 0.100000 GPa^-1

Potentials:
type1-type1 : Lennard-Jones potential for Ar-Ar interaction, Rcut = 8.512500 A

Step   Time   Energy   Kinetic   Potential   Temperature   Pressure
0 1e-05 -74.38532988 33.34100726 -107.7263371 188 -188488281.1
1000 0.01001 -74.40976637 33.21615749 -107.6259239 187.2960093 -122555515.9
2000 0.02001 -74.45560559 32.83645624 -107.2920618 185.1549872 -116374473.8
3000 0.03001 -74.622941 32.19263719 -106.8155782 181.5246835 -106900334.9
4000 0.04001 -74.80599897 31.26888249 -106.0748815 176.3159062 -93431996.42
5000 0.05001 -74.96570063 30.04467885 -105.0103795 169.4129868 -75663907.6
6000 0.06001 -75.07936274 28.50464623 -103.584009 160.729202 -53487587.91
7000 0.07001 -75.17014674 26.64942648 -101.8195732 150.268171 -27278845.1
8000 0.08001 -75.24248911 24.51062554 -99.75311465 138.2081101 2314013.563
9000 0.09001 -75.29318293 22.16611303 -97.45929596 124.988103 34155294.47
10000 0.10001 -75.32845313 19.7468255 -95.07527863 111.3464619 66478852.7
11000 0.11001 -75.36228972 17.42336498 -92.7856547 98.2451607 97074794.75
12000 0.12001 -75.39059253 15.37189597 -90.7624885 86.67753854 123835273.4
13000 0.13001 -75.42344633 13.73374328 -89.1571896 77.4404839 145026535
14000 0.14001 -75.45271895 12.58691935 -88.0396383 70.97388568 159791127.8
15000 0.15001 -75.48311613 11.93809558 -87.42121171 67.31536185 168053557.4
16000 0.16001 -75.51706342 11.73356864 -87.25063206 66.16209544 170474799.5
17000 0.17001 -75.54665826 11.88127691 -87.42793516 66.99497832 168240603.3
18000 0.18001 -75.57200156 12.27452625 -87.84652782 69.21239414 162679345.7
19000 0.19001 -75.5954241 12.81077263 -88.40619673 72.23612758 155072617
20000 0.20001 -75.62010108 13.40299136 -89.02309245 75.57547245 146522858.4
21000 0.21001 -75.63631045 13.9844984 -89.62080885 78.8544173 137966669.8
22000 0.22001 -75.65002326 14.50935729 -90.15938055 81.81394008 130001557.1
23000 0.23001 -75.66379669 14.94986957 -90.61366626 84.29785749 123018571.9
24000 0.24001 -75.67265144 15.29255918 -90.96521061 86.23018203 117268389.9
25000 0.25001 -75.68554081 15.53399256 -91.21953337 87.59155289 112785179.9
26000 0.26001 -75.69356253 15.67782546 -91.37138799 88.40258373 109603227.3
27000 0.27001 -75.69869877 15.73288713 -91.43158589 88.71306007 107618051.8
28000 0.28001 -75.70405437 15.71207306 -91.41612743 88.59569573 106658084.3
29000 0.29001 -75.71100078 15.63183973 -91.3428405 88.1432839 106512145.9
30000 0.30001 -75.71884813 15.51115755 -91.23000568 87.46279307 106945331.3
31000 0.31001 -75.72231119 15.3702083 -91.09251949 86.6680223 107732696.5
32000 0.32001 -75.72799171 15.22826247 -90.95625417 85.86763205 108591285.2
33000 0.33001 -75.73604982 15.10158816 -90.83763798 85.15335339 109309275.5
34000 0.34001 -75.74694076 15.00217718 -90.74911794 84.59280452 109723186.2
35000 0.35001 -75.75538009 14.93761388 -90.69299397 84.2287513 109755550.4
36000 0.36001 -75.76665061 14.91136786 -90.67801847 84.08075784 109321236.8
37000 0.37001 -75.77023463 14.92275019 -90.69298482 84.14493938 108474688
38000 0.38001 -75.77629382 14.96773755 -90.74403138 84.39860975 107196706.5
39000 0.39001 -75.77785584 15.03998615 -90.81784199 84.80599806 105594945.8
40000 0.40001 -75.78713307 15.13263787 -90.91977094 85.32843345 103679312.5
41000 0.41001 -75.79550616 15.23959102 -91.03509718 85.93151039 101572804.6
42000 0.42001 -75.80480126 15.35592193 -91.1607232 86.58746573 99329426.71
43000 0.43001 -75.80661149 15.47718461 -91.2837961 87.27122982 97056526.45
44000 0.44001 -75.81052266 15.59872234 -91.409245 87.95654486 94762233.82
45000 0.45001 -75.81537091 15.71556049 -91.5309314 88.61536033 92518160.71
46000 0.46001 -75.81832956 15.82277786 -91.64110742 89.21992712 90402070.14
47000 0.47001 -75.81859337 15.91644759 -91.73504096 89.74810282 88468535.76
48000 0.48001 -75.81805274 15.99418504 -91.81223779 90.18644112 86737451.28
49000 0.49001 -75.81843116 16.05579501 -91.87422617 90.53384136 85204750.93
50000 0.50001 -75.81976489 16.10326976 -91.92303465 90.80153733 83851707.35
51000 0.51001 -75.81889042 16.14000874 -91.95889916 91.00869748 82660240.74
52000 0.52001 -75.82070594 16.16993574 -91.99064168 91.17744687 81560296.98
53000 0.53001 -75.82388133 16.19654452 -92.02042585 91.32748588 80520931.79
54000 0.54001 -75.82657711 16.22230534 -92.04888245 91.47274344 79523161.29
55000 0.55001 -75.82728705 16.2495987 -92.07688575 91.62664256 78548162.83
56000 0.56001 -75.83105424 16.28138757 -92.11244181 91.80589055 77534985.87
57000 0.57001 -75.83367121 16.32086981 -92.15454102 92.02851911 76475001.55
58000 0.58001 -75.8384954 16.36843947 -92.20693487 92.29675024 75347264.25
59000 0.59001 -75.84115131 16.41926705 -92.26041836 92.5833518 74228946.35
60000 0.60001 -75.84148146 16.46484638 -92.30632784 92.84036006 73211108.06
61000 0.61001 -75.847741 16.49729344 -92.34503444 93.02331939 72330589.02
62000 0.62001 -75.84668017 16.51198 -92.35866017 93.10613248 71708595.23
63000 0.63001 -75.85160677 16.50799605 -92.35960282 93.0836682 71277379.71
64000 0.64001 -75.85380799 16.48695239 -92.34076038 92.96500928 71062317.64
65000 0.65001 -75.85734329 16.45278953 -92.31013283 92.77237512 70991528.98
66000 0.66001 -75.85886715 16.41122871 -92.27009586 92.538026 71014779.79
67000 0.67001 -75.86040129 16.36924832 -92.22964961 92.30131113 71039191.79
68000 0.68001 -75.86328554 16.33355897 -92.19684452 92.10006953 70978791.55
69000 0.69001 -75.85910356 16.30910901 -92.16821257 91.96220348 70823250.02
70000 0.70001 -75.86514592 16.29740065 -92.16254657 91.8961835 70457106.74
71000 0.71001 -75.86408458 16.29609447 -92.16017906 91.88881838 70001219.35
72000 0.72001 -75.86766898 16.30027642 -92.1679454 91.91239911 69442049.07
73000 0.73001 -75.86849993 16.30464748 -92.1731474 91.93704623 68878198.73
74000 0.74001 -75.87111482 16.3055009 -92.17661572 91.94185842 68326067.38
75000 0.75001 -75.87383995 16.30135731 -92.17519726 91.91849396 67813473.87
76000 0.76001 -75.87550236 16.29277313 -92.16827548 91.8700903 67343158.03
77000 0.77001 -75.87846083 16.2820915 -92.16055233 91.80985978 66878069.62
78000 0.78001 -75.87683396 16.27330449 -92.15013846 91.76031249 66410098.96
79000 0.79001 -75.87481688 16.27098344 -92.14580032 91.74722474 65868227.78
80000 0.80001 -75.87911943 16.27856957 -92.157689 91.7900007 65180532.11
81000 0.81001 -75.8819975 16.29648475 -92.17848225 91.89101905 64387752.08
82000 0.82001 -75.88310635 16.3222339 -92.20534025 92.03621083 63519272.53
83000 0.83001 -75.88311161 16.35272382 -92.23583542 92.20813436 62606234.99
84000 0.84001 -75.88453207 16.38587616 -92.27040823 92.39507055 61659202.25
85000 0.85001 -75.88316687 16.42065474 -92.30382161 92.59117658 60714747.99
86000 0.86001 -75.88237776 16.45635758 -92.33873534 92.79249429 59764537.79
87000 0.87001 -75.88099273 16.49153376 -92.37252648 92.99084223 58831176.57
88000 0.88001 -75.88187023 16.5244657 -92.40633593 93.17653564 57917943.04
89000 0.89001 -75.88434551 16.55372157 -92.43806708 93.34150078 57043931.23
90000 0.90001 -75.88842236 16.57872744 -92.4671498 93.48250141 56215217.55
91000 0.91001 -75.88688224 16.59971133 -92.48659357 93.60082334 55469268.47
92000 0.92001 -75.88847171 16.61718297 -92.50565468 93.69934069 54751965.11
93000 0.93001 -75.88647238 16.63126417 -92.51773655 93.77874037 54099175.16
94000 0.94001 -75.88458828 16.64167674 -92.52626502 93.83745378 53492920.22
95000 0.95001 -75.88618471 16.64813476 -92.53431947 93.8738686 52916982.39
96000 0.96001 -75.88437615 16.65078335 -92.53515951 93.88880324 52406627.4
97000 0.97001 -75.88689776 16.65056517 -92.53746294 93.88757299 51906819.44
98000 0.98001 -75.88417414 16.6493705 -92.53354464 93.88083658 51449348.2
99000 0.99001 -75.88275844 16.64970425 -92.53246269 93.8827185 50969053.38
100000 1.00001 -75.88281624 16.65450097 -92.53731721 93.90976576 50432513.47
