Loading the initial atomic configuration from "ArHW4.data"
Number of steps: 100000
Boundary: periodic periodic periodic
System dimensions: 38.269 38.269 38.269 A
The total number of atoms: 1372
Atomic masses: m[type1] = 39.948 Da
Neigbor List algorithm: O(N^2) complexity, Rskin = 2.000000 A, update every 50 steps
Verlet integration algorithm: time step = 0.000010 ps
Handlers:
Assigning the initial velocity corresponding to T = 93.000000 K
Berendsen barostat: P = 0.000100 GPa; pressure control XYZ together; beta = 0.100000 GPa^-1

Potentials:
type1-type1 : Lennard-Jones potential for Ar-Ar interaction, Rcut = 8.512500 A

Step   Time   Energy   Kinetic   Potential   Temperature   Pressure
0 1e-05 -74.74002145 32.98631569 -107.7263371 186 -188488281.1
1000 0.01001 -74.76459273 32.862799 -107.6273917 185.3035262 -123249944.4
2000 0.02001 -74.81007188 32.48720477 -107.2972767 183.1856623 -117126829.2
3000 0.03001 -74.97538297 31.85052188 -106.8259049 179.5955973 -107745999.9
4000 0.04001 -75.15845648 30.93746175 -106.0959182 174.4471234 -94431674
5000 0.05001 -75.31702033 29.72812289 -105.0451432 167.6280222 -76864579.63
6000 0.06001 -75.4327515 28.20765599 -103.6404075 159.0545626 -54963918.39
7000 0.07001 -75.52306867 26.37683383 -101.8999025 148.7311023 -29070418.66
8000 0.08001 -75.59572772 24.26655924 -99.86228697 136.831893 160800.9035
9000 0.09001 -75.64846899 21.95270586 -97.60117485 123.7847636 31614988.26
10000 0.10001 -75.68308793 19.56291264 -95.24600057 110.3094321 63591017.61
11000 0.11001 -75.71604639 17.26395767 -92.98000407 97.34631043 93908968.64
12000 0.12001 -75.7445788 15.2289642 -90.97354299 85.8715889 120487409.2
13000 0.13001 -75.77594816 13.59794591 -89.37389407 76.67476304 141622048
14000 0.14001 -75.80544837 12.44958954 -88.2550379 70.19952381 156426466.1
15000 0.15001 -75.83484043 11.79275148 -87.62759191 66.49580981 164815172.7
16000 0.16001 -75.86779619 11.57657602 -87.44437221 65.27686084 167407617.9
17000 0.17001 -75.89662678 11.71173807 -87.60836485 66.03899937 165355351.1
18000 0.18001 -75.92146168 12.09363371 -88.01509539 68.19239502 159960900.5
19000 0.19001 -75.94614478 12.62102033 -88.56716511 71.16617094 152480969.4
20000 0.20001 -75.96880273 13.20743999 -89.17624272 74.47281659 144039070.4
21000 0.21001 -75.98473967 13.78621379 -89.77095346 77.7363495 135542573.3
22000 0.22001 -75.99722672 14.31105119 -90.30827791 80.6957511 127608067.1
23000 0.23001 -76.01031723 14.75369996 -90.76401719 83.19171554 120624453.4
24000 0.24001 -76.02036692 15.10012844 -91.12049536 85.14512245 114841726.8
25000 0.25001 -76.03161268 15.34640512 -91.3780178 86.53380326 110327236.8
26000 0.26001 -76.03917483 15.49573595 -91.53491078 87.37583528 107098447.1
27000 0.27001 -76.04351812 15.5565404 -91.60005852 87.71869347 105065038.5
28000 0.28001 -76.04807739 15.54129563 -91.58937302 87.63273274 104059054.2
29000 0.29001 -76.05472398 15.46605847 -91.52078244 87.2084928 103871675
30000 0.30001 -76.0622625 15.349418 -91.4116805 86.55079199 104275457.5
31000 0.31001 -76.06624661 15.21127177 -91.27751839 85.7718266 105044122.7
32000 0.32001 -76.07210625 15.07079583 -91.14290208 84.97972464 105902493.2
33000 0.33001 -76.07899494 14.94432954 -91.02332448 84.26661896 106643604.9
34000 0.34001 -76.08922316 14.84406093 -90.9332841 83.70123415 107091126
35000 0.35001 -76.09717394 14.77782256 -90.8749965 83.32773574 107166431.7
36000 0.36001 -76.10695592 14.74935475 -90.85631067 83.16721422 106787546.7
37000 0.37001 -76.1112515 14.75831888 -90.86957038 83.21776028 105986601.3
38000 0.38001 -76.11736279 14.80103826 -90.91840105 83.4586421 104756444.2
39000 0.39001 -76.1191633 14.87139675 -90.99056005 83.85537267 103196843.8
40000 0.40001 -76.12751841 14.96263807 -91.09015647 84.36985527 101323891.1
41000 0.41001 -76.13549151 15.06863064 -91.20412215 84.96751578 99251096.4
42000 0.42001 -76.14356429 15.18436758 -91.32793188 85.62012188 97040489.84
43000 0.43001 -76.14551048 15.30542738 -91.45093787 86.30274202 94786842.55
44000 0.44001 -76.14856202 15.4272597 -91.57582172 86.98971814 92510517.5
45000 0.45001 -76.15441068 15.54498597 -91.69939664 87.65354144 90266008.7
46000 0.46001 -76.15720509 15.65373444 -91.81093954 88.26674167 88147898.54
47000 0.47001 -76.15596893 15.74950255 -91.90547148 88.8067495 86212627.16
48000 0.48001 -76.15595031 15.82975624 -91.98570655 89.25927611 84463146.02
49000 0.49001 -76.1563527 15.89405507 -92.05040777 89.62183805 82912430.14
50000 0.50001 -76.15704078 15.94413901 -92.10117979 89.90424645 81545691.87
51000 0.51001 -76.15602852 15.98318101 -92.13920953 90.12439268 80340845.02
52000 0.52001 -76.15754206 16.01498058 -92.17252264 90.30370097 79233098.16
53000 0.53001 -76.16058744 16.04304149 -92.20362893 90.46192803 78189745.9
54000 0.54001 -76.16383046 16.06990264 -92.2337331 90.61339005 77188404.04
55000 0.55001 -76.16525942 16.09791941 -92.26317883 90.7713683 76213334.52
56000 0.56001 -76.16554929 16.12995015 -92.29549944 90.95198011 75229029.31
57000 0.57001 -76.16923507 16.16923361 -92.33846868 91.17348783 74177243.86
58000 0.58001 -76.17194098 16.21650267 -92.38844365 91.44002394 73076683.28
59000 0.59001 -76.17534442 16.26751087 -92.44285529 91.72764398 71964583.2
60000 0.60001 -76.17844363 16.31406475 -92.49250839 91.99014743 70933690.96
61000 0.61001 -76.18277005 16.34813682 -92.53090687 92.18226965 70060149.16
62000 0.62001 -76.18162796 16.36475909 -92.54638704 92.27599766 69432062.36
63000 0.63001 -76.1868108 16.36273886 -92.54954966 92.26460623 68993429.07
64000 0.64001 -76.18910213 16.34347623 -92.53257836 92.15599001 68775077.75
65000 0.65001 -76.19222212 16.31066626 -92.50288838 91.97098437 68709759.12
66000 0.66001 -76.19232348 16.26974303 -92.46206651 91.74023044 68752920.56
67000 0.67001 -76.1947895 16.22744238 -92.42223188 91.50170971 68795430.4
68000 0.68001 -76.19675986 16.19034678 -92.38710664 91.29253866 68775634.89
69000 0.69001 -76.19419008 16.16356966 -92.35775974 91.14155048 68656579.92
70000 0.70001 -76.19748293 16.14912735 -92.34661028 91.06011462 68355675.19
71000 0.71001 -76.19418269 16.14526812 -92.33945082 91.03835357 67959610.09
72000 0.72001 -76.19906718 16.14761215 -92.34667933 91.05157086 67431948.37
73000 0.73001 -76.20137097 16.15111144 -92.35248241 91.07130229 66887359.32
74000 0.74001 -76.20412029 16.15201753 -92.35613782 91.07641146 66350856.94
75000 0.75001 -76.20630893 16.14863298 -92.35494191 91.05732697 65848793.32
76000 0.76001 -76.2060945 16.14124642 -92.34734092 91.0156764 65390532.85
77000 0.77001 -76.2098664 16.13190975 -92.34177614 90.96302967 64919846.35
78000 0.78001 -76.20636442 16.12429575 -92.33066017 90.92009659 64462180.71
79000 0.79001 -76.20650819 16.12278001 -92.32928819 90.91154978 63911065.48
80000 0.80001 -76.21011789 16.1308452 -92.3409631 90.95702702 63232810.99
81000 0.81001 -76.21314768 16.14916275 -92.36231043 91.06031423 62445081.28
82000 0.82001 -76.21457763 16.17550406 -92.39008169 91.208845 61578552.95
83000 0.83001 -76.21423695 16.20681002 -92.42104696 91.38536996 60668736.18
84000 0.84001 -76.21514698 16.24091114 -92.45605813 91.57765604 59724736.71
85000 0.85001 -76.21445124 16.27656561 -92.49101685 91.77870094 58777727.11
86000 0.86001 -76.21047089 16.31298026 -92.52345115 91.98403231 57848916.51
87000 0.87001 -76.21077207 16.34865675 -92.55942882 92.18520139 56912812.11
88000 0.88001 -76.21249932 16.38180172 -92.59430104 92.37209598 56005211.31
89000 0.89001 -76.21179597 16.41099395 -92.62278992 92.53670229 55163199.71
90000 0.90001 -76.21656531 16.43562684 -92.65219214 92.67559978 54348909.62
91000 0.91001 -76.2168985 16.45599448 -92.67289298 92.79044687 53614210.78
92000 0.92001 -76.21901937 16.4727418 -92.69176117 92.88488001 52917323.62
93000 0.93001 -76.21621357 16.48617551 -92.70238909 92.96062871 52291898.42
94000 0.94001 -76.21554302 16.49619109 -92.71173411 93.01710355 51699265
95000 0.95001 -76.21398801 16.5025598 -92.71654781 93.0530148 51158112.43
96000 0.96001 -76.21104848 16.50536962 -92.71641811 93.06885858 50668859.38
97000 0.97001 -76.21664449 16.50533117 -92.72197567 93.06864176 50166605.24
98000 0.98001 -76.21363469 16.50405445 -92.71768914 93.06144268 49728491.42
99000 0.99001 -76.2122722 16.5037674 -92.7160396 93.05982411 49271573.33
100000 1.00001 -76.21205163 16.50717501 -92.71922664 93.0790386 48768420.32
