Loading the initial atomic configuration from "equilT94.data"
Number of steps: 100000
Boundary: periodic periodic periodic
System dimensions: 28.0751 28.0751 28.0751 A
The total number of atoms: 500
Atomic masses: m[type1] = 39.948 Da
Neigbor List algorithm: O(N^2) complexity, Rskin = 2.000000 A, update every 50 steps
Verlet integration algorithm: time step = 0.001000 ps
Handlers:
Berendsen thermostat: T = 94.000000 K, tau = 2.000000 ps
Berendsen barostat: P = 0.000100 GPa; pressure control XYZ together; beta = 0.100000 GPa^-1

Potentials:
type1-type1 : Lennard-Jones potential for Ar-Ar interaction, Rcut = 8.512500 A

Step   Time   Energy   Kinetic   Potential   Temperature   Pressure
0 1.00101 -25.3278542 6.446159818 -31.77401402 99.73883907 17782309.99
1000 2.00101 -25.40014853 6.095891016 -31.49603954 94.31927073 17179432.63
2000 3.00101 -25.39916693 6.064676635 -31.46384357 93.83630316 12917539.27
3000 4.00101 -25.38320004 6.027728574 -31.41092862 93.26462068 8397837.48
4000 5.00101 -25.36879801 6.081727177 -31.45052519 94.10011935 5741347.203
5000 6.00101 -25.30905271 6.089314418 -31.39836713 94.21751368 2510322.085
6000 7.00101 -25.30020091 5.916679917 -31.21688082 91.54640945 6409667.837
7000 8.00101 -25.26636114 5.981224016 -31.24758516 92.54507434 4155736.87
8000 9.00101 -25.2339326 5.929735295 -31.16366789 91.74841007 6909816.503
9000 10.00101 -25.19448842 6.026169556 -31.22065798 93.24049862 4508936.185
10000 11.00101 -25.14270074 6.018653591 -31.16135434 93.1242071 3436315.136
11000 12.00101 -25.13292142 6.209076449 -31.34199787 96.07054343 -2939199.173
12000 13.00101 -25.04438055 5.819178087 -30.86355864 90.03780284 11927268.02
13000 14.00101 -24.96389777 5.967005234 -30.930903 92.32507285 5482648.582
14000 15.00101 -24.88776411 6.042688293 -30.9304524 93.49608638 4734306.004
15000 16.00101 -24.86484559 6.078561295 -30.94340689 94.05113493 -245913.7443
16000 17.00101 -24.82017559 5.818996442 -30.63917203 90.03499232 9685704.621
17000 18.00101 -24.74374637 6.221087727 -30.96483409 96.25638911 -2563742.879
18000 19.00101 -24.76522022 6.307577143 -31.07279736 97.59460506 -9611159.664
19000 20.00101 -24.79450119 6.13817236 -30.93267355 94.97347297 20790.87095
20000 21.00101 -24.79331968 5.881375699 -30.67469538 91.00016148 5641399.869
21000 22.00101 -24.78312895 6.148849185 -30.93197813 95.13867118 -2910159.645
22000 23.00101 -24.75633914 6.113831729 -30.87017087 94.59686017 -1179404.86
23000 24.00101 -24.77566358 5.882089884 -30.65775347 91.01121177 6878245.698
24000 25.00101 -24.76088286 6.012443288 -30.77332615 93.02811759 1953745.507
25000 26.00101 -24.69268381 5.850401001 -30.54308481 90.52090243 11926900.31
26000 27.00101 -24.58100878 5.906898667 -30.48790745 91.3950681 5236142.548
27000 28.00101 -24.59557445 6.345431584 -30.94100604 98.1803116 -9555895.825
28000 29.00101 -24.60676586 6.097509742 -30.7042756 94.34431662 2441962.935
29000 30.00101 -24.60328893 6.063733744 -30.66702267 93.82171419 672569.8208
30000 31.00101 -24.61154717 6.245648762 -30.85719593 96.63641213 -6443280.51
31000 32.00101 -24.63390256 6.292197791 -30.92610035 97.35664653 -7071609.728
32000 33.00101 -24.65378326 6.052054429 -30.70583768 93.64100484 -1011025.808
33000 34.00101 -24.62482445 6.033688657 -30.65851311 93.35683863 3330315.282
34000 35.00101 -24.59002459 6.165736328 -30.75576091 95.39995917 -1119019.449
35000 36.00101 -24.59445478 5.964131669 -30.55858645 92.28061133 4192565.176
36000 37.00101 -24.57046911 6.222785971 -30.79325508 96.28266535 -4204319.868
37000 38.00101 -24.50734525 6.215893507 -30.72323876 96.17602103 -4101475.851
38000 39.00101 -24.48644871 5.944420287 -30.430869 91.97562504 3214810.466
39000 40.00101 -24.41019811 5.744794136 -30.15499224 88.88688987 12027339.3
40000 41.00101 -24.33362031 6.042537944 -30.37615825 93.49376011 2458327.398
41000 42.00101 -24.31358324 6.207461371 -30.52104461 96.04555397 -4172804.337
42000 43.00101 -24.21590065 5.88994555 -30.1058462 91.13275933 10415019.7
43000 44.00101 -24.15323061 6.064408585 -30.2176392 93.83215573 2879314.124
44000 45.00101 -24.12685057 6.097201744 -30.22405231 94.33955109 -3775624.625
45000 46.00101 -24.05801124 5.822605727 -29.88061697 90.09083733 9313906.22
46000 47.00101 -23.98943775 5.929681884 -29.91911964 91.74758366 9655156.493
47000 48.00101 -23.87131166 5.867949527 -29.73926119 90.79242372 6860660.498
48000 49.00101 -23.6886381 5.805671689 -29.49430979 89.82882377 13292836.78
49000 50.00101 -23.48938022 5.824119655 -29.31349987 90.11426173 15145459.14
50000 51.00101 -23.22546206 5.529075505 -28.75453757 85.54916223 26352145.86
51000 52.00101 -22.9746415 5.767500197 -28.7421417 89.23821163 14953897.27
52000 53.00101 -22.75916745 5.585852238 -28.34501969 86.42764579 24787651.57
53000 54.00101 -22.53456886 5.645698875 -28.18026773 87.35362874 17855187.57
54000 55.00101 -22.33510373 5.732666675 -28.0677704 88.69924654 18843384.31
55000 56.00101 -22.1474943 5.835770754 -27.98326506 90.2945345 15065173.88
56000 57.00101 -21.92493559 5.548831527 -27.47376712 85.85483922 24587504.09
57000 58.00101 -21.72260559 5.743805701 -27.46641129 88.87159622 16086395.54
58000 59.00101 -21.57811729 5.783796423 -27.36191371 89.49035658 17061926.66
59000 60.00101 -21.45090541 5.885409432 -27.33631484 91.06257381 9860746.965
60000 61.00101 -21.32246964 5.966251365 -27.28872101 92.31340853 9984749.684
61000 62.00101 -21.21990751 5.900491018 -27.12039853 91.29592512 9472418.191
62000 63.00101 -21.11074507 6.001980262 -27.11272533 92.86622739 4884942.583
63000 64.00101 -21.03313551 5.844855318 -26.87799083 90.4350963 15986402.05
64000 65.00101 -20.94762373 5.560015386 -26.50763911 86.02788256 22992597.48
65000 66.00101 -20.80355678 5.845478222 -26.649035 90.44473425 14948672.78
66000 67.00101 -20.74339996 6.018698163 -26.76209812 93.12489675 8890920.341
67000 68.00101 -20.69300126 5.828219242 -26.5212205 90.17769299 7582930.419
68000 69.00101 -20.5549632 5.883121574 -26.43808477 91.0271747 9846754.1
69000 70.00101 -20.48081821 6.108830214 -26.58964842 94.51947374 2715426.6
70000 71.00101 -20.36319791 5.961545409 -26.32474332 92.24059517 8197938.404
71000 72.00101 -20.25466387 5.989838201 -26.24450207 92.67835816 3971424.583
72000 73.00101 -20.23848548 6.022937969 -26.26142345 93.19049757 7855416.132
73000 74.00101 -20.12060733 5.897202069 -26.0178094 91.24503654 8110323.728
74000 75.00101 -20.08862298 5.850387387 -25.93901037 90.52069179 8972100.643
75000 76.00101 -20.03164559 5.788521197 -25.82016679 89.5634611 14491543.78
76000 77.00101 -19.95039632 5.863214305 -25.81361063 90.71915753 11356224.71
77000 78.00101 -19.89617148 5.987156238 -25.88332772 92.63686123 8020510.969
78000 79.00101 -19.90094979 6.078910107 -25.9798599 94.05653195 -1235035.12
79000 80.00101 -19.89441033 5.993941305 -25.88835163 92.74184384 6596643.661
80000 81.00101 -19.83967589 6.059170566 -25.89884646 93.75110998 8156100.537
81000 82.00101 -19.82039937 6.380366957 -26.20076632 98.72085259 -6568502.011
82000 83.00101 -19.76545384 6.059055091 -25.82450893 93.74932328 -2316253.897
83000 84.00101 -19.76699497 6.001506571 -25.76850154 92.85889816 7142487.325
84000 85.00101 -19.7256687 6.005686485 -25.73135519 92.92357229 6138683.61
85000 86.00101 -19.65757621 5.865586279 -25.52316249 90.75585813 7057760.059
86000 87.00101 -19.59237534 6.075388535 -25.66776388 94.00204408 -1501685.917
87000 88.00101 -19.61102011 6.163885924 -25.77490604 95.37132861 -1048888.667
88000 89.00101 -19.60267157 5.790306891 -25.39297847 89.59109042 8083550.37
89000 90.00101 -19.59306615 6.174399692 -25.76746584 95.5340039 2321011.263
90000 91.00101 -19.53603841 6.098981337 -25.63501974 94.36708603 1230753.87
91000 92.00101 -19.52619656 6.135685599 -25.66188216 94.93499632 2794482.093
92000 93.00101 -19.52278545 5.978776442 -25.50156189 92.50720401 5728807.836
93000 94.00101 -19.50766265 6.307504071 -25.81516672 97.59347445 -6196426.077
94000 95.00101 -19.56930933 5.99833547 -25.5676448 92.809833 2081764.026
95000 96.00101 -19.58499 6.222350925 -25.80734092 96.27593405 -8285270.737
96000 97.00101 -19.60847085 5.735426308 -25.34389716 88.74194523 10777199.21
97000 98.00101 -19.55618098 5.944007288 -25.50018826 91.96923487 167903.0149
98000 99.00101 -19.54032873 6.058500656 -25.59882939 93.74074473 -1497244.147
99000 100.00101 -19.54954023 5.98153451 -25.53107474 92.5498785 -122162.4726
100000 101.00101 -19.48930867 6.124503985 -25.61381266 94.7619877 3940322.649
