Loading the initial atomic configuration from "equilT74.data"
Number of steps: 100000
Boundary: periodic periodic periodic
System dimensions: 27.9465 27.9465 27.9465 A
The total number of atoms: 500
Atomic masses: m[type1] = 39.948 Da
Neigbor List algorithm: O(N^2) complexity, Rskin = 2.000000 A, update every 50 steps
Verlet integration algorithm: time step = 0.001000 ps
Handlers:
Berendsen thermostat: T = 74.000000 K, tau = 2.000000 ps
Berendsen barostat: P = 0.000100 GPa; pressure control XYZ together; beta = 0.100000 GPa^-1

Potentials:
type1-type1 : Lennard-Jones potential for Ar-Ar interaction, Rcut = 8.512500 A

Step   Time   Energy   Kinetic   Potential   Temperature   Pressure
0 1.00101 -27.9336484 5.288213031 -33.22186143 81.82239401 -22779538.58
1000 2.00101 -28.15222817 5.094722652 -33.24695082 78.82859517 -14796195.3
2000 3.00101 -28.35553816 5.046337502 -33.40187566 78.0799512 -11561358.46
3000 4.00101 -28.53203534 5.021835717 -33.55387106 77.70084493 -11502126.25
4000 5.00101 -28.68504749 4.923032879 -33.60808037 76.17210835 -7430486.162
5000 6.00101 -28.83712005 4.963150154 -33.8002702 76.79282682 -8545176.582
6000 7.00101 -28.94467144 5.002146699 -33.94681814 77.39620467 -8738842.419
7000 8.00101 -29.04858902 5.028700277 -34.0772893 77.80705751 -7508343.151
8000 9.00101 -29.16148706 5.020029598 -34.18151665 77.67289958 -7850132.34
9000 10.00101 -29.2784285 4.848683147 -34.12711165 75.02172483 -4854959.835
10000 11.00101 -29.35848388 4.952181262 -34.31066514 76.62310955 -6971829.591
11000 12.00101 -29.44522006 4.963463302 -34.40868337 76.79767203 -8129848.06
12000 13.00101 -29.50466366 4.946901404 -34.45156506 76.54141644 -6662372.415
13000 14.00101 -29.6015938 4.73999893 -34.34159273 73.34009765 1588659.29
14000 15.00101 -29.65013639 4.761397558 -34.41153395 73.67119001 900680.2574
15000 16.00101 -29.71649152 4.720029303 -34.43652082 73.03111563 1508739.662
16000 17.00101 -29.71060193 4.839493036 -34.55009496 74.87952994 -2397666.485
17000 18.00101 -29.77574329 4.741384056 -34.51712735 73.36152914 2264134.329
18000 19.00101 -29.7956256 4.898607949 -34.69423355 75.79419122 -4572286.373
19000 20.00101 -29.83190734 4.545189292 -34.37709663 70.32588644 8802024.965
20000 21.00101 -29.85678257 4.733847688 -34.59063026 73.24492195 1420597.654
21000 22.00101 -29.87094954 4.73659343 -34.60754297 73.2874057 1786610.218
22000 23.00101 -29.87183677 4.971232946 -34.84306972 76.9178886 -8003840.646
23000 24.00101 -29.87980735 4.750746797 -34.63055415 73.50639506 786436.8782
24000 25.00101 -29.91455617 4.714594437 -34.62915061 72.94702414 2672087.678
25000 26.00101 -29.90740223 4.733598864 -34.64100109 73.241072 2898435.58
26000 27.00101 -29.93222653 4.654709301 -34.58693583 72.02044551 5489615.946
27000 28.00101 -29.93639061 4.885836098 -34.82222671 75.59657751 -5564380.554
28000 29.00101 -29.91598552 4.597094473 -34.51307999 71.12899444 8224471.855
29000 30.00101 -29.93745071 4.726496928 -34.66394764 73.13118659 1882438.308
30000 31.00101 -29.92746806 4.778170433 -34.70563849 73.93070996 992027.6474
31000 32.00101 -29.94735217 4.870571741 -34.81792391 75.36039825 -3268613.922
32000 33.00101 -29.94390854 4.843315879 -34.78722442 74.93867926 -3212820.944
33000 34.00101 -29.92086559 4.804890183 -34.72575577 74.34413391 -399877.3948
34000 35.00101 -29.92731381 4.881163268 -34.80847708 75.5242767 -3759978.844
35000 36.00101 -29.92308151 4.710654937 -34.63373645 72.88606983 2649531.171
36000 37.00101 -29.96542074 4.837478062 -34.8028988 74.84835306 -1246665.759
37000 38.00101 -29.95338939 4.937514323 -34.89090371 76.3961739 -5264149.712
38000 39.00101 -29.95226288 4.692088023 -34.6443509 72.59879145 3626053.593
39000 40.00101 -29.95558892 4.933586296 -34.88917521 76.33539712 -5247970.827
40000 41.00101 -29.95368277 4.849919072 -34.80360184 75.0408478 -2310117.71
41000 42.00101 -29.9348828 4.557718465 -34.49260126 70.5197453 8325592.238
42000 43.00101 -29.93727813 4.725141682 -34.66241981 73.11021742 1756304.206
43000 44.00101 -29.9139937 4.768774249 -34.68276795 73.78532659 617580.0721
44000 45.00101 -29.97294426 4.613911934 -34.58685619 71.38920424 6563353.217
45000 46.00101 -29.95372547 4.827859891 -34.78158536 74.69953496 -3027532.53
46000 47.00101 -29.9314669 4.9716236 -34.9030905 76.92393303 -7038569.235
47000 48.00101 -29.94753766 4.777206166 -34.72474383 73.91579024 170787.7207
48000 49.00101 -29.94172543 4.815944725 -34.75767015 74.51517639 -1937178.652
49000 50.00101 -29.93318646 4.73518485 -34.66837131 73.26561131 2128474.828
50000 51.00101 -29.95337559 4.726461465 -34.67983706 73.13063789 1191489.096
51000 52.00101 -29.96659054 4.928469476 -34.89506001 76.25622663 -5550307.598
52000 53.00101 -29.96624665 4.834044249 -34.8002909 74.79522305 -2226034.23
53000 54.00101 -29.96507274 4.751308841 -34.71638158 73.51509134 3119978.838
54000 55.00101 -29.96424644 4.868229972 -34.83247642 75.32416501 -2942081.674
55000 56.00101 -29.95651911 4.830459035 -34.78697814 74.73975047 -2377223.748
56000 57.00101 -29.94965501 4.850222132 -34.79987714 75.04553692 -3127785.687
57000 58.00101 -29.98738839 4.501361762 -34.48875015 69.64776069 9227494.242
58000 59.00101 -29.96845979 4.802535974 -34.77099577 74.30770818 -1384391.957
59000 60.00101 -29.97821214 4.695332999 -34.67354514 72.64899966 3149106.13
60000 61.00101 -29.94306932 4.907658626 -34.85072794 75.9342287 -4295035.356
61000 62.00101 -29.959197 4.743367728 -34.70256473 73.39222169 1043936.865
62000 63.00101 -29.96503792 4.675838901 -34.64087682 72.34737531 3067090.986
63000 64.00101 -29.96458766 4.884199925 -34.84878758 75.57126166 -3800406.432
64000 65.00101 -29.9611615 4.758856563 -34.72001806 73.63187422 1349278.385
65000 66.00101 -29.95972132 4.958998757 -34.91872007 76.72859391 -6833355.117
66000 67.00101 -29.93731621 4.93972606 -34.87704226 76.43039522 -4895851.305
67000 68.00101 -29.96800369 4.745864289 -34.71386798 73.43084998 2660138.76
68000 69.00101 -29.95063081 4.947050121 -34.89768094 76.54371748 -4937667.608
69000 70.00101 -29.96418398 4.576052245 -34.54023623 70.80341651 8149805.75
70000 71.00101 -29.97608215 5.050990678 -35.02707282 78.15194792 -9530233.698
71000 72.00101 -29.9926212 4.847153741 -34.83977494 74.99806095 -2057445.694
72000 73.00101 -29.97432315 4.761036976 -34.73536013 73.66561086 675752.9208
73000 74.00101 -29.98493056 4.46134679 -34.44627735 69.02862511 11645284.02
74000 75.00101 -29.94224221 4.928947082 -34.87118929 76.26361643 -5364000.292
75000 76.00101 -29.93553638 4.590588596 -34.52612498 71.02833162 6149596.501
76000 77.00101 -29.95328393 4.753223882 -34.70650781 73.544722 885765.6995
77000 78.00101 -29.94159909 4.866745996 -34.80834509 75.30120404 -3213719.755
78000 79.00101 -29.92892221 4.920553433 -34.84947565 76.13374488 -5408783.016
79000 80.00101 -29.96228978 4.815265028 -34.77755481 74.50465972 -397647.0658
80000 81.00101 -29.97549568 4.912973975 -34.88846966 76.01647096 -4481464.861
81000 82.00101 -29.95618848 4.733827 -34.69001548 73.24460186 704818.6151
82000 83.00101 -29.96967185 4.738724262 -34.70839611 73.32037522 1920566.331
83000 84.00101 -29.94542755 4.843456454 -34.788884 74.94085432 -1603615.82
84000 85.00101 -29.97808501 4.82960664 -34.80769165 74.72656171 -1329392.498
85000 86.00101 -29.96414277 4.803303961 -34.76744674 74.31959093 -1968022.716
86000 87.00101 -29.95400741 4.967329215 -34.92133662 76.85748774 -7349794.644
87000 88.00101 -29.98564579 4.571755468 -34.55740126 70.7369342 8095918.841
88000 89.00101 -29.97443356 4.765377986 -34.73981155 73.73277757 942343.1917
89000 90.00101 -29.9679759 4.718626673 -34.68660257 73.00941331 3008888.718
90000 91.00101 -29.98810524 4.622732527 -34.61083776 71.52568174 6268156.824
91000 92.00101 -29.95834454 4.712636635 -34.67098117 72.91673185 4291104.63
92000 93.00101 -29.95793552 4.740926353 -34.69886188 73.35444729 151335.0394
93000 94.00101 -29.96875798 4.895912368 -34.86467035 75.75248359 -4023998.211
94000 95.00101 -29.95905567 4.761015912 -34.72007158 73.66528496 5047.734756
95000 96.00101 -29.96953768 4.8535139 -34.82305158 75.09646914 -3053232.084
96000 97.00101 -29.95417128 4.704884538 -34.65905582 72.79678677 3140862.62
97000 98.00101 -29.97769171 4.879118181 -34.85680989 75.49263388 -3435163.782
98000 99.00101 -29.97354313 4.593531991 -34.56707512 71.07387359 7816061.601
99000 100.00101 -29.97509067 4.833109888 -34.80820056 74.78076606 -3098204.78
100000 101.00101 -29.95593429 4.840405926 -34.79634021 74.89365473 -1969179.249
