Loading the initial atomic configuration from "ArHW4.data"
Number of steps: 100000
Boundary: periodic periodic periodic
System dimensions: 28 28 28 A
The total number of atoms: 500
Atomic masses: m[type1] = 39.948 Da
Neigbor List algorithm: O(N^2) complexity, Rskin = 2.000000 A, update every 50 steps
Verlet integration algorithm: time step = 0.000010 ps
Handlers:
Assigning the initial velocity corresponding to T = 75.000000 K
Berendsen barostat: P = 0.000100 GPa; pressure control XYZ together; beta = 0.100000 GPa^-1

Potentials:
type1-type1 : Lennard-Jones potential for Ar-Ar interaction, Rcut = 8.512500 A

Step   Time   Energy   Kinetic   Potential   Temperature   Pressure
0 1e-05 -27.45935344 9.694558125 -37.15391157 150 -244297865.5
1000 0.01001 -27.47906641 9.673042342 -37.15210875 149.6670949 -195844515.9
2000 0.02001 -27.49834226 9.607658104 -37.10600036 148.6554309 -192573940.1
3000 0.03001 -27.5168176 9.496318628 -37.01313623 146.93272 -187265714.7
4000 0.04001 -27.53464409 9.335782353 -36.87042644 144.4488067 -179858347.5
5000 0.05001 -27.55233488 9.1219515 -36.67428638 141.1402879 -170285624.1
6000 0.06001 -27.57447876 8.85037912 -36.42485788 136.9383577 -158547108.2
7000 0.07001 -27.60421589 8.517114305 -36.12133019 131.7818852 -144653185.3
8000 0.08001 -27.62962638 8.119593519 -35.7492199 125.6312059 -128460710.1
9000 0.09001 -27.6543497 7.65851893 -35.31286863 118.4971842 -110171683.7
10000 0.10001 -27.67946575 7.140259474 -34.81972523 110.478364 -90131375.72
11000 0.11001 -27.70115195 6.57903102 -34.28018297 101.7947018 -68850495.28
12000 0.12001 -27.71537915 5.998193917 -33.71357307 92.8076428 -47098491.6
13000 0.13001 -27.72778692 5.429152019 -33.15693894 84.00308631 -26002356.52
14000 0.14001 -27.7374883 4.906866998 -32.64435529 75.92198016 -6672035.812
15000 0.15001 -27.74454208 4.463070449 -32.20761253 69.05529461 9890769.752
16000 0.16001 -27.74973047 4.119720372 -31.86945084 63.74277691 22986604.52
17000 0.17001 -27.75739208 3.885262562 -31.64265464 60.11510549 32284278.98
18000 0.18001 -27.76082905 3.754792511 -31.51562157 58.09639484 38027431.9
19000 0.19001 -27.76251888 3.713251367 -31.47577025 57.45364542 40645200.96
20000 0.20001 -27.76508165 3.739878497 -31.50496014 57.86563631 40752576.36
21000 0.21001 -27.7674511 3.812389193 -31.57984029 58.98756515 39078620.96
22000 0.22001 -27.7707678 3.910273453 -31.68104125 60.50208894 36279358.08
23000 0.23001 -27.77216001 4.016696992 -31.788857 62.14873758 32964191.11
24000 0.24001 -27.77314563 4.119541035 -31.89268666 63.7400021 29538486.89
25000 0.25001 -27.77508017 4.211565724 -31.98664589 65.16386311 26263049.1
26000 0.26001 -27.77512057 4.289853336 -32.0649739 66.37517586 23326901.73
27000 0.27001 -27.77949836 4.35461669 -32.13411505 67.3772332 20686018.24
28000 0.28001 -27.78149995 4.407796933 -32.18929689 68.20006971 18425029.83
29000 0.29001 -27.78449536 4.451618885 -32.23611424 68.87810916 16461695.69
30000 0.30001 -27.78412015 4.487668597 -32.27178874 69.43589185 14836462.65
31000 0.31001 -27.78357049 4.516416258 -32.29998674 69.88069285 13503702.31
32000 0.32001 -27.78352256 4.537209976 -32.32073253 70.20242569 12478161.11
33000 0.33001 -27.78364118 4.548902259 -32.33254343 70.38333568 11797641.05
34000 0.34001 -27.78527184 4.550537394 -32.33580924 70.40863547 11464860.86
35000 0.35001 -27.78387703 4.541916235 -32.32579326 70.27524374 11542169.65
36000 0.36001 -27.78584431 4.523952674 -32.30979698 69.99730079 11896994.39
37000 0.37001 -27.78713972 4.498859252 -32.28599897 69.60904036 12509927.96
38000 0.38001 -27.78642075 4.470089805 -32.25651055 69.16390227 13284678.08
39000 0.39001 -27.78469499 4.442085715 -32.22678071 68.73060624 14063087.43
40000 0.40001 -27.7854929 4.419571904 -32.2050648 68.3822591 14642931.42
41000 0.41001 -27.787469 4.406666299 -32.1941353 68.18257587 14913088.35
42000 0.42001 -27.78591627 4.405936021 -32.19185229 68.17127657 14858153.84
43000 0.43001 -27.78385876 4.417712818 -32.20157158 68.35349421 14414238.76
44000 0.44001 -27.78179877 4.440377547 -32.22217632 68.70417645 13613191.73
45000 0.45001 -27.78208853 4.471125527 -32.25321405 69.17992759 12495790.18
46000 0.46001 -27.7830487 4.507043069 -32.29009177 69.73566526 11167507.93
47000 0.47001 -27.78283114 4.545941396 -32.32877254 70.33752344 9718899.031
48000 0.48001 -27.78211083 4.586618319 -32.36872915 70.96690112 8176491.241
49000 0.49001 -27.78088915 4.629039393 -32.40992855 71.62326533 6546968.921
50000 0.50001 -27.78169114 4.673941643 -32.45563278 72.31801981 4778778.852
51000 0.51001 -27.78267001 4.722438446 -32.50510845 73.06839134 2874509.024
52000 0.52001 -27.78198294 4.775462464 -32.55744541 73.88881064 843110.1714
53000 0.53001 -27.78265843 4.83321681 -32.61587524 74.78242041 -1355058.008
54000 0.54001 -27.78151002 4.894827847 -32.67633787 75.73570322 -3637853.687
55000 0.55001 -27.78140003 4.958423789 -32.73982382 76.71969767 -5981341.085
56000 0.56001 -27.78048521 5.021419479 -32.80190469 77.69440465 -8271464.359
57000 0.57001 -27.78179366 5.08083901 -32.86263267 78.61377916 -10455177.77
58000 0.58001 -27.7814618 5.133858118 -32.91531992 79.43412249 -12382143.19
59000 0.59001 -27.78284813 5.1779913 -32.96083943 80.11697748 -14019796.07
60000 0.60001 -27.78359478 5.211360728 -32.9949555 80.63328923 -15272249.9
61000 0.61001 -27.78470296 5.232836477 -33.01753944 80.96557485 -16116806.41
62000 0.62001 -27.78498554 5.242064924 -33.02705046 81.10836291 -16523897.8
63000 0.63001 -27.78644981 5.239304151 -33.02575396 81.06564657 -16532652.16
64000 0.64001 -27.7874048 5.225407513 -33.01281231 80.85062948 -16149134.05
65000 0.65001 -27.786833 5.201814389 -32.98864739 80.48558255 -15408547.85
66000 0.66001 -27.78792166 5.17041938 -32.95834104 79.99982021 -14423816.11
67000 0.67001 -27.78881659 5.133594015 -32.9224106 79.43003614 -13247991.29
68000 0.68001 -27.79186995 5.093949689 -32.88581964 78.81663542 -12002710.53
69000 0.69001 -27.79019017 5.054090876 -32.84428105 78.19991604 -10673959.76
70000 0.70001 -27.79117457 5.016292941 -32.80746751 77.61508378 -9446516.577
71000 0.71001 -27.79230578 4.982412504 -32.77471828 77.0908654 -8344872.158
72000 0.72001 -27.79123406 4.953588559 -32.74482262 76.6448841 -7375459.988
73000 0.73001 -27.78964306 4.930406938 -32.72005 76.28620419 -6584974.442
74000 0.74001 -27.79106732 4.913018948 -32.70408627 76.01716682 -6031708.684
75000 0.75001 -27.79029863 4.901243376 -32.691542 75.83496812 -5635247.005
76000 0.76001 -27.78902167 4.894730051 -32.68375172 75.73419006 -5410172.526
77000 0.77001 -27.79043211 4.893220046 -32.68365216 75.71082636 -5392524.33
78000 0.78001 -27.79117113 4.89644237 -32.6876135 75.76068409 -5522851.35
79000 0.79001 -27.79140889 4.904071695 -32.69548059 75.87872957 -5791988.324
80000 0.80001 -27.79383696 4.915665299 -32.70950226 76.05811275 -6223307.759
81000 0.81001 -27.79425456 4.930447792 -32.72470235 76.28683631 -6731770.498
82000 0.82001 -27.79653091 4.947440848 -32.74397176 76.54976304 -7344670.686
83000 0.83001 -27.79511953 4.965668783 -32.76078831 76.83179654 -7952404.933
84000 0.84001 -27.79489475 4.984284441 -32.77917919 77.11982914 -8602487.827
85000 0.85001 -27.79417806 5.002823187 -32.79700125 77.4066717 -9256629.901
86000 0.86001 -27.79481712 5.021147509 -32.81596463 77.69019656 -9937591.488
87000 0.87001 -27.79345239 5.039479222 -32.83293161 77.97383579 -10602337.46
88000 0.88001 -27.7932777 5.058527062 -32.85180476 78.26855536 -11315935.5
89000 0.89001 -27.79395811 5.079463212 -32.87342132 78.592492 -12104288.46
90000 0.90001 -27.7941515 5.103765445 -32.89791695 78.96851067 -12985193.11
91000 0.91001 -27.79302079 5.132702023 -32.92572281 79.41623471 -13975891.57
92000 0.92001 -27.79107342 5.166575744 -32.95764916 79.94034917 -15084995.85
93000 0.93001 -27.79234721 5.204268507 -32.99661572 80.52355414 -16331973.16
94000 0.94001 -27.79516554 5.243313609 -33.03847915 81.12768331 -17615419.11
95000 0.95001 -27.79364501 5.280472414 -33.07411743 81.70262656 -18751804.41
96000 0.96001 -27.79467549 5.312574021 -33.10724951 82.19932182 -19745218.68
97000 0.97001 -27.7957298 5.336906458 -33.13263625 82.57580782 -20477208.21
98000 0.98001 -27.79780972 5.351493897 -33.14930362 82.8015134 -20904247.99
99000 0.99001 -27.79653428 5.355273262 -33.15180754 82.85999 -20931661.34
100000 1.00001 -27.79895337 5.348026214 -33.14697958 82.74785934 -20660309.84
