Loading the initial atomic configuration from "ArHW52.data"
Number of steps: 100000
Boundary: periodic periodic free
System dimensions: 23.12 23.12 115.6 A
The total number of atoms: 1280
Rigid: khist = 3
Atomic masses: m[type1] = 39.948 Da
Neigbor List algorithm: O(N^2) complexity, Rskin = 2.000000 A, update every 50 steps
Verlet integration algorithm: time step = 0.000010 ps
Handlers:
Assigning the initial velocity corresponding to T = 138.000000 K
Berendsen barostat: P = 0.000100 GPa; pressure control XYZ together; beta = 0.100000 GPa^-1

Potentials:
type1-type1 : Lennard-Jones potential for Ar-Ar interaction, Rcut = 8.512500 A

Step   Time   Energy   Kinetic   Potential   Temperature   Pressure
0 1e-05 -38.88667987 45.66524659 -84.55192647 306.6666667 -256131313.1
1000 0.01001 -38.92180611 45.61895503 -84.54076114 306.355794 -176180311.9
2000 0.02001 -38.95620605 45.47499018 -84.43119624 305.3889927 -173110671.3
3000 0.03001 -38.9883451 45.21829264 -84.20663774 303.6651307 -167836287.6
4000 0.04001 -39.01042823 44.82309389 -83.83352212 301.0111588 -160076074.4
5000 0.05001 -39.01513607 44.2518254 -83.26696147 297.1747839 -149448211
6000 0.06001 -39.00826813 43.45400534 -82.46227346 291.8169935 -135537901
7000 0.07001 -39.00947461 42.36865909 -81.37813369 284.5283103 -117936609.6
8000 0.08001 -39.01085704 40.9340984 -79.94495544 274.8944645 -96135964.92
9000 0.09001 -39.0043336 39.11059738 -78.11493097 262.6486754 -69903296.06
10000 0.10001 -39.00304906 36.9166136 -75.91966266 247.9148955 -39738154.85
11000 0.11001 -39.00756765 34.45405933 -73.46162698 231.3775205 -6928433.086
12000 0.12001 -39.01164122 31.89908792 -70.91072914 214.2195147 26531891.13
13000 0.13001 -39.01848553 29.46670099 -68.48518652 197.8847295 58235205.44
14000 0.14001 -39.0213016 27.36150792 -66.38280951 183.7472269 85975933.14
15000 0.15001 -39.0322683 25.72536982 -64.75763812 172.7596805 108133292.4
16000 0.16001 -39.04462649 24.60863664 -63.65326313 165.2602172 124156612.6
17000 0.17001 -39.05889903 23.97685885 -63.03575788 161.0174899 134364823.8
18000 0.18001 -39.06811785 23.74034432 -62.80846217 159.4291677 139724608
19000 0.19001 -39.08144698 23.78858515 -62.87003213 159.7531308 141374331.9
20000 0.20001 -39.09057961 24.01743603 -63.10801564 161.2899874 140513589.9
21000 0.21001 -39.1025431 24.34240852 -63.44495163 163.4723523 138082642.5
22000 0.22001 -39.11143715 24.70016418 -63.81160133 165.8748738 134876261.5
23000 0.23001 -39.11922698 25.04516451 -64.16439148 168.1917364 131458038.1
24000 0.24001 -39.12527308 25.34794341 -64.47321649 170.2250594 128226120
25000 0.25001 -39.12881346 25.59644438 -64.72525784 171.8938769 125388057.2
26000 0.26001 -39.13127209 25.79510232 -64.92637441 173.2279717 122963286.1
27000 0.27001 -39.14078031 25.95619778 -65.0969781 174.3098143 120845502.4
28000 0.28001 -39.14645924 26.08808204 -65.23454129 175.195488 119050640
29000 0.29001 -39.14920219 26.18867474 -65.33787692 175.871022 117622260.9
30000 0.30001 -39.15613142 26.2473431 -65.40347452 176.2650115 116642663.7
31000 0.31001 -39.16497385 26.25288283 -65.41785668 176.3022138 116240047.3
32000 0.32001 -39.16708123 26.20118283 -65.36826407 175.9550206 116500491.5
33000 0.33001 -39.17262625 26.0977957 -65.27042195 175.2607204 117313956.2
34000 0.34001 -39.1788313 25.95464044 -65.13347174 174.2993559 118570310.9
35000 0.35001 -39.18608973 25.78535537 -64.9714451 173.1625157 120123175.9
36000 0.36001 -39.1877368 25.60272418 -64.79046098 171.9360491 121866748.8
37000 0.37001 -39.19103657 25.41851893 -64.6095555 170.6990119 123633339.6
38000 0.38001 -39.19298635 25.24277549 -64.43576184 169.5188003 125324428.5
39000 0.39001 -39.1981318 25.08402008 -64.28215188 168.4526724 126818788.2
40000 0.40001 -39.20409793 24.95017013 -64.15426806 167.5537981 128040403.1
41000 0.41001 -39.21201867 24.84979174 -64.06181041 166.8797033 128894593.1
42000 0.42001 -39.21778908 24.79035824 -64.00814732 166.4805754 129329815.7
43000 0.43001 -39.22820847 24.77189001 -64.00009848 166.3565513 129313320.1
44000 0.44001 -39.23563448 24.78312616 -64.01876064 166.4320081 128995923.4
45000 0.45001 -39.23816964 24.80657207 -64.04474171 166.5894599 128558230.9
46000 0.46001 -39.2482246 24.82792466 -64.07614926 166.7328541 128078110.8
47000 0.47001 -39.25454222 24.84102291 -64.09556513 166.8208159 127676231.1
48000 0.48001 -39.2564533 24.84807215 -64.10452545 166.8681553 127338570.2
49000 0.49001 -39.26369373 24.85661062 -64.12030434 166.9254957 126947217.9
50000 0.50001 -39.26950959 24.87393668 -64.14344627 167.0418495 126472031.5
51000 0.51001 -39.27654992 24.90050162 -64.17705154 167.2202473 125900261.2
52000 0.52001 -39.2800773 24.92690797 -64.20698527 167.3975802 125349756
53000 0.53001 -39.28362624 24.93831786 -64.22194411 167.4742037 124947859.9
54000 0.54001 -39.29143607 24.92229978 -64.21373585 167.3666337 124794238.4
55000 0.55001 -39.29617672 24.87548806 -64.17166479 167.0522679 124961233.2
56000 0.56001 -39.30363213 24.80521689 -64.10884902 166.5803592 125350458.1
57000 0.57001 -39.30696962 24.7262201 -64.03318971 166.0498533 125857780.5
58000 0.58001 -39.31394834 24.65269291 -63.96664125 165.5560787 126307632.2
59000 0.59001 -39.32439815 24.59097638 -63.91537453 165.1416191 126637956.3
60000 0.60001 -39.33578067 24.53756084 -63.87334151 164.782905 126889940.4
61000 0.61001 -39.34287788 24.48367869 -63.82655657 164.4210574 127165221.8
62000 0.62001 -39.35308734 24.42294948 -63.77603682 164.0132282 127475529.6
63000 0.63001 -39.36422613 24.35726354 -63.72148968 163.5721118 127802127.3
64000 0.64001 -39.37561979 24.29744799 -63.67306778 163.1704182 128033398.3
65000 0.65001 -39.37985064 24.25830429 -63.63815493 162.9075472 128054731.3
66000 0.66001 -39.38628009 24.25147033 -63.63775042 162.8616535 127696969.1
67000 0.67001 -39.39466651 24.28169147 -63.67635798 163.0646047 126908436.6
68000 0.68001 -39.40005744 24.3482083 -63.74826574 163.5113009 125717235.1
69000 0.69001 -39.41161776 24.44878708 -63.86040484 164.1867415 124100435.2
70000 0.70001 -39.41532778 24.58190392 -63.9972317 165.0806926 122154354
71000 0.71001 -39.4244002 24.74600171 -64.17040191 166.1826974 119844581.5
72000 0.72001 -39.42953991 24.93518518 -64.36472509 167.4531661 117299715.2
73000 0.73001 -39.43155987 25.13353572 -64.56509559 168.7851966 114697452.5
74000 0.74001 -39.43467592 25.31250009 -64.74717601 169.9870384 112318236.2
75000 0.75001 -39.43928664 25.4361331 -64.87541974 170.8173005 110527484.6
76000 0.76001 -39.44315346 25.47260481 -64.91575827 171.0622277 109656752.2
77000 0.77001 -39.45179907 25.40647023 -64.8582693 170.6180984 109832690.9
78000 0.78001 -39.4551329 25.24590438 -64.70103727 169.5398124 111023822.7
79000 0.79001 -39.4618622 25.02173267 -64.48359487 168.034379 112876812.1
80000 0.80001 -39.4660158 24.77581825 -64.24183405 166.3829315 115000827.6
81000 0.81001 -39.47131368 24.54542521 -64.01673888 164.8357184 116994102.9
82000 0.82001 -39.47571306 24.35526236 -63.83097542 163.5586728 118603546.8
83000 0.83001 -39.48284682 24.21757246 -63.70041929 162.6340111 119670027.3
84000 0.84001 -39.48995153 24.13597037 -63.6259219 162.0860092 120158341.3
85000 0.85001 -39.49660929 24.1097939 -63.60640319 161.9102201 120071945.7
86000 0.86001 -39.50340743 24.13451599 -63.63792342 162.0762423 119455180.4
87000 0.87001 -39.50556182 24.19758342 -63.70314525 162.499774 118462121.9
88000 0.88001 -39.50621723 24.27767389 -63.78389113 163.0376245 117292383.6
89000 0.89001 -39.51576899 24.35102542 -63.86679441 163.5302194 116131966.6
90000 0.90001 -39.52397982 24.40040423 -63.92438406 163.8618247 115210424.4
91000 0.91001 -39.5285308 24.41958888 -63.94811968 163.9906599 114609972.6
92000 0.92001 -39.5340031 24.41254456 -63.94654766 163.9433535 114278500
93000 0.93001 -39.53858789 24.38763573 -63.92622362 163.7760773 114150140.4
94000 0.94001 -39.54164297 24.35143918 -63.89308215 163.532998 114165381.1
95000 0.95001 -39.54471152 24.30649351 -63.85120504 163.2311638 114287196.3
96000 0.96001 -39.54680392 24.25363326 -63.80043718 162.8761788 114504226
97000 0.97001 -39.5491086 24.1958665 -63.74497511 162.4882439 114773271.4
98000 0.98001 -39.55111655 24.14027591 -63.69139246 162.1149232 115023426.2
99000 0.99001 -39.55717039 24.09636456 -63.65353494 161.8200349 115139207.8
100000 1.00001 -39.55680843 24.07110769 -63.62791612 161.6504215 115106273.9
