Loading the initial atomic configuration from "equilpart2.data"
Number of steps: 200000
Boundary: periodic periodic free
System dimensions: 23.3347 23.3347 115.6 A
The total number of atoms: 1280
Rigid: khist = 3
Atomic masses: m[type1] = 39.948 Da
Neigbor List algorithm: O(N^2) complexity, Rskin = 2.000000 A, update every 50 steps
Verlet integration algorithm: time step = 0.004000 ps
Handlers:
Berendsen thermostat: T = 138.000000 K, tau = 2.000000 ps

Potentials:
type1-type1 : Lennard-Jones potential for Ar-Ar interaction, Rcut = 8.512500 A

Step   Time   Energy   Kinetic   Potential   Temperature   Pressure
0 1.00401 -39.55242849 24.07500722 -63.62743572 161.6766089 115115151
1000 5.00401 -43.65276933 21.17640089 -64.82917022 142.21091 94233575.05
2000 9.00401 -44.88838237 20.78230521 -65.67068759 139.5643458 78828023.58
3000 13.00401 -45.43085022 20.63074023 -66.06159045 138.5465055 76722711.09
4000 17.00401 -45.30976686 20.34765801 -65.65742487 136.6454563 81772834.41
5000 21.00401 -45.3800727 20.33287678 -65.71294948 136.5461924 76854948.82
6000 25.00401 -45.36564985 20.57924344 -65.94489329 138.2006769 78663761.32
7000 29.00401 -45.46199482 20.81984216 -66.28183698 139.8164265 67521758.91
8000 33.00401 -45.37799047 20.69543588 -66.07342635 138.9809715 73186374.62
9000 37.00401 -45.36514507 20.68154909 -66.04669416 138.8877143 76068436.06
10000 41.00401 -45.44220126 21.15432892 -66.59653018 142.0626849 65768638.47
11000 45.00401 -45.39462711 20.73584378 -66.13047089 139.2523323 73756637.25
12000 49.00401 -45.51641268 20.3071737 -65.82358638 136.3735824 79336866.63
13000 53.00401 -45.41327355 20.78215773 -66.19543129 139.5633554 73185021.95
14000 57.00401 -45.45825085 21.32714986 -66.78540072 143.2232703 65425983.67
15000 61.00401 -45.41403251 20.10865246 -65.52268497 135.0404056 80405411.98
16000 65.00401 -45.38390936 20.57222831 -65.95613767 138.1535665 79381268.62
17000 69.00401 -45.36667066 20.68673286 -66.05340352 138.9225261 74694778.22
18000 73.00401 -45.49708455 20.07816408 -65.57524863 134.8356598 79388061.03
19000 77.00401 -45.49890015 20.68916511 -66.18806526 138.93886 73238542.2
20000 81.00401 -45.49339239 20.21133334 -65.70472573 135.7299628 77091080.64
21000 85.00401 -45.49861654 20.38508487 -65.88370141 136.8967978 79595066.77
22000 89.00401 -45.51040162 20.29372502 -65.80412664 136.2832673 79065241.64
23000 93.00401 -45.58528862 20.69211142 -66.27740004 138.958646 72336348.31
24000 97.00401 -45.67726748 20.25275246 -65.93001995 136.0081145 74010472.72
25000 101.00401 -45.60631262 20.25359521 -65.85990784 136.0137741 74672380.41
26000 105.00401 -45.54705368 20.54406465 -66.09111833 137.9644324 73664828.11
27000 109.00401 -45.50318249 20.32025768 -65.82344017 136.4614483 77038108.92
28000 113.00401 -45.30221078 20.12433539 -65.42654616 135.1457249 82159521.33
29000 117.00401 -45.35238121 20.41697087 -65.76935208 137.1109294 81759641.17
30000 121.00401 -45.40084736 20.3792497 -65.78009706 136.8576114 77777117.55
31000 125.00401 -45.44234791 21.25096102 -66.69330894 142.7116214 65431160.12
32000 129.00401 -45.46187547 20.37707973 -65.8389552 136.843039 78061991.2
33000 133.00401 -45.35288818 20.42725385 -65.78014203 137.1799851 79517889.63
34000 137.00401 -45.5705803 20.80341549 -66.3739958 139.7061127 67889932.43
35000 141.00401 -45.36993512 20.72592315 -66.09585827 139.1857099 74133407.29
36000 145.00401 -45.43213894 20.05971263 -65.49185157 134.7117483 80735261.63
37000 149.00401 -45.53834141 20.60770136 -66.14604277 138.3917871 72472118.58
38000 153.00401 -45.62841171 20.2465034 -65.87491512 135.9661487 78008727.13
39000 157.00401 -45.57232948 20.53560195 -66.10793142 137.9076008 71974727.89
40000 161.00401 -45.49385777 20.13093285 -65.62479062 135.1900304 77400423.41
41000 165.00401 -45.31490972 20.12944767 -65.44435739 135.1800566 84637521.28
42000 169.00401 -45.34900003 20.67432943 -66.02332946 138.8392304 71754098.83
43000 173.00401 -45.36031654 21.1329437 -66.49326024 141.9190716 68625596.21
44000 177.00401 -45.4674862 20.17364282 -65.64112902 135.4768508 80712474.92
45000 181.00401 -45.47095124 20.84237026 -66.3133215 139.9677149 71146069.83
46000 185.00401 -45.45898015 20.45644594 -65.91542609 137.3760257 74585805.18
47000 189.00401 -45.41567012 20.28523955 -65.70090967 136.2262828 79837784.74
48000 193.00401 -45.38439281 20.14027168 -65.52466449 135.2527457 82024849.09
49000 197.00401 -45.40897028 20.34634821 -65.75531849 136.6366602 77913462.98
50000 201.00401 -45.39369849 20.25219711 -65.64589559 136.004385 80789356.4
51000 205.00401 -45.40504522 20.37589596 -65.78094118 136.8350893 77826205.82
52000 209.00401 -45.32594995 20.17659913 -65.50254908 135.496704 83692817.25
53000 213.00401 -45.329152 20.6462363 -65.97538829 138.6505699 78023785.04
54000 217.00401 -45.40222349 20.49105537 -65.89327886 137.6084466 78069634.85
55000 221.00401 -45.39317288 20.35300821 -65.74618109 136.6813857 78477949.33
56000 225.00401 -45.42960853 20.90545592 -66.33506445 140.3913689 73775730.57
57000 229.00401 -45.36719262 20.22886066 -65.59605328 135.8476682 77885160.76
58000 233.00401 -45.3459919 21.13175723 -66.47774913 141.9111038 70549615.75
59000 237.00401 -45.34754763 20.59733392 -65.94488155 138.3221642 78408843.47
60000 241.00401 -45.34720682 20.59676968 -65.9439765 138.318375 75936980.59
61000 245.00401 -45.40202317 20.23368268 -65.63570585 135.8800507 80266536.52
62000 249.00401 -45.16105691 20.7410374 -65.90209432 139.2872103 77880460.12
63000 253.00401 -45.25778661 20.51404479 -65.7718314 137.7628329 79136826.04
64000 257.00401 -45.40655654 20.5457769 -65.95233344 137.975931 73979991.02
65000 261.00401 -45.45147703 20.77737422 -66.22885125 139.5312315 72291964.7
66000 265.00401 -45.36425221 20.34930468 -65.71355689 136.6565145 80138809.37
67000 269.00401 -45.3781404 20.17332354 -65.55146393 135.4747066 82618431.2
68000 273.00401 -45.39315237 20.4037146 -65.79686696 137.0219064 79248632.55
69000 277.00401 -45.39288086 20.46174302 -65.85462389 137.4115984 79346972.59
70000 281.00401 -45.46357432 20.3373985 -65.80097283 136.5765582 73594847.42
71000 285.00401 -45.53672384 20.21133065 -65.74805449 135.7299448 78252630.98
72000 289.00401 -45.46164322 20.5025073 -65.96415052 137.6853525 74273205.08
73000 293.00401 -45.46575022 20.52352092 -65.98927114 137.8264702 74344776.53
74000 297.00401 -45.37525592 20.60247109 -65.97772701 138.356663 73593884.25
75000 301.00401 -45.49499182 20.43161403 -65.92660585 137.2092661 77608838.45
76000 305.00401 -45.71242159 20.37790875 -66.09033035 136.8486063 73706253.81
77000 309.00401 -45.57175486 20.97816285 -66.54991771 140.8796351 70251488.38
78000 313.00401 -45.69538589 20.54659463 -66.24198052 137.9814226 71463004.08
79000 317.00401 -45.6096351 20.24295084 -65.85258594 135.9422914 76618334.12
80000 321.00401 -45.54496854 20.56547988 -66.11044842 138.1082471 73109513.45
81000 325.00401 -45.51972601 19.93635103 -65.45607704 133.8833089 79467700.59
82000 329.00401 -45.48447579 20.48477549 -65.96925128 137.5662738 77153663.83
83000 333.00401 -45.41314654 20.40398871 -65.81713525 137.0237472 76079598.09
84000 337.00401 -45.37632011 20.33110648 -65.70742658 136.5343038 77177415.39
85000 341.00401 -45.53442812 20.50210041 -66.03652853 137.68262 73563408.86
86000 345.00401 -45.33208644 20.06862816 -65.40071461 134.7716209 83127967.2
87000 349.00401 -45.36339809 20.11350445 -65.47690254 135.0729893 83409250.97
88000 353.00401 -45.37973087 19.94226464 -65.32199551 133.923022 83866306.91
89000 357.00401 -45.44923911 20.70105377 -66.15029287 139.0186987 75398010.86
90000 361.00401 -45.30857832 20.2224424 -65.53102072 135.8045662 81572249.99
91000 365.00401 -45.37980761 19.89384179 -65.27364941 133.5978365 82904464.08
92000 369.00401 -45.44061927 21.05565153 -66.4962708 141.4000132 69644018.27
93000 373.00401 -45.4929674 20.38759406 -65.88056146 136.9136483 75795105.77
94000 377.00401 -45.45199281 20.3442343 -65.7962271 136.6224642 77941851.68
95000 381.00401 -45.51175898 20.09963459 -65.61139356 134.9798457 80853457.96
96000 385.00401 -45.51159471 20.25025812 -65.76185283 135.9913637 76789324.81
97000 389.00401 -45.4213309 20.8309552 -66.2522861 139.8910566 72874536.45
98000 393.00401 -45.3874271 20.67521754 -66.06264464 138.8451945 70950070.55
99000 397.00401 -45.43581332 20.66588024 -66.10169356 138.7824896 77319446.85
100000 401.00401 -45.48435693 20.52895167 -66.0133086 137.8629406 75808888.9
101000 405.00401 -45.51672055 20.78978165 -66.3065022 139.6145541 68546456.07
102000 409.00401 -45.48900649 20.30318176 -65.79218825 136.3467744 80253109.65
103000 413.00401 -45.45143362 20.35306588 -65.8044995 136.681773 78043446.51
104000 417.00401 -45.58863398 20.90358373 -66.49221771 140.3787962 68876379.85
105000 421.00401 -45.40389418 20.25168816 -65.65558234 136.0009672 81165217.7
106000 425.00401 -45.43837021 21.08714001 -66.52551022 141.6114752 68686090.32
107000 429.00401 -45.49699149 20.65827465 -66.15526613 138.7314139 71377268.54
108000 433.00401 -45.4286477 20.82257174 -66.25121944 139.8347571 71465336.01
109000 437.00401 -45.45315649 20.43372088 -65.88687738 137.2234147 73111976.92
110000 441.00401 -45.5918091 20.13123843 -65.72304753 135.1920825 81762336.14
111000 445.00401 -45.49625478 20.54444184 -66.04069662 137.9669654 77215793.26
112000 449.00401 -45.38584143 20.48923362 -65.87507506 137.5962126 76625960.93
113000 453.00401 -45.42748854 20.57737281 -66.00486135 138.1881146 74179972.05
114000 457.00401 -45.38842024 20.65257243 -66.04099267 138.6931205 77866649.32
115000 461.00401 -45.45452469 20.52147124 -65.97599593 137.8127055 77583076.92
116000 465.00401 -45.46432266 20.66109451 -66.12541718 138.7503508 74803851.88
117000 469.00401 -45.54831354 20.71528582 -66.26359936 139.1142745 71407515.99
118000 473.00401 -45.50336061 20.6866227 -66.18998331 138.9217863 71102699.68
119000 477.00401 -45.57712151 20.91172866 -66.48885017 140.4334937 67593654.78
120000 481.00401 -45.52545966 20.219231 -65.74469066 135.7829999 78212052.59
121000 485.00401 -45.44427308 20.52386461 -65.96813768 137.8287782 74350320.35
122000 489.00401 -45.37710747 20.69157731 -66.06868478 138.9550592 75438513.48
123000 493.00401 -45.35526466 20.73357897 -66.08884363 139.2371229 75740410.66
124000 497.00401 -45.33644941 20.85506201 -66.19151142 140.0529467 72805357.9
125000 501.00401 -45.46409316 21.10249241 -66.56658556 141.7145748 69849415.34
126000 505.00401 -45.49382273 21.23025923 -66.72408196 142.5725977 66431761.53
127000 509.00401 -45.496147 20.75372284 -66.24986984 139.3723998 71820223.62
128000 513.00401 -45.45173735 20.22709813 -65.67883548 135.8358319 80933821.07
129000 517.00401 -45.40442042 20.9575269 -66.36194732 140.7410536 68543685.63
130000 521.00401 -45.24665252 20.56605914 -65.81271167 138.1121372 78018520.15
131000 525.00401 -45.38736874 20.83574533 -66.22311407 139.9232249 74020388.74
132000 529.00401 -45.44960157 20.84899238 -66.29859395 140.012186 69081349.12
133000 533.00401 -45.34460618 20.16356492 -65.5081711 135.4091722 82394776.67
134000 537.00401 -45.29646126 20.41299145 -65.70945271 137.0842054 80905612.44
135000 541.00401 -45.39947867 20.63609129 -66.03556996 138.5824407 75210356.21
136000 545.00401 -45.31650245 20.61687451 -65.93337696 138.4533897 73943126.98
137000 549.00401 -45.40649587 20.55699933 -65.9634952 138.0512957 80397912.34
138000 553.00401 -45.46814404 20.39774377 -65.86588782 136.9818091 76919020.95
139000 557.00401 -45.45825826 20.78499811 -66.24325636 139.58243 74587781.86
140000 561.00401 -45.61936067 20.98764837 -66.60700904 140.9433354 66976199.04
141000 565.00401 -45.54065108 20.48031009 -66.02096117 137.5362863 72019957.9
142000 569.00401 -45.46221295 20.70309992 -66.16531287 139.0324397 72151422.27
143000 573.00401 -45.52590215 20.49584472 -66.02174687 137.6406097 75817835.37
144000 577.00401 -45.36113697 20.42093523 -65.78207219 137.1375522 79303398.88
145000 581.00401 -45.41739855 20.59292916 -66.01032771 138.2925838 74440193.91
146000 585.00401 -45.35793873 20.8116264 -66.16956513 139.7612533 72063576.42
147000 589.00401 -45.45041853 20.28957529 -65.73999382 136.2553996 79392451.6
148000 593.00401 -45.31791372 20.40221247 -65.72012619 137.0118188 79186472.55
149000 597.00401 -45.51267069 21.11546396 -66.62813465 141.8016858 67071791.29
150000 601.00401 -45.54487959 20.33164557 -65.87652515 136.5379241 74971089.88
151000 605.00401 -45.47417189 20.68477991 -66.1589518 138.909411 72569345.59
152000 609.00401 -45.50120905 20.49977385 -66.0009829 137.6669959 76475064.4
153000 613.00401 -45.42947164 20.56063939 -65.99011103 138.0757407 73745641.56
154000 617.00401 -45.35077259 20.92228783 -66.27306042 140.5044043 73064909.45
155000 621.00401 -45.33617368 20.0651756 -65.40134928 134.7484351 85514575.99
156000 625.00401 -45.36131818 20.49788135 -65.85919952 137.6542867 76173902.87
157000 629.00401 -45.43932237 20.89502119 -66.33434356 140.3212941 70693216.65
158000 633.00401 -45.3882212 19.81221866 -65.20043986 133.0496934 82828393.72
159000 637.00401 -45.41593844 20.79886449 -66.21480293 139.6755502 72396132.42
160000 641.00401 -45.5037589 20.42752802 -65.93128692 137.1818263 75697547.87
161000 645.00401 -45.44459462 20.70917957 -66.15377418 139.0732678 74111698.35
162000 649.00401 -45.48710736 20.48393747 -65.97104483 137.5606461 72588462.15
163000 653.00401 -45.50738662 20.10720058 -65.61458719 135.0306554 78893213.36
164000 657.00401 -45.47913767 20.29566836 -65.77480602 136.2963178 76454857.75
165000 661.00401 -45.51761598 20.61626637 -66.13388235 138.4493057 74514782.17
166000 665.00401 -45.4529441 21.03467463 -66.48761873 141.259142 69217426.16
167000 669.00401 -45.3623515 20.87374632 -66.23609782 140.1784219 73160595.85
168000 673.00401 -45.51299465 20.55853391 -66.07152856 138.0616013 73187334.52
169000 677.00401 -45.45820448 20.5698631 -66.02806758 138.1376829 74795669.72
170000 681.00401 -45.55310128 20.84048619 -66.39358747 139.9550623 68507388.57
171000 685.00401 -45.49450676 20.95735709 -66.45186385 140.7399132 66271609.74
172000 689.00401 -45.39588605 20.94800305 -66.3438891 140.6770958 69991247.12
173000 693.00401 -45.46234323 20.39677341 -65.85911664 136.9752926 77969261.69
174000 697.00401 -45.30556506 20.821978 -66.12754306 139.8307699 72045074.31
175000 701.00401 -45.40180565 20.35318796 -65.75499361 136.6825929 78408357.23
176000 705.00401 -45.35915928 20.6336935 -65.99285278 138.5663382 72893088.5
177000 709.00401 -45.2619972 20.4259154 -65.68791259 137.1709967 79438163.62
178000 713.00401 -45.411668 19.88848891 -65.30015691 133.5618891 81837993.39
179000 717.00401 -45.43223325 20.1886224 -65.62085565 135.5774467 79912319.69
180000 721.00401 -45.3694817 20.39299343 -65.76247513 136.949908 75322643.82
181000 725.00401 -45.45339748 20.42894251 -65.88233999 137.1913254 79629250.59
182000 729.00401 -45.34510351 20.83085196 -66.17595547 139.8903633 73762774.41
183000 733.00401 -45.4029361 21.23324831 -66.63618441 142.5926709 68823751.24
184000 737.00401 -45.42236536 20.62278288 -66.04514823 138.4930676 73196290.07
185000 741.00401 -45.362449 20.45917987 -65.82162888 137.3943855 82058192.6
186000 745.00401 -45.59338314 20.47004322 -66.06342636 137.4673387 74650985.19
187000 749.00401 -45.49368226 20.69574998 -66.18943224 138.9830809 74123262.71
188000 753.00401 -45.44917967 21.0433136 -66.49249326 141.3171573 67833793.23
189000 757.00401 -45.44722355 20.12025186 -65.56747541 135.1183018 80501253.79
190000 761.00401 -45.42344228 20.89823803 -66.32168031 140.3428969 73991942.6
191000 765.00401 -45.46903592 20.39175927 -65.86079519 136.9416199 77726105.28
192000 769.00401 -45.48598443 20.60625324 -66.09223767 138.3820622 73975336.99
193000 773.00401 -45.47625226 20.70408536 -66.18033762 139.0390574 75443588.05
194000 777.00401 -45.52959335 20.84306364 -66.37265699 139.9723712 68236522.55
195000 781.00401 -45.40093831 20.6876425 -66.08858082 138.9286348 74465635.53
196000 785.00401 -45.45069889 20.76229949 -66.21299837 139.4299966 74420581.28
197000 789.00401 -45.33907479 20.60547782 -65.94455262 138.3768549 77140896
198000 793.00401 -45.50449105 20.59378185 -66.0982729 138.2983101 76451877.17
199000 797.00401 -45.54734672 20.65155401 -66.19890072 138.6862812 73265976.49
200000 801.00401 -45.41191273 20.04152143 -65.45343415 134.5895846 79498631.58
