Loading the initial atomic configuration from "ArHW4.data"
Number of steps: 100000
Boundary: periodic periodic periodic
System dimensions: 38.269 38.269 38.269 A
The total number of atoms: 1372
Atomic masses: m[type1] = 39.948 Da
Neigbor List algorithm: O(N^2) complexity, Rskin = 2.000000 A, update every 50 steps
Verlet integration algorithm: time step = 0.000010 ps
Handlers:
Assigning the initial velocity corresponding to T = 77.000000 K
Berendsen barostat: P = 0.000100 GPa; pressure control XYZ together; beta = 0.100000 GPa^-1

Potentials:
type1-type1 : Lennard-Jones potential for Ar-Ar interaction, Rcut = 8.512500 A

Step   Time   Energy   Kinetic   Potential   Temperature   Pressure
0 1e-05 -80.41508651 27.31125063 -107.7263371 154 -188488281.1
1000 0.01001 -80.44181646 27.20904938 -107.6508658 153.4237176 -134361067.6
2000 0.02001 -80.48053853 26.89897885 -107.3795174 151.6753224 -129157431.9
3000 0.03001 -80.61096547 26.37557987 -106.9865453 148.7240316 -121246136.9
4000 0.04001 -80.78527087 25.63089027 -106.4161611 144.5249489 -110318281.8
5000 0.05001 -80.94626526 24.65371381 -105.5999791 139.0149422 -96030678.69
6000 0.06001 -81.0743297 23.43657164 -104.5109013 132.1518403 -78331074.28
7000 0.07001 -81.17141737 21.9822566 -103.153674 123.9513914 -57437656.2
8000 0.08001 -81.24604163 20.31240506 -101.5584467 114.5355964 -33842077.31
9000 0.09001 -81.30740764 18.47626054 -99.78366818 104.1821249 -8363697.963
10000 0.10001 -81.35305001 16.55602629 -97.9090763 93.35449641 17877994.23
11000 0.11001 -81.38373436 14.66310887 -96.04684324 82.68089941 43440492.03
12000 0.12001 -81.41201911 12.92192803 -94.33394714 72.86289976 66705617.62
13000 0.13001 -81.43569669 11.44603864 -92.88173533 64.54079948 86307941.23
14000 0.14001 -81.45539996 10.31572999 -91.77112995 58.16732599 101286403.5
15000 0.15001 -81.47630022 9.565709302 -91.04200952 53.93818293 111212616.5
16000 0.16001 -81.49789223 9.184798855 -90.68269108 51.79034248 116247206.1
17000 0.17001 -81.51882406 9.125456725 -90.64428078 51.4557299 116998548
18000 0.18001 -81.5312819 9.318263351 -90.84954525 52.54290898 114383763.3
19000 0.19001 -81.54684822 9.686370053 -91.23321827 54.61855294 109310564
20000 0.20001 -81.56294259 10.15665794 -91.71960053 57.27036615 102733329.2
21000 0.21001 -81.57405275 10.666609 -92.24066175 60.14582814 95502658.45
22000 0.22001 -81.58443469 11.16735781 -92.75179249 62.96940136 88251223.35
23000 0.23001 -81.58971961 11.62410789 -93.2138275 65.54487889 81489241.41
24000 0.24001 -81.5919726 12.01466304 -93.60663564 67.74710297 75531595.58
25000 0.25001 -81.59813804 12.32715414 -93.92529218 69.50914712 70531163.61
26000 0.26001 -81.60253536 12.5574509 -94.15998625 70.80772186 66606098.17
27000 0.27001 -81.60248614 12.70729451 -94.30978065 71.65264532 63774454.88
28000 0.28001 -81.60502598 12.782689 -94.38771497 72.07777236 61935276.77
29000 0.29001 -81.60556794 12.79309266 -94.3986606 72.13643549 61002008.97
30000 0.30001 -81.60706402 12.75083397 -94.35789799 71.89815138 60803751.93
31000 0.31001 -81.60622609 12.67037815 -94.27660423 71.44448495 61174130
32000 0.32001 -81.60797918 12.56745696 -94.17543614 70.86414306 61882830.67
33000 0.33001 -81.6081495 12.45754911 -94.06569861 70.24440547 62751881.8
34000 0.34001 -81.61531601 12.35464164 -93.96995765 69.6641409 63548884.62
35000 0.35001 -81.6177002 12.26980057 -93.88750076 69.18574741 64190762.51
36000 0.36001 -81.61897464 12.21086345 -93.82983809 68.85341858 64546493.14
37000 0.37001 -81.61993935 12.18228735 -93.8022267 68.69228647 64543299.54
38000 0.38001 -81.62004459 12.18539246 -93.80543704 68.70979523 64155656.11
39000 0.39001 -81.62075551 12.21879759 -93.8395531 68.8981568 63381971.24
40000 0.40001 -81.6205189 12.27882684 -93.89934574 69.23664386 62267129.19
41000 0.41001 -81.62198546 12.3605727 -93.98255816 69.69758443 60850918.73
42000 0.42001 -81.6254696 12.4587674 -94.084237 70.25127506 59193378.21
43000 0.43001 -81.6289358 12.56863987 -94.19757568 70.87081316 57365821.51
44000 0.44001 -81.63119957 12.68611245 -94.31731202 71.53320598 55428967.6
45000 0.45001 -81.62722158 12.80753056 -94.43475214 72.21784652 53461542.4
46000 0.46001 -81.6228906 12.92929808 -94.55218868 72.90445729 51480039.76
47000 0.47001 -81.61821717 13.04767178 -94.66588895 73.57193127 49535024.72
48000 0.48001 -81.61842441 13.15908145 -94.77750586 74.20013717 47644879.56
49000 0.49001 -81.61730965 13.26067103 -94.87798068 74.77297056 45884080.6
50000 0.50001 -81.6138836 13.35055132 -94.96443492 75.2797787 44285024.4
51000 0.51001 -81.61270015 13.42811061 -95.04081076 75.71711243 42833236.33
52000 0.52001 -81.61478496 13.4941646 -95.10894956 76.08957117 41518018
53000 0.53001 -81.61208487 13.55056182 -95.16264669 76.40757831 40367723.44
54000 0.54001 -81.61133334 13.59955386 -95.21088721 76.68382981 39320744.62
55000 0.55001 -81.6106909 13.64344265 -95.25413355 76.93130561 38362712.52
56000 0.56001 -81.61318796 13.68437506 -95.29756301 77.16211123 37453038.49
57000 0.57001 -81.61210813 13.72444178 -95.33654991 77.38803556 36606147.07
58000 0.58001 -81.60795925 13.7660377 -95.37399695 77.62258254 35794163
59000 0.59001 -81.61032242 13.81092147 -95.4212439 77.87566874 34945571
60000 0.60001 -81.61096208 13.85842154 -95.46938363 78.14350748 34115128.01
61000 0.61001 -81.61038603 13.90460405 -95.51499008 78.40391689 33343033.9
62000 0.62001 -81.61565921 13.94331444 -95.55897365 78.62219323 32655124.41
63000 0.63001 -81.61939359 13.96877614 -95.58816973 78.76576415 32153573.43
64000 0.64001 -81.61756439 13.97771853 -95.59528293 78.81618763 31893632.13
65000 0.65001 -81.61808287 13.9697667 -95.58784957 78.7713496 31830680.13
66000 0.66001 -81.61826671 13.94680801 -95.56507472 78.64189241 31953903.83
67000 0.67001 -81.62182141 13.91216793 -95.53398934 78.44656731 32199128.62
68000 0.68001 -81.61900549 13.87005729 -95.48906278 78.209118 32568280.98
69000 0.69001 -81.61570386 13.82486971 -95.44057357 77.95431866 32972511.05
70000 0.70001 -81.61443853 13.78065141 -95.39508994 77.70498489 33345680.41
71000 0.71001 -81.61688847 13.74058423 -95.3574727 77.479058 33636209.52
72000 0.72001 -81.61279688 13.70682034 -95.31961722 77.28867351 33873060.89
73000 0.73001 -81.61879894 13.68023403 -95.29903297 77.13876119 33948202.09
74000 0.74001 -81.61623304 13.66069283 -95.27692587 77.02857422 33965241.5
75000 0.75001 -81.61618854 13.64765433 -95.26384287 76.95505401 33866154.49
76000 0.76001 -81.61277618 13.64045748 -95.25323366 76.91447308 33691393.7
77000 0.77001 -81.61187561 13.63866656 -95.25054217 76.90437464 33414091.84
78000 0.78001 -81.60844129 13.6421262 -95.25056749 76.92388253 33066397.5
79000 0.79001 -81.60683757 13.65124866 -95.25808623 76.97532134 32622174.08
80000 0.80001 -81.60840655 13.66707992 -95.27548647 77.06458912 32066679.28
81000 0.81001 -81.60810112 13.69090469 -95.29900582 77.1989299 31419608.56
82000 0.82001 -81.60743075 13.72327933 -95.33071008 77.38148081 30671273.05
83000 0.83001 -81.60874453 13.76343711 -95.37218164 77.60791857 29822134.6
84000 0.84001 -81.60683162 13.80924367 -95.41607529 77.8662081 28929815.24
85000 0.85001 -81.60253336 13.85798155 -95.46051491 78.14102651 28025332.5
86000 0.86001 -81.60257275 13.90670841 -95.50928116 78.4157827 27107767.96
87000 0.87001 -81.60409634 13.9528401 -95.55693644 78.67590555 26225790.73
88000 0.88001 -81.60777798 13.99430268 -95.60208066 78.90970069 25401707.81
89000 0.89001 -81.60219512 14.02969158 -95.63188671 79.10924818 24717805.79
90000 0.90001 -81.60029226 14.05805923 -95.65835149 79.26920486 24112309.76
91000 0.91001 -81.59820817 14.07907974 -95.67728791 79.38773327 23610883.15
92000 0.92001 -81.59745719 14.09284394 -95.69030113 79.4653455 23203685.07
93000 0.93001 -81.5973712 14.09951354 -95.69688474 79.50295335 22890388.64
94000 0.94001 -81.59761589 14.09925585 -95.69687174 79.50150033 22667887.86
95000 0.95001 -81.59382279 14.09242894 -95.68625173 79.46300543 22553865.71
96000 0.96001 -81.58969359 14.07962642 -95.66932 79.3908158 22517102.68
97000 0.97001 -81.59413525 14.06195031 -95.65608556 79.29114551 22490777.58
98000 0.98001 -81.5937042 14.04144427 -95.63514847 79.17551805 22524081.49
99000 0.99001 -81.59193026 14.02122208 -95.61315234 79.06149119 22559948.56
100000 1.00001 -81.59099822 14.00485443 -95.59585265 78.96919889 22543398.37
