Loading the initial atomic configuration from "equilT93.data"
Number of steps: 100000
Boundary: periodic periodic periodic
System dimensions: 28.0688 28.0688 28.0688 A
The total number of atoms: 500
Atomic masses: m[type1] = 39.948 Da
Neigbor List algorithm: O(N^2) complexity, Rskin = 2.000000 A, update every 50 steps
Verlet integration algorithm: time step = 0.001000 ps
Handlers:
Berendsen thermostat: T = 93.000000 K, tau = 2.000000 ps
Berendsen barostat: P = 0.000100 GPa; pressure control XYZ together; beta = 0.100000 GPa^-1

Potentials:
type1-type1 : Lennard-Jones potential for Ar-Ar interaction, Rcut = 8.512500 A

Step   Time   Energy   Kinetic   Potential   Temperature   Pressure
0 1.00101 -25.45537737 6.387086308 -31.84246368 98.82481841 15904490.94
1000 2.00101 -25.53764728 6.049236194 -31.58688348 93.59739943 15637963.55
2000 3.00101 -25.54233133 5.949065882 -31.49139721 92.04750447 14256740.13
3000 4.00101 -25.52993351 6.068539771 -31.59847328 93.89607592 4428322.435
4000 5.00101 -25.51674323 5.999276081 -31.51601931 92.82438669 4792118.626
5000 6.00101 -25.53085821 5.994253849 -31.52511206 92.74667971 4528732.127
6000 7.00101 -25.52708691 5.893865952 -31.42095287 91.19341814 4174761.807
7000 8.00101 -25.47015205 5.734076754 -31.2042288 88.72106413 10580643.99
8000 9.00101 -25.46124617 6.032733739 -31.4939799 93.34206357 1941915.914
9000 10.00101 -25.43235584 5.95026709 -31.38262293 92.06609028 2779840.34
10000 11.00101 -25.45906149 5.884280637 -31.34334212 91.04510842 6252452.9
11000 12.00101 -25.47821657 5.880864252 -31.35908083 90.99224807 3429044.479
12000 13.00101 -25.43689175 5.86090649 -31.29779824 90.68344963 5406164.664
13000 14.00101 -25.38129274 5.949455568 -31.33074831 92.05353392 2659450.007
14000 15.00101 -25.34507498 6.135223287 -31.48029827 94.92784314 -5854426.569
15000 16.00101 -25.36282936 6.096473126 -31.45930248 94.32827749 -2072942.285
16000 17.00101 -25.35395801 5.593065233 -30.94702324 86.53924956 17612089.84
17000 18.00101 -25.28653376 6.032201289 -31.31873505 93.33382518 -1158514
18000 19.00101 -25.28399913 6.136558784 -31.42055791 94.94850675 -5089915.713
19000 20.00101 -25.26136984 6.091700978 -31.35307082 94.25443995 -4169627.464
20000 21.00101 -25.25985642 5.935570696 -31.19542711 91.83869887 300109.6063
21000 22.00101 -25.2434106 6.079832034 -31.32324263 94.07079656 -3721665.321
22000 23.00101 -25.20842039 5.806920706 -31.0153411 89.84814931 7188670.707
23000 24.00101 -25.13185803 5.996771301 -31.12862933 92.78563124 5462341.066
24000 25.00101 -25.10929599 5.980135978 -31.08943197 92.52823957 377398.2813
25000 26.00101 -25.05252988 5.924255796 -30.97678568 91.66362798 3305724.582
26000 27.00101 -25.05464657 6.046416417 -31.10106299 93.55377015 2596738.563
27000 28.00101 -25.06166654 6.000369354 -31.06203589 92.84130247 1337264.659
28000 29.00101 -25.0556104 6.192674678 -31.24828508 95.81676542 -5732716.257
29000 30.00101 -25.07068085 5.963185761 -31.03386661 92.26597567 2430051.276
30000 31.00101 -25.10383038 6.128444164 -31.23227454 94.8229525 -4121507.006
31000 32.00101 -25.06894124 5.921610052 -30.99055129 91.62269145 3617680.924
32000 33.00101 -25.03274163 5.798568811 -30.83131044 89.71892379 8356447.709
33000 34.00101 -25.0439685 5.883088836 -30.92705734 91.02666816 7534453.084
34000 35.00101 -24.99712329 6.021744769 -31.01886806 93.17203566 55250.56425
35000 36.00101 -24.99940011 5.632029252 -30.63142936 87.14212417 12526397.96
36000 37.00101 -24.94819055 6.156835615 -31.10502617 95.262242 -4747929.111
37000 38.00101 -25.03995721 5.996307537 -31.03626475 92.7784556 -551504.1528
38000 39.00101 -25.04509721 6.046402232 -31.09149945 93.55355068 -1940365.225
39000 40.00101 -25.01768775 6.002031196 -31.01971894 92.86701547 980020.1516
40000 41.00101 -25.00391135 6.122129752 -31.1260411 94.72525214 -3917515.073
41000 42.00101 -24.95634067 6.01211424 -30.96845491 93.02302637 1443279.254
42000 43.00101 -25.00592743 6.044451491 -31.05037892 93.52336765 -599775.746
43000 44.00101 -24.99242957 5.738403692 -30.73083326 88.7880131 10257516.69
44000 45.00101 -24.91184565 5.807567324 -30.71941298 89.85815418 8430928.743
45000 46.00101 -24.84672256 5.841697444 -30.68842001 90.38623579 8369096.75
46000 47.00101 -24.78590067 6.100748327 -30.88664899 94.39442596 -1570758.96
47000 48.00101 -24.78586635 5.886149244 -30.67201559 91.07402062 4377974.156
48000 49.00101 -24.80545087 6.118696532 -30.9241474 94.6721313 -6350866.322
49000 50.00101 -24.79812073 6.129186612 -30.92730734 94.83444011 -1467790.305
50000 51.00101 -24.792689 5.817040585 -30.60972958 90.00473013 4394940.355
51000 52.00101 -24.74267039 5.996620651 -30.73929104 92.78330029 359220.5783
52000 53.00101 -24.71539169 6.063590855 -30.77898254 93.81950333 -2232058.624
53000 54.00101 -24.64645091 5.823811503 -30.47026242 90.10949381 9650717.916
54000 55.00101 -24.54011183 5.772694645 -30.31280648 89.31858323 9079944.046
55000 56.00101 -24.4129991 5.912574023 -30.32557312 91.4828806 9862833.53
56000 57.00101 -24.27885541 6.146704765 -30.42556017 95.10549143 -2642378.844
57000 58.00101 -24.20427305 5.753184882 -29.95745793 89.01671651 10600986.47
58000 59.00101 -24.01981086 5.977570452 -29.99738131 92.48854421 4482557.644
59000 60.00101 -23.91643784 5.61831213 -29.53474997 86.92988464 18256414.18
60000 61.00101 -23.74344711 5.684942459 -29.42838956 87.96082894 13946833.87
61000 62.00101 -23.56186573 5.369085984 -28.93095172 83.0737087 24567255.32
62000 63.00101 -23.36491926 5.658210293 -29.02312955 87.54721288 16307213.35
63000 64.00101 -23.11693125 5.462541083 -28.57947233 84.51970187 21592652.69
64000 65.00101 -22.92472092 5.702230746 -28.62695167 88.22832365 18607586.1
65000 66.00101 -22.70217849 5.745372928 -28.44755141 88.89584529 17112286.28
66000 67.00101 -22.50142226 5.325679769 -27.82710203 82.40210178 30260062.92
67000 68.00101 -22.24612474 5.605049614 -27.85117436 86.72467907 20386319.75
68000 69.00101 -22.10369797 5.953943002 -28.05764097 92.12296619 8537468.313
69000 70.00101 -21.95369801 5.998980099 -27.95267811 92.81980708 3886877.575
70000 71.00101 -21.7935329 5.743535869 -27.53706877 88.86742121 9647606.118
71000 72.00101 -21.69144171 5.762183968 -27.45362568 89.15595576 13239130.48
72000 73.00101 -21.56489345 5.579968389 -27.14486184 86.33660736 19966528.23
73000 74.00101 -21.4008925 5.680887884 -27.08178039 87.89809413 18507997.25
74000 75.00101 -21.27128296 5.868718873 -27.14000184 90.8043275 11832318.95
75000 76.00101 -21.12803563 5.838501575 -26.96653721 90.3367874 8332573.715
76000 77.00101 -21.01549682 5.804624004 -26.82012083 89.81261337 8286188.12
77000 78.00101 -20.90935439 5.659181586 -26.56853598 87.5622413 22673762.59
78000 79.00101 -20.84949276 5.63520301 -26.48469577 87.19123044 15219897.01
79000 80.00101 -20.73075933 5.889381683 -26.62014102 91.12403485 4819787.721
80000 81.00101 -20.63992145 5.788046202 -26.42796765 89.5561117 13377528.33
81000 82.00101 -20.5808508 5.996852272 -26.57770307 92.78688407 3214804.297
82000 83.00101 -20.51855388 5.884414806 -26.40296869 91.04718437 5829973.934
83000 84.00101 -20.48489355 5.959346803 -26.44424035 92.20657702 4494228.588
84000 85.00101 -20.412679 5.785192722 -26.19787172 89.51196095 9637914.967
85000 86.00101 -20.38681757 5.94445142 -26.33126899 91.97610676 2189175.687
86000 87.00101 -20.35879549 6.015229532 -26.37402502 93.07122802 894459.513
87000 88.00101 -20.3119587 5.803785343 -26.11574404 89.79963709 6912107.742
88000 89.00101 -20.27490529 5.883909008 -26.1588143 91.03935835 8439627.55
89000 90.00101 -20.21083274 5.940484733 -26.15131748 91.9147318 1741565.675
90000 91.00101 -20.20375848 6.12734513 -26.33110361 94.80594759 1685421.793
91000 92.00101 -20.22772576 5.941830523 -26.16955628 91.93555466 688933.4364
92000 93.00101 -20.21846704 5.979000795 -26.19746783 92.51067534 -3822041.703
93000 94.00101 -20.20030059 5.76204695 -25.96234754 89.15383572 10470657.58
94000 95.00101 -20.17671089 5.848742168 -26.02545306 90.49523598 14387970.68
95000 96.00101 -20.12093385 5.939608539 -26.06054239 91.9011748 4500335.123
96000 97.00101 -20.05266432 5.873220965 -25.92588528 90.87398657 4522122.096
97000 98.00101 -19.99012407 5.980150171 -25.97027424 92.52845917 1745097.111
98000 99.00101 -19.94854702 5.861225682 -25.80977271 90.68838836 9184463.307
99000 100.00101 -19.92582622 6.178787521 -26.10461374 95.60189503 -5922928.092
100000 101.00101 -19.89608904 6.149659067 -26.0457481 95.15120216 -127885.4981
