Loading the initial atomic configuration from "equilT78.data"
Number of steps: 100000
Boundary: periodic periodic periodic
System dimensions: 27.9728 27.9728 27.9728 A
The total number of atoms: 500
Atomic masses: m[type1] = 39.948 Da
Neigbor List algorithm: O(N^2) complexity, Rskin = 2.000000 A, update every 50 steps
Verlet integration algorithm: time step = 0.001000 ps
Handlers:
Berendsen thermostat: T = 78.000000 K, tau = 2.000000 ps
Berendsen barostat: P = 0.000100 GPa; pressure control XYZ together; beta = 0.100000 GPa^-1

Potentials:
type1-type1 : Lennard-Jones potential for Ar-Ar interaction, Rcut = 8.512500 A

Step   Time   Energy   Kinetic   Potential   Temperature   Pressure
0 1.00101 -27.40026359 5.522880373 -32.92314396 85.45330744 -14331165.43
1000 2.00101 -27.58362868 5.30426039 -32.88788907 82.07068835 -8740683.282
2000 3.00101 -27.76181142 5.151582526 -32.91339394 79.70836515 -2790353.144
3000 4.00101 -27.89350032 5.089650824 -32.98315115 78.75012082 -3931906.376
4000 5.00101 -28.05785962 5.044748603 -33.10260822 78.05536681 -1442037.142
5000 6.00101 -28.16520544 5.33476829 -33.49997373 82.54272482 -11595344.34
6000 7.00101 -28.24931212 5.201822482 -33.4511346 80.48570778 -7332834.069
7000 8.00101 -28.36525103 5.087080723 -33.45233176 78.71035468 -3221268.423
8000 9.00101 -28.42528268 5.207492373 -33.63277505 80.57343572 -6911357.017
9000 10.00101 -28.51182746 5.210203027 -33.72203049 80.61537658 -6820880.953
10000 11.00101 -28.55151374 5.348282653 -33.89979639 82.75182712 -11249088.95
11000 12.00101 -28.65320975 5.260616934 -33.91382668 81.39541069 -6134458.812
12000 13.00101 -28.69398473 4.997331406 -33.69131614 77.32169959 795632.7167
13000 14.00101 -28.75690876 5.120443534 -33.8773523 79.22656404 -3862864.353
14000 15.00101 -28.80274668 5.130955917 -33.9337026 79.38921791 -3528186.534
15000 16.00101 -28.83167949 4.989104894 -33.82078439 77.19441406 1198385.744
16000 17.00101 -28.88162195 5.220768973 -34.10239093 80.77885921 -7805490.527
17000 18.00101 -28.8664224 5.230117944 -34.09654034 80.92351208 -6326681.282
18000 19.00101 -28.9145253 5.251866587 -34.16639189 81.26002009 -7523868.79
19000 20.00101 -28.94724431 4.954763322 -33.90200763 76.66306073 3085886.391
20000 21.00101 -28.9491373 5.230163128 -34.17930043 80.92421119 -6507097.396
21000 22.00101 -28.96713005 5.030621432 -33.99775148 77.83678276 633792.2379
22000 23.00101 -28.97828503 4.926610432 -33.90489546 76.22746238 4446400.02
23000 24.00101 -29.02240205 5.061813058 -34.08421511 78.31939825 -319872.9633
24000 25.00101 -29.02688043 5.13613392 -34.16301435 79.46933507 -3367843.101
25000 26.00101 -29.03487579 5.167856461 -34.20273226 79.96016519 -5293495.528
26000 27.00101 -29.06578307 5.07548698 -34.14127005 78.53096935 -3068859.691
27000 28.00101 -29.0721515 5.257326858 -34.32947835 81.34450467 -8768942.093
28000 29.00101 -29.09197092 4.900862758 -33.99283368 75.82907897 5692173.478
29000 30.00101 -29.09281206 5.05644735 -34.14925941 78.23637682 -219075.2042
30000 31.00101 -29.09533564 5.253144668 -34.34848031 81.27979533 -7374395.83
31000 32.00101 -29.1094373 5.048926343 -34.15836364 78.1200073 -91139.66365
32000 33.00101 -29.1335526 5.052926778 -34.18647938 78.18190442 604708.3045
33000 34.00101 -29.10818841 5.077575355 -34.18576376 78.56328194 -1571341.294
34000 35.00101 -29.12236069 5.092774251 -34.21513495 78.79844834 -1017877.385
35000 36.00101 -29.12489575 5.048857296 -34.17375305 78.11893896 -202420.1717
36000 37.00101 -29.11429335 4.972101911 -34.08639526 76.93133374 3204843.924
37000 38.00101 -29.11184136 5.084804335 -34.19664569 78.67513303 -1890080.33
38000 39.00101 -29.11664936 4.823437953 -33.94008732 74.6311161 6616739.422
39000 40.00101 -29.10457023 4.933999806 -34.03857004 76.3417952 3605912.187
40000 41.00101 -29.11449935 5.154758424 -34.26925777 79.75750454 -3905859.367
41000 42.00101 -29.13277402 5.101361177 -34.23413519 78.9313104 -26209.91367
42000 43.00101 -29.11295108 5.034685134 -34.14763621 77.8996588 1056919.489
43000 44.00101 -29.1451359 4.876213426 -34.02134932 75.44768977 6297625.162
44000 45.00101 -29.13471463 4.968968649 -34.10368328 76.88285404 1857017.856
45000 46.00101 -29.08408578 4.945744872 -34.02983065 76.52352189 3060654.377
46000 47.00101 -29.1279517 5.079282018 -34.20723371 78.58968844 -1794372.602
47000 48.00101 -29.11694477 5.027168437 -34.14411321 77.78335596 -212430.2728
48000 49.00101 -29.13506121 4.9399192 -34.07498041 76.4333836 4526182.355
49000 50.00101 -29.12563728 4.990343164 -34.11598045 77.21357332 1895465.807
50000 51.00101 -29.12780502 5.151496773 -34.27930179 79.70703831 -3567527.817
51000 52.00101 -29.13536393 4.871078318 -34.00644224 75.36823632 7115419.641
52000 53.00101 -29.13005076 4.943750304 -34.07380107 76.49266073 3553396.157
53000 54.00101 -29.13884838 5.004323794 -34.14317217 77.42988999 1870917.942
54000 55.00101 -29.12630293 4.978105406 -34.10440834 77.0242234 3907945.112
55000 56.00101 -29.13172603 4.90850783 -34.04023386 75.9473681 4276489.319
56000 57.00101 -29.11867162 4.857529276 -33.9762009 75.15859744 8127233.932
57000 58.00101 -29.1199719 5.056392429 -34.17636433 78.23552704 231047.6232
58000 59.00101 -29.14690841 4.91524378 -34.06215219 76.05159074 4070522.106
59000 60.00101 -29.12203122 4.930400448 -34.05243166 76.28610378 4226745.521
60000 61.00101 -29.12081891 4.979052896 -34.09987181 77.03888354 2558044.94
61000 62.00101 -29.13234826 4.830353934 -33.9627022 74.73812429 9268759.201
62000 63.00101 -29.13339091 5.027282513 -34.16067342 77.78512101 304448.0435
63000 64.00101 -29.10966588 4.924980386 -34.03464627 76.20224134 3013195.074
64000 65.00101 -29.12755145 4.913233528 -34.04078498 76.02048692 4719917.096
65000 66.00101 -29.11917629 5.009149408 -34.12832569 77.50455477 1616158.112
66000 67.00101 -29.13148329 5.039883194 -34.17136649 77.98008629 1355082.865
67000 68.00101 -29.10955685 4.9573579 -34.06691475 76.70320559 5976733.017
68000 69.00101 -29.12813972 5.194933202 -34.32307292 80.37911272 -5740274.735
69000 70.00101 -29.14319235 5.008126832 -34.15131918 77.48873287 1310462.078
70000 71.00101 -29.13999193 5.086293993 -34.22628592 78.69818192 -2546611.393
71000 72.00101 -29.12716995 5.097133397 -34.22430335 78.86589565 -1315030.925
72000 73.00101 -29.1379977 4.951409693 -34.08940739 76.61117137 1881164.115
73000 74.00101 -29.14577826 5.127957946 -34.2737362 79.34283151 -2593266.843
74000 75.00101 -29.15496734 5.001111011 -34.15607835 77.38017989 2487886.6
75000 76.00101 -29.15011917 5.22012339 -34.37024256 80.76887037 -7120484.61
76000 77.00101 -29.14710499 5.149586117 -34.29669111 79.67747551 -3187316.951
77000 78.00101 -29.16034574 4.962092889 -34.12243863 76.77646817 2680561.562
78000 79.00101 -29.13355873 5.076732673 -34.2102914 78.55024346 -2642449.561
79000 80.00101 -29.14308186 5.048591122 -34.19167298 78.11482056 928718.2603
80000 81.00101 -29.13787312 4.970602095 -34.10847522 76.9081277 1571994.578
81000 82.00101 -29.12955076 5.248806002 -34.37835676 81.21266489 -6655700.033
82000 83.00101 -29.15119919 4.965460213 -34.1166594 76.82856943 2097248.095
83000 84.00101 -29.13213703 4.971888071 -34.1040251 76.92802509 4216712.781
84000 85.00101 -29.11602662 4.916188412 -34.03221503 76.06620666 5806906.664
85000 86.00101 -29.1435448 5.35177564 -34.49532044 82.80587271 -13089311.25
86000 87.00101 -29.13954815 4.958272871 -34.09782102 76.71736257 2697839.676
87000 88.00101 -29.12851337 5.015746109 -34.14425948 77.60662288 1939380.396
88000 89.00101 -29.1284449 5.083373052 -34.21181796 78.65298737 -2494530.494
89000 90.00101 -29.1560943 4.992856375 -34.14895068 77.25245922 1069049.806
90000 91.00101 -29.1563234 5.133830434 -34.29015384 79.43369416 -2688784.19
91000 92.00101 -29.17739834 5.0956947 -34.27309304 78.84363528 -2043500.808
92000 93.00101 -29.16651391 5.203510227 -34.37002413 80.51182158 -6149771.125
93000 94.00101 -29.14403967 4.935907573 -34.07994724 76.3713133 3643657.219
94000 95.00101 -29.16670888 5.06805733 -34.23476621 78.41601336 -1390020.173
95000 96.00101 -29.13937622 5.147001064 -34.28637728 79.63747802 -4019547.36
96000 97.00101 -29.15363908 5.044800421 -34.1984395 78.05616856 -383339.9796
97000 98.00101 -29.16845146 5.239960845 -34.40841231 81.07580733 -7113931.186
98000 99.00101 -29.17875073 4.820262175 -33.9990129 74.58197855 9691448.412
99000 100.00101 -29.16002124 5.166802749 -34.32682399 79.94386153 -4419256.201
100000 101.00101 -29.16016823 4.982979879 -34.14314811 77.09964417 2653918.631
