Loading the initial atomic configuration from "ArHW4.data"
Number of steps: 100000
Boundary: periodic periodic periodic
System dimensions: 28 28 28 A
The total number of atoms: 500
Atomic masses: m[type1] = 39.948 Da
Neigbor List algorithm: O(N^2) complexity, Rskin = 2.000000 A, update every 50 steps
Verlet integration algorithm: time step = 0.000010 ps
Handlers:
Assigning the initial velocity corresponding to T = 100.000000 K
Berendsen barostat: P = 0.000100 GPa; pressure control XYZ together; beta = 0.100000 GPa^-1

Potentials:
type1-type1 : Lennard-Jones potential for Ar-Ar interaction, Rcut = 8.512500 A

Step   Time   Energy   Kinetic   Potential   Temperature   Pressure
0 1e-05 -24.22783407 12.9260775 -37.15391157 200 -244297865.5
1000 0.01001 -24.24595555 12.89737148 -37.14332703 199.5558432 -179808978.1
2000 0.02001 -24.26354085 12.80979463 -37.07333549 198.200802 -175556109.1
3000 0.03001 -24.2802953 12.6594386 -36.9397339 195.8744035 -168552462.5
4000 0.04001 -24.29678364 12.44007072 -36.73685436 192.4802126 -158671649.5
5000 0.05001 -24.31680824 12.14359269 -36.46040093 187.8929272 -145803562.8
6000 0.06001 -24.34660214 11.7610206 -36.10762274 181.973543 -129873254.1
7000 0.07001 -24.37367156 11.28371548 -35.65738705 174.5883929 -110580563.4
8000 0.08001 -24.39961051 10.70609512 -35.10570562 165.6511052 -87961485.7
9000 0.09001 -24.42672517 10.03026499 -34.45699017 155.1942574 -62317367.41
10000 0.10001 -24.44663815 9.271434267 -33.71807241 143.4531747 -34193481.8
11000 0.11001 -24.45961361 8.462646794 -32.92226041 130.9391313 -4774591.331
12000 0.12001 -24.4714613 7.654891571 -32.12635287 118.4410595 24183124.69
13000 0.13001 -24.47874985 6.90921145 -31.3879613 106.9034508 50812664.79
14000 0.14001 -24.48761021 6.282022149 -30.76963236 97.19920292 73289764.88
15000 0.15001 -24.49528649 5.810518409 -30.3058049 89.90381511 90518353.17
16000 0.16001 -24.50240442 5.50548249 -30.00788691 85.18411699 102153171.9
17000 0.17001 -24.50886751 5.353406393 -29.8622739 82.83110469 108598433.5
18000 0.18001 -24.51181274 5.324386557 -29.8361993 82.38209244 110806477.8
19000 0.19001 -24.51782126 5.381548929 -29.89937019 83.26654284 109824398
20000 0.20001 -24.5268413 5.488661146 -30.01550245 84.92384711 106797139.8
21000 0.21001 -24.53052365 5.615347506 -30.14587116 86.88401421 102830286.5
22000 0.22001 -24.53269965 5.739758865 -30.27245851 88.80898114 98604644.28
23000 0.23001 -24.5355737 5.849463471 -30.38503717 90.5063964 94548404.09
24000 0.24001 -24.54018961 5.940409591 -30.48059921 91.91356916 90856090.35
25000 0.25001 -24.54642208 6.014370378 -30.56079246 93.05793467 87558545.52
26000 0.26001 -24.54691288 6.075521106 -30.62243398 94.0040953 84707661.71
27000 0.27001 -24.549592 6.127245633 -30.67683763 94.80440812 82138836.85
28000 0.28001 -24.5526348 6.170416116 -30.72305092 95.47236764 79886056.52
29000 0.29001 -24.55321023 6.203326524 -30.75653676 95.98157714 78058996.19
30000 0.30001 -24.55621991 6.222654846 -30.77887476 96.2806365 76688393.24
31000 0.31001 -24.55732542 6.2252323 -30.78255772 96.32051641 75925878.36
32000 0.32001 -24.55908076 6.209466421 -30.76854718 96.07657731 75770393.81
33000 0.33001 -24.55866339 6.17607991 -30.7347433 95.56000125 76227850.65
34000 0.34001 -24.56013761 6.128183079 -30.68832069 94.81891284 77128873.35
35000 0.35001 -24.56284994 6.071758465 -30.6346084 93.94587747 78291053.07
36000 0.36001 -24.56294679 6.015410971 -30.57835776 93.07403535 79505438.15
37000 0.37001 -24.56428731 5.969047421 -30.53333473 92.35667078 80419181.65
38000 0.38001 -24.56382075 5.941209741 -30.50503049 91.92594955 80822518.15
39000 0.39001 -24.56437044 5.936118803 -30.50048924 91.84717952 80545447.05
40000 0.40001 -24.56555867 5.951827416 -30.51738608 92.09023257 79636941.03
41000 0.41001 -24.56601119 5.981475803 -30.54748699 92.54897015 78298528.41
42000 0.42001 -24.56755866 6.016845979 -30.58440464 93.09623865 76727965.65
43000 0.43001 -24.56599499 6.051498862 -30.61749385 93.63240878 75163852.7
44000 0.44001 -24.56670099 6.082446908 -30.6491479 94.11125545 73612534.05
45000 0.45001 -24.56766584 6.110343174 -30.67800901 94.54288316 72087279.37
46000 0.46001 -24.56888911 6.138864664 -30.70775377 94.9841847 70489586.64
47000 0.47001 -24.57120791 6.173257127 -30.74446504 95.51632546 68665906.29
48000 0.48001 -24.57225728 6.218367985 -30.79062527 96.21430763 66523441.9
49000 0.49001 -24.5735377 6.276536489 -30.85007419 97.11432551 63984168.23
50000 0.50001 -24.57167618 6.346644203 -30.91832039 98.19907398 61138354.26
51000 0.51001 -24.57086975 6.424633531 -30.99550328 99.40577149 58050597.55
52000 0.52001 -24.56893632 6.505008334 -31.07394465 100.6493785 54920260.25
53000 0.53001 -24.57176743 6.582397977 -31.15416541 101.8467973 51829068.35
54000 0.54001 -24.57047031 6.652611609 -31.22308192 102.9331846 49042536.25
55000 0.55001 -24.57127917 6.712747747 -31.28402691 103.8636469 46569803.56
56000 0.56001 -24.57185852 6.761094541 -31.33295306 104.6116974 44508739.64
57000 0.57001 -24.56936626 6.796797292 -31.36616355 105.1641117 42937741.54
58000 0.58001 -24.57104261 6.819367662 -31.39041027 105.513334 41773638.3
59000 0.59001 -24.57118624 6.828539729 -31.39972597 105.6552497 41109957.12
60000 0.60001 -24.57249798 6.823971738 -31.39646971 105.584571 40914901.64
61000 0.61001 -24.57297088 6.805217612 -31.3781885 105.294396 41221317.58
62000 0.62001 -24.57581004 6.771992111 -31.34780215 104.7803111 41976552.12
63000 0.63001 -24.57531341 6.724901538 -31.30021495 104.0516976 43228946.46
64000 0.64001 -24.57619683 6.666086215 -31.24228305 103.1416718 44832605.66
65000 0.65001 -24.57612006 6.599336534 -31.1754566 102.1088808 46695652.41
66000 0.66001 -24.57660265 6.529722166 -31.10632482 101.0317657 48636519.14
67000 0.67001 -24.57613597 6.462549206 -31.03868518 99.99242548 50512791.05
68000 0.68001 -24.57589528 6.4022199 -30.97811518 99.05897438 52170432.55
69000 0.69001 -24.5778903 6.351603207 -30.9294935 98.27580265 53489912.25
70000 0.70001 -24.57622997 6.311906452 -30.88813642 97.66159071 54515503.14
71000 0.71001 -24.57544145 6.282949181 -30.85839063 97.21354651 55182510.28
72000 0.72001 -24.5751763 6.26366567 -30.83884197 96.9151805 55523115.88
73000 0.73001 -24.57643178 6.252779297 -30.82921108 96.74674002 55559831.28
74000 0.74001 -24.57634121 6.249045372 -30.82538658 96.68896651 55370576.28
75000 0.75001 -24.57825791 6.25148215 -30.82974006 96.72666979 54937757.21
76000 0.76001 -24.57982035 6.259327193 -30.83914754 96.84805299 54320086.25
77000 0.77001 -24.58085469 6.272051667 -30.85290636 97.04493366 53537366.56
78000 0.78001 -24.58421284 6.289459278 -30.87367211 97.31427461 52556860.43
79000 0.79001 -24.58333517 6.311578309 -30.89491348 97.65651349 51475477.35
80000 0.80001 -24.5857811 6.3383149 -30.924096 98.07019801 50190460.65
81000 0.81001 -24.58700868 6.36909434 -30.95610302 98.54643591 48787817.06
82000 0.82001 -24.58668083 6.402637304 -30.98931814 99.06543271 47312481.67
83000 0.83001 -24.58446173 6.437122124 -31.02158385 99.59900247 45825471.96
84000 0.84001 -24.58589954 6.470413373 -31.05631292 100.1141046 44311992.95
85000 0.85001 -24.5862912 6.500455681 -31.08674688 100.5789371 42901474.37
86000 0.86001 -24.58547303 6.526010282 -31.11148331 100.9743332 41635167.41
87000 0.87001 -24.58462824 6.547369014 -31.13199725 101.3048083 40492540.93
88000 0.88001 -24.58493407 6.566544374 -31.15147844 101.6015009 39406977.45
89000 0.89001 -24.58421098 6.586373337 -31.17058432 101.9083065 38337553.45
90000 0.90001 -24.58497718 6.608961682 -31.19393886 102.2578069 37194612.89
91000 0.91001 -24.5840408 6.634956778 -31.21899758 102.6600185 36010413.06
92000 0.92001 -24.58459509 6.663643699 -31.24823879 103.1038797 34760624.13
93000 0.93001 -24.58126247 6.693744573 -31.27500705 103.5696184 33560883.17
94000 0.94001 -24.58076798 6.723589272 -31.30435725 104.0313935 32363787.31
95000 0.95001 -24.58092762 6.751078444 -31.33200607 104.4567224 31260740.24
96000 0.96001 -24.57905714 6.773985627 -31.35304276 104.811156 30352137.62
97000 0.97001 -24.57919216 6.79059595 -31.36978811 105.0681609 29624981.92
98000 0.98001 -24.57898361 6.800557783 -31.37954139 105.2222963 29118336.98
99000 0.99001 -24.5784338 6.805327849 -31.38376164 105.2961016 28787737.1
100000 1.00001 -24.57838625 6.807610723 -31.38599697 105.3314236 28542015.97
