Loading the initial atomic configuration from "ArHW4.data"
Number of steps: 100000
Boundary: periodic periodic periodic
System dimensions: 38.269 38.269 38.269 A
The total number of atoms: 1372
Atomic masses: m[type1] = 39.948 Da
Neigbor List algorithm: O(N^2) complexity, Rskin = 2.000000 A, update every 50 steps
Verlet integration algorithm: time step = 0.000010 ps
Handlers:
Assigning the initial velocity corresponding to T = 75.000000 K
Berendsen barostat: P = 0.000100 GPa; pressure control XYZ together; beta = 0.100000 GPa^-1

Potentials:
type1-type1 : Lennard-Jones potential for Ar-Ar interaction, Rcut = 8.512500 A

Step   Time   Energy   Kinetic   Potential   Temperature   Pressure
0 1e-05 -81.12446965 26.6018675 -107.7263371 150 -188488281.1
1000 0.01001 -81.1514695 26.50232884 -107.6537983 149.4387312 -135749989.3
2000 0.02001 -81.18964247 26.20042305 -107.3900655 147.7363745 -130662747.7
3000 0.03001 -81.31552432 25.69106842 -107.0065927 144.8642755 -122932896.7
4000 0.04001 -81.49122001 24.96706478 -106.4582848 140.7818349 -112314065.1
5000 0.05001 -81.65131572 24.01816248 -105.6694782 135.4312577 -98422425.07
6000 0.06001 -81.77853747 22.83766214 -104.6161996 128.7747682 -81222405.55
7000 0.07001 -81.8773267 21.42857707 -103.3059038 120.8293576 -60942268.2
8000 0.08001 -81.95244209 19.81161654 -101.7640586 111.7117993 -38034392.59
9000 0.09001 -82.01434925 18.03332176 -100.047671 101.6845252 -13287524.2
10000 0.10001 -82.06216701 16.17116551 -98.23333252 91.18438122 12229222.89
11000 0.11001 -82.09169659 14.3304506 -96.42214719 80.80513862 37174356.67
12000 0.12001 -82.11981602 12.6296993 -94.74951532 71.21510906 59972703.76
13000 0.13001 -82.14431876 11.17856594 -93.32288469 63.03260066 79302079.79
14000 0.14001 -82.16338503 10.05642053 -92.21980556 56.70515723 94223278.87
15000 0.15001 -82.18329535 9.299981257 -91.4832766 52.43982171 104275395.7
16000 0.16001 -82.20433003 8.902080236 -91.10641027 50.19617648 109565062.9
17000 0.17001 -82.22422759 8.81998498 -91.04421257 49.7332658 110647141.2
18000 0.18001 -82.23590751 8.988759559 -91.22466707 50.68493534 108379768.8
19000 0.19001 -82.25166333 9.334988536 -91.58665187 52.63721732 103623598.6
20000 0.20001 -82.26438239 9.7877768 -92.05215919 55.19035535 97330507.42
21000 0.21001 -82.27661458 10.28568654 -92.56230111 57.99791991 90290681.51
22000 0.22001 -82.28368949 10.77999221 -93.06368169 60.78516221 83184508.06
23000 0.23001 -82.29096565 11.2354348 -93.52640045 63.35326724 76471646.71
24000 0.24001 -82.29259422 11.62898776 -93.92158198 65.57239505 70521542.61
25000 0.25001 -82.29751648 11.94784462 -94.24536111 67.37033382 65487262.66
26000 0.26001 -82.30306397 12.1869502 -94.49001416 68.71857888 61481740.38
27000 0.27001 -82.30183535 12.34718388 -94.64901923 69.62208883 58561401.93
28000 0.28001 -82.30337828 12.43376916 -94.73714744 70.11031741 56621747.91
29000 0.29001 -82.30443992 12.45533787 -94.7597778 70.23193696 55579564.88
30000 0.30001 -82.30561175 12.42345586 -94.72906761 70.05216379 55287636.91
31000 0.31001 -82.30443819 12.3517977 -94.65623588 69.64810478 55584656.29
32000 0.32001 -82.30500123 12.25548877 -94.56049 69.10504745 56252703.21
33000 0.33001 -82.30783317 12.14963746 -94.45747063 68.50818348 57091655.1
34000 0.34001 -82.31092749 12.04819082 -94.35911831 67.93615613 57929720.97
35000 0.35001 -82.31461296 11.96245759 -94.27707055 67.452732 58612132.93
36000 0.36001 -82.31382537 11.90069342 -94.21451879 67.10446226 59052346.75
37000 0.37001 -82.3154257 11.86790487 -94.18333057 66.91957737 59136385.81
38000 0.38001 -82.31399236 11.86597101 -94.17996337 66.90867292 58859332.39
39000 0.39001 -82.3145278 11.89411762 -94.20864541 67.06738325 58191907.75
40000 0.40001 -82.31363248 11.94920725 -94.26283974 67.3780173 57182631.24
41000 0.41001 -82.31564108 12.02670022 -94.3423413 67.81497703 55856699.39
42000 0.42001 -82.31834592 12.12149349 -94.43983941 68.34948801 54285931.13
43000 0.43001 -82.32038725 12.22881839 -94.54920564 68.95466111 52537080.72
44000 0.44001 -82.32242648 12.3445585 -94.66698498 69.60728513 50660353.77
45000 0.45001 -82.32026543 12.4650706 -94.78533603 70.28681693 48729102.58
46000 0.46001 -82.31542144 12.5869025 -94.90232394 70.97379068 46783041.54
47000 0.47001 -82.31126485 12.70647208 -95.01773693 71.64800789 44852227.88
48000 0.48001 -82.31301474 12.82026375 -95.13327848 72.28964517 42954764.2
49000 0.49001 -82.30690606 12.92528676 -95.23219282 72.88183862 41209693.73
50000 0.50001 -82.30606404 13.01940375 -95.32546779 73.41253627 39572925.28
51000 0.51001 -82.30630292 13.10159257 -95.40789549 73.87597452 38084284.97
52000 0.52001 -82.30528327 13.17222249 -95.47750576 74.2742356 36757575.9
53000 0.53001 -82.30318562 13.23276047 -95.53594609 74.6155912 35579159.57
54000 0.54001 -82.30321531 13.2852159 -95.58843122 74.91137175 34510531.52
55000 0.55001 -82.30184998 13.33178346 -95.63363344 75.17395231 33548444
56000 0.56001 -82.30245872 13.37453417 -95.67699289 75.41501086 32651231.15
57000 0.57001 -82.30252264 13.41547633 -95.71799896 75.64587146 31810814.84
58000 0.58001 -82.30053515 13.45685088 -95.75738602 75.87917021 31012001.86
59000 0.59001 -82.299186 13.50058651 -95.79977251 76.12578239 30220195.98
60000 0.60001 -82.30200681 13.54669163 -95.84869844 76.38575542 29416214.59
61000 0.61001 -82.30059641 13.59221752 -95.89281393 76.64246236 28680173.31
62000 0.62001 -82.30554657 13.6316855 -95.93723207 76.86501055 28011041.89
63000 0.63001 -82.30930013 13.65930353 -95.96860366 77.02074035 27512417.34
64000 0.64001 -82.30951102 13.6712398 -95.98075083 77.08804546 27236158.59
65000 0.65001 -82.30971646 13.66647098 -95.97618744 77.06115549 27169524.34
66000 0.66001 -82.30689879 13.64635549 -95.95325428 76.9477302 27309759.94
67000 0.67001 -82.3128276 13.61382012 -95.92664772 76.76427298 27551704.97
68000 0.68001 -82.30717266 13.57274562 -95.87991828 76.53266611 27960765.75
69000 0.69001 -82.30640736 13.52734162 -95.83374897 76.27664649 28390248.66
70000 0.70001 -82.30683488 13.4815673 -95.78840218 76.01853875 28809908.67
71000 0.71001 -82.30761533 13.43867994 -95.74629527 75.77670969 29180863.31
72000 0.72001 -82.30404032 13.40117823 -95.70521855 75.56524876 29496483.39
73000 0.73001 -82.30770291 13.37044296 -95.67814588 75.39194174 29671065.39
74000 0.74001 -82.30683418 13.34690215 -95.65373633 75.25920214 29762644.06
75000 0.75001 -82.30596794 13.33046507 -95.63643301 75.16651833 29744475.66
76000 0.76001 -82.30341879 13.32080551 -95.6242243 75.11205096 29629223.42
77000 0.77001 -82.30153751 13.31761023 -95.61914774 75.0940337 29408139.12
78000 0.78001 -82.29796584 13.32066772 -95.61863356 75.11127396 29099026.64
79000 0.79001 -82.2962301 13.3300618 -95.6262919 75.16424439 28683780.18
80000 0.80001 -82.29447855 13.34639984 -95.64087839 75.25636973 28170251.89
81000 0.81001 -82.29556295 13.37066235 -95.6662253 75.39317882 27537054.22
82000 0.82001 -82.295617 13.40338288 -95.69899988 75.57768009 26805530.83
83000 0.83001 -82.29480509 13.44397773 -95.73878283 75.8065824 25986664.32
84000 0.84001 -82.29816839 13.49054064 -95.78870903 76.06913673 25078357.39
85000 0.85001 -82.29243087 13.54035138 -95.83278225 76.35000464 24191498.38
86000 0.86001 -82.29120686 13.59036993 -95.88157678 76.63204433 23287875.03
87000 0.87001 -82.29265031 13.63780886 -95.93045916 76.89953832 22413115.2
88000 0.88001 -82.29457874 13.68047464 -95.97505338 77.14011796 21607427.18
89000 0.89001 -82.29128203 13.71688361 -96.00816564 77.34541725 20922113.86
90000 0.90001 -82.28982163 13.74610278 -96.03592441 77.51017544 20328888.06
91000 0.91001 -82.28633563 13.76775371 -96.05408934 77.63225857 19854532.68
92000 0.92001 -82.28469173 13.78174486 -96.06643659 77.71115051 19477687.66
93000 0.93001 -82.28371431 13.7880588 -96.07177312 77.74675297 19202872.79
94000 0.94001 -82.28357444 13.78676202 -96.07033646 77.7394408 19025233.33
95000 0.95001 -82.28343396 13.77811167 -96.06154563 77.69066403 18943184.01
96000 0.96001 -82.28043506 13.76285586 -96.04329092 77.60464108 18960545.18
97000 0.97001 -82.28096785 13.74235716 -96.02332502 77.48905505 19021269.93
98000 0.98001 -82.28133407 13.71906702 -96.00040109 77.35772884 19114978.53
99000 0.99001 -82.27934964 13.69641648 -95.97576612 77.2300092 19212403.01
100000 1.00001 -82.27585506 13.67826612 -95.95412117 77.12766473 19262967.89
