Loading the initial atomic configuration from "ArHW4.data"
Number of steps: 100000
Boundary: periodic periodic periodic
System dimensions: 38.269 38.269 38.269 A
The total number of atoms: 1372
Atomic masses: m[type1] = 39.948 Da
Neigbor List algorithm: O(N^2) complexity, Rskin = 2.000000 A, update every 50 steps
Verlet integration algorithm: time step = 0.000010 ps
Handlers:
Assigning the initial velocity corresponding to T = 81.000000 K
Berendsen barostat: P = 0.000100 GPa; pressure control XYZ together; beta = 0.100000 GPa^-1

Potentials:
type1-type1 : Lennard-Jones potential for Ar-Ar interaction, Rcut = 8.512500 A

Step   Time   Energy   Kinetic   Potential   Temperature   Pressure
0 1e-05 -78.99632025 28.73001689 -107.7263371 162 -188488281.1
1000 0.01001 -79.02251054 28.62248924 -107.6449998 161.3936836 -131583247.1
2000 0.02001 -79.06216328 28.29607119 -107.3582345 159.5531096 -126145710.8
3000 0.03001 -79.20067549 27.74450702 -106.9451825 156.4430036 -117865010.5
4000 0.04001 -79.37926368 26.95820797 -106.3374716 152.0092977 -106357086.7
5000 0.05001 -79.53937668 25.92398612 -105.4633628 146.177629 -91257562.47
6000 0.06001 -79.6651144 24.6327171 -104.2978315 138.896548 -72527981.14
7000 0.07001 -79.7610199 23.0867211 -102.847741 130.1791375 -50409580.9
8000 0.08001 -79.83556624 21.30962892 -101.1451952 120.1586444 -25431427.27
9000 0.09001 -79.89225374 19.35647367 -99.2487274 109.1453843 1539502.936
10000 0.10001 -79.9353762 17.31954375 -97.25491995 97.65974373 29219612.79
11000 0.11001 -79.96571386 15.32300924 -95.2887231 86.40188087 56015136.67
12000 0.12001 -79.99609036 13.50330565 -93.49939601 76.14111483 80169385.25
13000 0.13001 -80.01872071 11.98143504 -92.00015575 67.55974016 100266732.8
14000 0.14001 -80.04165309 10.83883948 -90.88049258 61.11698447 115296460.7
15000 0.15001 -80.06529267 10.10538909 -90.17068176 56.98127636 124919389.6
16000 0.16001 -80.08587067 9.761175928 -89.8470466 55.04036096 129421713.4
17000 0.17001 -80.10957219 9.748712409 -89.8582846 54.9700829 129490103
18000 0.18001 -80.12542658 9.989591726 -90.1150183 56.32832955 126169544
19000 0.19001 -80.14394854 10.40033147 -90.54428001 58.64436849 120456923.8
20000 0.20001 -80.16103543 10.90368333 -91.06471875 61.48261956 113367851.3
21000 0.21001 -80.1747284 11.4353958 -91.61012421 64.48078769 105756791.2
22000 0.22001 -80.18360748 11.9466184 -92.13022589 67.36341953 98290970.35
23000 0.23001 -80.18872376 12.40376312 -92.59248688 69.9411223 91436850.25
24000 0.24001 -80.19470442 12.78645297 -92.98115738 72.09899627 85473518.91
25000 0.25001 -80.1979393 13.08474245 -93.28268175 73.78096172 80589715.68
26000 0.26001 -80.20252737 13.29637046 -93.49889783 74.97426901 76823932.68
27000 0.27001 -80.20497732 13.42478399 -93.62976131 75.69835461 74176063.26
28000 0.28001 -80.2093234 13.47755989 -93.6868833 75.99594219 72540451.1
29000 0.29001 -80.21200761 13.46578407 -93.67779168 75.92954184 71803143.33
30000 0.30001 -80.21162839 13.40338674 -93.61501514 75.5777019 71797077.03
31000 0.31001 -80.21297539 13.30633654 -93.51931193 75.03046474 72291360.8
32000 0.32001 -80.21778175 13.19147602 -93.40925777 74.38280052 73060100.7
33000 0.33001 -80.22019234 13.07486798 -93.29506032 73.72528252 73927803.11
34000 0.34001 -80.22457706 12.97036632 -93.19494337 73.13602881 74687210.38
35000 0.35001 -80.23006882 12.88843798 -93.1185068 72.67405936 75200770.42
36000 0.36001 -80.23158869 12.83595612 -93.06754481 72.37812976 75398852.98
37000 0.37001 -80.2354663 12.81627075 -93.05173705 72.26712986 75191103.2
38000 0.38001 -80.23509216 12.82953886 -93.06463103 72.34194478 74601036.84
39000 0.39001 -80.23629164 12.87316157 -93.1094532 72.5879202 73617556.83
40000 0.40001 -80.23884682 12.94245324 -93.18130006 72.97863528 72291013.72
41000 0.41001 -80.23918952 13.03188462 -93.27107414 73.48291216 70704858.33
42000 0.42001 -80.24720813 13.1360356 -93.38324373 74.0701885 68868478.91
43000 0.43001 -80.24742489 13.25018141 -93.4976063 74.71382269 66929558.47
44000 0.44001 -80.24958366 13.37032714 -93.61991081 75.39128866 64887059.13
45000 0.45001 -80.24662534 13.49266195 -93.73928729 76.08109819 62833489.11
46000 0.46001 -80.24310032 13.61325715 -93.85635747 76.76109857 60796380.19
47000 0.47001 -80.24339177 13.72808725 -93.97147902 77.40859125 58804020.59
48000 0.48001 -80.24012186 13.83362424 -94.0737461 78.00368287 56945036.73
49000 0.49001 -80.23869188 13.92733548 -94.16602736 78.53209261 55223497.06
50000 0.50001 -80.23878913 14.00799714 -94.24678627 78.98691967 53659544.45
51000 0.51001 -80.239423 14.07594982 -94.31537281 79.37008456 52259251.12
52000 0.52001 -80.23859804 14.13288526 -94.3714833 79.69112655 51018379.54
53000 0.53001 -80.23817849 14.18131309 -94.41949158 79.96419666 49900908.14
54000 0.54001 -80.23683259 14.22382896 -94.46066155 80.20393094 48886203.67
55000 0.55001 -80.23557784 14.26288391 -94.49846175 80.42415017 47941672.39
56000 0.56001 -80.24030196 14.30066847 -94.54097044 80.63720607 47009426.36
57000 0.57001 -80.23706048 14.33958049 -94.57664097 80.85661933 46141806.36
58000 0.58001 -80.23745214 14.38216347 -94.61961561 81.09673208 45247152.28
59000 0.59001 -80.23710691 14.42947092 -94.66657783 81.36348466 44340624.41
60000 0.60001 -80.23838035 14.47909778 -94.71747813 81.64331572 43435775.19
61000 0.61001 -80.24043477 14.525181 -94.76561578 81.9031653 42600658.49
62000 0.62001 -80.24311012 14.56075688 -94.803867 82.10376704 41910114.79
63000 0.63001 -80.24322844 14.5806795 -94.82390794 82.21610478 41435086.42
64000 0.64001 -80.24450036 14.58298474 -94.8274851 82.22910333 41172943.59
65000 0.65001 -80.24677256 14.56852542 -94.81529798 82.14757154 41110825.78
66000 0.66001 -80.24703067 14.54013587 -94.78716654 81.98749132 41228668.18
67000 0.67001 -80.24747218 14.50187076 -94.74934294 81.77172576 41462406.46
68000 0.68001 -80.24322729 14.45853995 -94.70176724 81.52739627 41780029.89
69000 0.69001 -80.24186153 14.4149456 -94.65680713 81.28158069 42079169.65
70000 0.70001 -80.24354168 14.37521847 -94.61876015 81.0575713 42306943.74
71000 0.71001 -80.24658008 14.34214647 -94.58872654 80.87108811 42436434.89
72000 0.72001 -80.24324094 14.31690303 -94.56014397 80.72874788 42493987.49
73000 0.73001 -80.24729697 14.2990642 -94.54636117 80.62816003 42403334.14
74000 0.74001 -80.24462497 14.28727439 -94.53189937 80.56168085 42256931.83
75000 0.75001 -80.243623 14.28005628 -94.52367928 80.52098006 42023220.93
76000 0.76001 -80.24596664 14.27633852 -94.52230516 80.50001671 41705553.75
77000 0.77001 -80.24257555 14.2757057 -94.51828125 80.49644845 41361582.98
78000 0.78001 -80.24252386 14.27852651 -94.52105037 80.51235414 40938299.35
79000 0.79001 -80.23723641 14.28607991 -94.52331632 80.55494553 40473008.03
80000 0.80001 -80.23612059 14.30032608 -94.53644667 80.6352754 39895539.85
81000 0.81001 -80.23967255 14.32297791 -94.56265047 80.76300235 39189216.36
82000 0.82001 -80.23730073 14.35442012 -94.59172085 80.94029555 38413878.86
83000 0.83001 -80.23555492 14.39332073 -94.62887566 81.15964454 37551859.87
84000 0.84001 -80.2369538 14.43710401 -94.67405781 81.40652539 36620773.83
85000 0.85001 -80.23847152 14.4831276 -94.72159912 81.66603867 35671728.46
86000 0.86001 -80.23809389 14.52893724 -94.76703113 81.92434559 34747350.27
87000 0.87001 -80.23783999 14.57228391 -94.8101239 82.16876455 33864031.4
88000 0.88001 -80.23821974 14.61125197 -94.84947171 82.38849383 33042093.63
89000 0.89001 -80.23839713 14.64441453 -94.88281166 82.5754876 32303661.36
90000 0.90001 -80.23568922 14.67092336 -94.90661257 82.72496298 31673525.72
91000 0.91001 -80.23295767 14.69058407 -94.92354174 82.83582389 31137114.06
92000 0.92001 -80.23104693 14.70388208 -94.934929 82.91080737 30683906.47
93000 0.93001 -80.22962599 14.71136631 -94.9409923 82.95300871 30307600.71
94000 0.94001 -80.22903169 14.71352544 -94.94255713 82.96518344 29998764.5
95000 0.95001 -80.22725321 14.7107586 -94.93801181 82.94958202 29762032.32
96000 0.96001 -80.22630751 14.7033464 -94.92965391 82.90778684 29579429.03
97000 0.97001 -80.2253572 14.69194998 -94.91730718 82.84352582 29445223.32
98000 0.98001 -80.22591634 14.67781318 -94.90372952 82.76381261 29333648.81
99000 0.99001 -80.22277605 14.66320175 -94.8859778 82.68142313 29246830
100000 1.00001 -80.22433844 14.65110508 -94.87544352 82.61321361 29102491.81
