Loading the initial atomic configuration from "ArHW4.data"
Number of steps: 100000
Boundary: periodic periodic periodic
System dimensions: 38.269 38.269 38.269 A
The total number of atoms: 1372
Atomic masses: m[type1] = 39.948 Da
Neigbor List algorithm: O(N^2) complexity, Rskin = 2.000000 A, update every 50 steps
Verlet integration algorithm: time step = 0.000010 ps
Handlers:
Assigning the initial velocity corresponding to T = 78.000000 K
Berendsen barostat: P = 0.000100 GPa; pressure control XYZ together; beta = 0.100000 GPa^-1

Potentials:
type1-type1 : Lennard-Jones potential for Ar-Ar interaction, Rcut = 8.512500 A

Step   Time   Energy   Kinetic   Potential   Temperature   Pressure
0 1e-05 -80.06039495 27.66594219 -107.7263371 156 -188488281.1
1000 0.01001 -80.08699014 27.5624095 -107.6493996 155.41621 -133666613.5
2000 0.02001 -80.12573457 27.24825436 -107.3739889 153.6447828 -128403321.6
3000 0.03001 -80.25851867 26.71782383 -106.9763425 150.6538432 -120401689.4
4000 0.04001 -80.43498673 25.96276126 -106.397748 146.3962705 -109335334.1
5000 0.05001 -80.59424655 24.97138577 -105.5656323 140.8061996 -94836703.12
6000 0.06001 -80.72223088 23.73581742 -104.4580483 133.8391981 -76883456.73
7000 0.07001 -80.81889269 22.25873502 -103.0776277 125.5103708 -55684440.51
8000 0.08001 -80.89378346 20.56225483 -101.4560383 115.9444248 -31746383.69
9000 0.09001 -80.95262192 18.69701965 -99.64964158 105.4269197 -5888211.063
10000 0.10001 -80.99938003 16.74767464 -97.74705467 94.43514432 20703294.71
11000 0.11001 -81.02898656 14.82874925 -95.85773581 83.61489612 46581863.98
12000 0.12001 -81.05755419 13.06764018 -94.12519437 73.68452715 70074969.83
13000 0.13001 -81.08118688 11.57981266 -92.66099954 65.29511133 89805770.37
14000 0.14001 -81.10250383 10.4459303 -91.54843413 58.90148672 104798918.2
15000 0.15001 -81.12426768 9.699592498 -90.82386018 54.69311036 114654081.9
16000 0.16001 -81.14440205 9.327526694 -90.47192874 52.59514222 119566631.1
17000 0.17001 -81.16671693 9.279743632 -90.44646057 52.32570778 120145344.9
18000 0.18001 -81.17966746 9.484576261 -90.66424373 53.48069791 117356093.3
19000 0.19001 -81.19532535 9.863488458 -91.0588138 55.61727082 112124936.6
20000 0.20001 -81.21295532 10.34228789 -91.55524321 58.31707808 105409417.6
21000 0.21001 -81.2235194 10.85797041 -92.08148981 61.22485807 98086840.19
22000 0.22001 -81.23313408 11.3616353 -92.59476938 64.06487424 90780326.13
23000 0.23001 -81.23911815 11.81875391 -93.05787206 66.64242978 83987708.19
24000 0.24001 -81.24321259 12.20757194 -93.45078453 68.83485875 78020600.69
25000 0.25001 -81.24699006 12.51668908 -93.76367914 70.57787813 73056569.5
26000 0.26001 -81.25267859 12.74244299 -93.99512158 71.85083711 69162772.02
27000 0.27001 -81.25357234 12.88700704 -94.14057938 72.66599072 66374433.33
28000 0.28001 -81.25486372 12.95677162 -94.21163534 73.05937239 64595680.87
29000 0.29001 -81.25617479 12.96160598 -94.21778077 73.08663188 63710611.96
30000 0.30001 -81.25860969 12.91422998 -94.17283967 72.81949274 63553652.48
31000 0.31001 -81.2583814 12.82949753 -94.08787893 72.3417117 63956443.91
32000 0.32001 -81.25940543 12.72343112 -93.98283655 71.74363484 64690820.93
33000 0.33001 -81.26204713 12.61167183 -93.87371895 71.11345751 65551010.46
34000 0.34001 -81.26715311 12.50820334 -93.77535645 70.53002956 66348532.77
35000 0.35001 -81.27134411 12.42395392 -93.69529802 70.05497218 66954291.59
36000 0.36001 -81.27257613 12.36653562 -93.63911175 69.73120753 67272506.27
37000 0.37001 -81.27231856 12.34012598 -93.61244454 69.58229147 67229960.22
38000 0.38001 -81.2737156 12.34576148 -93.61947708 69.61406835 66783855.19
39000 0.39001 -81.27436421 12.38175923 -93.65612345 69.81704895 65958311.09
40000 0.40001 -81.27539735 12.44418369 -93.71958104 70.16904183 64786307.43
41000 0.41001 -81.27694578 12.52795491 -93.8049007 70.6414028 63324223.08
42000 0.42001 -81.2799935 12.62774477 -93.90773826 71.20408803 61629417.92
43000 0.43001 -81.28301096 12.73878933 -94.02180029 71.8302352 59770512.16
44000 0.44001 -81.28498198 12.85702631 -94.14200829 72.49693829 57807315.64
45000 0.45001 -81.2815391 12.97879063 -94.26032972 73.18353099 55815152.83
46000 0.46001 -81.27705959 13.10040099 -94.37746058 73.86925557 53819924.88
47000 0.47001 -81.27289959 13.21803171 -94.4909313 74.53254014 51865301.54
48000 0.48001 -81.27495335 13.3281123 -94.60306565 75.15325173 49965833.44
49000 0.49001 -81.2709724 13.42784919 -94.69882159 75.71563835 48229167.05
50000 0.50001 -81.26988179 13.51550829 -94.78539008 76.20992188 46629670.97
51000 0.51001 -81.26783542 13.59070197 -94.85853739 76.63391662 45197773.34
52000 0.52001 -81.26955586 13.65446057 -94.92401643 76.99343238 43899252.34
53000 0.53001 -81.26799735 13.70881983 -94.97681718 77.299948 42754492.16
54000 0.54001 -81.26771191 13.75613474 -95.02384665 77.56674268 41712837.31
55000 0.55001 -81.26685807 13.79874717 -95.06560524 77.80702146 40759327.09
56000 0.56001 -81.26914116 13.83883415 -95.10797531 78.03306001 39849106.76
57000 0.57001 -81.26498337 13.87854157 -95.14352495 78.25695833 39012201.71
58000 0.58001 -81.26632475 13.92032655 -95.1866513 78.49257135 38155578.74
59000 0.59001 -81.26492773 13.96581523 -95.23074295 78.74906843 37309969
60000 0.60001 -81.26818988 14.01394816 -95.28213804 79.02047569 36445921.47
61000 0.61001 -81.26670211 14.06030013 -95.32700224 79.28184065 35664947.99
62000 0.62001 -81.27089119 14.09842378 -95.36931497 79.49680854 34976818.38
63000 0.63001 -81.27387355 14.12264487 -95.39651842 79.63338403 34479642.6
64000 0.64001 -81.27297299 14.13000598 -95.40297897 79.67489113 34217642.43
65000 0.65001 -81.272906 14.12043149 -95.39333749 79.62090346 34160825.91
66000 0.66001 -81.27401817 14.09607493 -95.3700931 79.48356408 34278239.88
67000 0.67001 -81.27715735 14.060453 -95.33761035 79.28270264 34519695.1
68000 0.68001 -81.27308671 14.0179241 -95.29101081 79.04289482 34882579.71
69000 0.69001 -81.26886884 13.9729773 -95.24184615 78.78945326 35270366.78
70000 0.70001 -81.27105682 13.92970837 -95.20076519 78.54547264 35593971.97
71000 0.71001 -81.27477429 13.89121596 -95.16599024 78.32842541 35839959.55
72000 0.72001 -81.27178254 13.85945465 -95.13123719 78.14933288 36028254.61
73000 0.73001 -81.27585698 13.83500539 -95.11086237 78.01147077 36070520
74000 0.74001 -81.27186632 13.81745579 -95.08932211 77.91251383 36053830.79
75000 0.75001 -81.27173905 13.80600807 -95.07774712 77.84796354 35918478.2
76000 0.76001 -81.26941958 13.79987964 -95.06929922 77.81340714 35707476.51
77000 0.77001 -81.26675162 13.79858816 -95.06533977 77.80612484 35417322.63
78000 0.78001 -81.26373269 13.80205769 -95.06579038 77.82568852 35050812.86
79000 0.79001 -81.26136627 13.81091291 -95.07227918 77.87562048 34598677.76
80000 0.80001 -81.26351328 13.82640399 -95.08991726 77.96297003 34029593.18
81000 0.81001 -81.2678173 13.84996954 -95.11778684 78.09584912 33346436.9
82000 0.82001 -81.26654269 13.88214417 -95.14868686 78.27727231 32591733.16
83000 0.83001 -81.26439183 13.92205499 -95.18644682 78.50231751 31753655.55
84000 0.84001 -81.26169988 13.96743205 -95.22913193 78.75818524 30859636.04
85000 0.85001 -81.26166059 14.01556484 -95.27722543 79.02959169 29927247.96
86000 0.86001 -81.26091393 14.06360696 -95.32452089 79.30048685 29011269.74
87000 0.87001 -81.26467084 14.10906986 -95.3737407 79.55683861 28113633.41
88000 0.88001 -81.26554159 14.14992701 -95.41546861 79.78721992 27301192.97
89000 0.89001 -81.25815432 14.18477409 -95.44292841 79.98371219 26621863.67
90000 0.90001 -81.25595629 14.21268369 -95.46863998 80.1410861 26010787.01
91000 0.91001 -81.25458268 14.23336526 -95.48794794 80.25770329 25495952.35
92000 0.92001 -81.2533639 14.24699036 -95.50035425 80.33453116 25078714.62
93000 0.93001 -81.25499284 14.25382613 -95.50881898 80.37307608 24738847.74
94000 0.94001 -81.25207726 14.25412592 -95.50620318 80.37476651 24512169.43
95000 0.95001 -81.24982915 14.24825482 -95.49808397 80.34166113 24362423.75
96000 0.96001 -81.24791563 14.23675593 -95.48467156 80.27682228 24281879.63
97000 0.97001 -81.2515476 14.22058432 -95.47213192 80.18563541 24226352.63
98000 0.98001 -81.24862589 14.2015892 -95.45021509 80.07852757 24239743.26
99000 0.99001 -81.25124945 14.18268476 -95.43393421 79.97193107 24219264.98
100000 1.00001 -81.24866451 14.16730927 -95.41597378 79.8852333 24184531.51
