Loading the initial atomic configuration from "ArHW4.data"
Number of steps: 100000
Boundary: periodic periodic periodic
System dimensions: 28 28 28 A
The total number of atoms: 500
Atomic masses: m[type1] = 39.948 Da
Neigbor List algorithm: O(N^2) complexity, Rskin = 2.000000 A, update every 50 steps
Verlet integration algorithm: time step = 0.000010 ps
Handlers:
Assigning the initial velocity corresponding to T = 60.000000 K
Berendsen barostat: P = 0.000100 GPa; pressure control XYZ together; beta = 0.100000 GPa^-1

Potentials:
type1-type1 : Lennard-Jones potential for Ar-Ar interaction, Rcut = 8.512500 A

Step   Time   Energy   Kinetic   Potential   Temperature   Pressure
0 1e-05 -29.39826507 7.7556465 -37.15391157 120 -244297865.5
1000 0.01001 -29.41893355 7.73844004 -37.15737359 119.7337714 -205466468.4
2000 0.02001 -29.43922897 7.686272477 -37.12550145 118.9266036 -202783700.1
3000 0.03001 -29.45885244 7.597872973 -37.05672542 117.5588336 -198483340.3
4000 0.04001 -29.4776811 7.471321763 -36.94900286 115.6007577 -192530102.4
5000 0.05001 -29.49628153 7.304255142 -36.80053667 113.015803 -184896614.7
6000 0.06001 -29.51541467 7.094170006 -36.60958468 109.7652402 -175566308.5
7000 0.07001 -29.53974986 6.838949188 -36.37869904 105.8163111 -164602964.7
8000 0.08001 -29.56762338 6.537510739 -36.10513412 101.1522751 -152021521.4
9000 0.09001 -29.59204257 6.190445969 -35.78248853 95.7822815 -137827233.6
10000 0.10001 -29.61617797 5.801435008 -35.41761298 89.76327131 -122275786.6
11000 0.11001 -29.63959452 5.378427888 -35.01802241 83.21825223 -105703193.6
12000 0.12001 -29.66060564 4.934495373 -34.59510102 76.34946291 -88579140.67
13000 0.13001 -29.67777197 4.487839904 -34.16561187 69.43854243 -71521129.18
14000 0.14001 -29.68836481 4.060330271 -33.74869508 62.82385776 -55222311.82
15000 0.15001 -29.69942209 3.674577105 -33.37399919 56.85525412 -40521500.31
16000 0.16001 -29.70602456 3.350004071 -33.05602863 51.83326607 -27970196.67
17000 0.17001 -29.71395234 3.099513094 -32.81346543 47.95751989 -18065884.23
18000 0.18001 -29.72000629 2.927733413 -32.64773971 45.29964195 -10912738.74
19000 0.19001 -29.72613619 2.831238679 -32.55737487 43.80661773 -6435128.977
20000 0.20001 -29.72987479 2.800246186 -32.53012098 43.32708335 -4289339.237
21000 0.21001 -29.72990476 2.821135061 -32.55103982 43.65028852 -4020905.241
22000 0.22001 -29.73380535 2.878948494 -32.61275385 44.54481252 -5253369.812
23000 0.23001 -29.73722026 2.9593572 -32.69657746 45.7889441 -7446164.88
24000 0.24001 -29.73831399 3.050060453 -32.78837444 47.19235906 -10151367.07
25000 0.25001 -29.74129946 3.141429811 -32.88272927 48.6060804 -13090208.21
26000 0.26001 -29.74366479 3.226860553 -32.97052535 49.92791592 -15976833.2
27000 0.27001 -29.74339782 3.302603899 -33.04600172 51.09986226 -18621963.43
28000 0.28001 -29.74554128 3.367271901 -33.11281318 52.10044425 -21015718.38
29000 0.29001 -29.74958967 3.42121676 -33.17080643 52.93511137 -23124479.29
30000 0.30001 -29.75167374 3.465680436 -33.21735418 53.62307996 -24900152.5
31000 0.31001 -29.75296375 3.502143161 -33.25510691 54.18725303 -26383049.75
32000 0.32001 -29.75429391 3.531839453 -33.28613337 54.64673182 -27607247.26
33000 0.33001 -29.75431322 3.555473455 -33.30978667 55.01241123 -28564808.12
34000 0.34001 -29.75553535 3.573134512 -33.32866986 55.28567367 -29292917.84
35000 0.35001 -29.76013924 3.584573817 -33.34471305 55.46266944 -29818062.56
36000 0.36001 -29.75887267 3.589579078 -33.34845175 55.54011382 -30003568.79
37000 0.37001 -29.75928939 3.5882691 -33.34755849 55.51984506 -29971783
38000 0.38001 -29.76205411 3.581300597 -33.3433547 55.41202421 -29762239.92
39000 0.39001 -29.76329713 3.570049132 -33.33334626 55.23793481 -29369570.76
40000 0.40001 -29.76368425 3.556569014 -33.32025327 55.02936238 -28874923.51
41000 0.41001 -29.76523174 3.543307219 -33.30853896 54.82416795 -28392251.35
42000 0.42001 -29.76609293 3.532896292 -33.29898922 54.66308386 -27983609.88
43000 0.43001 -29.76778418 3.52781305 -33.29559723 54.5844329 -27753681.82
44000 0.44001 -29.76947198 3.529935442 -33.29940742 54.61727182 -27754066.47
45000 0.45001 -29.76746518 3.540211007 -33.30767618 54.77626151 -27966708.24
46000 0.46001 -29.77017667 3.558604763 -33.32878144 55.06086069 -28520569.98
47000 0.47001 -29.7713976 3.58424066 -33.35563826 55.45751463 -29304073.9
48000 0.48001 -29.7711346 3.615798699 -33.38693329 55.94579947 -30281153.18
49000 0.49001 -29.76889121 3.651808849 -33.42070006 56.50297005 -31402405.58
50000 0.50001 -29.76887417 3.690960175 -33.45983434 57.10874278 -32690321.59
51000 0.51001 -29.76856979 3.732314388 -33.50088418 57.74859989 -34077587.62
52000 0.52001 -29.77084007 3.775368712 -33.54620878 58.41476212 -35587260.62
53000 0.53001 -29.77165757 3.820063284 -33.59172085 59.10630327 -37152475.12
54000 0.54001 -29.77220261 3.86659745 -33.63880006 59.82630771 -38789355.55
55000 0.55001 -29.77466628 3.915215542 -33.68988182 60.5785559 -40528152.98
56000 0.56001 -29.77535676 3.965855588 -33.74121234 61.36208897 -42303215.49
57000 0.57001 -29.77696822 4.017917261 -33.79488548 62.16761831 -44126307.02
58000 0.58001 -29.77765648 4.070112497 -33.84776897 62.97521421 -45923415.13
59000 0.59001 -29.77826124 4.120621044 -33.89888229 63.75671264 -47644463.77
60000 0.60001 -29.78147044 4.167345909 -33.94881635 64.47966769 -49257903.28
61000 0.61001 -29.78509312 4.208148726 -33.99324185 65.11099328 -50661212.3
62000 0.62001 -29.78558828 4.241197461 -34.02678574 65.62234307 -51742565.24
63000 0.63001 -29.78730961 4.265191979 -34.05250159 65.9936006 -52523439.7
64000 0.64001 -29.78788796 4.279488992 -34.06737695 66.21481252 -52947628.01
65000 0.65001 -29.79268258 4.284064226 -34.07674681 66.28560329 -53093858.09
66000 0.66001 -29.79579504 4.279511812 -34.07530685 66.21516562 -52895179.47
67000 0.67001 -29.79888886 4.266897409 -34.06578626 66.01998802 -52412730.4
68000 0.68001 -29.80228638 4.247679283 -34.04996566 65.7226337 -51701157.79
69000 0.69001 -29.80345513 4.223639066 -34.0270942 65.35066908 -50783078.65
70000 0.70001 -29.80642135 4.196665767 -34.00308711 64.93332208 -49781845.54
71000 0.71001 -29.80883064 4.168659468 -33.97749011 64.49999186 -48727013.74
72000 0.72001 -29.80866411 4.14135553 -33.95001964 64.07752901 -47648378.91
73000 0.73001 -29.80777328 4.116201641 -33.92397492 63.68833301 -46623391.04
74000 0.74001 -29.80784381 4.094322004 -33.90216581 63.34979817 -45715859.2
75000 0.75001 -29.80804208 4.076430267 -33.88447235 63.07296652 -44939245.11
76000 0.76001 -29.80904791 4.062855191 -33.8719031 62.86292483 -44316550.15
77000 0.77001 -29.81389478 4.053633083 -33.86752787 62.72023486 -43894485.43
78000 0.78001 -29.81368217 4.048527365 -33.86220954 62.64123613 -43535211.74
79000 0.79001 -29.81665054 4.047140618 -33.86379115 62.61977955 -43347792.83
80000 0.80001 -29.81759542 4.049006638 -33.86660206 62.64865174 -43240509.32
81000 0.81001 -29.81870639 4.053646419 -33.87235281 62.72044121 -43229955.77
82000 0.82001 -29.81998734 4.060556189 -33.88054353 62.82735329 -43299875.85
83000 0.83001 -29.82160931 4.069186334 -33.89079565 62.96088406 -43435822.23
84000 0.84001 -29.82206218 4.078955231 -33.90101741 63.11203428 -43598171.06
85000 0.85001 -29.8225236 4.089328953 -33.91185255 63.27254271 -43789160.32
86000 0.86001 -29.82282645 4.099978537 -33.92280499 63.43731944 -43997200.98
87000 0.87001 -29.82532521 4.11083936 -33.93616457 63.60536459 -44256539.18
88000 0.88001 -29.82901349 4.122254703 -33.9512682 63.78198959 -44563273.73
89000 0.89001 -29.83271788 4.134975115 -33.967693 63.97880741 -44921869.45
90000 0.90001 -29.83341426 4.149982778 -33.98339704 64.21101495 -45316071.38
91000 0.91001 -29.83413263 4.168364385 -34.00249702 64.49542617 -45819461.66
92000 0.92001 -29.83437417 4.190915997 -34.02529017 64.84435819 -46444146.66
93000 0.93001 -29.83380852 4.217831501 -34.05164002 65.26081095 -47185939.23
94000 0.94001 -29.83614125 4.248459151 -34.0846004 65.73470028 -48075144.73
95000 0.95001 -29.8370082 4.281315299 -34.1183235 66.24307025 -48998603.04
96000 0.96001 -29.8406122 4.314358185 -34.15497039 66.75432954 -49952893.03
97000 0.97001 -29.84291945 4.345326883 -34.18824633 67.23349574 -50806367.72
98000 0.98001 -29.84526911 4.372076877 -34.21734598 67.64738765 -51510764.49
99000 0.99001 -29.84765083 4.392831388 -34.24048222 67.96851384 -52009440.91
100000 1.00001 -29.85089345 4.406310657 -34.25720411 68.17707316 -52273775.18
