Loading the initial atomic configuration from "equilT60.data"
Number of steps: 100000
Boundary: periodic periodic periodic
System dimensions: 27.8521 27.8521 27.8521 A
The total number of atoms: 500
Atomic masses: m[type1] = 39.948 Da
Neigbor List algorithm: O(N^2) complexity, Rskin = 2.000000 A, update every 50 steps
Verlet integration algorithm: time step = 0.001000 ps
Handlers:
Berendsen thermostat: T = 60.000000 K, tau = 2.000000 ps
Berendsen barostat: P = 0.000100 GPa; pressure control XYZ together; beta = 0.100000 GPa^-1

Potentials:
type1-type1 : Lennard-Jones potential for Ar-Ar interaction, Rcut = 8.512500 A

Step   Time   Energy   Kinetic   Potential   Temperature   Pressure
0 1.00101 -29.85031053 4.406838792 -34.25714932 68.18524479 -52280234.72
1000 2.00101 -30.18944449 4.390752971 -34.58019746 67.93635534 -39049039.3
2000 3.00101 -30.50512735 4.522080884 -35.02720823 69.96833933 -37857452.25
3000 4.00101 -30.79559006 4.271774453 -35.06736452 66.09544858 -22828939.83
4000 5.00101 -31.03174995 4.34685954 -35.37860949 67.25720994 -22935684.69
5000 6.00101 -31.24917536 4.359931495 -35.60910686 67.45946704 -21472401.94
6000 7.00101 -31.43763733 3.958142439 -35.39577977 61.24274652 -3405940.823
7000 8.00101 -31.57812092 4.138820844 -35.71694177 64.03831083 -10053859.4
8000 9.00101 -31.70117333 4.004100247 -35.70527358 61.9538332 -3865488.969
9000 10.00101 -31.83485012 4.072156978 -35.90700709 63.00684764 -7970306.931
10000 11.00101 -31.93690286 4.087714433 -36.02461729 63.24756189 -7998983.735
11000 12.00101 -32.01484225 3.923438309 -35.93828056 60.70578346 -2767995.025
12000 13.00101 -32.07185684 4.152307857 -36.2241647 64.24698996 -9561537.695
13000 14.00101 -32.11615302 4.16799025 -36.28414327 64.48963732 -9989750.45
14000 15.00101 -32.1835053 3.921344303 -36.1048496 60.67338375 -1545271.376
15000 16.00101 -32.23287796 3.760862914 -35.99374087 58.19031974 3976970.531
16000 17.00101 -32.26366222 3.897689383 -36.1613516 60.30738068 678493.3467
17000 18.00101 -32.31096292 4.038806652 -36.34976957 62.49083145 -6897102.494
18000 19.00101 -32.32098522 4.031773533 -36.35275876 62.38201083 -5501936.002
19000 20.00101 -32.3533932 3.800016143 -36.15340934 58.79612191 3192686.636
20000 21.00101 -32.36693425 3.884954627 -36.25188888 60.11034093 455362.6854
21000 22.00101 -32.40251379 3.641811297 -36.04432508 56.34828194 10064644.18
22000 23.00101 -32.41994873 3.826432089 -36.24638082 59.20484522 2406297.522
23000 24.00101 -32.4339111 3.815035773 -36.24894687 59.02851462 2141474.284
24000 25.00101 -32.45580712 3.849430708 -36.30523783 59.56069361 1638542.253
25000 26.00101 -32.4498693 3.776132907 -36.22600221 58.42658621 3671138.015
26000 27.00101 -32.47002994 3.844849361 -36.3148793 59.48980827 1890549.632
27000 28.00101 -32.47462249 3.914957206 -36.3895797 60.57455877 -1376874.4
28000 29.00101 -32.48213995 3.840204968 -36.32234492 59.41794744 2120627.462
29000 30.00101 -32.48110052 3.829194656 -36.31029518 59.24758932 1811145.992
30000 31.00101 -32.46618387 4.054674775 -36.52085865 62.73635254 -7509066.229
31000 32.00101 -32.47843283 3.808913344 -36.28734617 58.93378474 2916167.668
32000 33.00101 -32.47339996 3.824391369 -36.29779133 59.17326999 2263432.517
33000 34.00101 -32.4812232 3.855710373 -36.33693358 59.65785634 1714518.387
34000 35.00101 -32.47838831 3.928936255 -36.40732456 60.79085097 -2132301.173
35000 36.00101 -32.46920913 3.842118958 -36.31132808 59.44756185 1848388.98
36000 37.00101 -32.48377314 4.100527651 -36.5843008 63.44581566 -8692432.052
37000 38.00101 -32.46917751 3.886393274 -36.35557079 60.13260053 -651003.1406
38000 39.00101 -32.47932679 3.899365123 -36.37869191 60.33330875 -260750.9097
39000 40.00101 -32.47255316 3.832644908 -36.30519806 59.30097369 971036.1055
40000 41.00101 -32.47331169 3.933968944 -36.40728064 60.86871976 -2653970.018
41000 42.00101 -32.48687579 3.959397616 -36.4462734 61.26216736 -3070554.064
42000 43.00101 -32.48574287 3.792167731 -36.2779106 58.6746866 3681105.036
43000 44.00101 -32.4930051 3.983493117 -36.47649822 61.63498736 -4015691.264
44000 45.00101 -32.49397504 3.733075024 -36.22705007 57.7603689 6195899.925
45000 46.00101 -32.4902036 3.912480594 -36.40268419 60.53623915 -1237256.293
46000 47.00101 -32.49670024 3.96622023 -36.46292047 61.36773092 -2234530.936
47000 48.00101 -32.46832558 3.84689073 -36.31521631 59.52139356 2134683.836
48000 49.00101 -32.47570589 4.01871353 -36.49441942 62.17993866 -5484420.973
49000 50.00101 -32.48191067 3.811165709 -36.29307638 58.96863467 3002927.699
50000 51.00101 -32.46596522 3.878624142 -36.34458937 60.01239189 -898848.9271
51000 52.00101 -32.46674862 4.039955464 -36.50670409 62.50860657 -6189366.731
52000 53.00101 -32.47609981 3.909419987 -36.38551979 60.4888836 -1441871.79
53000 54.00101 -32.48256961 3.637092213 -36.11966182 56.27526545 9676102.833
54000 55.00101 -32.48710234 3.97890133 -36.46600367 61.56394049 -4339026.556
55000 56.00101 -32.47589485 3.925417896 -36.40131274 60.73641282 -1558749.468
56000 57.00101 -32.47319092 3.720378873 -36.1935698 57.56392645 6094264.226
57000 58.00101 -32.48177128 3.797909657 -36.27968094 58.7635291 2893274.989
58000 59.00101 -32.48879203 3.848611179 -36.33740321 59.54801338 666944.6302
59000 60.00101 -32.48368695 3.784275475 -36.26796243 58.55257289 3803378.203
60000 61.00101 -32.49400679 3.7210544 -36.21506119 57.57437862 6938314.316
61000 62.00101 -32.48669004 4.012782581 -36.49947262 62.08817146 -4741496
62000 63.00101 -32.47911957 3.777458945 -36.25657851 58.44710347 3532337.034
63000 64.00101 -32.47957783 3.924560522 -36.40413835 60.72314702 -890086.3571
64000 65.00101 -32.49081123 3.945256581 -36.43606781 61.04336882 -3726189.793
65000 66.00101 -32.48173244 3.83694298 -36.31867542 59.36747602 2027967.306
66000 67.00101 -32.49027096 3.678634284 -36.16890525 56.91802922 7646860.666
67000 68.00101 -32.48438354 3.770161773 -36.25454532 58.33419725 4541354.615
68000 69.00101 -32.49223832 3.826980714 -36.31921903 59.21333388 3224689.264
69000 70.00101 -32.47615661 3.796982679 -36.27313929 58.74918634 2974464.6
70000 71.00101 -32.47961471 3.898649528 -36.37826424 60.32223662 -939181.2643
71000 72.00101 -32.48484262 3.889734773 -36.37457739 60.1843022 -717926.0727
72000 73.00101 -32.47968358 3.818122597 -36.29780618 59.0762758 1993110.4
73000 74.00101 -32.47543229 3.858956094 -36.33438839 59.70807608 381789.6723
74000 75.00101 -32.47379016 3.81961656 -36.29340672 59.09939129 2726219.102
75000 76.00101 -32.4639326 3.968546099 -36.4324787 61.40371817 -3462588.803
76000 77.00101 -32.48683002 3.973012691 -36.45984271 61.47282794 -3113439.358
77000 78.00101 -32.48302996 3.702733538 -36.1857635 57.29090728 7770520.924
78000 79.00101 -32.46813012 3.897546896 -36.36567702 60.30517604 -749929.1432
79000 80.00101 -32.48925257 3.712932884 -36.20218546 57.44871766 7217727.903
80000 81.00101 -32.48085431 3.765121557 -36.24597586 58.25621202 3892081.879
81000 82.00101 -32.48718701 3.889426943 -36.37661396 60.17953928 -692333.8485
82000 83.00101 -32.46990166 3.822808608 -36.29271026 59.14878057 2029750.822
83000 84.00101 -32.48247102 3.696314267 -36.17878528 57.19158448 7215899.097
84000 85.00101 -32.47001932 3.939926353 -36.40994567 60.96089635 -1832655.13
85000 86.00101 -32.48092099 3.755187064 -36.23610806 58.1024996 4561354.64
86000 87.00101 -32.47961124 3.630868446 -36.11047969 56.17896761 10227151.15
87000 88.00101 -32.45671124 4.047370994 -36.50408223 62.62334407 -6684314.204
88000 89.00101 -32.45981111 4.012721656 -36.47253276 62.08722879 -4677808.343
89000 90.00101 -32.48507896 3.785607781 -36.27068675 58.57318713 3632159.827
90000 91.00101 -32.47320321 3.997798371 -36.47100159 61.85632681 -4855481.24
91000 92.00101 -32.47426981 3.889527577 -36.36379739 60.18109634 -973506.9388
92000 93.00101 -32.48416518 4.004853641 -36.48901882 61.96549017 -4296876.948
93000 94.00101 -32.47839423 3.859873412 -36.33826764 59.72226937 238920.2173
94000 95.00101 -32.48035898 3.905116042 -36.38547502 60.4222904 -251210.7393
95000 96.00101 -32.49418084 3.865011129 -36.35919197 59.80176321 -3029.30462
96000 97.00101 -32.4962704 3.870665454 -36.36693585 59.88925031 1145232.99
97000 98.00101 -32.49022436 3.959774157 -36.44999851 61.26799343 -3733715.384
98000 99.00101 -32.48369073 3.913036608 -36.39672734 60.54484213 -1336582.342
99000 100.00101 -32.49619983 3.869148273 -36.3653481 59.86577557 743268.8669
100000 101.00101 -32.49313882 3.973020109 -36.46615893 61.47294273 -3940223.244
