Loading the initial atomic configuration from "ArHW4.data"
Number of steps: 100000
Boundary: periodic periodic periodic
System dimensions: 38.269 38.269 38.269 A
The total number of atoms: 1372
Atomic masses: m[type1] = 39.948 Da
Neigbor List algorithm: O(N^2) complexity, Rskin = 2.000000 A, update every 50 steps
Verlet integration algorithm: time step = 0.000010 ps
Handlers:
Assigning the initial velocity corresponding to T = 79.000000 K
Berendsen barostat: P = 0.000100 GPa; pressure control XYZ together; beta = 0.100000 GPa^-1

Potentials:
type1-type1 : Lennard-Jones potential for Ar-Ar interaction, Rcut = 8.512500 A

Step   Time   Energy   Kinetic   Potential   Temperature   Pressure
0 1e-05 -79.70570338 28.02063376 -107.7263371 158 -188488281.1
1000 0.01001 -79.73216359 27.91576952 -107.6479331 157.4087018 -132972155.9
2000 0.02001 -79.77126666 27.59752821 -107.3687949 155.6142339 -127651112.7
3000 0.03001 -79.90539985 27.06005969 -106.9654595 152.5836092 -119553333.2
4000 0.04001 -80.08403056 26.2946049 -106.3786355 148.2674378 -108348279.3
5000 0.05001 -80.24222933 25.28898835 -105.5312177 142.5970659 -93642071.12
6000 0.06001 -80.37013549 24.03492387 -104.4050594 135.5257702 -75434536.86
7000 0.07001 -80.46637421 22.53497202 -103.0013462 127.0679889 -53929008.63
8000 0.08001 -80.54136821 20.81174195 -101.3531102 117.3512082 -29646511
9000 0.09001 -80.59936951 18.91730702 -99.51667654 106.6690545 -3417462.484
10000 0.10001 -80.64473553 16.93880809 -97.58354362 95.51288886 23538066.29
11000 0.11001 -80.67512903 14.99394078 -95.66906981 84.54636193 49720655.41
12000 0.12001 -80.70383023 13.21309999 -93.91693021 74.5047316 73439737.75
13000 0.13001 -80.72744247 11.71362877 -92.44107124 66.04966044 93294893.02
14000 0.14001 -80.74854784 10.57650878 -91.32505662 59.63777986 108308788
15000 0.15001 -80.77001946 9.834163931 -90.60418339 55.45191855 118095585.2
16000 0.16001 -80.79291664 9.47116796 -90.2640846 53.40509249 122859196.2
17000 0.17001 -80.81377285 9.435055787 -90.24882864 53.20146671 123280054.5
18000 0.18001 -80.82874445 9.651912852 -90.4806573 54.42425905 120307593.8
19000 0.19001 -80.84517659 10.04153557 -90.88671216 56.62122542 114915764
20000 0.20001 -80.86183153 10.52868432 -91.39051584 59.36811195 108078239
21000 0.21001 -80.87370821 11.04990421 -91.92361242 62.30711556 100655573.3
22000 0.22001 -80.88306687 11.55628543 -92.4393523 65.16244826 93293587.5
23000 0.23001 -80.88807967 12.01359055 -92.90167023 67.74105551 86482121.26
24000 0.24001 -80.89385717 12.40051633 -93.29437349 69.9228146 80508402.35
25000 0.25001 -80.89677037 12.70613823 -93.6029086 71.64612539 75573588.94
26000 0.26001 -80.90275294 12.92726259 -93.83001553 72.89297974 71717759.96
27000 0.27001 -80.90426617 13.0664947 -93.97076087 73.67806812 68975133.08
28000 0.28001 -80.90533144 13.13061105 -94.03594249 74.03960107 67251086.44
29000 0.29001 -80.90843101 13.12988726 -94.03831827 74.03551984 66408131.54
30000 0.30001 -80.90929889 13.07744719 -93.98674609 73.73982595 66305891.09
31000 0.31001 -80.90902107 12.98852428 -93.89754534 73.23841612 66743650.63
32000 0.32001 -80.91202033 12.87941911 -93.79143944 72.62320465 67486870.13
33000 0.33001 -80.91479569 12.76592478 -93.68072047 71.98324395 68349920.52
34000 0.34001 -80.91936645 12.66200591 -93.58137237 71.39727643 69137832.25
35000 0.35001 -80.92336264 12.57844097 -93.50180361 70.92607865 69717563.73
36000 0.36001 -80.92641383 12.5226072 -93.44902102 70.61124861 69986808.06
37000 0.37001 -80.92628992 12.49840408 -93.424694 70.47477447 69896728.33
38000 0.38001 -80.92781381 12.50658076 -93.43439457 70.52088032 69398623.35
39000 0.39001 -80.92824179 12.54514801 -93.4733898 70.73834953 68522405.95
40000 0.40001 -80.93022019 12.60991694 -93.54013713 71.10356222 67295679.12
41000 0.41001 -80.9321969 12.69564818 -93.62784508 71.58697514 65786619.19
42000 0.42001 -80.9349867 12.79696517 -93.73195187 72.15827145 64054496.62
43000 0.43001 -80.93790218 12.90911109 -93.84701326 72.79062883 62163242.7
44000 0.44001 -80.93858111 13.0280529 -93.96663402 73.46130628 60180309.91
45000 0.45001 -80.93618599 13.15008317 -94.08626916 74.14939857 58161589.87
46000 0.46001 -80.9334162 13.27144438 -94.20486057 74.83371824 56143344.85
47000 0.47001 -80.9289374 13.38823803 -94.31717543 75.49228281 54185095.31
48000 0.48001 -80.92999151 13.49689291 -94.42688442 76.1049553 52293597.77
49000 0.49001 -80.92601061 13.59470243 -94.52071304 76.65647401 50565816.48
50000 0.50001 -80.92558564 13.68007855 -94.60566419 77.1378845 48976003.23
51000 0.51001 -80.92520767 13.7528815 -94.67808917 77.54839865 47549969.33
52000 0.52001 -80.92657305 13.81435272 -94.74092577 77.89501651 46268011.57
53000 0.53001 -80.9241517 13.86670918 -94.79086089 78.19023902 45139705.78
54000 0.54001 -80.92417413 13.9123867 -94.83656083 78.44780093 44103771.02
55000 0.55001 -80.92194393 13.9537727 -94.87571663 78.68116424 43160746.15
56000 0.56001 -80.92570128 13.99305654 -94.91875782 78.90267408 42239921.72
57000 0.57001 -80.92200783 14.03245462 -94.95446246 79.12482813 41392319.79
58000 0.58001 -80.92078089 14.07447456 -94.99525544 79.361766 40536155.31
59000 0.59001 -80.92118192 14.12057629 -95.04175821 79.62171993 39661975.44
60000 0.60001 -80.92505905 14.16928084 -95.09433989 79.8963504 38776344.27
61000 0.61001 -80.92468703 14.21567271 -95.14035974 80.15794029 37976369.31
62000 0.62001 -80.92847271 14.25307282 -95.18154553 80.36882835 37285618.22
63000 0.63001 -80.92903419 14.27594768 -95.20498187 80.49781287 36803260.34
64000 0.64001 -80.92957714 14.28166236 -95.2112395 80.53003624 36536871.61
65000 0.65001 -80.9306148 14.27045392 -95.20106872 80.46683519 36476726.2
66000 0.66001 -80.93081643 14.24471276 -95.17552919 80.32168848 36598417.37
67000 0.67001 -80.9328779 14.2081471 -95.141025 80.11550562 36839247.99
68000 0.68001 -80.93126031 14.16525712 -95.09651744 79.87366183 37174125.73
69000 0.69001 -80.92411782 14.12063947 -95.04475729 79.62207616 37555730.46
70000 0.70001 -80.92573579 14.07842081 -95.00415659 79.38401774 37851191.68
71000 0.71001 -80.93106665 14.04160925 -94.97267591 79.17644836 38049425.1
72000 0.72001 -80.92918291 14.01193041 -94.94111332 79.00909824 38188230.59
73000 0.73001 -80.9310026 13.98965745 -94.92066005 78.88350765 38199109.09
74000 0.74001 -80.92979747 13.97407473 -94.9038722 78.79564132 38125314.89
75000 0.75001 -80.92757789 13.96413993 -94.89171783 78.73962195 37966052.19
76000 0.76001 -80.92854255 13.95896074 -94.8875033 78.71041805 37707990.25
77000 0.77001 -80.92562645 13.95803335 -94.8836598 78.70518876 37398162.06
78000 0.78001 -80.92134807 13.96140478 -94.88275285 78.72419926 37023820.75
79000 0.79001 -80.91990609 13.96990958 -94.88981567 78.77215528 36555397.26
80000 0.80001 -80.92045419 13.98502587 -94.90548005 78.85739153 35985678.99
81000 0.81001 -80.9238285 14.00830378 -94.93213228 78.98864874 35298135.77
82000 0.82001 -80.92111731 14.0402575 -94.96137482 79.16882624 34542083.76
83000 0.83001 -80.91971015 14.0798807 -94.99959086 79.39224965 33691904.05
84000 0.84001 -80.9177599 14.12477716 -95.04253706 79.64540741 32788298.51
85000 0.85001 -80.92047361 14.17225019 -95.0927238 79.91309365 31837219.84
86000 0.86001 -80.91928181 14.21957028 -95.13885209 80.17991753 30921386.92
87000 0.87001 -80.92275979 14.26434201 -95.1871018 80.43237199 30022435.92
88000 0.88001 -80.92217188 14.30457578 -95.22674767 80.65923822 29214118.56
89000 0.89001 -80.91617843 14.3388666 -95.25504503 80.85259392 28521459.6
90000 0.90001 -80.91470051 14.36630661 -95.28100712 81.00731995 27899092.03
91000 0.91001 -80.91555696 14.38664684 -95.3022038 81.12201244 27362149.66
92000 0.92001 -80.91337245 14.40015547 -95.31352792 81.19818359 26937374.67
93000 0.93001 -80.91218547 14.40717739 -95.31936286 81.23777809 26595933.75
94000 0.94001 -80.90981379 14.40807603 -95.31788982 81.24284526 26343521.38
95000 0.95001 -80.90794036 14.4032253 -95.31116567 81.21549346 26163865.16
96000 0.96001 -80.90505496 14.39306579 -95.29812075 81.15820698 26056868.99
97000 0.97001 -80.9088905 14.37846414 -95.28735464 81.07587261 25965655.05
98000 0.98001 -80.90734708 14.36105449 -95.26840157 80.97770481 25936512.29
99000 0.99001 -80.90849371 14.34353353 -95.25202724 80.87890936 25891935.94
100000 1.00001 -80.90594181 14.32921714 -95.23515895 80.79818347 25828794.6
