Loading the initial atomic configuration from "equilT95.data"
Number of steps: 100000
Boundary: periodic periodic periodic
System dimensions: 28.0813 28.0813 28.0813 A
The total number of atoms: 500
Atomic masses: m[type1] = 39.948 Da
Neigbor List algorithm: O(N^2) complexity, Rskin = 2.000000 A, update every 50 steps
Verlet integration algorithm: time step = 0.001000 ps
Handlers:
Berendsen thermostat: T = 95.000000 K, tau = 2.000000 ps
Berendsen barostat: P = 0.000100 GPa; pressure control XYZ together; beta = 0.100000 GPa^-1

Potentials:
type1-type1 : Lennard-Jones potential for Ar-Ar interaction, Rcut = 8.512500 A

Step   Time   Energy   Kinetic   Potential   Temperature   Pressure
0 1.00101 -25.20293965 6.505556119 -31.70849576 100.6578542 19620916.19
1000 2.00101 -25.2629522 6.143926615 -31.40687881 95.06250624 18711937.56
2000 3.00101 -25.25544641 6.148113819 -31.40356023 95.12729316 12223049.81
3000 4.00101 -25.2455836 6.187447065 -31.43303067 95.73588066 4536227.914
4000 5.00101 -25.2537851 5.94265371 -31.19643881 91.9482915 13687818.28
5000 6.00101 -25.15108653 6.184628476 -31.335715 95.69226977 -1227465.777
6000 7.00101 -25.1612404 6.215634018 -31.37687441 96.17200605 -3820937.686
7000 8.00101 -25.15396075 6.000620174 -31.15458093 92.8451833 5737748.801
8000 9.00101 -25.08387243 5.935945019 -31.01981745 91.84449062 7598508.052
9000 10.00101 -25.06793968 6.111345241 -31.17928492 94.55838774 1036326.328
10000 11.00101 -24.94517072 6.120325941 -31.06549666 94.69734251 2101631.367
11000 12.00101 -24.79419698 5.992240796 -30.78643777 92.71553255 6000212.77
12000 13.00101 -24.71847285 5.962770165 -30.68124301 92.25954532 8620597.779
13000 14.00101 -24.65524594 5.875717969 -30.53096391 90.91262171 12175328.58
14000 15.00101 -24.56593023 6.099666085 -30.66559631 94.37768086 6931764.604
15000 16.00101 -24.488938 5.935307484 -30.42424548 91.83462631 5217433.844
16000 17.00101 -24.43397666 6.021875343 -30.455852 93.17405598 4847548.015
17000 18.00101 -24.33080864 6.013215731 -30.34402437 93.04006929 5768742.369
18000 19.00101 -24.25074286 5.813623079 -30.06436594 89.95185243 14192992.08
19000 20.00101 -24.12487685 5.957031012 -30.08190787 92.17074573 6866536.086
20000 21.00101 -24.07930291 6.098078108 -30.17738101 94.35311073 3343746.415
21000 22.00101 -24.01986896 5.933708262 -29.95357722 91.80988219 9471640.907
22000 23.00101 -23.93371306 6.081565237 -30.0152783 94.09761371 5298737.168
23000 24.00101 -23.79863656 5.897928591 -29.69656515 91.25627772 13497533.16
24000 25.00101 -23.70100748 5.991709149 -29.69271662 92.70730658 8883636.234
25000 26.00101 -23.5774468 5.70074561 -29.27819242 88.20534475 18283877.33
26000 27.00101 -23.44074455 5.762112818 -29.20285737 89.15485488 15928813.08
27000 28.00101 -23.34129725 5.815897919 -29.15719517 89.98705011 14880474.82
28000 29.00101 -23.13721095 5.753988728 -28.89119968 89.0291541 16381233.76
29000 30.00101 -22.9113226 5.408786191 -28.32010879 83.68797403 33846993.05
30000 31.00101 -22.68513602 5.666999836 -28.35213585 87.68320995 22028588.9
31000 32.00101 -22.4588553 5.562290336 -28.02114564 86.06308196 27658137.42
32000 33.00101 -22.24160048 5.91848385 -28.16008433 91.57432098 14233222.18
33000 34.00101 -22.0141669 5.675045183 -27.68921208 87.80769236 21251042.89
34000 35.00101 -21.80803987 5.461355697 -27.26939557 84.50136087 28892489.49
35000 36.00101 -21.64073229 5.90520166 -27.54593395 91.36881099 11414223.15
36000 37.00101 -21.42926516 5.819824897 -27.24909006 90.04781066 14786078.26
37000 38.00101 -21.33499898 6.194369214 -27.52936819 95.8429843 2899931.247
38000 39.00101 -21.23778632 5.80136885 -27.03915517 89.76224767 17687828.28
39000 40.00101 -21.16340179 5.959680381 -27.12308217 92.21173835 12026826.59
40000 41.00101 -21.04538587 6.010912451 -27.05629832 93.00443155 12443873.69
41000 42.00101 -20.92660005 5.766146737 -26.69274678 89.21727008 18308493.91
42000 43.00101 -20.775498 5.872345496 -26.6478435 90.86044079 10774521.56
43000 44.00101 -20.74719269 6.194590499 -26.94178319 95.84640815 1116359.335
44000 45.00101 -20.60649724 6.024319855 -26.6308171 93.21187893 11020045.03
45000 46.00101 -20.54714593 5.918320143 -26.46546608 91.57178802 10632237.49
46000 47.00101 -20.44506848 5.867181577 -26.31225006 90.78054153 12099682.8
47000 48.00101 -20.36111172 6.046994768 -26.40810649 93.56271875 3408564.636
48000 49.00101 -20.33493539 6.052797073 -26.38773246 93.65249547 7447805.186
49000 50.00101 -20.30877456 6.085771457 -26.39454602 94.16269485 5403206.661
50000 51.00101 -20.22605001 6.252828297 -26.4788783 96.74749817 126457.7376
51000 52.00101 -20.18451686 6.200422844 -26.3849397 95.93664967 -1501431.903
52000 53.00101 -20.14831004 6.030546002 -26.17885604 93.3082136 5983404.036
53000 54.00101 -20.07589768 5.955362274 -26.03125995 92.14492601 10187045.94
54000 55.00101 -20.04038515 5.906321703 -25.94670685 91.38614097 11372299.26
55000 56.00101 -19.94871107 5.928567378 -25.87727845 91.73033936 8631821.216
56000 57.00101 -19.86716207 6.066994272 -25.93415634 93.87216303 9243150.484
57000 58.00101 -19.81671309 5.981184303 -25.7978974 92.54445988 7878702.039
58000 59.00101 -19.76318869 5.973419033 -25.73660772 92.42431098 9131167.924
59000 60.00101 -19.73053362 6.1509073 -25.88144092 95.17051558 3569776.766
60000 61.00101 -19.72970888 5.854880739 -25.58458962 90.59021561 8545725.175
61000 62.00101 -19.70336333 6.094432543 -25.79779587 94.29670437 -314021.9146
62000 63.00101 -19.60146221 6.070080501 -25.67154271 93.91991502 3686948.424
63000 64.00101 -19.61559521 6.313520673 -25.92911588 97.68656691 3014218.094
64000 65.00101 -19.61148744 6.039308159 -25.6507956 93.44378693 6112449.299
65000 66.00101 -19.55613137 6.137616208 -25.69374758 94.96486785 2403449.494
66000 67.00101 -19.55302341 6.383477179 -25.93650058 98.7689758 -6394862.458
67000 68.00101 -19.51262472 5.988549071 -25.50117379 92.65841197 3259299.781
68000 69.00101 -19.47045107 5.841505192 -25.31195626 90.38326116 12626010.94
69000 70.00101 -19.44994601 6.305442784 -25.7553888 97.56158098 -194202.5741
70000 71.00101 -19.41159418 6.261547853 -25.67314204 96.88241237 -2537025.382
71000 72.00101 -19.45215127 6.173898226 -25.6260495 95.52624493 -4309316.447
72000 73.00101 -19.41806712 5.994189695 -25.41225681 92.74568707 2959644.645
73000 74.00101 -19.40719023 6.206873156 -25.61406339 96.03645275 2383744.3
74000 75.00101 -19.39193096 6.106941966 -25.49887293 94.49025763 4702159.986
75000 76.00101 -19.36156533 6.134694056 -25.49625938 94.91965456 1839543.241
76000 77.00101 -19.33983728 6.278116174 -25.61795345 97.13876733 -5271233.15
77000 78.00101 -19.40228232 6.31106651 -25.71334883 97.64859463 -5969808.637
78000 79.00101 -19.3570794 6.129017117 -25.48609651 94.83181756 2088905.406
79000 80.00101 -19.3756125 5.970365489 -25.34597799 92.37706471 3894802.38
80000 81.00101 -19.28898411 6.252058664 -25.54104277 96.73558996 1194915.774
81000 82.00101 -19.26953353 6.096404215 -25.36593774 94.32721126 410027.0906
82000 83.00101 -19.21830831 6.117038343 -25.33534665 94.64647482 3637351.41
83000 84.00101 -19.19250476 6.164157698 -25.35666246 95.37553365 3132649.001
84000 85.00101 -19.20844932 6.22051276 -25.42896208 96.24749287 -6269957.454
85000 86.00101 -19.19492367 6.202426229 -25.3973499 95.96764725 -4111941.664
86000 87.00101 -19.1800347 6.000036645 -25.18007135 92.83615459 3815212.821
87000 88.00101 -19.15772783 5.917617986 -25.07534581 91.56092381 2720685.71
88000 89.00101 -19.12209809 6.192296834 -25.31439493 95.81091919 -222096.8776
89000 90.00101 -19.13906603 6.03644281 -25.17550884 93.39945254 7983851.438
90000 91.00101 -19.12495668 6.064035111 -25.18899179 93.82637711 1655596.867
91000 92.00101 -19.12292311 6.198155865 -25.32107897 95.90157362 171892.9362
92000 93.00101 -19.10390036 6.136303474 -25.24020383 94.94455644 3050306.299
93000 94.00101 -19.10126031 6.012756565 -25.11401687 93.0329648 4336745.709
94000 95.00101 -19.04889295 5.945071942 -24.99396489 91.98570784 6247078.238
95000 96.00101 -19.08897709 6.141079654 -25.23005675 95.01845636 -670544.3692
96000 97.00101 -19.0559766 5.983358306 -25.0393349 92.57809735 5604601.821
97000 98.00101 -19.05784168 6.032798611 -25.09064029 93.34306732 2760497.427
98000 99.00101 -19.00655314 6.155781977 -25.16233511 95.24593949 1053359.625
99000 100.00101 -18.97298377 6.098782292 -25.07176606 94.36400627 4493211.292
100000 101.00101 -18.9379869 6.176847531 -25.11483444 95.57187834 4087207.606
