Loading the initial atomic configuration from "equilT138.data"
Number of steps: 100000
Boundary: periodic periodic periodic
System dimensions: 40.8045 40.8045 40.8045 A
The total number of atoms: 1372
Atomic masses: m[type1] = 39.948 Da
Neigbor List algorithm: O(N^2) complexity, Rskin = 2.000000 A, update every 50 steps
Verlet integration algorithm: time step = 0.001000 ps
Handlers:
Berendsen thermostat: T = 138.000000 K, tau = 2.000000 ps

Potentials:
type1-type1 : Lennard-Jones potential for Ar-Ar interaction, Rcut = 8.512500 A

Step   Time   Energy   Kinetic   Potential   Temperature   Pressure
0 1.00101 -44.44715797 25.53647318 -69.98363115 143.9925591 103216039.5
1000 2.00101 -44.7755233 25.13272445 -69.90824775 141.7159404 101877678.8
2000 3.00101 -45.004041 24.72279512 -69.72683612 139.4044711 105135204.8
3000 4.00101 -45.26079213 24.4387196 -69.69951173 137.8026539 103304996.1
4000 5.00101 -45.44372881 25.0030811 -70.44680991 140.9849202 94564934.21
5000 6.00101 -45.521147 24.89229119 -70.41343818 140.3602089 95454211.51
6000 7.00101 -45.63094618 25.35607625 -70.98702244 142.9753546 90842381.05
7000 8.00101 -45.59082512 24.2671964 -69.85802152 136.8354857 103287083.5
8000 9.00101 -45.67051488 24.48545778 -70.15597267 138.0661966 99940704.21
9000 10.00101 -45.63217969 24.68366406 -70.31584375 139.1838227 95997300.68
10000 11.00101 -45.57932509 24.75093983 -70.33026492 139.5631707 97212923.39
11000 12.00101 -45.64216091 24.0696864 -69.71184731 135.7217857 103263021.6
12000 13.00101 -45.63735452 24.19611804 -69.83347256 136.434696 103104595.9
13000 14.00101 -45.685659 24.70500075 -70.39065975 139.304134 95160463.87
14000 15.00101 -45.56101631 23.95252421 -69.51354053 135.0611431 108793360.8
15000 16.00101 -45.57892496 24.91441056 -70.49333552 140.4849334 98291611.39
16000 17.00101 -45.62218662 24.42227004 -70.04445666 137.7098997 101972798.2
17000 18.00101 -45.63469454 25.02519784 -70.65989238 141.1096299 93626096.87
18000 19.00101 -45.65496461 24.01599466 -69.67095926 135.419034 103378765.3
19000 20.00101 -45.74524376 24.19451092 -69.93975468 136.425634 104394315.3
20000 21.00101 -45.75946665 24.93821429 -70.69768094 140.6191556 92785233.93
21000 22.00101 -45.79819786 24.69299067 -70.49118852 139.2364127 96693347.44
22000 23.00101 -45.79249719 24.20581854 -69.99831573 136.4893943 103731018.6
23000 24.00101 -45.74884134 24.14822783 -69.89706917 136.1646574 102760533.3
24000 25.00101 -45.67233928 24.39760385 -70.06994313 137.5708145 98846092.09
25000 26.00101 -45.67396169 24.17199493 -69.84595661 136.298673 102437984.7
26000 27.00101 -45.67089621 24.50148771 -70.17238392 138.1565846 96456703.91
27000 28.00101 -45.6335902 24.13980481 -69.77339501 136.1171626 101934083.2
28000 29.00101 -45.67488306 25.03831444 -70.7131975 141.1835904 91422581.36
29000 30.00101 -45.65186714 24.46319382 -70.11506095 137.9406567 99531899.25
30000 31.00101 -45.65234809 24.57370056 -70.22604865 138.5637713 99391714.52
31000 32.00101 -45.69325515 23.6673599 -69.36061505 133.4531865 107997887.3
32000 33.00101 -45.7622694 24.43465588 -70.19692528 137.7797398 93797504.45
33000 34.00101 -45.7218278 23.89348986 -69.61531766 134.728266 103136547.1
34000 35.00101 -45.70351717 24.83548472 -70.53900189 140.0398941 93424685.15
35000 36.00101 -45.69147857 24.42500086 -70.11647943 137.725298 100975738.9
36000 37.00101 -45.63370747 24.62745448 -70.26116195 138.8668736 99715183.35
37000 38.00101 -45.60847935 24.20289434 -69.81137369 136.4729056 102877393
38000 39.00101 -45.61271061 23.46756608 -69.08027669 132.3266088 110576779.5
39000 40.00101 -45.6513737 24.4112543 -70.062628 137.6477853 99365637
40000 41.00101 -45.61220005 24.64449394 -70.25669399 138.9629541 97666149.93
41000 42.00101 -45.65312794 24.36542362 -70.01855157 137.3893597 102937439.3
42000 43.00101 -45.66916261 24.2518853 -69.92104791 136.749151 101574720.4
43000 44.00101 -45.6547886 24.90386447 -70.55865307 140.4254671 92727599.61
44000 45.00101 -45.61535291 24.95534667 -70.57069959 140.71576 91718212.62
45000 46.00101 -45.69459455 24.34467116 -70.0392657 137.2723428 99657556.63
46000 47.00101 -45.67591278 24.45376194 -70.12967472 137.8874732 100114817.4
47000 48.00101 -45.68136943 23.72567814 -69.40704757 133.7820257 109244527.3
48000 49.00101 -45.69053345 24.66115975 -70.3516932 139.0569276 94890279.89
49000 50.00101 -45.77529697 24.73250154 -70.50779851 139.4592027 94327861.4
50000 51.00101 -45.71382726 24.61696704 -70.33079431 138.8077381 98806334.47
51000 52.00101 -45.78646694 24.26682554 -70.05329248 136.8333946 99002673.96
52000 53.00101 -45.73728008 24.68670715 -70.42398722 139.2009818 93899842.78
53000 54.00101 -45.79610749 24.44471317 -70.24082066 137.8364499 97208640.44
54000 55.00101 -45.75766201 23.89485044 -69.65251245 134.7359379 101527809.7
55000 56.00101 -45.67046109 23.94693367 -69.61739476 135.0296197 107093420.9
56000 57.00101 -45.68049269 24.8236025 -70.50409519 139.9728938 98623945.67
57000 58.00101 -45.67015076 24.47352108 -70.14367184 137.9988891 98219517.89
58000 59.00101 -45.69247883 24.56003069 -70.25250952 138.486691 98530231.99
59000 60.00101 -45.74193787 24.12222381 -69.86416167 136.0180285 100397383.3
60000 61.00101 -45.63761575 24.56931769 -70.20693344 138.5390576 97831716.99
61000 62.00101 -45.73310003 24.72516675 -70.45826678 139.417844 96226624.94
62000 63.00101 -45.7435458 24.30005866 -70.04360446 137.0207862 100011048.8
63000 64.00101 -45.80296129 25.08502241 -70.8879837 141.4469628 88247211.33
64000 65.00101 -45.81786032 24.17373584 -69.99159616 136.3084895 99953566.22
65000 66.00101 -45.80475352 24.36723665 -70.17199017 137.3995829 100042075.6
66000 67.00101 -45.69636126 24.7674565 -70.46381775 139.6563033 97455099.3
67000 68.00101 -45.72353667 24.49037784 -70.21391452 138.0939393 98902843.01
68000 69.00101 -45.7647906 24.64206355 -70.40685414 138.9492498 94507919.4
69000 70.00101 -45.80754205 24.39630823 -70.20385028 137.5635089 98466747.39
70000 71.00101 -45.74226682 24.43707626 -70.17934308 137.7933876 99445696.75
71000 72.00101 -45.72279924 24.80880738 -70.53160663 139.8894686 91996476.49
72000 73.00101 -45.68921967 23.99952906 -69.68874872 135.3261894 103553813.1
73000 74.00101 -45.70595263 25.24968366 -70.9556363 142.3754385 87897650.09
74000 75.00101 -45.65562283 24.36363973 -70.01926256 137.3793009 99932119.49
75000 76.00101 -45.6534739 24.65310944 -70.30658334 139.0115343 99324646
76000 77.00101 -45.69539661 24.7992903 -70.49468691 139.8358046 97729177.91
77000 78.00101 -45.69695498 24.41035312 -70.1073081 137.6427038 98494880.44
78000 79.00101 -45.69769869 24.76762476 -70.46532345 139.6572521 91687749.69
79000 80.00101 -45.65993446 24.54875687 -70.20869133 138.4231213 99417415.35
80000 81.00101 -45.6896162 24.55802978 -70.24764598 138.4754084 97494628.14
81000 82.00101 -45.63281366 24.15308576 -69.78589941 136.1920498 101007017.2
82000 83.00101 -45.55502897 24.88669802 -70.44172698 140.3286707 95680343.46
83000 84.00101 -45.5600093 24.11299025 -69.67299955 135.9659632 103347122.8
84000 85.00101 -45.56961628 24.58830529 -70.15792156 138.646123 102971560.8
85000 86.00101 -45.70380781 24.56600142 -70.26980923 138.5203582 95477912.8
86000 87.00101 -45.69791381 24.21111762 -69.90903142 136.5192742 102694788.7
87000 88.00101 -45.72391733 25.37394693 -71.09786426 143.076122 88697170.32
88000 89.00101 -45.74702064 24.52921692 -70.27623755 138.3129413 95322561.74
89000 90.00101 -45.7124492 24.65038368 -70.36283288 138.9961645 94379921.96
90000 91.00101 -45.71746924 24.451885 -70.16935424 137.8768897 99796369.45
91000 92.00101 -45.78163513 23.89064721 -69.67228234 134.7122371 105129969
92000 93.00101 -45.75034638 24.69804672 -70.4483931 139.2649222 97932486.95
93000 94.00101 -45.59820379 24.18044344 -69.77864724 136.3463117 102713601
94000 95.00101 -45.59410541 24.57379584 -70.16790124 138.5643085 100725135.5
95000 96.00101 -45.64433666 24.68775256 -70.33208923 139.2068765 97515406.27
96000 97.00101 -45.72383372 24.34503783 -70.06887155 137.2744103 98688470.58
97000 98.00101 -45.6657589 24.5056619 -70.1714208 138.1801216 101456851.4
98000 99.00101 -45.63653219 24.95767152 -70.59420371 140.7288691 91744603.39
99000 100.00101 -45.68930382 24.85094971 -70.54025353 140.1270966 94431727.84
100000 101.00101 -45.62551404 24.52507532 -70.15058935 138.2895881 99501034.3
