Loading the initial atomic configuration from "equilT92.data"
Number of steps: 100000
Boundary: periodic periodic periodic
System dimensions: 28.0625 28.0625 28.0625 A
The total number of atoms: 500
Atomic masses: m[type1] = 39.948 Da
Neigbor List algorithm: O(N^2) complexity, Rskin = 2.000000 A, update every 50 steps
Verlet integration algorithm: time step = 0.001000 ps
Handlers:
Berendsen thermostat: T = 92.000000 K, tau = 2.000000 ps
Berendsen barostat: P = 0.000100 GPa; pressure control XYZ together; beta = 0.100000 GPa^-1

Potentials:
type1-type1 : Lennard-Jones potential for Ar-Ar interaction, Rcut = 8.512500 A

Step   Time   Energy   Kinetic   Potential   Temperature   Pressure
0 1.00101 -25.5838412 6.328361481 -31.91220268 97.91619276 13994958.27
1000 2.00101 -25.6756825 6.004086102 -31.67976861 92.89881021 14072977.78
2000 3.00101 -25.6862993 5.881307478 -31.56760677 90.99910593 13856736.38
3000 4.00101 -25.67671429 6.068674096 -31.74538839 93.89815427 2062913.844
4000 5.00101 -25.69087546 6.099540432 -31.79041589 94.37573668 -2805713.281
5000 6.00101 -25.70761324 5.854804963 -31.56241821 90.58904317 4908093.086
6000 7.00101 -25.69696342 6.111415604 -31.80837903 94.55947644 -6051030.229
7000 8.00101 -25.64855566 5.86238947 -31.51094513 90.70639518 6826565.719
8000 9.00101 -25.5946193 5.751528488 -31.34614778 88.99108779 7746696.523
9000 10.00101 -25.51216296 5.778751199 -31.29091416 89.41229385 5773301.283
10000 11.00101 -25.53432096 6.204025413 -31.73834637 95.99239077 -9971137.525
11000 12.00101 -25.49732191 5.720614839 -31.21793675 88.51277333 6990684.722
12000 13.00101 -25.48201391 5.970022071 -31.45203598 92.37175116 2637708.306
13000 14.00101 -25.46443601 5.918122433 -31.38255844 91.56872892 2106154.419
14000 15.00101 -25.50614726 5.907080103 -31.41322736 91.39787538 -1845558.829
15000 16.00101 -25.50550424 5.759958062 -31.2654623 89.1215152 8354948.77
16000 17.00101 -25.49723131 5.810087986 -31.3073193 89.89715536 6676394.877
17000 18.00101 -25.49203521 6.06810149 -31.5601367 93.88929456 -3904051.993
18000 19.00101 -25.47079572 5.884526811 -31.35532253 91.04891737 2012860.565
19000 20.00101 -25.40902409 5.76177284 -31.17079694 89.14959454 7502849.888
20000 21.00101 -25.41788574 5.584695912 -31.00258165 86.40975442 15082781.1
21000 22.00101 -25.397349 6.020699333 -31.41804833 93.15586005 -2603400.033
22000 23.00101 -25.3767157 5.866818569 -31.24353427 90.77492485 2069239.011
23000 24.00101 -25.38830583 6.151892008 -31.54019784 95.18575157 -9543670.12
24000 25.00101 -25.37101185 6.032658409 -31.40367026 93.34089803 -4347738.239
25000 26.00101 -25.34713824 6.002207939 -31.34934618 92.86975015 -3016770.539
26000 27.00101 -25.3250445 5.791450464 -31.11649496 89.60878447 4651213.226
27000 28.00101 -25.35741507 5.80367297 -31.16108804 89.79789839 1814376.429
28000 29.00101 -25.35585744 5.907387607 -31.26324504 91.40263327 721602.4981
29000 30.00101 -25.29554731 5.796629338 -31.09217665 89.68891511 8214028.344
30000 31.00101 -25.22063792 5.875719336 -31.09635726 90.91264285 6094070.432
31000 32.00101 -25.13841811 6.081804651 -31.22022276 94.10131807 -4164734.205
32000 33.00101 -25.11542856 5.889806571 -31.00523513 91.13060897 4132669.521
33000 34.00101 -25.08780502 6.057325512 -31.14513054 93.72256219 -4934094.352
34000 35.00101 -25.123273 6.060429896 -31.18370289 93.77059508 -4822102.509
35000 36.00101 -25.06969479 5.80990877 -30.87960356 89.89438241 7432808.948
36000 37.00101 -24.97689564 5.85557736 -30.832473 90.60099416 5712940.055
37000 38.00101 -25.00048565 5.850786673 -30.85127232 90.52686979 2720358.63
38000 39.00101 -24.99761113 6.089724478 -31.08733561 94.22385836 -7922923.967
39000 40.00101 -25.06194817 6.143370243 -31.20531841 95.05389773 -6995869.568
40000 41.00101 -25.0443658 5.756694536 -30.80106033 89.07101998 8936540.894
41000 42.00101 -24.94906383 5.862246513 -30.81131034 90.70418327 2686680.377
42000 43.00101 -24.91448722 6.059750309 -30.97423753 93.76008011 -2060369.102
43000 44.00101 -24.87744683 5.939520025 -30.81696685 91.89980525 2404548.888
44000 45.00101 -24.8105771 5.850147637 -30.66072474 90.51698224 3909350.39
45000 46.00101 -24.78575343 5.737978834 -30.52373227 88.78143944 6611236.509
46000 47.00101 -24.78992483 6.055821468 -30.8457463 93.69929073 160782.5964
47000 48.00101 -24.8003435 5.872065073 -30.67240857 90.85610191 1331194.196
48000 49.00101 -24.82569913 6.041081614 -30.86678075 93.47122689 -1206122.701
49000 50.00101 -24.8289411 6.083139939 -30.91208104 94.12197845 -6695057.596
50000 51.00101 -24.83406877 5.945329985 -30.77939876 91.98970043 -1653308.25
51000 52.00101 -24.87819762 5.698875149 -30.57707276 88.17640385 4959163.856
52000 53.00101 -24.82899533 5.887784035 -30.71677936 91.09931508 4421713.023
53000 54.00101 -24.78102425 5.958741737 -30.73976599 92.19721509 -503806.1282
54000 55.00101 -24.73384169 5.982009813 -30.71585151 92.55723266 -1243101.975
55000 56.00101 -24.71130869 5.96038211 -30.6716908 92.22259591 504089.181
56000 57.00101 -24.66100601 5.760961844 -30.42196786 89.13704632 6195728.864
57000 58.00101 -24.60821602 6.085448437 -30.69366446 94.1576969 -4134250.492
58000 59.00101 -24.55485396 5.663848642 -30.21870261 87.63445278 8253332.543
59000 60.00101 -24.46394399 5.65138092 -30.11532491 87.44154473 10978610.95
60000 61.00101 -24.29787781 5.783237353 -30.08111516 89.4817063 11900084.94
61000 62.00101 -24.2050463 5.6595559 -29.8646022 87.56803291 12786893.21
62000 63.00101 -24.04576336 5.646356368 -29.69211972 87.36380186 15547259.37
63000 64.00101 -23.84016612 5.766842841 -29.60700896 89.22804061 11058728.07
64000 65.00101 -23.61289727 5.69713428 -29.31003155 88.14946808 13847297.62
65000 66.00101 -23.3896562 5.478546837 -28.86820304 84.76735246 22982632.62
66000 67.00101 -23.19491701 5.620764375 -28.81568138 86.96782724 16109734.98
67000 68.00101 -22.97746726 5.599971389 -28.57743865 86.64610573 23127378.53
68000 69.00101 -22.76622444 5.629061149 -28.39528559 87.0961999 16279026.3
69000 70.00101 -22.54564945 5.739087664 -28.28473712 88.79859592 11455657.74
70000 71.00101 -22.33393358 5.600696185 -27.93462976 86.6573202 18810260.13
71000 72.00101 -22.13762029 5.583675946 -27.72129623 86.39397289 20915820.65
72000 73.00101 -21.9664386 5.584303982 -27.55074259 86.40369024 17112931.09
73000 74.00101 -21.84153683 5.579789866 -27.42132669 86.33384514 17104363.44
74000 75.00101 -21.70349648 5.65671223 -27.36020871 87.52403395 15825116.58
75000 76.00101 -21.59434731 5.647020845 -27.24136815 87.37408304 12061049.07
76000 77.00101 -21.42787876 5.721810587 -27.14968934 88.53127466 14599036.46
77000 78.00101 -21.32465576 5.777834872 -27.10249063 89.39811589 8423499.207
78000 79.00101 -21.25842869 5.926182817 -27.18461151 91.693444 2944822.882
79000 80.00101 -21.16908516 5.663439267 -26.83252443 87.62811869 15830650.62
80000 81.00101 -21.07641323 5.571954023 -26.64836725 86.21260429 16612019.61
81000 82.00101 -20.97782051 5.934078326 -26.91189883 91.81560804 2422592.182
82000 83.00101 -20.93177852 5.749301168 -26.68107969 88.95662536 10390466.46
83000 84.00101 -20.91440462 6.052086651 -26.96649128 93.6415034 -2977849.518
84000 85.00101 -20.79714633 6.024810853 -26.82195718 93.21947595 70326.17048
85000 86.00101 -20.76388114 5.736561267 -26.50044241 88.759506 10862878.68
86000 87.00101 -20.71560253 5.766247602 -26.48185013 89.21883073 9807315.298
87000 88.00101 -20.63151319 5.644096112 -26.2756093 87.32882984 15403794.25
88000 89.00101 -20.57615189 6.037712402 -26.6138643 93.41909643 2136687.634
89000 90.00101 -20.56020032 5.989799032 -26.54999935 92.67775212 2559424.701
90000 91.00101 -20.52619997 5.935761131 -26.4619611 91.84164541 4468579.056
91000 92.00101 -20.46904665 5.835836266 -26.30488291 90.29554814 1603409.815
92000 93.00101 -20.43580382 5.854918996 -26.29072282 90.59080756 5360452.908
93000 94.00101 -20.38790263 6.141735229 -26.52963786 95.02859981 -7632958.984
94000 95.00101 -20.38647656 5.891081791 -26.27755835 91.15033994 2191020.368
95000 96.00101 -20.37201982 5.884648115 -26.25666794 91.05079426 6106733.338
96000 97.00101 -20.3482161 6.017247278 -26.36546338 93.10244779 3099292.888
97000 98.00101 -20.32518159 6.110441413 -26.435623 94.54440318 -4867560.984
98000 99.00101 -20.31901606 6.126329998 -26.44534606 94.79024086 -10108938.14
99000 100.00101 -20.34356907 5.893118432 -26.2366875 91.18185207 1384760.207
100000 101.00101 -20.28498539 5.714142678 -25.99912807 88.41263219 6323811.52
