Loading the initial atomic configuration from "ArHW4.data"
Number of steps: 100000
Boundary: periodic periodic periodic
System dimensions: 28 28 28 A
The total number of atoms: 500
Atomic masses: m[type1] = 39.948 Da
Neigbor List algorithm: O(N^2) complexity, Rskin = 2.000000 A, update every 50 steps
Verlet integration algorithm: time step = 0.000010 ps
Handlers:
Assigning the initial velocity corresponding to T = 95.000000 K
Berendsen barostat: P = 0.000100 GPa; pressure control XYZ together; beta = 0.100000 GPa^-1

Potentials:
type1-type1 : Lennard-Jones potential for Ar-Ar interaction, Rcut = 8.512500 A

Step   Time   Energy   Kinetic   Potential   Temperature   Pressure
0 1e-05 -24.87413794 12.27977362 -37.15391157 190 -244297865.5
1000 0.01001 -24.89257761 12.25250647 -37.14508409 189.5781063 -183015981
2000 0.02001 -24.91050015 12.16938481 -37.07988496 188.2919982 -178959836.8
3000 0.03001 -24.92746172 12.02691119 -36.95437291 186.0875612 -172295142.7
4000 0.04001 -24.94438065 11.819531 -36.76391166 182.878851 -162916949.6
5000 0.05001 -24.96423109 11.54005955 -36.50429064 178.5547015 -150724356.6
6000 0.06001 -24.99190638 11.18056179 -36.17246817 172.9923372 -135645985.5
7000 0.07001 -25.01911215 10.73351089 -35.75262303 166.0752983 -117462529.2
8000 0.08001 -25.04523464 10.19393714 -35.23917178 157.7266907 -96180972.51
9000 0.09001 -25.07152402 9.563501483 -34.63502551 147.9722133 -72056918.21
10000 0.10001 -25.09423594 8.855055876 -33.94929181 137.0107192 -45618126.33
11000 0.11001 -25.10681754 8.096886479 -33.20370402 125.279869 -17798951.77
12000 0.12001 -25.12036168 7.333379516 -32.4537412 113.4664327 9764644.721
13000 0.13001 -25.12935756 6.619143328 -31.74850089 102.4153434 35422379.76
14000 0.14001 -25.1359018 6.006852488 -31.14275429 92.94161338 57512223.53
15000 0.15001 -25.14469121 5.53410359 -30.6787948 85.62695977 74812114.64
16000 0.16001 -25.15022761 5.215577223 -30.36580483 80.69852935 86947157.72
17000 0.17001 -25.1548669 5.043317851 -30.19818475 78.03322936 94117241.68
18000 0.18001 -25.16069568 4.992860088 -30.15355577 77.25251668 97036866.33
19000 0.19001 -25.16425953 5.031472341 -30.19573188 77.84994855 96770082.39
20000 0.20001 -25.17090418 5.125405385 -30.29630957 79.30333677 94303565.13
21000 0.21001 -25.17479927 5.245102086 -30.41990136 81.1553557 90677117.33
22000 0.22001 -25.17792051 5.368054284 -30.54597479 83.05774561 86612806.52
23000 0.23001 -25.18027315 5.480103689 -30.66037684 84.79144101 82617155.46
24000 0.24001 -25.18239109 5.57502778 -30.75741887 86.26016331 78952304.21
25000 0.25001 -25.18767003 5.652667332 -30.84033736 87.46144887 75651879.41
26000 0.26001 -25.18958859 5.716239689 -30.90582828 88.4450784 72783667.45
27000 0.27001 -25.19204105 5.769377844 -30.96141889 89.2672637 70236696.15
28000 0.28001 -25.19353637 5.814016581 -31.00755295 89.95794093 68012002.77
29000 0.29001 -25.19476665 5.849774734 -31.04454138 90.51121246 66133223.13
30000 0.30001 -25.19659504 5.874381348 -31.07097639 90.89194071 64664050.2
31000 0.31001 -25.19803371 5.884898861 -31.08293257 91.05467394 63704057.01
32000 0.32001 -25.19843691 5.879221743 -31.07765866 90.96683418 63316611.14
33000 0.33001 -25.19883812 5.857009018 -31.05584714 90.62314563 63484548.82
34000 0.34001 -25.19791685 5.82001713 -31.01793398 90.05078501 64159691.58
35000 0.35001 -25.20056414 5.772318346 -30.97288249 89.31276091 65133641.23
36000 0.36001 -25.20023978 5.720523657 -30.92076344 88.51136251 66292737.18
37000 0.37001 -25.20131377 5.673040638 -30.87435441 87.77667684 67316190.68
38000 0.38001 -25.20293634 5.63840622 -30.84134256 87.24079242 67960032.81
39000 0.39001 -25.2028988 5.622732666 -30.82563146 86.99828183 68071563.27
40000 0.40001 -25.20335812 5.627515436 -30.83087356 87.0722837 67566182.93
41000 0.41001 -25.20479087 5.649178373 -30.85396924 87.40746562 66526499.57
42000 0.42001 -25.20381368 5.681152462 -30.88496614 87.90218784 65178705.55
43000 0.43001 -25.20209979 5.716797314 -30.9188971 88.4537063 63680739.07
44000 0.44001 -25.20216733 5.751633557 -30.95380088 88.99271347 62121333.02
45000 0.45001 -25.20284052 5.784176249 -30.98701677 89.49623347 60560814.48
46000 0.46001 -25.20328308 5.815862374 -31.01914545 89.98650015 58974738.22
47000 0.47001 -25.2023173 5.850224408 -31.05254171 90.51817008 57286223.13
48000 0.48001 -25.20430769 5.89152777 -31.09583546 91.15724039 55319678.99
49000 0.49001 -25.20622177 5.943057723 -31.14927949 91.95454263 53036464.71
50000 0.50001 -25.20704411 6.005578708 -31.21262282 92.92190469 50438420.36
51000 0.51001 -25.20441852 6.077105361 -31.28152388 94.02860784 47625883.37
52000 0.52001 -25.20069923 6.153614777 -31.35431401 95.21240727 44690640.29
53000 0.53001 -25.19992618 6.230274384 -31.43020056 96.39853054 41724891.11
54000 0.54001 -25.20244365 6.302554095 -31.50499774 97.51688546 38868034.2
55000 0.55001 -25.20170985 6.36686871 -31.56857856 98.51199964 36332993.82
56000 0.56001 -25.2024434 6.420713572 -31.62315697 99.34511954 34138302.81
57000 0.57001 -25.20331142 6.462538858 -31.66585027 99.99226537 32360892.46
58000 0.58001 -25.20365152 6.491496043 -31.69514756 100.4403083 31044079.62
59000 0.59001 -25.20532057 6.507146767 -31.71246733 100.6824656 30177707.83
60000 0.60001 -25.20614161 6.509404132 -31.71554574 100.7173929 29797056.59
61000 0.61001 -25.20359996 6.498219533 -31.7018195 100.5443381 29934342.6
62000 0.62001 -25.20711387 6.473670798 -31.68078467 100.1645054 30439984.29
63000 0.63001 -25.20811736 6.436340612 -31.64445797 99.58691044 31407359.14
64000 0.64001 -25.20745873 6.387742122 -31.59520085 98.83496555 32764583.65
65000 0.65001 -25.20884153 6.330654353 -31.53949588 97.95166946 34362513.78
66000 0.66001 -25.20958305 6.269038476 -31.47862153 96.99831176 36111643.77
67000 0.67001 -25.20918259 6.207388445 -31.41657104 96.04442562 37876650.7
68000 0.68001 -25.20814679 6.149918455 -31.35806525 95.15521556 39518497.29
69000 0.69001 -25.20765066 6.099783187 -31.30743385 94.37949273 40921033.13
70000 0.70001 -25.20718536 6.058705748 -31.26589111 93.74391802 42034940.91
71000 0.71001 -25.20691313 6.027130743 -31.23404387 93.25537067 42840065.81
72000 0.72001 -25.20699369 6.004533046 -31.21152674 92.90572559 43345159.32
73000 0.73001 -25.20759021 5.990014409 -31.19760462 92.68108456 43573066.17
74000 0.74001 -25.20768579 5.982559106 -31.19024489 92.56573166 43568139.07
75000 0.75001 -25.2076107 5.981325503 -31.1889362 92.54664461 43351701.56
76000 0.76001 -25.20719193 5.985694496 -31.19288643 92.61424428 42946601.26
77000 0.77001 -25.20944967 5.995206571 -31.20465624 92.7614208 42325337.18
78000 0.78001 -25.21085033 6.009490759 -31.22034109 92.9824343 41551686.1
79000 0.79001 -25.21223067 6.028245027 -31.24047569 93.27261154 40623848.29
80000 0.80001 -25.21123541 6.051250544 -31.26248596 93.62856666 39584780.69
81000 0.81001 -25.21240006 6.078122608 -31.29052267 94.04434729 38382623.27
82000 0.82001 -25.21185748 6.108110131 -31.31996762 94.50833218 37097628.93
83000 0.83001 -25.21229614 6.140016645 -31.35231278 95.00200884 35729382.46
84000 0.84001 -25.21153287 6.17214902 -31.38368189 95.49918016 34360730.82
85000 0.85001 -25.21108175 6.202683418 -31.41376517 95.97162663 33025372.76
86000 0.86001 -25.20960111 6.230082614 -31.43968372 96.39556337 31788624.82
87000 0.87001 -25.20911063 6.253902721 -31.46301335 96.76412231 30638326.38
88000 0.88001 -25.21045306 6.275261782 -31.48571484 97.09460247 29537645.56
89000 0.89001 -25.20842053 6.296458031 -31.50487856 97.42256351 28504045.86
90000 0.90001 -25.20839198 6.319926014 -31.528318 97.78567417 27399020.41
91000 0.91001 -25.20717393 6.346934398 -31.55410832 98.20356404 26238903.7
92000 0.92001 -25.20829673 6.377118355 -31.58541508 98.67058828 24987633.29
93000 0.93001 -25.20772739 6.408771275 -31.61649866 99.16034118 23753780.18
94000 0.94001 -25.20765258 6.439523047 -31.64717563 99.63615098 22574606.32
95000 0.95001 -25.20437682 6.466884019 -31.67126084 100.0594963 21575043.32
96000 0.96001 -25.20529703 6.488603484 -31.69390052 100.3955529 20711550.42
97000 0.97001 -25.20352417 6.503126951 -31.70665112 100.6202686 20125029.92
98000 0.98001 -25.20141323 6.509999252 -31.71141248 100.726601 19790101.66
99000 0.99001 -25.20350299 6.510133666 -31.71363666 100.7286807 19610164.5
100000 1.00001 -25.20256759 6.505753382 -31.70832097 100.6609063 19621956.91
