Loading the initial atomic configuration from "equilT80.data"
Number of steps: 100000
Boundary: periodic periodic periodic
System dimensions: 27.9858 27.9858 27.9858 A
The total number of atoms: 500
Atomic masses: m[type1] = 39.948 Da
Neigbor List algorithm: O(N^2) complexity, Rskin = 2.000000 A, update every 50 steps
Verlet integration algorithm: time step = 0.001000 ps
Handlers:
Berendsen thermostat: T = 80.000000 K, tau = 2.000000 ps
Berendsen barostat: P = 0.000100 GPa; pressure control XYZ together; beta = 0.100000 GPa^-1

Potentials:
type1-type1 : Lennard-Jones potential for Ar-Ar interaction, Rcut = 8.512500 A

Step   Time   Energy   Kinetic   Potential   Temperature   Pressure
0 1.00101 -27.13528559 5.638273499 -32.77355908 87.23873888 -10115640.28
1000 2.00101 -27.30775289 5.409893074 -32.71764597 83.70510039 -5670381.548
2000 3.00101 -27.46159559 5.215124252 -32.67671985 80.69152072 314271.0716
3000 4.00101 -27.60528242 5.468110424 -33.07339284 84.60587403 -10822829.82
4000 5.00101 -27.69445684 5.386223563 -33.0806804 83.33887157 -9208476.665
5000 6.00101 -27.82332437 5.159069506 -32.98239387 79.82420817 2212211.939
6000 7.00101 -27.91678481 5.217351722 -33.13413654 80.72598546 -2383237.576
7000 8.00101 -27.9683876 5.436458033 -33.40484564 84.11612932 -10404790.6
8000 9.00101 -28.06199312 5.476956434 -33.53894956 84.7427448 -14419303.42
9000 10.00101 -28.11669015 5.339565702 -33.45625585 82.61695325 -7523745.328
10000 11.00101 -28.17549978 5.251339814 -33.42683959 81.25186954 -1924337.291
11000 12.00101 -28.23466455 5.326554073 -33.56121862 82.41562953 -6422536.762
12000 13.00101 -28.2993149 5.214835807 -33.5141507 80.68705773 -2730985.927
13000 14.00101 -28.35284761 5.194994235 -33.54784185 80.38005706 -1658951.58
14000 15.00101 -28.37782998 5.252925826 -33.6307558 81.27640928 -1752773.495
15000 16.00101 -28.39247818 5.236646256 -33.62912444 81.02452204 -2818628.91
16000 17.00101 -28.4280961 5.486920838 -33.91501694 84.89692001 -12412809.86
17000 18.00101 -28.439981 5.361255482 -33.80123648 82.95255048 -7756487.604
18000 19.00101 -28.51320053 5.284635147 -33.79783568 81.76703485 -4897076.453
19000 20.00101 -28.54619158 5.187032469 -33.73322405 80.25686786 80299.72613
20000 21.00101 -28.55692844 5.333741534 -33.89066997 82.52683823 -7677036.754
21000 22.00101 -28.59089117 5.241360475 -33.83225165 81.09746325 -2911593.799
22000 23.00101 -28.56702008 5.383177543 -33.95019762 83.29174173 -9166843.597
23000 24.00101 -28.61018767 4.935090543 -33.54527821 76.35867173 10492584.58
24000 25.00101 -28.61786569 5.099523849 -33.71738953 78.90288217 1564352.261
25000 26.00101 -28.63221128 5.174787661 -33.80699894 80.06740886 -776469.4156
26000 27.00101 -28.65244964 5.199458458 -33.8519081 80.44913019 -1483569.95
27000 28.00101 -28.66363807 5.3227847 -33.98642277 82.35730754 -3506790.601
28000 29.00101 -28.68688143 5.414914597 -34.10179603 83.7827964 -9785986.43
29000 30.00101 -28.72632764 5.176382598 -33.90271024 80.09208668 -2252588.67
30000 31.00101 -28.72676567 5.341253065 -34.06801874 82.64306113 -5740733.321
31000 32.00101 -28.72783934 5.066875497 -33.79471483 78.39772734 3757620.655
32000 33.00101 -28.72440704 5.404301534 -34.12870857 83.61858474 -8671294.583
33000 34.00101 -28.7208815 5.032316402 -33.7531979 77.86300835 4597510.16
34000 35.00101 -28.70571661 5.137143405 -33.84286002 79.48495443 2070220.436
35000 36.00101 -28.72126648 5.247589438 -33.96885592 81.19384149 -1820259.122
36000 37.00101 -28.70727628 5.3292018 -34.03647808 82.45659676 -5362964.959
37000 38.00101 -28.69695503 5.001505338 -33.69846037 77.38628115 6320744.32
38000 39.00101 -28.71956146 5.028554417 -33.74811588 77.80480068 3748428.436
39000 40.00101 -28.74622796 5.255986879 -34.00221484 81.32377171 -2710714.031
40000 41.00101 -28.75274177 5.09744148 -33.85018325 78.8706625 4860270.549
41000 42.00101 -28.74468374 5.332215665 -34.07689941 82.50322907 -8079779.55
42000 43.00101 -28.74114425 5.142270144 -33.8834144 79.5642784 178311.9832
43000 44.00101 -28.74158195 5.042717149 -33.7842991 78.02393493 4649464.008
44000 45.00101 -28.74492893 5.098374183 -33.84330311 78.88509384 2349995.172
45000 46.00101 -28.71510707 5.35271769 -34.06782476 82.82044866 -7177073.054
46000 47.00101 -28.73598966 5.280264772 -34.01625443 81.69941379 -4068717.283
47000 48.00101 -28.74973744 5.173468707 -33.92320615 80.04700122 -2591823.214
48000 49.00101 -28.71531152 5.16321019 -33.87852171 79.88827531 -587218.5463
49000 50.00101 -28.71646802 5.284333277 -34.0008013 81.76236413 -5440306.995
50000 51.00101 -28.71739241 4.955954266 -33.67334668 76.68148773 7888028.883
51000 52.00101 -28.72624945 5.464797943 -34.1910474 84.55462136 -9831303.2
52000 53.00101 -28.75008555 5.039697448 -33.789783 77.97721231 1996854.184
53000 54.00101 -28.73806824 5.088095461 -33.8261637 78.7260553 2439930.226
54000 55.00101 -28.77003881 5.057129911 -33.82716872 78.2469378 3289407.152
55000 56.00101 -28.74057743 5.241879284 -33.98245672 81.10549057 -3014341.66
56000 57.00101 -28.74475353 5.330338836 -34.07509237 82.47418966 -4848753.616
57000 58.00101 -28.75918864 5.014857545 -33.77404618 77.59287448 6225586.418
58000 59.00101 -28.7341986 5.126098071 -33.86029667 79.31405442 982302.2472
59000 60.00101 -28.75470808 5.075155143 -33.82986323 78.52583497 2303980.196
60000 61.00101 -28.74443996 5.217681893 -33.96212185 80.73109408 -2149066.528
61000 62.00101 -28.73832035 5.231680526 -33.97000088 80.94768928 -2913275.145
62000 63.00101 -28.74738046 5.287630361 -34.03501082 81.81337859 -5292412.279
63000 64.00101 -28.7622607 5.147186718 -33.90944742 79.64035057 1902228.024
64000 65.00101 -28.74061339 5.269282584 -34.00989597 81.52949082 -4406759.132
65000 66.00101 -28.73396912 5.164223731 -33.89819285 79.90395742 -105172.9027
66000 67.00101 -28.75340439 5.223248482 -33.97665288 80.81722366 -2406968.687
67000 68.00101 -28.72576553 5.232900655 -33.95866618 80.96656785 -2603950.86
68000 69.00101 -28.74297618 5.055238132 -33.79821431 78.21766708 6589323.902
69000 70.00101 -28.74797332 5.344102717 -34.09207604 82.68715264 -6300452.188
70000 71.00101 -28.76007449 4.878009214 -33.6380837 75.47547528 10027239.29
71000 72.00101 -28.74520298 5.204741492 -33.94994447 80.53087244 -1596448.546
72000 73.00101 -28.73527856 5.129743474 -33.86502203 79.37045828 1734901.247
73000 74.00101 -28.71979023 5.338431705 -34.05822194 82.59940735 -4259176.808
74000 75.00101 -28.71771616 5.090269121 -33.80798528 78.75968748 2346621.556
75000 76.00101 -28.71692393 5.118118526 -33.83504246 79.19059012 1053859.768
76000 77.00101 -28.74693032 5.067123456 -33.81405378 78.4015639 2941961.479
77000 78.00101 -28.75298501 5.122243723 -33.87522874 79.25441764 1543938.92
78000 79.00101 -28.80587816 5.156437686 -33.96231585 79.78348707 2117988.765
79000 80.00101 -28.77782184 5.206203255 -33.98402509 80.55348972 -2426638.13
80000 81.00101 -28.76818044 5.333004754 -34.10118519 82.51543833 -7861296.066
81000 82.00101 -28.75707154 5.296791585 -34.05386312 81.95512653 -3206978.192
82000 83.00101 -28.78737155 5.237739786 -34.02511134 81.04144179 -2457406.868
83000 84.00101 -28.75751742 5.201785351 -33.95930277 80.48513326 -2049529.396
84000 85.00101 -28.76861304 5.097077372 -33.86569041 78.86502881 1542809.665
85000 86.00101 -28.75436479 5.17699022 -33.93135501 80.10148817 879449.7037
86000 87.00101 -28.76528087 5.233079745 -33.99836062 80.96933884 -3955827.894
87000 88.00101 -28.75706307 5.320246011 -34.07730908 82.31802743 -3948501.962
88000 89.00101 -28.75527839 4.965234603 -33.72051299 76.82507865 6854513.826
89000 90.00101 -28.75191221 5.055995862 -33.80790807 78.22939113 4440760.435
90000 91.00101 -28.73907718 5.33689781 -34.07597499 82.57567403 -5791783.744
91000 92.00101 -28.7468126 5.083103452 -33.82991605 78.64881595 2794736.879
92000 93.00101 -28.76363398 5.049882338 -33.81351631 78.13479901 4529400.589
93000 94.00101 -28.73519446 5.2593095 -33.99450396 81.37518129 -1990127.767
94000 95.00101 -28.72460526 5.040368867 -33.76497412 77.98760091 5695641.707
95000 96.00101 -28.72399225 5.267827673 -33.99181993 81.50697956 -2710219.918
96000 97.00101 -28.76002448 5.410739476 -34.17076395 83.71819643 -10053651.91
97000 98.00101 -28.74153262 5.123945234 -33.86547785 79.28074443 1345914.482
98000 99.00101 -28.75907443 5.248888663 -34.00796309 81.21394388 -3669594.341
99000 100.00101 -28.76256442 5.1779055 -33.94046992 80.11564993 -1000393.211
100000 101.00101 -28.78010428 5.074356647 -33.85446093 78.51348017 4490285.342
