Loading the initial atomic configuration from "ArHW4.data"
Number of steps: 100000
Boundary: periodic periodic periodic
System dimensions: 28 28 28 A
The total number of atoms: 500
Atomic masses: m[type1] = 39.948 Da
Neigbor List algorithm: O(N^2) complexity, Rskin = 2.000000 A, update every 50 steps
Verlet integration algorithm: time step = 0.000010 ps
Handlers:
Assigning the initial velocity corresponding to T = 90.000000 K
Berendsen barostat: P = 0.000100 GPa; pressure control XYZ together; beta = 0.100000 GPa^-1

Potentials:
type1-type1 : Lennard-Jones potential for Ar-Ar interaction, Rcut = 8.512500 A

Step   Time   Energy   Kinetic   Potential   Temperature   Pressure
0 1e-05 -25.52044182 11.63346975 -37.15391157 180 -244297865.5
1000 0.01001 -25.53919968 11.60764105 -37.14684073 179.600363 -186223033.2
2000 0.02001 -25.55745996 11.52896621 -37.08642616 178.3830587 -182363484.6
3000 0.03001 -25.57479822 11.39433536 -36.96913358 176.2999697 -176039282.5
4000 0.04001 -25.59198193 11.19883088 -36.79081281 173.2750075 -167158485
5000 0.05001 -25.61065473 10.93612524 -36.54677998 169.2102688 -155620626.2
6000 0.06001 -25.63773266 10.59925986 -36.23699253 163.9980863 -141405181
7000 0.07001 -25.66576128 10.18173376 -35.84749504 157.5378727 -124323201
8000 0.08001 -25.69091524 9.679189396 -35.37010464 149.7622058 -104338322.9
9000 0.09001 -25.71793248 9.092931673 -34.81086415 140.6912758 -81730378.65
10000 0.10001 -25.74149152 8.433798983 -34.1752905 130.4927807 -56928672.54
11000 0.11001 -25.75764192 7.725828317 -33.48347024 119.5386352 -30769255.95
12000 0.12001 -25.76847699 7.007361567 -32.77583856 108.4220881 -4573654.031
13000 0.13001 -25.7793455 6.326723273 -32.10606877 97.89084543 20032143.47
14000 0.14001 -25.7849318 5.732469216 -31.51740101 88.69619133 41610472.67
15000 0.15001 -25.79299934 5.26176427 -31.05476361 81.41316296 58901486.83
16000 0.16001 -25.79947333 4.932371571 -30.7318449 76.31660217 71414511.82
17000 0.17001 -25.80411477 4.741382721 -30.54549749 73.36150848 79233445.21
18000 0.18001 -25.80891765 4.669666773 -30.47858443 72.25187646 82911529.58
19000 0.19001 -25.8113188 4.688813779 -30.50013258 72.54813038 83365309.1
20000 0.20001 -25.81635579 4.767919575 -30.58427537 73.77210256 81495245.78
21000 0.21001 -25.82223492 4.878664365 -30.70089928 75.48561216 78240135.4
22000 0.22001 -25.82353397 4.998380106 -30.82191407 77.33792569 74430179.63
23000 0.23001 -25.8254574 5.111562478 -30.93701988 79.08915103 70530877.1
24000 0.24001 -25.82819354 5.210027266 -31.0382208 80.61265711 66863401.37
25000 0.25001 -25.8312679 5.291654242 -31.12292215 81.87563849 63572796.4
26000 0.26001 -25.83487534 5.358351894 -31.19322723 82.90762444 60666989.2
27000 0.27001 -25.83736204 5.413435364 -31.25079741 83.75990881 58125487.16
28000 0.28001 -25.83656182 5.459552794 -31.29611461 84.47346527 55941665.34
29000 0.29001 -25.83938296 5.497473171 -31.33685613 85.06019202 54017946.9
30000 0.30001 -25.83962241 5.526077307 -31.36569972 85.50277232 52491668.18
31000 0.31001 -25.84099326 5.543042937 -31.3840362 85.76527469 51379668.47
32000 0.32001 -25.84183142 5.546158019 -31.38798944 85.81347309 50766989.4
33000 0.33001 -25.84097964 5.534317386 -31.37529703 85.63026775 50692506.29
34000 0.34001 -25.84030333 5.508177552 -31.34848088 85.2258166 51096875.78
35000 0.35001 -25.84183324 5.470291361 -31.3121246 84.63961879 51858979.27
36000 0.36001 -25.84137986 5.425388254 -31.26676811 83.94485108 52884868.08
37000 0.37001 -25.84298206 5.380142141 -31.2231242 83.24477617 53906333.07
38000 0.38001 -25.84394891 5.342217771 -31.18616668 82.65798764 54728375.92
39000 0.39001 -25.84258793 5.3184344 -31.16102233 82.2899971 55168685.63
40000 0.40001 -25.84325086 5.312665287 -31.15591615 82.20073393 55042264.11
41000 0.41001 -25.84339578 5.324562593 -31.16795838 82.38481617 54384780.21
42000 0.42001 -25.84250167 5.350054702 -31.19255637 82.77924533 53309671.89
43000 0.43001 -25.84055514 5.383419926 -31.22397507 83.29549202 51972693.53
44000 0.44001 -25.84091237 5.419522284 -31.26043465 83.85408929 50466728.18
45000 0.45001 -25.84088308 5.455368417 -31.29625149 84.40872208 48916500.85
46000 0.46001 -25.84046867 5.490400626 -31.3308693 84.95076138 47340479.89
47000 0.47001 -25.84219087 5.526254255 -31.36844513 85.50551016 45660662.47
48000 0.48001 -25.84218298 5.565941062 -31.40812404 86.11956817 43854671.96
49000 0.49001 -25.84262769 5.612677377 -31.45530507 86.84270037 41809013.24
50000 0.50001 -25.84133745 5.668399761 -31.50973721 87.70487042 39509370.78
51000 0.51001 -25.8409998 5.732939532 -31.57393933 88.70346835 36931080.35
52000 0.52001 -25.83909331 5.804003156 -31.64309647 89.80300723 34186764.28
53000 0.53001 -25.83730469 5.877875859 -31.71518055 90.94600986 31370322.63
54000 0.54001 -25.83916912 5.950355326 -31.78952445 92.06745551 28564141.49
55000 0.55001 -25.83814066 6.017542591 -31.85568325 93.10701705 25989447.31
56000 0.56001 -25.83960663 6.076287375 -31.91589401 94.01595148 23672965.95
57000 0.57001 -25.84273575 6.124309465 -31.96704522 94.75897797 21705705.97
58000 0.58001 -25.84215539 6.160130698 -32.00228609 95.31322551 20218489.02
59000 0.59001 -25.84123212 6.182934906 -32.02416703 95.66606584 19191889.82
60000 0.60001 -25.84316242 6.192446954 -32.03560937 95.81324193 18590194.43
61000 0.61001 -25.84122641 6.188777843 -32.03000425 95.75647125 18506069.81
62000 0.62001 -25.83996286 6.172247174 -32.01221003 95.50069887 18856702.5
63000 0.63001 -25.84290413 6.143562595 -31.98646673 95.0568739 19559233.4
64000 0.64001 -25.84349702 6.104061483 -31.9475585 94.44568908 20656757.55
65000 0.65001 -25.84510612 6.055893421 -31.90099954 93.70040402 22023131.48
66000 0.66001 -25.84571803 6.002155964 -31.84787399 92.86894597 23584120.59
67000 0.67001 -25.84500044 5.946573888 -31.79157433 92.00894685 25223698.8
68000 0.68001 -25.84732396 5.892913186 -31.74023714 91.17867638 26758680.86
69000 0.69001 -25.84630488 5.844339628 -31.69064451 90.42711725 28181029.73
70000 0.70001 -25.84429498 5.802947158 -31.64724214 89.78666819 29388628.25
71000 0.71001 -25.84364491 5.769701541 -31.61334645 89.27227214 30313922.86
72000 0.72001 -25.84519204 5.744576801 -31.58976884 88.88352713 30940606.85
73000 0.73001 -25.84489879 5.727072986 -31.57197177 88.61269764 31340324.42
74000 0.74001 -25.84326633 5.716468748 -31.55973508 88.44862254 31526763.44
75000 0.75001 -25.84314738 5.712051656 -31.55519904 88.38027864 31479890.05
76000 0.76001 -25.84403553 5.713344547 -31.55738008 88.40028303 31223726.56
77000 0.77001 -25.84374195 5.719978642 -31.56372059 88.50292972 30803536.95
78000 0.78001 -25.8452885 5.731577503 -31.57686601 88.68239423 30189006.99
79000 0.79001 -25.84598592 5.747638476 -31.5936244 88.93089919 29434887.19
80000 0.80001 -25.84633508 5.767611469 -31.61394655 89.23993329 28551690.47
81000 0.81001 -25.84566353 5.790930422 -31.63659395 89.60073808 27567228.05
82000 0.82001 -25.84581976 5.816912931 -31.66273269 90.002755 26475009.1
83000 0.83001 -25.84512299 5.844798076 -31.68992106 90.43421062 25323978.78
84000 0.84001 -25.84474937 5.873575186 -31.71832455 90.87946728 24129471.1
85000 0.85001 -25.84453307 5.901934929 -31.746468 91.31826617 22933414.28
86000 0.86001 -25.84329929 5.9286559 -31.77195519 91.73170903 21789924.87
87000 0.87001 -25.84407354 5.953124306 -31.79719785 92.11029882 20675502.12
88000 0.88001 -25.8433293 5.975954077 -31.81928338 92.4635347 19629642.99
89000 0.89001 -25.84224288 5.998923317 -31.8411662 92.81892852 18591951.87
90000 0.90001 -25.84081671 6.024317735 -31.86513444 93.21184612 17506055.04
91000 0.91001 -25.84157165 6.053689364 -31.89526102 93.66630154 16299854.71
92000 0.92001 -25.84181936 6.086871926 -31.92869128 94.17972198 15023213.15
93000 0.93001 -25.84156176 6.121839672 -31.96340143 94.72076385 13737069.05
94000 0.94001 -25.83979208 6.155514287 -31.99530637 95.24179763 12545765.98
95000 0.95001 -25.83903236 6.184723391 -32.02375575 95.69373835 11504785.8
96000 0.96001 -25.83625723 6.206926675 -32.04318391 96.03728083 10730517.63
97000 0.97001 -25.83684552 6.220570861 -32.05741638 96.24839184 10187395.45
98000 0.98001 -25.83777157 6.225330524 -32.0631021 96.3220362 9925745.139
99000 0.99001 -25.83802547 6.221981866 -32.06000734 96.27022375 9932866.636
100000 1.00001 -25.83895199 6.212331324 -32.05128332 96.12090481 10131984.53
