Loading the initial atomic configuration from "ArHW4.data"
Number of steps: 100000
Boundary: periodic periodic periodic
System dimensions: 38.269 38.269 38.269 A
The total number of atoms: 1372
Atomic masses: m[type1] = 39.948 Da
Neigbor List algorithm: O(N^2) complexity, Rskin = 2.000000 A, update every 50 steps
Verlet integration algorithm: time step = 0.000010 ps
Handlers:
Assigning the initial velocity corresponding to T = 74.000000 K
Berendsen barostat: P = 0.000100 GPa; pressure control XYZ together; beta = 0.100000 GPa^-1

Potentials:
type1-type1 : Lennard-Jones potential for Ar-Ar interaction, Rcut = 8.512500 A

Step   Time   Energy   Kinetic   Potential   Temperature   Pressure
0 1e-05 -81.47916121 26.24717593 -107.7263371 148 -188488281.1
1000 0.01001 -81.50629631 26.14896841 -107.6552647 147.4462371 -136444458.9
2000 0.02001 -81.54394246 25.85114305 -107.3950855 145.7668887 -131413954.9
3000 0.03001 -81.66746791 25.34880081 -107.0162687 142.9343305 -123774243.2
4000 0.04001 -81.84335561 24.6351096 -106.4784652 138.9100386 -113306772.2
5000 0.05001 -82.00199489 23.70028288 -105.7022778 133.6388294 -99606777.31
6000 0.06001 -82.1324945 22.53799819 -104.6704927 127.0850526 -82676659.5
7000 0.07001 -82.22936688 21.15137593 -103.3807428 119.266303 -62685993.26
8000 0.08001 -82.30473548 19.56067752 -101.865413 110.2968289 -40120452.34
9000 0.09001 -82.36835388 17.81113957 -100.1794935 100.431706 -15746385.28
10000 0.10001 -82.41542923 15.97794474 -98.39337397 90.09486689 9418312.935
11000 0.11001 -82.44642336 14.16341661 -96.60983997 79.86328371 34041127.18
12000 0.12001 -82.47348079 12.4831615 -94.95664229 70.38882608 56607498.41
13000 0.13001 -82.49876797 11.0448425 -93.54361047 62.27857408 75792343.72
14000 0.14001 -82.51696238 9.927290461 -92.44425284 55.97703129 90681446.35
15000 0.15001 -82.53674709 9.168123068 -91.70487015 51.69631269 100788290.3
16000 0.16001 -82.55778475 8.762090486 -91.31987524 49.40681601 106199286.9
17000 0.17001 -82.57752393 8.66881821 -91.24634214 48.88088146 107442208.3
18000 0.18001 -82.58959369 8.825601741 -91.41519543 49.76493704 105343739
19000 0.19001 -82.60378085 9.160769051 -91.7645499 51.65484558 100757059.8
20000 0.20001 -82.61533421 9.604576224 -92.21991044 54.15734192 94605894.44
21000 0.21001 -82.62578905 10.09617433 -92.72196338 56.92931708 87678415.61
22000 0.22001 -82.63399831 10.58695178 -93.22095008 59.69666478 80632841.53
23000 0.23001 -82.64262236 11.04145359 -93.68407596 62.25946504 73946145.07
24000 0.24001 -82.64328143 11.43625569 -94.07953712 64.48563635 68006685.29
25000 0.25001 -82.64860685 11.75809589 -94.40670274 66.30039731 62952146.29
26000 0.26001 -82.65390438 12.0014611 -94.65536547 67.67266114 58912879.28
27000 0.27001 -82.65143341 12.16679501 -94.81822842 68.60492979 55952938.52
28000 0.28001 -82.65409406 12.25893372 -94.91302778 69.12447248 53954219.42
29000 0.29001 -82.65526832 12.28609388 -94.9413622 69.27762053 52858078.83
30000 0.30001 -82.65503641 12.25945544 -94.91449186 69.12741435 52525400.92
31000 0.31001 -82.65447271 12.19231743 -94.84679015 68.74884312 52779636.67
32000 0.32001 -82.65429429 12.09946675 -94.75376103 68.22528577 53426087.95
33000 0.33001 -82.65704999 11.99582519 -94.65287518 67.64088195 54255573.89
34000 0.34001 -82.65972739 11.8952824 -94.55500979 67.07395113 55102660.55
35000 0.35001 -82.66332712 11.80925112 -94.47257824 66.5888464 55807550.09
36000 0.36001 -82.6624544 11.74619141 -94.40864581 66.23327148 56283095.84
37000 0.37001 -82.66245718 11.71135885 -94.37381603 66.03686104 56420756.78
38000 0.38001 -82.66329946 11.70692772 -94.37022718 66.0118752 56181382.01
39000 0.39001 -82.66191572 11.73241599 -94.39433171 66.155596 55577798.35
40000 0.40001 -82.66146305 11.78496409 -94.44642714 66.45189906 54617849.11
41000 0.41001 -82.66275203 11.86023036 -94.52298239 66.87630314 53343972.64
42000 0.42001 -82.66508298 11.95321106 -94.61829405 67.40059357 51818007.69
43000 0.43001 -82.66776986 12.05915721 -94.72692707 67.99799229 50102370.11
44000 0.44001 -82.66979572 12.17391778 -94.8437135 68.64509297 48256711.75
45000 0.45001 -82.66578534 12.29386767 -94.95965301 69.32145464 46360769.94
46000 0.46001 -82.66145542 12.41559846 -95.07705388 70.00785827 44429860.98
47000 0.47001 -82.65765491 12.53561947 -95.19327438 70.68462093 42507509.36
48000 0.48001 -82.65842705 12.65045952 -95.30888658 71.33216978 40618153.12
49000 0.49001 -82.65286262 12.75706426 -95.40992687 71.93328208 38865414.34
50000 0.50001 -82.65156358 12.85319438 -95.50475797 72.47533119 37220945.39
51000 0.51001 -82.65353673 12.93763554 -95.59117227 72.95146971 35708830.28
52000 0.52001 -82.64988773 13.01054561 -95.66043334 73.36258788 34382618.77
53000 0.53001 -82.64987248 13.0731801 -95.72305257 73.71576506 33179704.84
54000 0.54001 -82.64946801 13.12743311 -95.77690112 74.02168166 32104222.68
55000 0.55001 -82.64767397 13.17540284 -95.82307681 74.29216865 31139618.68
56000 0.56001 -82.64684879 13.21913215 -95.86598093 74.53874517 30250532.19
57000 0.57001 -82.64918192 13.26059322 -95.90977514 74.77253182 29402732.05
58000 0.58001 -82.64711441 13.30194772 -95.94906213 75.00571749 28616043.88
59000 0.59001 -82.64653024 13.34515702 -95.99168725 75.24936183 27837250.08
60000 0.60001 -82.64709564 13.39051917 -96.03761481 75.5051455 27065823.29
61000 0.61001 -82.64813989 13.43556333 -96.08370322 75.7591361 26333145.13
62000 0.62001 -82.65286031 13.47521074 -96.12807105 75.982696 25675902.44
63000 0.63001 -82.65504128 13.50372095 -96.15876222 76.14345655 25189541.09
64000 0.64001 -82.65452173 13.51704108 -96.17156281 76.21856483 24916060.01
65000 0.65001 -82.65534319 13.51382189 -96.16916507 76.20041275 24843431.56
66000 0.66001 -82.65398041 13.4951471 -96.14912751 76.0951112 24975034.3
67000 0.67001 -82.6596838 13.46372438 -96.12340817 75.91792782 25222391.39
68000 0.68001 -82.6551448 13.42326417 -96.07840897 75.68978477 25635771.06
69000 0.69001 -82.65314116 13.37788157 -96.03102273 75.43388584 26090340.79
70000 0.70001 -82.65316935 13.33148536 -95.98465471 75.17227145 26538265.75
71000 0.71001 -82.65321327 13.28735606 -95.94056933 74.92343947 26946860.09
72000 0.72001 -82.65125454 13.24813398 -95.89938852 74.70227786 27292459.63
73000 0.73001 -82.65283474 13.21541382 -95.86824856 74.51777864 27520983.43
74000 0.74001 -82.65291064 13.18988445 -95.84279509 74.37382614 27649298.05
75000 0.75001 -82.65013331 13.17167616 -95.82180947 74.27115498 27681097.37
76000 0.76001 -82.65138819 13.16064328 -95.81203146 74.20894385 27578335.54
77000 0.77001 -82.6459186 13.15656855 -95.80248715 74.18596768 27405195.96
78000 0.78001 -82.64178515 13.15923012 -95.80101526 74.20097547 27120589.19
79000 0.79001 -82.64133803 13.16859622 -95.80993426 74.25378816 26714312.95
80000 0.80001 -82.6427253 13.18509126 -95.82781656 74.34679874 26196239.9
81000 0.81001 -82.64224629 13.20952104 -95.85176733 74.48455102 25583814.08
82000 0.82001 -82.64157996 13.24236461 -95.88394457 74.66974609 24867729.3
83000 0.83001 -82.64206874 13.28311985 -95.92518859 74.89955273 24051665.98
84000 0.84001 -82.64169455 13.32997578 -95.97167033 75.16375934 23172432.88
85000 0.85001 -82.63860831 13.38025629 -96.0188646 75.44727618 22276288.53
86000 0.86001 -82.63751935 13.43086122 -96.06838057 75.73262229 21376010.28
87000 0.87001 -82.63708341 13.47892604 -96.11600946 76.0036455 20515631.71
88000 0.88001 -82.64016214 13.52219453 -96.16235666 76.24762359 19707737.19
89000 0.89001 -82.6351613 13.55910773 -96.19426903 76.45576611 19037718.18
90000 0.90001 -82.63855433 13.58874351 -96.22729784 76.62287346 18424411.74
91000 0.91001 -82.63504882 13.6106921 -96.24574093 76.74663501 17959742.99
92000 0.92001 -82.6305305 13.62479026 -96.25532076 76.82613032 17611554.87
93000 0.93001 -82.63054628 13.63094407 -96.26149035 76.86082981 17347381.25
94000 0.94001 -82.62971928 13.6291686 -96.25888788 76.85081845 17194276.67
95000 0.95001 -82.63023676 13.61968349 -96.24992026 76.79733478 17133612.49
96000 0.96001 -82.62604813 13.60330794 -96.22935607 76.70499791 17186553.07
97000 0.97001 -82.62791154 13.58152921 -96.20944075 76.58219415 17270704.37
98000 0.98001 -82.62624767 13.5569811 -96.18322877 76.4437747 17406659.27
99000 0.99001 -82.62626677 13.53323659 -96.15950336 76.3098865 17521496.41
100000 1.00001 -82.62208526 13.51430038 -96.13638563 76.20311082 17601301.41
