Loading the initial atomic configuration from "ArHW4.data"
Number of steps: 100000
Boundary: periodic periodic periodic
System dimensions: 38.269 38.269 38.269 A
The total number of atoms: 1372
Atomic masses: m[type1] = 39.948 Da
Neigbor List algorithm: O(N^2) complexity, Rskin = 2.000000 A, update every 50 steps
Verlet integration algorithm: time step = 0.000010 ps
Handlers:
Assigning the initial velocity corresponding to T = 70.000000 K
Berendsen barostat: P = 0.000100 GPa; pressure control XYZ together; beta = 0.100000 GPa^-1

Potentials:
type1-type1 : Lennard-Jones potential for Ar-Ar interaction, Rcut = 8.512500 A

Step   Time   Energy   Kinetic   Potential   Temperature   Pressure
0 1e-05 -82.89792748 24.82840966 -107.7263371 140 -188488281.1
1000 0.01001 -82.92560278 24.73552567 -107.6611284 139.4762549 -139222337.2
2000 0.02001 -82.96097545 24.45400942 -107.4149849 137.8888686 -134417726.3
3000 0.03001 -83.07743075 23.97965138 -107.0570821 135.2141051 -127151342.8
4000 0.04001 -83.2488792 23.30701276 -106.555892 131.4212964 -117257696.2
5000 0.05001 -83.40775095 22.42808006 -105.835831 126.465257 -104354918.2
6000 0.06001 -83.53928067 21.33795568 -104.8772364 120.3183706 -88428929.64
7000 0.07001 -83.63742034 20.04017196 -103.6775923 113.0005551 -69637857.64
8000 0.08001 -83.71637584 18.55329159 -102.2696674 104.61648 -48445898.5
9000 0.09001 -83.78372927 16.91762661 -100.7013559 95.3934528 -25537119.39
10000 0.10001 -83.83198735 15.19970691 -99.03169427 85.7066158 -1803822.676
11000 0.11001 -83.8653064 13.49040151 -97.35570791 76.06835224 21537636.09
12000 0.12001 -83.89269305 11.89390738 -95.78660043 67.06619778 43122820.21
13000 0.13001 -83.91546193 10.50971027 -94.42517219 59.26112294 61722697.28
14000 0.14001 -83.93275618 9.413976112 -93.34673229 53.08260471 76423840.51
15000 0.15001 -83.95310479 8.647211638 -92.60031643 48.75904844 86701207.8
16000 0.16001 -83.9706592 8.211264813 -92.18192401 46.30087426 92584628.84
17000 0.17001 -83.9880987 8.074793917 -92.06289261 45.53135556 94461184.93
18000 0.18001 -84.00052938 8.18392823 -92.18445761 46.14673142 93040816.66
19000 0.19001 -84.01378441 8.474143901 -92.48792831 47.78317106 89110181.99
20000 0.20001 -84.02431563 8.880561096 -92.90487672 50.07483646 83524181.34
21000 0.21001 -84.0316342 9.344965257 -93.37659945 52.69347307 77047536.17
22000 0.22001 -84.04246705 9.819551838 -93.86201889 55.36952531 70281352.62
23000 0.23001 -84.04700702 10.26827271 -94.31527973 57.89972853 63778465.09
24000 0.24001 -84.04860116 10.66631086 -94.71491202 60.14414701 57876392.62
25000 0.25001 -84.05413539 10.99864853 -95.05278393 62.01810005 52766783.51
26000 0.26001 -84.05737719 11.25796924 -95.31534643 63.48033222 48611763.61
27000 0.27001 -84.05509447 11.44297972 -95.49807419 64.52355116 45472630.67
28000 0.28001 -84.05731026 11.55694336 -95.61425362 65.16615812 43269283.37
29000 0.29001 -84.05771924 11.60645994 -95.66417918 65.44536735 41962986.01
30000 0.30001 -84.05621945 11.60113769 -95.65735713 65.41535677 41436578.91
31000 0.31001 -84.05353273 11.55277748 -95.60631021 65.14266799 41535214.2
32000 0.32001 -84.05557773 11.47478691 -95.53036464 64.70290238 42051611.88
33000 0.33001 -84.05515301 11.38117543 -95.43632844 64.17505519 42843462.5
34000 0.34001 -84.05849148 11.28545835 -95.34394984 63.63533513 43697279.49
35000 0.35001 -84.06290209 11.19931178 -95.26221387 63.14958029 44471273.17
36000 0.36001 -84.05812729 11.13191351 -95.19004079 62.76954151 45097178.29
37000 0.37001 -84.05960996 11.08948 -95.14908996 62.53027163 45397016.63
38000 0.38001 -84.05959353 11.07531753 -95.13491106 62.45041369 45361586.53
39000 0.39001 -84.06191265 11.09007211 -95.15198475 62.53361033 44950002.47
40000 0.40001 -84.05830697 11.13204793 -95.1903549 62.77029949 44220473.15
41000 0.41001 -84.05765826 11.19776421 -95.25542247 63.14085398 43157914
42000 0.42001 -84.06179436 11.28277959 -95.34457394 63.62023037 41802286.44
43000 0.43001 -84.06330746 11.38245353 -95.44576099 64.18226201 40251119.14
44000 0.44001 -84.06286233 11.49256776 -95.55543008 64.80316332 38553831.11
45000 0.45001 -84.05844251 11.60949356 -95.66793608 65.46247307 36770487.47
46000 0.46001 -84.05727666 11.72999143 -95.78726809 66.1419246 34905731.21
47000 0.47001 -84.05331991 11.85086513 -95.90418504 66.82349537 33039202.86
48000 0.48001 -84.05246351 11.96886544 -96.02132894 67.48886393 31182875.54
49000 0.49001 -84.04396127 12.08083192 -96.12479319 68.12020956 29440979.54
50000 0.50001 -84.04261565 12.18419323 -96.22680889 68.70303318 27765844.4
51000 0.51001 -84.04423386 12.27713443 -96.32136829 69.22710089 26207815.2
52000 0.52001 -84.04311408 12.35895089 -96.40206497 69.68843951 24812410.18
53000 0.53001 -84.04329815 12.43009217 -96.47339032 70.08958398 23556379.53
54000 0.54001 -84.03992072 12.49182107 -96.53174179 70.43765483 22456575.99
55000 0.55001 -84.03937507 12.54584894 -96.58522401 70.74230186 21459718.97
56000 0.56001 -84.04099255 12.5939644 -96.63495695 71.01361061 20550796.13
57000 0.57001 -84.04326489 12.63803477 -96.68129966 71.26211029 19718699.98
58000 0.58001 -84.0374556 12.67987674 -96.71733234 71.49804471 18993001.02
59000 0.59001 -84.03701275 12.72144194 -96.75845469 71.73241845 18277293
60000 0.60001 -84.03823996 12.76383 -96.80206996 71.97143211 17581384.28
61000 0.61001 -84.0408017 12.80622568 -96.84702737 72.21048868 16916692.77
62000 0.62001 -84.0436921 12.84528074 -96.88897284 72.43070854 16325473.72
63000 0.63001 -84.04489668 12.87604139 -96.92093806 72.60415866 15871614.65
64000 0.64001 -84.04845059 12.89393417 -96.94238476 72.70505074 15578959.56
65000 0.65001 -84.04914498 12.89645985 -96.94560483 72.71929226 15500855.85
66000 0.66001 -84.04916807 12.88352021 -96.93268827 72.64632948 15621791.99
67000 0.67001 -84.05070559 12.85684616 -96.90755175 72.49592249 15904323.02
68000 0.68001 -84.0493901 12.81944546 -96.86883556 72.2850311 16333664.16
69000 0.69001 -84.04959247 12.77487088 -96.82446335 72.03368831 16837962.88
70000 0.70001 -84.04761674 12.72688358 -96.77450033 71.76310227 17389442.25
71000 0.71001 -84.04497645 12.6788653 -96.72384175 71.49234148 17933982.27
72000 0.72001 -84.04116823 12.63373725 -96.67490549 71.23787788 18434896.48
73000 0.73001 -84.0442582 12.59384104 -96.63809924 71.01291501 18814986.72
74000 0.74001 -84.04634573 12.56070498 -96.6070507 70.82607065 19096860.51
75000 0.75001 -84.04272388 12.53525586 -96.57797974 70.68257068 19292884.39
76000 0.76001 -84.04313819 12.51807867 -96.56121686 70.58571363 19339672.08
77000 0.77001 -84.04035989 12.50946393 -96.54982382 70.53713765 19275484.06
78000 0.78001 -84.0362355 12.50934716 -96.54558266 70.53647924 19091861.59
79000 0.79001 -84.03580352 12.51750748 -96.553311 70.58249283 18765398.38
80000 0.80001 -84.0336859 12.53379207 -96.56747798 70.6743168 18331714.06
81000 0.81001 -84.03424924 12.55834171 -96.59259095 70.8127449 17769710.74
82000 0.82001 -84.0348049 12.59128745 -96.62609234 70.99851609 17099049.38
83000 0.83001 -84.03115003 12.63221827 -96.66336831 71.22931281 16354008.08
84000 0.84001 -84.03067835 12.67975214 -96.71043048 71.49734209 15514834.61
85000 0.85001 -84.03104082 12.73139441 -96.76243523 71.78853747 14629043.44
86000 0.86001 -84.03156456 12.78398312 -96.81554767 72.0850695 13741579.89
87000 0.87001 -84.03359669 12.83435762 -96.86795432 72.36911632 12885450.26
88000 0.88001 -84.03075248 12.87986196 -96.91061444 72.62570173 12130339.11
89000 0.89001 -84.0280751 12.91862305 -96.94669815 72.84426398 11471500.5
90000 0.90001 -84.02909612 12.94970317 -96.97879929 73.01951549 10902461.75
91000 0.91001 -84.02910877 12.97258664 -97.00169541 73.14854857 10457241.65
92000 0.92001 -84.02256845 12.98690646 -97.0094749 73.22929372 10170654.39
93000 0.93001 -84.02510444 12.99238412 -97.01748856 73.26018066 9955345.167
94000 0.94001 -84.02327181 12.98887016 -97.01214197 73.24036647 9885893.647
95000 0.95001 -84.02160712 12.97664298 -96.99825011 73.17142105 9929626.268
96000 0.96001 -84.02078274 12.95664762 -96.97743036 73.05867316 10067266.72
97000 0.97001 -84.02012596 12.93087301 -96.95099897 72.9133378 10274932.63
98000 0.98001 -84.01745171 12.90252992 -96.91998163 72.75351959 10524452.52
99000 0.99001 -84.01427313 12.8756829 -96.88995603 72.60213724 10757857.18
100000 1.00001 -84.0149603 12.85434511 -96.86930541 72.48181981 10902007.94
