Loading the initial atomic configuration from "ArHW4.data"
Number of steps: 100000
Boundary: periodic periodic periodic
System dimensions: 28 28 28 A
The total number of atoms: 500
Atomic masses: m[type1] = 39.948 Da
Neigbor List algorithm: O(N^2) complexity, Rskin = 2.000000 A, update every 50 steps
Verlet integration algorithm: time step = 0.000010 ps
Handlers:
Assigning the initial velocity corresponding to T = 92.000000 K
Berendsen barostat: P = 0.000100 GPa; pressure control XYZ together; beta = 0.100000 GPa^-1

Potentials:
type1-type1 : Lennard-Jones potential for Ar-Ar interaction, Rcut = 8.512500 A

Step   Time   Energy   Kinetic   Potential   Temperature   Pressure
0 1e-05 -25.26192027 11.8919913 -37.15391157 184 -244297865.5
1000 0.01001 -25.28055081 11.86558727 -37.14613808 183.5914611 -184940204
2000 0.02001 -25.29867599 11.7851347 -37.08381069 182.3466508 -181002036.5
3000 0.03001 -25.31586341 11.64737151 -36.96323492 180.2150963 -174541746.5
4000 0.04001 -25.33304176 11.4471301 -36.78017186 177.1168415 -165463790.7
5000 0.05001 -25.35218487 11.17774664 -36.5299315 172.9487795 -153664754.1
6000 0.06001 -25.37903014 10.83188099 -36.21091112 167.5973393 -139098597.1
7000 0.07001 -25.4071315 10.40263266 -35.80976416 160.9557525 -121584022.2
8000 0.08001 -25.4330061 9.885397513 -35.31840361 152.9527811 -101088211.1
9000 0.09001 -25.45989541 9.281616002 -34.74151141 143.6107126 -77879435.07
10000 0.10001 -25.48267125 8.602891829 -34.08556308 133.1090863 -52418883.71
11000 0.11001 -25.49758419 7.874898947 -33.37248314 121.8451452 -25598303.42
12000 0.12001 -25.508781 7.138335266 -32.64711627 110.4485915 1159258.636
13000 0.13001 -25.51810863 6.444011568 -31.9621202 99.70560006 26206397.32
14000 0.14001 -25.52563544 5.84216982 -31.36780526 90.39354468 47979104.21
15000 0.15001 -25.5340701 5.370243568 -30.90431367 83.09161953 65285711.98
16000 0.16001 -25.53914026 5.044865243 -30.5840055 78.05717154 77673443.73
17000 0.17001 -25.54409806 4.861165011 -30.40526307 75.2148517 85234976.77
18000 0.18001 -25.54922899 4.797912009 -30.34714099 74.23616343 88612757.05
19000 0.19001 -25.55329176 4.824935491 -30.37822726 74.65428691 88758586.29
20000 0.20001 -25.55879109 4.910159731 -30.46895082 75.97292731 86647248.78
21000 0.21001 -25.56275667 5.024722907 -30.58747957 77.74551725 83253053.46
22000 0.22001 -25.5646399 5.145959714 -30.71059961 79.62136563 79336722.35
23000 0.23001 -25.56763175 5.258855216 -30.82648696 81.36815235 75380754.41
24000 0.24001 -25.56940277 5.355978495 -30.92538127 82.87090178 71722327.32
25000 0.25001 -25.57334759 5.435989112 -31.0093367 84.1088739 68428113.92
26000 0.26001 -25.57646971 5.501362895 -31.0778326 85.12037615 65536330.51
27000 0.27001 -25.57930041 5.555588376 -31.13488878 85.95938521 62989308.32
28000 0.28001 -25.57866818 5.601095177 -31.17976336 86.66349366 60800313.56
29000 0.29001 -25.58114455 5.638210743 -31.21935529 87.23776789 58888428.88
30000 0.30001 -25.58136844 5.665354284 -31.24672273 87.65774898 57390598.82
31000 0.31001 -25.58305665 5.679918301 -31.26297495 87.88309217 56330382.1
32000 0.32001 -25.58370812 5.679683847 -31.26339196 87.87946455 55803640.44
33000 0.33001 -25.58351187 5.663812751 -31.24732462 87.63389745 55821112.8
34000 0.34001 -25.58198367 5.633373603 -31.21535727 87.16292476 56344535.53
35000 0.35001 -25.58535765 5.591480406 -31.17683805 86.51472817 57174409.56
36000 0.36001 -25.58490641 5.543583833 -31.12849024 85.77364375 58261948.53
37000 0.37001 -25.58550971 5.497067628 -31.08257734 85.05391722 59307035.09
38000 0.38001 -25.58766506 5.460026991 -31.04769205 84.48080232 60057130.12
39000 0.39001 -25.58749242 5.439129318 -31.02662173 84.15746103 60366746.37
40000 0.40001 -25.58665064 5.437430299 -31.02408094 84.1311728 60113651
41000 0.41001 -25.58612335 5.453358195 -31.03948155 84.37761874 59317035.4
42000 0.42001 -25.58521898 5.481760709 -31.06697969 84.81707941 58123399.06
43000 0.43001 -25.58560701 5.516430186 -31.10203719 85.3535063 56678275.81
44000 0.44001 -25.58560214 5.552372661 -31.1379748 85.90962976 55144502.96
45000 0.45001 -25.58486829 5.587126581 -31.17199487 86.44736318 53597873.98
46000 0.46001 -25.58424809 5.620866524 -31.20511462 86.96940776 52024067.97
47000 0.47001 -25.58558949 5.655997056 -31.24158655 87.51296836 50333880.9
48000 0.48001 -25.58636956 5.696093494 -31.28246305 88.13336442 48470112.04
49000 0.49001 -25.58708974 5.74450731 -31.33159705 88.88245192 46340291.12
50000 0.50001 -25.58589556 5.802802486 -31.38869805 89.78442974 43935706.09
51000 0.51001 -25.58446589 5.870148747 -31.45461464 90.82645137 41265485.97
52000 0.52001 -25.5834726 5.94353617 -31.52700877 91.96194545 38416352.17
53000 0.53001 -25.58140955 6.018761877 -31.60017143 93.12588257 35542811.16
54000 0.54001 -25.58433322 6.09141943 -31.67575265 94.25008368 32697120.63
55000 0.55001 -25.58317867 6.157661081 -31.74083975 95.27501412 30135587.95
56000 0.56001 -25.58400696 6.214567823 -31.79857478 96.15550925 27868955.66
57000 0.57001 -25.58615422 6.260147421 -31.84630164 96.86074404 25977340.63
58000 0.58001 -25.58643649 6.293200402 -31.87963689 97.37215953 24551694.48
59000 0.59001 -25.58637227 6.313069 -31.89944127 97.67957836 23593595.84
60000 0.60001 -25.58764672 6.319610929 -31.90725765 97.780799 23085333.41
61000 0.61001 -25.58673412 6.312898498 -31.89963261 97.67694024 23072684.32
62000 0.62001 -25.58582462 6.293193172 -31.87901779 97.37204765 23507398.83
63000 0.63001 -25.58777715 6.261137313 -31.84891446 96.87606024 24317056.24
64000 0.64001 -25.58755425 6.218102838 -31.80565709 96.21020512 25520563.52
65000 0.65001 -25.58936189 6.16645559 -31.75581748 95.41108801 26973492.41
66000 0.66001 -25.59068399 6.10960167 -31.70028566 94.53141016 28599979.65
67000 0.67001 -25.59051545 6.051544612 -31.64206006 93.63311666 30285490.17
68000 0.68001 -25.59205286 5.996262227 -31.58831509 92.77775454 31858417.81
69000 0.69001 -25.5899171 5.946942814 -31.53685991 92.01465508 33295953.1
70000 0.70001 -25.5893171 5.905551442 -31.49486854 91.37422303 34458471.29
71000 0.71001 -25.58890524 5.872879392 -31.46178463 90.86870154 35337698.49
72000 0.72001 -25.58800338 5.848674499 -31.43667788 90.49418896 35945507.32
73000 0.73001 -25.58929677 5.832293573 -31.42159034 90.24073348 36260915.07
74000 0.74001 -25.58891343 5.822903948 -31.41181738 90.09545159 36364458.65
75000 0.75001 -25.58853097 5.81973031 -31.40826128 90.04634716 36255098.7
76000 0.76001 -25.58915348 5.822243027 -31.41139651 90.08522542 35936504.19
77000 0.77001 -25.58976778 5.830027079 -31.41979485 90.20566493 35438102.63
78000 0.78001 -25.59154739 5.842695028 -31.43424241 90.40167102 34756505.47
79000 0.79001 -25.59314579 5.859776845 -31.45292264 90.66597109 33925755.56
80000 0.80001 -25.59103083 5.880871215 -31.47190204 90.9923558 33010888.24
81000 0.81001 -25.59091621 5.905519193 -31.4964354 91.37372406 31944565.22
82000 0.82001 -25.59162325 5.933067212 -31.52469046 91.79996348 30764312.9
83000 0.83001 -25.59046388 5.962611224 -31.55307511 92.2570861 29537878.79
84000 0.84001 -25.59147237 5.992886193 -31.58435856 92.72551852 28246659.82
85000 0.85001 -25.59095156 6.022353327 -31.61330489 93.18145164 26990754.33
86000 0.86001 -25.58890451 6.049616045 -31.63852055 93.60327671 25812033.87
87000 0.87001 -25.58785367 6.07406086 -31.66191453 93.9815015 24694861.86
88000 0.88001 -25.58830534 6.096456148 -31.68476149 94.3280148 23616566.14
89000 0.89001 -25.58656328 6.118775196 -31.70533848 94.67334844 22582082.07
90000 0.90001 -25.58632656 6.143405031 -31.72973159 95.05443598 21478780.31
91000 0.91001 -25.58591435 6.171821854 -31.75773621 95.49411805 20296646.89
92000 0.92001 -25.58700734 6.203780788 -31.79078813 95.98860579 19023871.25
93000 0.93001 -25.58574296 6.237351333 -31.82309429 96.50802933 17773862.63
94000 0.94001 -25.58531499 6.269707278 -31.85502227 97.00865986 16582765.97
95000 0.95001 -25.58253101 6.297918362 -31.88044937 97.44515863 15580836.21
96000 0.96001 -25.58142692 6.319631221 -31.90105814 97.78111296 14776976.31
97000 0.97001 -25.58133128 6.333333789 -31.91466506 97.99312728 14221423.94
98000 0.98001 -25.58257986 6.338693334 -31.92127319 98.07605337 13915671.41
99000 0.99001 -25.58231683 6.336519767 -31.9188366 98.04242265 13872205.89
100000 1.00001 -25.58322922 6.328764724 -31.91199395 97.92243198 13991373.98
