Loading the initial atomic configuration from "ArHW4.data"
Number of steps: 100000
Boundary: periodic periodic periodic
System dimensions: 38.269 38.269 38.269 A
The total number of atoms: 1372
Atomic masses: m[type1] = 39.948 Da
Neigbor List algorithm: O(N^2) complexity, Rskin = 2.000000 A, update every 50 steps
Verlet integration algorithm: time step = 0.000010 ps
Handlers:
Assigning the initial velocity corresponding to T = 76.000000 K
Berendsen barostat: P = 0.000100 GPa; pressure control XYZ together; beta = 0.100000 GPa^-1

Potentials:
type1-type1 : Lennard-Jones potential for Ar-Ar interaction, Rcut = 8.512500 A

Step   Time   Energy   Kinetic   Potential   Temperature   Pressure
0 1e-05 -80.76977808 26.95655906 -107.7263371 152 -188488281.1
1000 0.01001 -80.79664299 26.85568916 -107.6523322 151.4312247 -135055528
2000 0.02001 -80.83534261 26.54970171 -107.3850443 149.7058527 -129911533.2
3000 0.03001 -80.96307652 26.03332811 -106.9964046 146.7941759 -122088592.6
4000 0.04001 -81.1380771 25.29899172 -106.4370688 142.6534719 -111315348.9
5000 0.05001 -81.29845338 24.33597278 -105.6344262 137.2232952 -97224956.95
6000 0.06001 -81.42592788 23.13718651 -104.5631144 130.4636969 -79774516.57
7000 0.07001 -81.52378094 21.70553752 -103.2293185 122.391055 -59187714.59
8000 0.08001 -81.59948804 20.06219242 -101.6616805 113.1247219 -35941279.04
9000 0.09001 -81.66154099 18.25502811 -99.9165691 102.9346611 -10831422.8
10000 0.10001 -81.7069201 16.36385808 -98.07077817 92.27091713 15055528.36
11000 0.11001 -81.73752257 14.49701195 -96.23453452 81.7443284 40307190.59
12000 0.12001 -81.76537838 12.77595123 -94.5413296 72.03978007 63342312.74
13000 0.13001 -81.7901297 11.31229361 -93.10242331 63.78665113 82806360.61
14000 0.14001 -81.80841024 10.18589667 -91.9943069 57.43523459 97764695.11
15000 0.15001 -81.83082182 9.432507035 -91.26332885 53.18709506 107744434
16000 0.16001 -81.8508644 9.042983005 -90.89384741 50.99068518 112915315.1
17000 0.17001 -81.8711027 8.972199957 -90.84330265 50.59156068 113833841.3
18000 0.18001 -81.88358517 9.152984646 -91.03656982 51.61095164 111390494.5
19000 0.19001 -81.89923972 9.510195297 -91.40943502 53.62515601 106475333.6
20000 0.20001 -81.91380993 9.97181128 -91.88562121 56.22807092 100038271
21000 0.21001 -81.92513912 10.47583958 -92.4009787 59.07013625 92903766.06
22000 0.22001 -81.9342835 10.97346893 -92.90775243 61.87611977 85721308.62
23000 0.23001 -81.93971853 11.42966046 -93.36937899 64.44844781 78987502.55
24000 0.24001 -81.94266336 11.82179547 -93.76445883 66.65958023 73026879.97
25000 0.25001 -81.94786465 12.13753541 -94.08540006 68.43994361 68010667.44
26000 0.26001 -81.95283175 12.37228354 -94.32511529 69.76361835 64044829.96
27000 0.27001 -81.95151461 12.52735222 -94.47886683 70.6380044 61172352.54
28000 0.28001 -81.95329748 12.60835676 -94.56165424 71.09476485 59284279.08
29000 0.29001 -81.95442934 12.6243393 -94.57876865 71.18488564 58294785.8
30000 0.30001 -81.95550452 12.58724965 -94.54275417 70.97574815 58051510.53
31000 0.31001 -81.9550794 12.51115142 -94.46623082 70.54665293 58382483.92
32000 0.32001 -81.95673446 12.41148472 -94.36821919 69.98466211 59068752.02
33000 0.33001 -81.95831128 12.30354494 -94.26185622 69.37602184 59923136.61
34000 0.34001 -81.96351982 12.20131033 -94.16483015 68.79955138 60740979.24
35000 0.35001 -81.96663132 12.11597074 -94.08260206 68.31834687 61403373.35
36000 0.36001 -81.96510318 12.05558362 -94.0206868 67.97784193 61811895.26
37000 0.37001 -81.9676406 12.02488039 -93.99252099 67.80471555 61845485.35
38000 0.38001 -81.96747403 12.02545931 -93.99293334 67.80797992 61510425.72
39000 0.39001 -81.96691505 12.05624259 -94.02315764 67.98155762 60796469.75
40000 0.40001 -81.9684445 12.1138277 -94.08227221 68.30626293 59722229.61
41000 0.41001 -81.96815975 12.19348027 -94.16164003 68.75540003 58362219.09
42000 0.42001 -81.97208971 12.29000987 -94.26209959 69.29970166 56742852.98
43000 0.43001 -81.9750057 12.3986419 -94.3736476 69.91224528 54953257.81
44000 0.44001 -81.97673242 12.51528417 -94.49201659 70.56995624 53048356.18
45000 0.45001 -81.97424599 12.63628544 -94.61053143 71.25224636 51095196.61
46000 0.46001 -81.96940157 12.75812957 -94.72753114 71.93928907 49132278.51
47000 0.47001 -81.96473042 12.87715067 -94.84188109 72.61041359 47195171.97
48000 0.48001 -81.9654511 12.98979987 -94.95525097 73.24560882 45302193.95
49000 0.49001 -81.96250668 13.0931533 -95.05565998 73.82838801 43544897.4
50000 0.50001 -81.9597797 13.1851892 -95.14496889 74.34735098 41929907.36
51000 0.51001 -81.95963803 13.26508277 -95.22472081 74.79784704 40457595.21
52000 0.52001 -81.95957711 13.33343019 -95.2930073 75.18323774 39139936.16
53000 0.53001 -81.95692179 13.39188586 -95.34880764 75.51285183 37977140.99
54000 0.54001 -81.95756311 13.44258744 -95.40015055 75.79874294 36913932.44
55000 0.55001 -81.9573109 13.48779325 -95.44510415 76.05364503 35949907.66
56000 0.56001 -81.95717727 13.52961236 -95.48678963 76.28945052 35056335.21
57000 0.57001 -81.95767201 13.57008908 -95.52776109 76.51768665 34207359.45
58000 0.58001 -81.95325384 13.61154164 -95.56479548 76.75142532 33409936.44
59000 0.59001 -81.95384036 13.65584067 -95.60968103 77.00121433 32589426.72
60000 0.60001 -81.95539757 13.70265831 -95.65805588 77.26520506 31773047.49
61000 0.61001 -81.95473558 13.74856238 -95.70329796 77.52404442 31016601.17
62000 0.62001 -81.95774158 13.78771549 -95.74545707 77.74481715 30349311.2
63000 0.63001 -81.96458912 13.81431267 -95.77890179 77.89479069 29831101.5
64000 0.64001 -81.96234652 13.82478367 -95.78713019 77.95383354 29570818.82
65000 0.65001 -81.96480395 13.81843304 -95.78323699 77.91802425 29494161.1
66000 0.66001 -81.96222143 13.79689026 -95.75911168 77.7965509 29633215.2
67000 0.67001 -81.96670714 13.76327899 -95.72998612 77.60702696 29878580.8
68000 0.68001 -81.96297092 13.72165314 -95.68462405 77.37231121 30265336.48
69000 0.69001 -81.96059545 13.67631189 -95.63690733 77.11664542 30684759.02
70000 0.70001 -81.96059208 13.63125592 -95.591848 76.86258827 31079535.67
71000 0.71001 -81.96211795 13.58972381 -95.55184176 76.62840108 31411485.97
72000 0.72001 -81.9577771 13.55404476 -95.51182186 76.42721754 31691124.96
73000 0.73001 -81.96336121 13.52535779 -95.488719 76.26546026 31812028.99
74000 0.74001 -81.96088361 13.50381389 -95.4646975 76.14398065 31870578.14
75000 0.75001 -81.96059205 13.4891084 -95.44970045 76.06106076 31810608.82
76000 0.76001 -81.9589525 13.48073446 -95.43968696 76.01384262 31657349.36
77000 0.77001 -81.95562552 13.47830279 -95.43392831 76.00013114 31418274.72
78000 0.78001 -81.95329493 13.4816266 -95.43492153 76.01887312 31082406.25
79000 0.79001 -81.95095061 13.49094086 -95.44189147 76.07139347 30655726.92
80000 0.80001 -81.95245094 13.50706116 -95.4595121 76.16229102 30111722.8
81000 0.81001 -81.95056873 13.53111985 -95.48168857 76.2979508 29484091.25
82000 0.82001 -81.95185351 13.56368443 -95.51553793 76.48157274 28734833.93
83000 0.83001 -81.95092469 13.60407466 -95.55499934 76.70932121 27907181.93
84000 0.84001 -81.95198359 13.65028149 -95.60226508 76.96986776 27004661.7
85000 0.85001 -81.94612218 13.69957928 -95.64570146 77.2478433 26113414.09
86000 0.86001 -81.94527384 13.74896862 -95.69424246 77.52633509 25204042.73
87000 0.87001 -81.94708995 13.79575967 -95.74284962 77.79017588 24323676.53
88000 0.88001 -81.9493875 13.83782501 -95.78721251 78.02736979 23511598.42
89000 0.89001 -81.94444034 13.87373022 -95.81817055 78.22982852 22829786.64
90000 0.90001 -81.94435239 13.90253935 -95.84689174 78.39227463 22221297.63
91000 0.91001 -81.94223657 13.92388367 -95.86612024 78.51262887 21729557.41
92000 0.92001 -81.9409518 13.93777114 -95.87872294 78.59093622 21338014.03
93000 0.93001 -81.93898795 13.94426876 -95.88325671 78.62757433 21052114.29
94000 0.94001 -81.94088633 13.94348003 -95.88436636 78.62312691 20841796.43
95000 0.95001 -81.93740353 13.93572263 -95.87312616 78.57938526 20752602.14
96000 0.96001 -81.93509757 13.92166795 -95.85676552 78.50013512 20736190.9
97000 0.97001 -81.93800258 13.90254451 -95.84054709 78.39230373 20751494.99
98000 0.98001 -81.93805062 13.8806056 -95.81865622 78.26859676 20815091.79
99000 0.99001 -81.93373225 13.85912767 -95.79285993 78.14748914 20895994.66
100000 1.00001 -81.93193651 13.8418331 -95.77376962 78.04997021 20911016.92
