Loading the initial atomic configuration from "equilT90.data"
Number of steps: 100000
Boundary: periodic periodic periodic
System dimensions: 28.0499 28.0499 28.0499 A
The total number of atoms: 500
Atomic masses: m[type1] = 39.948 Da
Neigbor List algorithm: O(N^2) complexity, Rskin = 2.000000 A, update every 50 steps
Verlet integration algorithm: time step = 0.001000 ps
Handlers:
Berendsen thermostat: T = 90.000000 K, tau = 2.000000 ps
Berendsen barostat: P = 0.000100 GPa; pressure control XYZ together; beta = 0.100000 GPa^-1

Potentials:
type1-type1 : Lennard-Jones potential for Ar-Ar interaction, Rcut = 8.512500 A

Step   Time   Energy   Kinetic   Potential   Temperature   Pressure
0 1.00101 -25.83944635 6.211808702 -32.05125505 96.11281847 10139706.9
1000 2.00101 -25.94588405 5.911068065 -31.85695211 91.45957951 11090884.09
2000 3.00101 -25.97904131 5.882804042 -31.86184535 91.02226166 8076568.213
3000 4.00101 -25.98621162 5.789335997 -31.77554762 89.57606818 7965486.365
4000 5.00101 -25.97344346 6.14848611 -32.12192957 95.13305348 -9721601.59
5000 6.00101 -25.98458671 5.715032261 -31.69961897 88.42639635 4105752.864
6000 7.00101 -25.9491068 5.976108362 -31.92521516 92.46592188 -4322474.979
7000 8.00101 -25.95066367 5.689369669 -31.64003334 88.02932938 5188610.623
8000 9.00101 -25.93721306 5.923229459 -31.86044252 91.64774789 -1622724.623
9000 10.00101 -25.94868066 5.777166151 -31.72584681 89.38776904 404248.5294
10000 11.00101 -25.94087309 5.83518267 -31.77605576 90.28543531 -766465.5799
11000 12.00101 -25.93384476 5.979489629 -31.91333439 92.51823886 -4588699.567
12000 13.00101 -26.01841143 5.936880211 -31.95529164 91.85896048 -3640978.98
13000 14.00101 -25.98598973 5.864369934 -31.85035966 90.73703811 -814897.0162
14000 15.00101 -26.01803721 5.769084741 -31.78712195 89.26272863 3246112.288
15000 16.00101 -26.00899088 5.707345773 -31.71633666 88.30746641 4106108.314
16000 17.00101 -25.9852971 5.814133949 -31.79943105 89.95975693 2276960.705
17000 18.00101 -25.99060237 5.770514782 -31.76111715 89.28485508 720130.2376
18000 19.00101 -26.03316258 6.001555359 -32.03471793 92.85965303 -9267605.422
19000 20.00101 -26.03522366 5.920711874 -31.95593554 91.60879429 -2868812.248
20000 21.00101 -26.07164974 5.767315369 -31.83896511 89.23535186 1684217.092
21000 22.00101 -26.05483547 5.845582399 -31.90041787 90.44634614 -1031119.708
22000 23.00101 -26.05549262 5.677226813 -31.73271943 87.84144784 6613556.463
23000 24.00101 -26.05755714 5.915180366 -31.9727375 91.52320749 -4452988.093
24000 25.00101 -26.04780858 5.744814739 -31.79262332 88.88720866 2811848.821
25000 26.00101 -26.00919766 5.690572178 -31.69976983 88.04793532 5090122.502
26000 27.00101 -25.98655319 5.767180514 -31.7537337 89.2332653 376924.2837
27000 28.00101 -26.02900663 5.743699558 -31.77270619 88.86995391 2754317.291
28000 29.00101 -26.07783681 5.839565752 -31.91740257 90.35325297 -607231.5963
29000 30.00101 -26.0449073 5.877123657 -31.92203095 90.93437134 -2491236.529
30000 31.00101 -26.02551622 5.635091679 -31.6606079 87.18950786 6381181.96
31000 32.00101 -26.01900926 6.100741141 -32.1197504 94.39431476 -11820333.06
32000 33.00101 -25.99450116 5.661974087 -31.65647525 87.60544855 6409829.895
33000 34.00101 -25.96654633 5.893208088 -31.85975442 91.18323928 -3612062.262
34000 35.00101 -25.99501436 5.953691877 -31.94870624 92.11908063 -3919005.707
35000 36.00101 -26.01669587 5.675300145 -31.69199601 87.81163729 4276783.485
36000 37.00101 -26.0288486 6.140368337 -32.16921694 95.00745043 -11176144.34
37000 38.00101 -26.06013515 5.774265612 -31.83440076 89.34289017 3250821.03
38000 39.00101 -26.02986628 5.845567214 -31.8754335 90.44611119 -1511812.88
39000 40.00101 -26.03672391 5.925590333 -31.96231424 91.68427673 -4142243.738
40000 41.00101 -26.02426141 5.798170128 -31.82243153 89.71275514 -264663.5113
41000 42.00101 -25.98486058 5.930256225 -31.91511681 91.75647021 -2460069.619
42000 43.00101 -25.98270752 5.785796101 -31.76850362 89.52129679 2450679.513
43000 44.00101 -25.95309193 5.797219152 -31.75031108 89.69804106 -1989780.621
44000 45.00101 -26.0016003 5.868704593 -31.87030489 90.80410655 -2395836.02
45000 46.00101 -25.98092792 5.711002747 -31.69193067 88.3640493 7438515.949
46000 47.00101 -25.91912511 5.901826874 -31.82095198 91.31659429 -995856.4086
47000 48.00101 -25.92890954 6.000853509 -31.92976304 92.8487936 -7283651.756
48000 49.00101 -25.93459841 5.934712265 -31.86931068 91.82541671 -2548584.639
49000 50.00101 -25.94081739 6.022381115 -31.96319851 93.18188159 -11481272.04
50000 51.00101 -26.02423701 5.777144211 -31.80138123 89.38742957 1912652.533
51000 52.00101 -25.9767887 5.715949161 -31.69273786 88.44058317 2517404.315
52000 53.00101 -25.98088116 5.735021293 -31.71590245 88.7356786 1300457.354
53000 54.00101 -25.98422751 5.816027426 -31.80025493 89.98905392 2006583.159
54000 55.00101 -25.98086282 5.895310946 -31.87617377 91.21577595 -3486458.826
55000 56.00101 -25.98592262 5.744106289 -31.73002891 88.87624708 1622403.105
56000 57.00101 -26.03108367 5.9820433 -32.01312697 92.55775079 -8486193.39
57000 58.00101 -26.02537278 5.827870631 -31.85324341 90.17229908 112043.3165
58000 59.00101 -26.02910533 5.938142258 -31.96724758 91.87848762 -3779274.866
59000 60.00101 -26.02537667 5.829692234 -31.85506891 90.20048401 -232429.1416
60000 61.00101 -26.03451792 5.651343112 -31.68586103 87.44095975 7659099.515
61000 62.00101 -26.03565398 5.533493598 -31.56914757 85.6175216 8754949.414
62000 63.00101 -25.94714784 6.069362875 -32.01651072 93.90881147 -9060182.423
63000 64.00101 -25.98952896 5.937909972 -31.92743893 91.87489356 -4421243.792
64000 65.00101 -26.02619205 5.633439526 -31.65963158 87.16394477 4454208.842
65000 66.00101 -26.0466167 6.061812666 -32.10842937 93.79199012 -9276028.811
66000 67.00101 -26.03674902 5.940323661 -31.97707268 91.9122396 -4978613.943
67000 68.00101 -26.09016807 5.636750077 -31.72691815 87.21516758 7308566.8
68000 69.00101 -26.10303247 5.641400788 -31.74443326 87.28712617 4644145.192
69000 70.00101 -26.13691535 5.678810671 -31.81572602 87.86595424 7326242.601
70000 71.00101 -26.14706002 5.695884027 -31.84294404 88.13012342 5409455.898
71000 72.00101 -26.13643599 6.084861173 -32.22129717 94.1486104 -9625512.425
72000 73.00101 -26.13927688 5.67580182 -31.8150787 87.8193995 5710255.275
73000 74.00101 -26.11825003 5.718250621 -31.83650065 88.47619273 2405870.194
74000 75.00101 -26.10039274 5.795684706 -31.89607745 89.67429919 -2588946.751
75000 76.00101 -26.08758818 5.793089009 -31.88067719 89.63413702 2983631.597
76000 77.00101 -26.09212664 5.806069335 -31.89819597 89.83497639 3477912.657
77000 78.00101 -26.0694875 5.742038852 -31.81152635 88.84425846 3195633.161
78000 79.00101 -26.07199532 5.641477158 -31.71347248 87.28830781 4489628.42
79000 80.00101 -26.06730526 5.876609877 -31.94391514 90.92642183 -2642575.726
80000 81.00101 -26.05693648 5.728764832 -31.78570131 88.63887489 6915893.05
81000 82.00101 -26.07467354 5.954448649 -32.02912219 92.13078985 -7784904.962
82000 83.00101 -26.09648488 5.761445267 -31.85793015 89.14452613 1597509.203
83000 84.00101 -26.06665089 5.814285883 -31.88093677 89.96210773 -489239.5793
84000 85.00101 -26.06299539 5.77782858 -31.84082397 89.39801853 -183982.6597
85000 86.00101 -26.01507319 5.751609844 -31.76668304 88.99234658 570911.9415
86000 87.00101 -26.01552651 5.968262928 -31.98378944 92.34453264 -5210061.798
87000 88.00101 -26.04388973 5.746034246 -31.78992397 88.90607759 4364555.893
88000 89.00101 -26.0032305 5.671042479 -31.67427298 87.74576013 4837512.124
89000 90.00101 -25.94047954 5.956202729 -31.89668226 92.15793004 -3084089.209
90000 91.00101 -25.9629879 5.980715928 -31.94370383 92.5372129 -4885262.112
91000 92.00101 -25.99711671 6.043526655 -32.04064336 93.50905803 -7582452.924
92000 93.00101 -26.02229834 5.855783346 -31.87808168 90.60418129 -980157.0019
93000 94.00101 -26.02441548 5.821764166 -31.84617965 90.0778162 294892.436
94000 95.00101 -26.028625 5.815810702 -31.8444357 89.98570064 943407.6209
95000 96.00101 -26.05371369 5.764197722 -31.81791141 89.18711375 316095.9843
96000 97.00101 -26.09659072 5.816438064 -31.91302878 89.99540756 1741847.07
97000 98.00101 -26.07682143 5.798843828 -31.87566525 89.72317903 -313317.4347
98000 99.00101 -26.07277689 5.779135077 -31.85191196 89.41823344 1570082.596
99000 100.00101 -26.13404429 5.93056634 -32.06461063 91.76126849 -6109821.242
100000 101.00101 -26.10956264 5.729925251 -31.83948789 88.65682959 -772616.9082
