Loading the initial atomic configuration from "ArHW4.data"
Number of steps: 100000
Boundary: periodic periodic periodic
System dimensions: 28 28 28 A
The total number of atoms: 500
Atomic masses: m[type1] = 39.948 Da
Neigbor List algorithm: O(N^2) complexity, Rskin = 2.000000 A, update every 50 steps
Verlet integration algorithm: time step = 0.000010 ps
Handlers:
Assigning the initial velocity corresponding to T = 85.000000 K
Berendsen barostat: P = 0.000100 GPa; pressure control XYZ together; beta = 0.100000 GPa^-1

Potentials:
type1-type1 : Lennard-Jones potential for Ar-Ar interaction, Rcut = 8.512500 A

Step   Time   Energy   Kinetic   Potential   Temperature   Pressure
0 1e-05 -26.16674569 10.98716587 -37.15391157 170 -244297865.5
1000 0.01001 -26.18582188 10.96277522 -37.1485971 169.6226133 -189430142.2
2000 0.02001 -26.20442018 10.88853886 -37.09295904 168.4739839 -185767045.2
3000 0.03001 -26.22213624 10.76171117 -36.98384741 166.5116301 -179782413.5
4000 0.04001 -26.23925153 10.57797207 -36.8172236 163.6687088 -171391390.8
5000 0.05001 -26.2575921 10.33179578 -36.58938788 159.859722 -160514530.5
6000 0.06001 -26.28324076 10.01712152 -36.30036228 154.9908937 -147138771.6
7000 0.07001 -26.31059355 9.628399387 -35.93899293 148.9763525 -131118775.4
8000 0.08001 -26.33698734 9.161867993 -35.49885534 141.7578998 -112438765.9
9000 0.09001 -26.36275435 8.618565815 -34.98132016 133.3516036 -91290965.54
10000 0.10001 -26.38722224 8.007604211 -34.39482645 123.8984404 -68105778.54
11000 0.11001 -26.40501789 7.349288801 -33.75430669 113.7125907 -43576440.99
12000 0.12001 -26.41798032 6.676420608 -33.09440093 103.3015717 -18851889.66
13000 0.13001 -26.42886679 6.031339161 -32.46020595 93.32048583 4656233.305
14000 0.14001 -26.43619954 5.458187403 -31.89438695 84.45233913 25580036.21
15000 0.15001 -26.44188401 4.992937908 -31.43482192 77.25372075 42774690.63
16000 0.16001 -26.45014733 4.655599398 -31.10574673 72.03421762 55557715.32
17000 0.17001 -26.45494692 4.4477319 -30.90267882 68.81796739 63961402.69
18000 0.18001 -26.45684364 4.355300169 -30.81214381 67.38780838 68403652.65
19000 0.19001 -26.46072166 4.354373741 -30.8150954 67.37347415 69554011.58
20000 0.20001 -26.46290943 4.417166398 -30.88007583 68.34503968 68340489.44
21000 0.21001 -26.47019977 4.517004853 -30.98720462 69.88979995 65521457.62
22000 0.22001 -26.47111467 4.631529045 -31.10264371 71.66178672 62002635.42
23000 0.23001 -26.47371074 4.744334467 -31.2180452 73.40717966 58229479.72
24000 0.24001 -26.47413719 4.845541916 -31.31967911 74.97312183 54627667.01
25000 0.25001 -26.4762801 4.931163897 -31.40744399 76.29791632 51331649.39
26000 0.26001 -26.47999551 5.001521151 -31.48151666 77.38652582 48398880.04
27000 0.27001 -26.48345446 5.059231615 -31.54268608 78.27945663 45833234.06
28000 0.28001 -26.48449122 5.107120597 -31.59161182 79.02042358 43624127.73
29000 0.29001 -26.48446335 5.146865191 -31.63132854 79.63537572 41731378.24
30000 0.30001 -26.48506269 5.178461332 -31.66352403 80.12425009 40148315.59
31000 0.31001 -26.48646845 5.200453361 -31.68692181 80.46452392 38921912.53
32000 0.32001 -26.48667531 5.210890625 -31.69756593 80.62601551 38137766.7
33000 0.33001 -26.48737416 5.208305027 -31.69567918 80.5860096 37807225.94
34000 0.34001 -26.48454222 5.192463328 -31.67700555 80.34089735 37984336.15
35000 0.35001 -26.48592173 5.164748343 -31.65067008 79.91207453 38501768.69
36000 0.36001 -26.48664577 5.128306067 -31.61495183 79.34821786 39322337.92
37000 0.37001 -26.4878969 5.088092745 -31.57598965 78.72601328 40268284.54
38000 0.38001 -26.48766068 5.050418203 -31.53807889 78.14309024 41171320.18
39000 0.39001 -26.48811799 5.021802166 -31.50992015 77.70032582 41798927.37
40000 0.40001 -26.48757835 5.007356781 -31.49493514 77.47681818 42017692.72
41000 0.41001 -26.48737562 5.009241868 -31.49661749 77.50598538 41735352.83
42000 0.42001 -26.48463866 5.02612454 -31.5107632 77.76720417 41021258.23
43000 0.43001 -26.48389467 5.054104373 -31.53799904 78.20012487 39912679.9
44000 0.44001 -26.4826169 5.088473949 -31.57109085 78.7319115 38575165.53
45000 0.45001 -26.48298618 5.125376933 -31.60836312 79.30289654 37084514.27
46000 0.46001 -26.48197787 5.162828658 -31.64480653 79.88237203 35543546.91
47000 0.47001 -26.48362581 5.200689942 -31.68431575 80.46818444 33901002.8
48000 0.48001 -26.48524219 5.240418776 -31.72566096 81.08289271 32159979.36
49000 0.49001 -26.48413807 5.284382807 -31.76852088 81.76313049 30300090.55
50000 0.50001 -26.48283532 5.334793762 -31.81762908 82.54311894 28230504.77
51000 0.51001 -26.48183844 5.392695814 -31.87453425 83.4390141 25923512.61
52000 0.52001 -26.48081251 5.457456695 -31.9382692 84.44103317 23412595.43
53000 0.53001 -26.47959513 5.526776273 -32.0063714 85.51358714 20776710.07
54000 0.54001 -26.48155106 5.597342677 -32.07889374 86.60543273 18074773.43
55000 0.55001 -26.48164701 5.665461003 -32.14710801 87.65940021 15499002.49
56000 0.56001 -26.48140056 5.727705988 -32.20910655 88.62249183 13139835.55
57000 0.57001 -26.48401154 5.781215806 -32.26522735 89.45042773 11046421.13
58000 0.58001 -26.48427333 5.823849547 -32.30812288 90.11008246 9367125.048
59000 0.59001 -26.4842034 5.854201149 -32.33840455 90.5797006 8120743.814
60000 0.60001 -26.48531464 5.871559787 -32.35687443 90.84828382 7309871.574
61000 0.61001 -26.48458075 5.875847482 -32.36042823 90.9146256 6981862.788
62000 0.62001 -26.48267119 5.86738574 -32.35005693 90.78370047 7113141.764
63000 0.63001 -26.48462459 5.846967339 -32.33159193 90.46777476 7599878.579
64000 0.64001 -26.48640742 5.815876823 -32.30228425 89.98672371 8452654.489
65000 0.65001 -26.48734523 5.775957384 -32.26330262 89.36906627 9613862.192
66000 0.66001 -26.4872714 5.729772174 -32.21704357 88.65446109 10998483.14
67000 0.67001 -26.48753075 5.680405582 -32.16793634 87.89063166 12484329.95
68000 0.68001 -26.48762213 5.631161315 -32.11878344 87.12869492 13971729.32
69000 0.69001 -26.48771489 5.58501963 -32.07273452 86.41476318 15361721.9
70000 0.70001 -26.48781083 5.544226205 -32.03203703 85.78358292 16580545.93
71000 0.71001 -26.48690194 5.510143703 -31.99704564 85.25623807 17597249.97
72000 0.72001 -26.4868377 5.483257083 -31.97009478 84.8402322 18366250.39
73000 0.73001 -26.4872816 5.463389531 -31.95067113 84.53282957 18894093.49
74000 0.74001 -26.48671957 5.450100398 -31.93681997 84.32721214 19215123.43
75000 0.75001 -26.48666269 5.442857869 -31.92952056 84.21515141 19323586.17
76000 0.76001 -26.48509359 5.441241099 -31.92633469 84.19013578 19262777.51
77000 0.77001 -26.48772501 5.445010485 -31.9327355 84.24845798 18960483.87
78000 0.78001 -26.48833799 5.453861243 -31.94219923 84.38540219 18518244.28
79000 0.79001 -26.48625939 5.467339948 -31.95359934 84.59395277 17961315.18
80000 0.80001 -26.4873709 5.484711595 -31.97208249 84.86273729 17226643.15
81000 0.81001 -26.4864634 5.505114887 -31.99157829 85.17842921 16415563.63
82000 0.82001 -26.48756888 5.527703006 -32.01527188 85.52792611 15494648.17
83000 0.83001 -26.48766335 5.551736919 -32.03940027 85.89979318 14530042.02
84000 0.84001 -26.48725303 5.57656302 -32.06381605 86.28391745 13535136.38
85000 0.85001 -26.48700975 5.601442985 -32.08845274 86.66887515 12522984.45
86000 0.86001 -26.4842464 5.625674243 -32.10992064 87.04379566 11554279.27
87000 0.87001 -26.48400429 5.648931161 -32.13293545 87.4036406 10567469.13
88000 0.88001 -26.48477298 5.67168543 -32.15645841 87.75570825 9575105.492
89000 0.89001 -26.48369653 5.695339831 -32.17903636 88.1217033 8584370.472
90000 0.90001 -26.48295919 5.72189151 -32.2048507 88.53252675 7515055.619
91000 0.91001 -26.48172455 5.752823567 -32.23454812 89.01112603 6345310.983
92000 0.92001 -26.48150478 5.788183682 -32.26968846 89.55823887 5060473.484
93000 0.93001 -26.48381553 5.826023549 -32.30983908 90.14371992 3699363.023
94000 0.94001 -26.48328138 5.863039136 -32.34632051 90.71644722 2437797.228
95000 0.95001 -26.48174904 5.895618017 -32.37736706 91.22052713 1355009.811
96000 0.96001 -26.48106739 5.920704351 -32.40177174 91.6086779 512500.9278
97000 0.97001 -26.48005714 5.936355217 -32.41641236 91.85083746 -16859.19534
98000 0.98001 -26.48022858 5.941840501 -32.42206908 91.93570905 -236506.6011
99000 0.99001 -26.48090434 5.937617617 -32.41852196 91.87037007 -153230.3815
100000 1.00001 -26.48208233 5.925120753 -32.40720309 91.67701111 186212.9654
